14:41:58    16 -->                                                             [tcl] ucliGUI::connect -toolargs -ucligui -toolexe simv +v2k +lint=all -a log_name +define+SYN_SINGLE -pid 32705 -toolin /tmp/vcs_20161018204155_32670_jsequeira..stdin -toolout /tmp/vcs_20161018204155_32670_jsequeira..stdout  
14:41:58    17 -->                                                                 [tcl] set ucliGUI::state
14:41:58    18 -->                                                                     [tcl] set dveMisc::dve_log_file 1
14:41:58    19 -->                                                                         [tcl] gui_update_simulator_buttons
14:41:59    20 -->                                                                             [tcl] set ucliGUI::state
14:41:59    21 -->                                                                                 [tcl] ucliCore::getToolPID
14:41:59    22 -->                                                                                     [tcl] synopsys::env hasTB
14:41:59    23 -->                                                                                         [tcl] trigger_hier_stack_context_switch 0
14:41:59    24 -->                                                                                             [tcl] synUtils::setDVEInitPhase 1
14:41:59    25 --> ...  [tcl] gui_get_env SIMSETUP::SIMVPD
14:41:59    26 --> ...      [tcl] synopsys::dump -type VPD -file /home/local/ESTUDIANTES/jsequeira/Documents/Dise-o-ASIC-FPGA-FPU/ASIC_FLOW/ASIC_fpaddsub_arch2/integracion_fisica/simulacion_logica_sintesis/SINGLE/INIT_STAGE/inter.vpd -locking
14:41:59    27 --> ...          [tcl] synopsys::dump -autoflush on -fid VPD0
14:41:59    28 --> ...              [tcl] set ::dve_fid VPD0
14:41:59    29 --> ...                  [tcl] synUtils::setDVEInitPhase 0
14:41:59    30 --> ...                      [tcl] ucliCore::getToolPID
14:41:59    31 --> ...                          [tcl] synUtils::sendTool -active _icl_setToolSocket /tmp/smlnp7AGxtU
14:41:59    32 --> ...                              [tcl] synUtils::sendTool -active {_icl_start_rpc -version "K-2015.09-SP2-3_Full64" -sync_file /tmp/vcs_dve_rpc.jsequeira.32705}
14:41:59    33 --> ...                                  [tcl] synUtils::sendTool -active {_icl_createSharedMemory /tmp/vcs_dve_general.jsequeira.32705}
14:41:59    34 --> ...                                      [tcl] dveMisc::vbusExpand tb_Oper_Start_In
14:41:59    35 --> ...                                          [tcl] config endofsim noexit
14:41:59    36 --> ...                                              [tcl] config onfail enable all
14:41:59    37 --> ...                                                  [tcl] config syscaddplainmembers
14:41:59    38 --> ...                                                      [tcl] config syscaddsourcenames
14:41:59    39 --> ...                                                          [tcl] config syscaddstructtypes
14:41:59    40 --> ...                                                              [tcl] synopsys::listing -disable
14:53:27    41 --> ...                                                                  [tcl] dveMisc::vbusExpand tb_Oper_Start_In.inst_Oper_Start_In
14:53:29    42 --> ...                                                                      [tcl] synopsys::dump -add {tb_Oper_Start_In.inst_Oper_Start_In} -scope "." -depth 1 -fid VPD0
14:53:31    43 --> ...                                                                          [tcl] synopsys::run
14:53:31    44 --> ...                                                                              [tcl] set ucliGUI::state
14:53:31    45 --> ...                                                                                  [tcl] set ucliGUI::state
14:53:31    46 --> ...                                                                                      [tcl] gui_update_simulator_buttons
14:53:31    47 --> ...                                                                                          [tcl] set ucliGUI::state
14:53:31    48 --> ...                                                                                              [tcl] set ucliGUI::state
14:53:31    49 --> ...                                                                                                  [tcl] catch {senv activeDomain} dveMisc::result 
14:53:31    50 --> ...  [tcl] set dveMisc::result
14:53:31    51 --> ...      [tcl] gui_update_simulator_buttons
16:51:20    52 --> ...          [tcl] if [catch {gui_sim_terminate}] {gui_sim_terminate -kill}
16:51:20    53 --> ...              [tcl] synopsys::finish
16:51:20    54 --> ...                  [tcl] set ucliGUI::state
16:51:20    55 --> ...                      [tcl] set ucliGUI::state
16:51:20    56 --> ...                          [tcl] catch {senv activeDomain} dveMisc::result 
16:51:20    57 --> ...                              [tcl] set dveMisc::result
16:51:20    58 --> ...                                  [tcl] gui_update_simulator_buttons
16:51:20    59 --> ...                                      [tcl] catch {senv activeDomain} dveMisc::result 
16:51:20    60 --> ...                                          [tcl] set dveMisc::result
16:51:20    61 --> ...                                              [tcl] ucli_exit
