# Preference setting overrides
gui_create_pref_key -category {Globals} -key {load_detail_for_funcov} -value_type {bool} -value {false}
gui_create_pref_category -category {schem_obj_name}
gui_create_pref_key -category {schem_obj_name} -key {show_cell_and_pin_with_symbol_name} -value_type {bool} -value {false}
gui_create_pref_key -category {schem_pin_hc} -key {textExtFont} -value_type {string} -value {Helvetica,10,-1,5,50,0,0,0,0,0}

# State setting overrides
gui_state_default_create -off -ini
gui_set_state_value -category Globals -key BackTrace_toolbar -value true
gui_set_state_value -category Globals -key open_list_inside -value true
gui_set_state_value -category Globals -key open_wave_inside -value true
gui_set_state_value -category Globals -key recent_databases -value {{gui_open_db -file /home/local/ESTUDIANTES/jsequeira/Documents/Dise-o-ASIC-FPGA-FPU/ASIC_FLOW/ASIC_fpaddsub_arch2/integracion_fisica/simulacion_logica_behavioral/SINGLE/inter.vpd -design V1}}
gui_set_state_value -category Globals -key recent_sessions -value {{gui_load_session -ignore_errors -file /home/local/ESTUDIANTES/jsequeira/Documents/Dise-o-ASIC-FPGA-FPU/ASIC_FLOW/ASIC_fpaddsub_arch2/integracion_fisica/simulacion_logica_sintesis/SINGLE/session.inter.vpd.tcl} {gui_load_session -ignore_errors -file /home/local/ESTUDIANTES/jsequeira/Documents/Dise-o-ASIC-FPGA-FPU/ASIC_FLOW/ASIC_fpaddsub_arch2/integracion_fisica/simulacion_logica_sintesis/SINGLE/LZD/session.inter.vpd.tcl -ignore_errors} {gui_load_session -ignore_errors -file /home/local/ESTUDIANTES/jsequeira/Documents/Dise-o-ASIC-FPGA-FPU/ASIC_FLOW/ASIC_fpaddsub_arch2/integracion_fisica/simulacion_logica_sintesis/SINGLE/LZD/session.inter.vpd.tcl} {gui_load_session -ignore_errors -file /home/local/ESTUDIANTES/jsequeira/Documents/Dise-o-ASIC-FPGA-FPU/ASIC_FLOW/ASIC_fpaddsub_arch2/integracion_fisica/simulacion_logica_behavioral/SINGLE/session.inter3.vpd.tcl} {gui_load_session -ignore_errors -file /home/local/ESTUDIANTES/jsequeira/Documents/Dise-o-ASIC-FPGA-FPU/ASIC_FLOW/ASIC_fpaddsub_arch2/integracion_fisica/simulacion_logica_behavioral/SINGLE/session.inter2.vpd.tcl}}
gui_set_state_value -category Globals -key recent_tcl_scripts -value {{gui_dve_source -global /home/local/ESTUDIANTES/jsequeira/Documents/Dise-o-ASIC-FPGA-FPU/ASIC_FLOW/ASIC_fpaddsub_arch2/integracion_fisica/simulacion_logica_sintesis/SINGLE/LZD/session.inter.vpd.tcl} {gui_dve_source -global /home/local/ESTUDIANTES/jsequeira/Documents/Dise-o-ASIC-FPGA-FPU/ASIC_FLOW/ASIC_fpaddsub_arch2/integracion_fisica/simulacion_logica_sintesis/SINGLE/INIT_STAGE/session.inter.vpd.tcl} {gui_dve_source -global /home/local/ESTUDIANTES/jsequeira/Documents/Dise-o-ASIC-FPGA-FPU/ASIC_FLOW/ASIC_fpaddsub_arch2/integracion_fisica/simulacion_logica_behavioral/SINGLE/session.inter2.vpd.tcl} {gui_dve_source -global /home/local/ESTUDIANTES/jsequeira/Documents/Dise-o-ASIC-FPGA-FPU/ASIC_FLOW/ASIC_fpaddsub_arch2/integracion_fisica/simulacion_logica_behavioral/SINGLE/session.inter3.vpd.tcl} {gui_dve_source -global /home/local/ESTUDIANTES/jsequeira/Documents/Dise-o-ASIC-FPGA-FPU/ASIC_FLOW/ASIC_fpaddsub_arch2/integracion_fisica/simulacion_logica_behavioral/SINGLE/session.inter.vpd.tcl}}
gui_set_state_value -category Layout -key child_console_docknewline -value false
gui_set_state_value -category Layout -key child_console_dockstate -value undocked
gui_set_state_value -category Layout -key child_console_pos_x -value {-2}
gui_set_state_value -category Layout -key child_console_pos_y -value {-20}
gui_set_state_value -category Layout -key child_console_showstate -value maximized
gui_set_state_value -category Layout -key child_console_size_x -value 1347
gui_set_state_value -category Layout -key child_console_size_y -value 596
gui_set_state_value -category Layout -key child_data_coltype -value 430
gui_set_state_value -category Layout -key child_data_colvalue -value 375
gui_set_state_value -category Layout -key child_data_colvariable -value 554
gui_set_state_value -category Layout -key child_data_docknewline -value false
gui_set_state_value -category Layout -key child_data_dockstate -value undocked
gui_set_state_value -category Layout -key child_data_pos_x -value {-2}
gui_set_state_value -category Layout -key child_data_pos_y -value {-20}
gui_set_state_value -category Layout -key child_data_showstate -value maximized
gui_set_state_value -category Layout -key child_data_size_x -value 1347
gui_set_state_value -category Layout -key child_data_size_y -value 566
gui_set_state_value -category Layout -key child_driver_size_x -value 1363
gui_set_state_value -category Layout -key child_driver_size_y -value 213
gui_set_state_value -category Layout -key child_hier_col3 -value {-1}
gui_set_state_value -category Layout -key child_hier_colhier -value 817
gui_set_state_value -category Layout -key child_hier_colpd -value 0
gui_set_state_value -category Layout -key child_hier_coltype -value 543
gui_set_state_value -category Layout -key child_hier_docknewline -value false
gui_set_state_value -category Layout -key child_hier_dockstate -value undocked
gui_set_state_value -category Layout -key child_hier_pos_x -value {-2}
gui_set_state_value -category Layout -key child_hier_pos_y -value {-20}
gui_set_state_value -category Layout -key child_hier_showstate -value maximized
gui_set_state_value -category Layout -key child_hier_size_x -value 1347
gui_set_state_value -category Layout -key child_hier_size_y -value 566
gui_set_state_value -category Layout -key child_hier_sort_order -value 1
gui_set_state_value -category Layout -key child_list_docknewline -value false
gui_set_state_value -category Layout -key child_list_down -value 437
gui_set_state_value -category Layout -key child_list_pos_x -value {-2}
gui_set_state_value -category Layout -key child_list_pos_y -value {-20}
gui_set_state_value -category Layout -key child_list_right -value 1208
gui_set_state_value -category Layout -key child_list_size_x -value 1368
gui_set_state_value -category Layout -key child_list_size_y -value 587
gui_set_state_value -category Layout -key child_schematic_docknewline -value false
gui_set_state_value -category Layout -key child_schematic_pos_x -value {-2}
gui_set_state_value -category Layout -key child_schematic_pos_y -value {-20}
gui_set_state_value -category Layout -key child_schematic_size_x -value 1368
gui_set_state_value -category Layout -key child_schematic_size_y -value 408
gui_set_state_value -category Layout -key child_source_docknewline -value false
gui_set_state_value -category Layout -key child_source_pos_x -value {-2}
gui_set_state_value -category Layout -key child_source_pos_y -value {-20}
gui_set_state_value -category Layout -key child_source_size_x -value 1347
gui_set_state_value -category Layout -key child_source_size_y -value 566
gui_set_state_value -category Layout -key child_watch_size_x -value 746
gui_set_state_value -category Layout -key child_watch_size_y -value 166
gui_set_state_value -category Layout -key child_wave_colname -value 236
gui_set_state_value -category Layout -key child_wave_colvalue -value 177
gui_set_state_value -category Layout -key child_wave_docknewline -value false
gui_set_state_value -category Layout -key child_wave_left -value 417
gui_set_state_value -category Layout -key child_wave_pos_x -value {-2}
gui_set_state_value -category Layout -key child_wave_pos_y -value {-20}
gui_set_state_value -category Layout -key child_wave_right -value 920
gui_set_state_value -category Layout -key child_wave_size_x -value 1347
gui_set_state_value -category Layout -key child_wave_size_y -value 566
gui_set_state_value -category Layout -key main_pos_x -value 1382
gui_set_state_value -category Layout -key main_pos_y -value 70
gui_set_state_value -category Layout -key main_size_x -value 2724
gui_set_state_value -category Layout -key main_size_y -value 766
gui_set_state_value -category Layout -key stand_list_child_docknewline -value false
gui_set_state_value -category Layout -key stand_list_child_pos_x -value {-2}
gui_set_state_value -category Layout -key stand_list_child_pos_y -value {-20}
gui_set_state_value -category Layout -key stand_list_child_size_x -value 604
gui_set_state_value -category Layout -key stand_list_child_size_y -value 284
gui_set_state_value -category Layout -key stand_list_top_pos_y -value 52
gui_set_state_value -category Layout -key stand_list_top_size_x -value 1099
gui_set_state_value -category Layout -key stand_list_top_size_y -value 551
gui_set_state_value -category Layout -key stand_schematic_child_docknewline -value false
gui_set_state_value -category Layout -key stand_schematic_child_pos_x -value {-2}
gui_set_state_value -category Layout -key stand_schematic_child_pos_y -value {-20}
gui_set_state_value -category Layout -key stand_schematic_child_size_x -value 1364
gui_set_state_value -category Layout -key stand_schematic_child_size_y -value 381
gui_set_state_value -category Layout -key stand_schematic_top_pos_x -value 0
gui_set_state_value -category Layout -key stand_schematic_top_pos_y -value 52
gui_set_state_value -category Layout -key stand_schematic_top_size_x -value 1359
gui_set_state_value -category Layout -key stand_schematic_top_size_y -value 563
gui_set_state_value -category Layout -key stand_wave_child_docknewline -value false
gui_set_state_value -category Layout -key stand_wave_child_pos_x -value {-2}
gui_set_state_value -category Layout -key stand_wave_child_pos_y -value {-15}
gui_set_state_value -category Layout -key stand_wave_child_size_x -value 1028
gui_set_state_value -category Layout -key stand_wave_child_size_y -value 563
gui_set_state_value -category Layout -key stand_wave_top_pos_x -value 4
gui_set_state_value -category Layout -key stand_wave_top_pos_y -value 52
gui_set_state_value -category Layout -key stand_wave_top_size_x -value 1027
gui_set_state_value -category Layout -key stand_wave_top_size_y -value 743
gui_set_state_value -category Driver -key driver_add_to_wave -value true
gui_create_state_key -category FindDialog -key m_pMatchCase -value_type bool -value false
gui_create_state_key -category FindDialog -key m_pMatchWord -value_type bool -value false
gui_create_state_key -category FindDialog -key m_pUseCombo -value_type string -value {}
gui_create_state_key -category FindDialog -key m_pWrapAround -value_type bool -value true
gui_create_state_key -category Widget_History -key {dlgSimSetup|m_setupTab|tab pages|SimTab|m_VPDCombo} -value_type string -value inter.vpd
gui_create_state_key -category Widget_History -key {dlgSimSetup|m_setupTab|tab pages|SimTab|m_argsCombo} -value_type string -value {{+v2k +lint=all -a log_name +define+SINGLE=1 +define+FRANCIS_LZD=1} {+v2k +lint=all -a log_name +define+SINGLE} {-ucligui +v2k +lint=all -l log_name +define+SINGLE} { +v2k +lint=all -l log_name +define+SYN_SINGLE -ucligui}}
gui_create_state_key -category Widget_History -key {dlgSimSetup|m_setupTab|tab pages|SimTab|m_curDirCombo} -value_type string -value {/home/local/ESTUDIANTES/jsequeira/Documents/Dise-o-ASIC-FPGA-FPU/ASIC_FLOW/ASIC_fpaddsub_arch2/integracion_fisica/simulacion_logica_behavioral/SINGLE /home/local/ESTUDIANTES/jsequeira/Documents/Dise-o-ASIC-FPGA-FPU/ASIC_FLOW/ASIC_fpaddsub_arch2/integracion_fisica/simulacion_logica_sintesis/SINGLE /home/local/ESTUDIANTES/jsequeira/Documents/Dise-o-ASIC-FPGA-FPU/ASIC_FLOW/ASIC_fpaddsub_arch2/integracion_fisica/simulacion_logica_sintesis/SINGLE/LZD /home/local/ESTUDIANTES/jsequeira/Documents/Dise-o-ASIC-FPGA-FPU/ASIC_FLOW/ASIC_fpaddsub_arch2/integracion_fisica/simulacion_logica_behavioral/BARREL_SHIFTER /home/local/ESTUDIANTES/jsequeira/Documents/Dise-o-ASIC-FPGA-FPU/ASIC_FLOW/ASIC_fpaddsub_arch2/integracion_fisica/simulacion_logica_sintesis/BARREL_SHIFTER}
gui_create_state_key -category Widget_History -key {dlgSimSetup|m_setupTab|tab pages|SimTab|m_exeCombo} -value_type string -value {simv /home/local/ESTUDIANTES/jsequeira/Documents/Dise-o-ASIC-FPGA-FPU/ASIC_FLOW/ASIC_fpaddsub_arch2/integracion_fisica/simulacion_logica_sintesis/SINGLE/simv /home/local/ESTUDIANTES/jsequeira/Documents/Dise-o-ASIC-FPGA-FPU/ASIC_FLOW/ASIC_fpaddsub_arch2/integracion_fisica/simulacion_logica_sintesis/SINGLE/LZD/simv /home/local/ESTUDIANTES/jsequeira/Documents/Dise-o-ASIC-FPGA-FPU/ASIC_FLOW/ASIC_fpaddsub_arch2/integracion_fisica/simulacion_logica_behavioral/BARREL_SHIFTER/simv}
gui_state_default_create -off

# Begin command logging
gui_sim_run Ucli -exe simv -args {-ucligui  +v2k +lint=all -a log_name +define+SYN_SINGLE} -dir .
gui_list_select -id Hier.1 -current_item_name tb_Oper_Start_In -current_item_type Scope  -selected  { tb_Oper_Start_In   }
gui_list_expand -id  Hier.1   tb_Oper_Start_In
gui_list_select -id Hier.1 -current_item_name tb_Oper_Start_In.inst_Oper_Start_In -current_item_type Scope  -selected  { tb_Oper_Start_In.inst_Oper_Start_In   }
gui_list_select -id Data.1 -selected  { {tb_Oper_Start_In.inst_Oper_Start_In.DmP_o[30:0]}   }
gui_list_select -id Data.1 -selected  { {tb_Oper_Start_In.inst_Oper_Start_In.DmP_o[30:0]}  {tb_Oper_Start_In.inst_Oper_Start_In.DMP_o[30:0]}   }
gui_list_select -id Data.1 -selected  { {tb_Oper_Start_In.inst_Oper_Start_In.DmP_o[30:0]}  {tb_Oper_Start_In.inst_Oper_Start_In.DMP_o[30:0]}  {tb_Oper_Start_In.inst_Oper_Start_In.intDY[31:0]}   }
gui_list_select -id Data.1 -selected  { {tb_Oper_Start_In.inst_Oper_Start_In.DmP_o[30:0]}  {tb_Oper_Start_In.inst_Oper_Start_In.DMP_o[30:0]}  {tb_Oper_Start_In.inst_Oper_Start_In.intDY[31:0]}  {tb_Oper_Start_In.inst_Oper_Start_In.intDX[31:0]}   }
gui_list_select -id Data.1 -selected  { {tb_Oper_Start_In.inst_Oper_Start_In.DmP_o[30:0]}  {tb_Oper_Start_In.inst_Oper_Start_In.DMP_o[30:0]}  {tb_Oper_Start_In.inst_Oper_Start_In.intDY[31:0]}  {tb_Oper_Start_In.inst_Oper_Start_In.intDX[31:0]}  tb_Oper_Start_In.inst_Oper_Start_In.zero_flag_o   }
gui_list_select -id Data.1 -selected  { {tb_Oper_Start_In.inst_Oper_Start_In.DmP_o[30:0]}  {tb_Oper_Start_In.inst_Oper_Start_In.DMP_o[30:0]}  {tb_Oper_Start_In.inst_Oper_Start_In.intDY[31:0]}  {tb_Oper_Start_In.inst_Oper_Start_In.intDX[31:0]}  tb_Oper_Start_In.inst_Oper_Start_In.zero_flag_o  tb_Oper_Start_In.inst_Oper_Start_In.intAS   }
gui_list_select -id Data.1 -selected  { {tb_Oper_Start_In.inst_Oper_Start_In.DmP_o[30:0]}  {tb_Oper_Start_In.inst_Oper_Start_In.DMP_o[30:0]}  {tb_Oper_Start_In.inst_Oper_Start_In.intDY[31:0]}  {tb_Oper_Start_In.inst_Oper_Start_In.intDX[31:0]}  tb_Oper_Start_In.inst_Oper_Start_In.zero_flag_o  tb_Oper_Start_In.inst_Oper_Start_In.intAS  tb_Oper_Start_In.inst_Oper_Start_In.real_op_o   }
gui_list_select -id Data.1 -selected  { {tb_Oper_Start_In.inst_Oper_Start_In.DmP_o[30:0]}  {tb_Oper_Start_In.inst_Oper_Start_In.DMP_o[30:0]}  {tb_Oper_Start_In.inst_Oper_Start_In.intDY[31:0]}  {tb_Oper_Start_In.inst_Oper_Start_In.intDX[31:0]}  tb_Oper_Start_In.inst_Oper_Start_In.zero_flag_o  tb_Oper_Start_In.inst_Oper_Start_In.intAS  tb_Oper_Start_In.inst_Oper_Start_In.real_op_o  tb_Oper_Start_In.inst_Oper_Start_In.load_b_i   }
gui_list_select -id Data.1 -selected  { {tb_Oper_Start_In.inst_Oper_Start_In.DmP_o[30:0]}  {tb_Oper_Start_In.inst_Oper_Start_In.DMP_o[30:0]}  {tb_Oper_Start_In.inst_Oper_Start_In.intDY[31:0]}  {tb_Oper_Start_In.inst_Oper_Start_In.intDX[31:0]}  tb_Oper_Start_In.inst_Oper_Start_In.zero_flag_o  tb_Oper_Start_In.inst_Oper_Start_In.intAS  tb_Oper_Start_In.inst_Oper_Start_In.real_op_o  tb_Oper_Start_In.inst_Oper_Start_In.load_b_i  tb_Oper_Start_In.inst_Oper_Start_In.rst   }
gui_list_select -id Data.1 -selected  { {tb_Oper_Start_In.inst_Oper_Start_In.DmP_o[30:0]}  {tb_Oper_Start_In.inst_Oper_Start_In.DMP_o[30:0]}  {tb_Oper_Start_In.inst_Oper_Start_In.intDY[31:0]}  {tb_Oper_Start_In.inst_Oper_Start_In.intDX[31:0]}  tb_Oper_Start_In.inst_Oper_Start_In.zero_flag_o  tb_Oper_Start_In.inst_Oper_Start_In.intAS  tb_Oper_Start_In.inst_Oper_Start_In.real_op_o  tb_Oper_Start_In.inst_Oper_Start_In.load_b_i  tb_Oper_Start_In.inst_Oper_Start_In.rst  tb_Oper_Start_In.inst_Oper_Start_In.clk   }
gui_open_window Wave
gui_list_add -id Wave.1 -from Data.1 { {tb_Oper_Start_In.inst_Oper_Start_In.intDX[31:0]} {tb_Oper_Start_In.inst_Oper_Start_In.intDY[31:0]} {tb_Oper_Start_In.inst_Oper_Start_In.DMP_o[30:0]} {tb_Oper_Start_In.inst_Oper_Start_In.DmP_o[30:0]} tb_Oper_Start_In.inst_Oper_Start_In.clk tb_Oper_Start_In.inst_Oper_Start_In.rst tb_Oper_Start_In.inst_Oper_Start_In.load_b_i tb_Oper_Start_In.inst_Oper_Start_In.intAS tb_Oper_Start_In.inst_Oper_Start_In.zero_flag_o tb_Oper_Start_In.inst_Oper_Start_In.real_op_o } -insertionbar
gui_sim_continue  
gui_zoom -window Wave.1 -full
gui_marker_move -id  Wave.1 C1 3255981
gui_zoom -window Wave.1 -factor 2
gui_zoom -window Wave.1 -factor 2
gui_zoom -window Wave.1 -factor 2
gui_zoom -window Wave.1 -factor 2
gui_zoom -window Wave.1 -factor 2
gui_wv_scroll_hslidermove -id  Wave.1 0
gui_list_select -id Wave.1 -selected  { tb_Oper_Start_In.inst_Oper_Start_In.real_op_o   }
gui_list_move  -id  Wave.1    -sid  Wave.1   -after tb_Oper_Start_In.inst_Oper_Start_In.intAS {{tb_Oper_Start_In.inst_Oper_Start_In.real_op_o}} 
gui_list_select -id Wave.1 -selected  { tb_Oper_Start_In.inst_Oper_Start_In.zero_flag_o   }
gui_list_move  -id  Wave.1    -sid  Wave.1   -after tb_Oper_Start_In.inst_Oper_Start_In.rst {{tb_Oper_Start_In.inst_Oper_Start_In.zero_flag_o}} 
gui_list_select -id Data.1 -selected  { tb_Oper_Start_In.inst_Oper_Start_In.sign_final_result_o   }
gui_list_add -id Wave.1 -from Data.1 { tb_Oper_Start_In.inst_Oper_Start_In.sign_final_result_o } -insertionbar
gui_list_select -id Wave.1 -selected  { tb_Oper_Start_In.inst_Oper_Start_In.sign_final_result_o   }
gui_list_move  -id  Wave.1    -sid  Wave.1   -after tb_Oper_Start_In.inst_Oper_Start_In.real_op_o {{tb_Oper_Start_In.inst_Oper_Start_In.sign_final_result_o}} 
gui_sim_restart
gui_sim_continue  
gui_view_port_history -window Wave.1 -previous
gui_marker_move -id  Wave.1 C1 2095000
gui_marker_move -id  Wave.1 C1 2086000
gui_marker_move -id  Wave.1 C1 1286000
gui_marker_move -id  Wave.1 C1 1236000
gui_marker_move -id  Wave.1 C1 486000
gui_list_select -id Hier.1 -current_item_name tb_Oper_Start_In -current_item_type Scope  -selected  { tb_Oper_Start_In   }
gui_list_add -id Wave.1 -from Hier.1 { tb_Oper_Start_In } -insertionbar
gui_list_collapse -id  Wave.1   Group1
gui_list_expand -id  Wave.1   Group1
gui_list_collapse -id  Wave.1   Group1|tb_Oper_Start_In
gui_list_collapse -id  Wave.1   Group1
gui_list_select -id Wave.1 -selected  { Group1   }
gui_list_select -id Wave.1 -selected  { {New Group}   }
gui_list_add -id Wave.1 -from Hier.1 { tb_Oper_Start_In } -insertionbar
gui_list_select -id Wave.1 -selected  { Group1   }
gui_delete_selected -id  Wave.1
gui_list_add -id Wave.1 -from Hier.1 { tb_Oper_Start_In } -insertionbar
gui_sim_restart
gui_sim_continue  
gui_zoom -window Wave.1 -full
gui_marker_move -id  Wave.1 C1 0
gui_zoom -window Wave.1 -factor 2
gui_zoom -window Wave.1 -factor 2
gui_zoom -window Wave.1 -factor 2
gui_zoom -window Wave.1 -factor 2
gui_zoom -window Wave.1 -factor 2
gui_zoom -window Wave.1 -factor 2
gui_marker_move -id  Wave.1 C1 286000
gui_list_select -id Wave.1 -selected  { {tb_Oper_Start_In.Recept[31:0]}   }
gui_list_select -id Wave.1 -selected  { {tb_Oper_Start_In.Recept[31:0]}  {tb_Oper_Start_In.Cont_CLK[31:0]}   }
gui_list_select -id Wave.1 -selected  { {tb_Oper_Start_In.Recept[31:0]}  {tb_Oper_Start_In.Cont_CLK[31:0]}  {tb_Oper_Start_In.FileSaveData[31:0]}   }
gui_delete_selected -id  Wave.1
gui_list_select -id Wave.1 -selected  { tb_Oper_Start_In.real_op_o   }
gui_wv_zoom_timerange -id  Wave.1 0 1598168
gui_wv_zoom_timerange -id  Wave.1 0 1599922
gui_wv_zoom_timerange -id  Wave.1 0 1598168
gui_wv_zoom_timerange -id  Wave.1 0 1599922
