20:23:47    16 -->                                                             [tcl] ucliGUI::connect -toolargs -ucligui -toolexe simv +v2k +lint=all -a log_name +define+SINGLE -pid 12411 -toolin /tmp/vcs_20161012022344_12410_jsequeira..stdin -toolout /tmp/vcs_20161012022344_12410_jsequeira..stdout  
20:23:47    17 -->                                                                 [tcl] set ucliGUI::state
20:23:47    18 -->                                                                     [tcl] set dveMisc::dve_log_file 1
20:23:47    19 -->                                                                         [tcl] gui_update_simulator_buttons
20:23:49    20 -->                                                                             [tcl] set ucliGUI::state
20:23:49    21 -->                                                                                 [tcl] ucliCore::getToolPID
20:23:49    22 -->                                                                                     [tcl] synopsys::env hasTB
20:23:49    23 -->                                                                                         [tcl] trigger_hier_stack_context_switch 0
20:23:49    24 -->                                                                                             [tcl] synUtils::setDVEInitPhase 1
20:23:49    25 --> ...  [tcl] gui_get_env SIMSETUP::SIMVPD
20:23:49    26 --> ...      [tcl] synopsys::dump -type VPD -file /home/local/ESTUDIANTES/jsequeira/Documents/Dise-o-ASIC-FPGA-FPU/ASIC_FLOW/ASIC_fpaddsub_arch2/integracion_fisica/simulacion_logica_sintesis/BARREL_SHIFTER/inter.vpd -locking
20:23:49    27 --> ...          [tcl] synopsys::dump -autoflush on -fid VPD0
20:23:49    28 --> ...              [tcl] set ::dve_fid VPD0
20:23:49    29 --> ...                  [tcl] synUtils::setDVEInitPhase 0
20:23:49    30 --> ...                      [tcl] ucliCore::getToolPID
20:23:49    31 --> ...                          [tcl] synUtils::sendTool -active _icl_setToolSocket /tmp/smlnpTQU68W
20:23:49    32 --> ...                              [tcl] synUtils::sendTool -active {_icl_start_rpc -version "K-2015.09-SP2-3_Full64" -sync_file /tmp/vcs_dve_rpc.jsequeira.12411}
20:23:49    33 --> ...                                  [tcl] synUtils::sendTool -active {_icl_createSharedMemory /tmp/vcs_dve_general.jsequeira.12411}
20:23:49    34 --> ...                                      [tcl] dveMisc::vbusExpand Testbench_Barrel_Shifter
20:23:49    35 --> ...                                          [tcl] config endofsim noexit
20:23:49    36 --> ...                                              [tcl] config onfail enable all
20:23:49    37 --> ...                                                  [tcl] config syscaddplainmembers
20:23:49    38 --> ...                                                      [tcl] config syscaddsourcenames
20:23:49    39 --> ...                                                          [tcl] config syscaddstructtypes
20:23:49    40 --> ...                                                              [tcl] synopsys::listing -disable
20:23:59    41 --> ...                                                                  [tcl] synopsys::dump -add {Testbench_Barrel_Shifter} -scope "." -depth 1 -fid VPD0
20:24:02    42 --> ...                                                                      [tcl] synopsys::run
20:24:02    43 --> ...                                                                          [tcl] set ucliGUI::state
20:24:02    44 --> ...                                                                              [tcl] set ucliGUI::state
20:24:02    45 --> ...                                                                                  [tcl] set ucliGUI::state
20:24:02    46 --> ...                                                                                      [tcl] set ucliGUI::state
20:24:02    47 --> ...                                                                                          [tcl] catch {senv activeDomain} dveMisc::result 
20:24:02    48 --> ...                                                                                              [tcl] set dveMisc::result
20:24:02    49 --> ...                                                                                                  [tcl] gui_update_simulator_buttons
