# Preference setting overrides
gui_create_pref_key -category {Globals} -key {load_detail_for_funcov} -value_type {bool} -value {false}
gui_create_pref_category -category {schem_obj_name}
gui_create_pref_key -category {schem_obj_name} -key {show_cell_and_pin_with_symbol_name} -value_type {bool} -value {false}
gui_create_pref_key -category {schem_pin_hc} -key {textExtFont} -value_type {string} -value {Helvetica,10,-1,5,50,0,0,0,0,0}

# State setting overrides
gui_state_default_create -off -ini
gui_set_state_value -category Globals -key open_wave_inside -value true
gui_set_state_value -category Globals -key recent_databases -value {{gui_open_db -file /home/local/ESTUDIANTES/jsequeira/Documents/Dise-o-ASIC-FPGA-FPU/ASIC_FLOW/ASIC_fpaddsub_arch2/integracion_fisica/simulacion_logica_behavioral/SINGLE/inter.vpd -design V1}}
gui_set_state_value -category Globals -key recent_sessions -value {{gui_load_session -ignore_errors -file /home/local/ESTUDIANTES/jsequeira/Documents/Dise-o-ASIC-FPGA-FPU/ASIC_FLOW/ASIC_fpaddsub_arch2/integracion_fisica/simulacion_logica_behavioral/BARREL_SHIFTER/session3.inter.vpd.tcl} {gui_load_session -ignore_errors -file /home/local/ESTUDIANTES/jsequeira/Documents/Dise-o-ASIC-FPGA-FPU/ASIC_FLOW/ASIC_fpaddsub_arch2/integracion_fisica/simulacion_logica_behavioral/BARREL_SHIFTER/session2.inter.vpd.tcl} {gui_load_session -ignore_errors -file /home/local/ESTUDIANTES/jsequeira/Documents/Dise-o-ASIC-FPGA-FPU/ASIC_FLOW/ASIC_fpaddsub_arch2/integracion_fisica/simulacion_logica_behavioral/SINGLE/session.inter.vpd.tcl}}
gui_set_state_value -category Globals -key recent_tcl_scripts -value {{gui_dve_source -global /home/local/ESTUDIANTES/jsequeira/Documents/Dise-o-ASIC-FPGA-FPU/ASIC_FLOW/ASIC_fpaddsub_arch2/integracion_fisica/simulacion_logica_behavioral/BARREL_SHIFTER/session.inter.vpd.tcl} {gui_dve_source -global /home/local/ESTUDIANTES/jsequeira/Documents/Dise-o-ASIC-FPGA-FPU/ASIC_FLOW/ASIC_fpaddsub_arch2/integracion_fisica/simulacion_logica_behavioral/BARREL_SHIFTER/session2.inter.vpd.tcl} {gui_dve_source -global /home/local/ESTUDIANTES/jsequeira/Documents/Dise-o-ASIC-FPGA-FPU/ASIC_FLOW/ASIC_fpaddsub_arch2/integracion_fisica/simulacion_logica_behavioral/BARREL_SHIFTER/session3.inter.vpd.tcl} {gui_dve_source -global /home/local/ESTUDIANTES/jsequeira/Documents/Dise-o-ASIC-FPGA-FPU/ASIC_FLOW/ASIC_fpaddsub_arch2/integracion_fisica/simulacion_logica_behavioral/SINGLE/session.inter.vpd.tcl}}
gui_set_state_value -category Layout -key child_console_size_x -value 1354
gui_set_state_value -category Layout -key child_console_size_y -value 169
gui_set_state_value -category Layout -key child_data_coltype -value 111
gui_set_state_value -category Layout -key child_data_colvalue -value 51
gui_set_state_value -category Layout -key child_data_colvariable -value 260
gui_set_state_value -category Layout -key child_data_size_x -value 426
gui_set_state_value -category Layout -key child_data_size_y -value 416
gui_set_state_value -category Layout -key child_hier_col3 -value {-1}
gui_set_state_value -category Layout -key child_hier_colhier -value 611
gui_set_state_value -category Layout -key child_hier_colpd -value 0
gui_set_state_value -category Layout -key child_hier_coltype -value 313
gui_set_state_value -category Layout -key child_hier_docknewline -value false
gui_set_state_value -category Layout -key child_hier_dockstate -value undocked
gui_set_state_value -category Layout -key child_hier_pos_x -value {-2}
gui_set_state_value -category Layout -key child_hier_pos_y -value {-20}
gui_set_state_value -category Layout -key child_hier_showstate -value maximized
gui_set_state_value -category Layout -key child_hier_size_x -value 932
gui_set_state_value -category Layout -key child_hier_size_y -value 412
gui_set_state_value -category Layout -key child_list_down -value 134
gui_set_state_value -category Layout -key child_list_right -value 444
gui_set_state_value -category Layout -key child_schematic_docknewline -value false
gui_set_state_value -category Layout -key child_schematic_pos_x -value {-2}
gui_set_state_value -category Layout -key child_schematic_pos_y -value {-20}
gui_set_state_value -category Layout -key child_schematic_size_x -value 1019
gui_set_state_value -category Layout -key child_schematic_size_y -value 381
gui_set_state_value -category Layout -key child_source_docknewline -value false
gui_set_state_value -category Layout -key child_source_pos_x -value 2
gui_set_state_value -category Layout -key child_source_pos_y -value 2
gui_set_state_value -category Layout -key child_source_size_x -value 900
gui_set_state_value -category Layout -key child_source_size_y -value 369
gui_set_state_value -category Layout -key child_watch_size_x -value 746
gui_set_state_value -category Layout -key child_watch_size_y -value 166
gui_set_state_value -category Layout -key child_wave_colname -value 129
gui_set_state_value -category Layout -key child_wave_colvalue -value 144
gui_set_state_value -category Layout -key child_wave_docknewline -value false
gui_set_state_value -category Layout -key child_wave_left -value 277
gui_set_state_value -category Layout -key child_wave_pos_x -value {-2}
gui_set_state_value -category Layout -key child_wave_pos_y -value {-20}
gui_set_state_value -category Layout -key child_wave_right -value 645
gui_set_state_value -category Layout -key child_wave_size_x -value 932
gui_set_state_value -category Layout -key child_wave_size_y -value 412
gui_set_state_value -category Layout -key main_pos_x -value 1
gui_set_state_value -category Layout -key main_pos_y -value 53
gui_set_state_value -category Layout -key main_size_x -value 1355
gui_set_state_value -category Layout -key main_size_y -value 764
gui_set_state_value -category Layout -key stand_list_child_docknewline -value false
gui_set_state_value -category Layout -key stand_list_child_pos_x -value {-2}
gui_set_state_value -category Layout -key stand_list_child_pos_y -value {-20}
gui_set_state_value -category Layout -key stand_list_child_size_x -value 604
gui_set_state_value -category Layout -key stand_list_child_size_y -value 284
gui_set_state_value -category Layout -key stand_list_top_pos_y -value 52
gui_set_state_value -category Layout -key stand_list_top_size_x -value 1099
gui_set_state_value -category Layout -key stand_list_top_size_y -value 551
gui_set_state_value -category Layout -key stand_wave_child_docknewline -value false
gui_set_state_value -category Layout -key stand_wave_child_pos_x -value {-2}
gui_set_state_value -category Layout -key stand_wave_child_pos_y -value {-15}
gui_set_state_value -category Layout -key stand_wave_child_size_x -value 1028
gui_set_state_value -category Layout -key stand_wave_child_size_y -value 563
gui_set_state_value -category Layout -key stand_wave_top_pos_x -value 4
gui_set_state_value -category Layout -key stand_wave_top_pos_y -value 52
gui_set_state_value -category Layout -key stand_wave_top_size_x -value 1027
gui_set_state_value -category Layout -key stand_wave_top_size_y -value 743
gui_create_state_key -category FindDialog -key m_pMatchCase -value_type bool -value false
gui_create_state_key -category FindDialog -key m_pMatchWord -value_type bool -value false
gui_create_state_key -category FindDialog -key m_pUseCombo -value_type string -value {}
gui_create_state_key -category FindDialog -key m_pWrapAround -value_type bool -value true
gui_create_state_key -category Widget_History -key {dlgSimSetup|m_setupTab|tab pages|SimTab|m_VPDCombo} -value_type string -value inter.vpd
gui_create_state_key -category Widget_History -key {dlgSimSetup|m_setupTab|tab pages|SimTab|m_argsCombo} -value_type string -value {{+v2k +lint=all -a log_name +define+SINGLE} {-ucligui +v2k +lint=all -l log_name +define+SINGLE}}
gui_create_state_key -category Widget_History -key {dlgSimSetup|m_setupTab|tab pages|SimTab|m_curDirCombo} -value_type string -value {/home/local/ESTUDIANTES/jsequeira/Documents/Dise-o-ASIC-FPGA-FPU/ASIC_FLOW/ASIC_fpaddsub_arch2/integracion_fisica/simulacion_logica_behavioral/BARREL_SHIFTER /home/local/ESTUDIANTES/jsequeira/Documents/Dise-o-ASIC-FPGA-FPU/ASIC_FLOW/ASIC_fpaddsub_arch2/integracion_fisica/simulacion_logica_sintesis/BARREL_SHIFTER /home/local/ESTUDIANTES/jsequeira/detector/integracion_fisica/simulacion_logica_sintesis}
gui_create_state_key -category Widget_History -key {dlgSimSetup|m_setupTab|tab pages|SimTab|m_exeCombo} -value_type string -value {simv /home/local/ESTUDIANTES/jsequeira/Documents/Dise-o-ASIC-FPGA-FPU/ASIC_FLOW/ASIC_fpaddsub_arch2/integracion_fisica/simulacion_logica_behavioral/BARREL_SHIFTER/simv}
gui_state_default_create -off

# Begin command logging
gui_sim_run Ucli -exe simv -args {-ucligui  +v2k +lint=all -a log_name +define+SINGLE} -dir .
gui_open_window Wave
gui_list_add -id Wave.1 -from Hier.1 { Testbench_Barrel_Shifter } -insertionbar
gui_sim_continue  
gui_list_select -id Wave.1 -selected  { {Testbench_Barrel_Shifter.N_mant_o[25:0]}   }
gui_list_select -id Wave.1 -selected  { {Testbench_Barrel_Shifter.N_mant_o[25:0]}  {Testbench_Barrel_Shifter.Shift_Data_i[25:0]}   }
gui_list_set_selected_property -id Wave.1 -radix binary
gui_zoom -window Wave.1 -full
gui_marker_move -id  Wave.1 C1 933888
gui_marker_move -id  Wave.1 C1 1291000
gui_zoom -window Wave.1 -factor 2
gui_zoom -window Wave.1 -factor 2
gui_zoom -window Wave.1 -factor 2
gui_zoom -window Wave.1 -factor 2
gui_wv_scroll_hslidermove -id  Wave.1 0
gui_wv_scroll_hslidermove -id  Wave.1 1180
gui_list_select -id Wave.1 -selected  { {Testbench_Barrel_Shifter.Shift_Value_i[4:0]}   }
gui_list_set_selected_property -id Wave.1 -radix decimal
gui_wv_scrollleft -id  Wave.1  line
gui_wv_scrollleft -id  Wave.1  line
gui_wv_scrollleft -id  Wave.1  line
gui_wv_scrollleft -id  Wave.1  line
gui_wv_scrollleft -id  Wave.1  line
gui_wv_scrollleft -id  Wave.1  line
gui_wv_scrollleft -id  Wave.1  line
gui_wv_scrollleft -id  Wave.1  line
gui_wv_scrollleft -id  Wave.1  line
gui_wv_scrollleft -id  Wave.1  line
gui_wv_scrollleft -id  Wave.1  line
gui_wv_scrollleft -id  Wave.1  line
gui_marker_move -id  Wave.1 C1 1201000
gui_marker_move -id  Wave.1 C1 1185000
gui_marker_select -id  Wave.1 { C1 }
gui_marker_move -id  Wave.1 C1 1175000
gui_marker_move -id  Wave.1 C1 1185000
gui_marker_move -id  Wave.1 C1 1180000
gui_wv_scroll_hslidermove -id  Wave.1 0
gui_marker_move -id  Wave.1 C1 92160
gui_wv_scroll_hslidermove -id  Wave.1 0
gui_wv_scroll_hslidermove -id  Wave.1 0
gui_zoom -window Wave.1 -factor 2
gui_zoom -window Wave.1 -factor 2
gui_marker_move -id  Wave.1 C1 90000
gui_marker_move -id  Wave.1 C1 91000
gui_marker_move -id  Wave.1 C1 90000
gui_marker_move -id  Wave.1 C1 91000
gui_marker_move -id  Wave.1 C1 90000
gui_marker_move -id  Wave.1 C1 101000
gui_marker_move -id  Wave.1 C1 91000
gui_marker_move -id  Wave.1 C1 80384
gui_marker_move -id  Wave.1 C1 91000
gui_marker_move -id  Wave.1 C1 101000
gui_marker_move -id  Wave.1 C1 80000
gui_marker_move -id  Wave.1 C1 90000
gui_marker_move -id  Wave.1 C1 101000
gui_wv_zoom_timerange -id  Wave.1 69120 202752
gui_marker_move -id  Wave.1 C1 151000
gui_seek_next -id Wave.1 -number 1 
gui_seek_next -id Wave.1 -number 1 
gui_seek_next -id Wave.1 -number 1 
gui_seek_next -id Wave.1 -number 1 
gui_seek_next -id Wave.1 -number 1 
gui_seek_next -id Wave.1 -number 1 
gui_seek_next -id Wave.1 -number 1 
gui_seek_next -id Wave.1 -number 1 
gui_seek_next -id Wave.1 -number 1 
gui_seek_next -id Wave.1 -number 1 
