set ucliGUI::state
set ucliGUI::state
ucliCore::getToolPID
synopsys::env hasTB
trigger_hier_stack_context_switch 0
synUtils::setDVEInitPhase 1
synopsys::dump -type VPD -file /home/local/ESTUDIANTES/jsequeira/Documents/Dise-o-ASIC-FPGA-FPU/ASIC_FLOW/ASIC_fpaddsub_arch2/integracion_fisica/simulacion_logica_behavioral/SINGLE/inter.vpd -locking
synopsys::dump -autoflush on -fid VPD0
set ::dve_fid VPD0
synUtils::setDVEInitPhase 0
ucliCore::getToolPID
synUtils::sendTool -active _icl_setToolSocket /tmp/smlnpkhbrGP
synUtils::sendTool -active {_icl_start_rpc -version "K-2015.09-SP2-3_Full64" -sync_file /tmp/vcs_dve_rpc.jsequeira.11606}
synUtils::sendTool -active {_icl_createSharedMemory /tmp/vcs_dve_general.jsequeira.11606}
config endofsim noexit
config onfail enable all
config syscaddplainmembers
config syscaddsourcenames
config syscaddstructtypes
synopsys::listing -disable
uplevel #0 source /home/local/ESTUDIANTES/jsequeira/Documents/Dise-o-ASIC-FPGA-FPU/ASIC_FLOW/ASIC_fpaddsub_arch2/integracion_fisica/simulacion_logica_behavioral/SINGLE/session.inter.vpd.tcl
# Begin_DVE_Session_Save_Info
# DVE view(Wave.1 ) session
# Saved on Tue Oct 11 15:24:48 2016
# Toplevel windows open: 1
# 	TopLevel.1
#   Wave.1: 72 signals
# End_DVE_Session_Save_Info
# DVE version: K-2015.09-SP2-3_Full64
# DVE build date: Jun 15 2016 22:18:13
#<Session mode="View" path="/home/local/ESTUDIANTES/jsequeira/Documents/Dise-o-ASIC-FPGA-FPU/ASIC_FLOW/ASIC_fpaddsub_arch2/integracion_fisica/simulacion_logica_behavioral/SINGLE/session.inter.vpd.tcl" type="Debug">
#<Database>
#</Database>
# DVE View/pane content session:
# Begin_DVE_Session_Save_Info (Wave.1)
# DVE wave signals session
# Saved on Tue Oct 11 15:24:48 2016
# 72 signals
# End_DVE_Session_Save_Info
# DVE version: K-2015.09-SP2-3_Full64
# DVE build date: Jun 15 2016 22:18:13
#Add ncecessay scopes
set _wave_session_group_1 Testbench_FPU_Add_Subt
if {[gui_sg_is_group -name "$_wave_session_group_1"]} {     set _wave_session_group_1 [gui_sg_generate_new_name] }
set Group1 "$_wave_session_group_1"
set _wave_session_group_2 Group1
if {[gui_sg_is_group -name "$_wave_session_group_2"]} {     set _wave_session_group_2 [gui_sg_generate_new_name] }
set Group2 "$_wave_session_group_2"
set _wave_session_group_3 Group2
if {[gui_sg_is_group -name "$_wave_session_group_3"]} {     set _wave_session_group_3 [gui_sg_generate_new_name] }
set Group3 "$_wave_session_group_3"
set _wave_session_group_4 Group3
if {[gui_sg_is_group -name "$_wave_session_group_4"]} {     set _wave_session_group_4 [gui_sg_generate_new_name] }
set Group4 "$_wave_session_group_4"
set _wave_session_group_5 Group4
if {[gui_sg_is_group -name "$_wave_session_group_5"]} {     set _wave_session_group_5 [gui_sg_generate_new_name] }
set Group5 "$_wave_session_group_5"
set _wave_session_group_6 Group5
if {[gui_sg_is_group -name "$_wave_session_group_6"]} {     set _wave_session_group_6 [gui_sg_generate_new_name] }
set Group6 "$_wave_session_group_6"
set _wave_session_group_7 Group6
if {[gui_sg_is_group -name "$_wave_session_group_7"]} {     set _wave_session_group_7 [gui_sg_generate_new_name] }
set Group7 "$_wave_session_group_7"
set _wave_session_group_8 Group7
if {[gui_sg_is_group -name "$_wave_session_group_8"]} {     set _wave_session_group_8 [gui_sg_generate_new_name] }
set Group8 "$_wave_session_group_8"
set _wave_session_group_9 Group8
if {[gui_sg_is_group -name "$_wave_session_group_9"]} {     set _wave_session_group_9 [gui_sg_generate_new_name] }
set Group9 "$_wave_session_group_9"
if {![info exists useOldWindow]} {  	set useOldWindow true }
if {$useOldWindow && [string first "Wave" [gui_get_current_window -view]]==0} {  	set Wave.1 [gui_get_current_window -view]  } else { 	set Wave.1 [lindex [gui_get_window_ids -type Wave] 0] if {[string first "Wave" ${Wave.1}]!=0} { gui_open_window Wave set Wave.1 [ gui_get_current_window -view ] } }
set groupExD [gui_get_pref_value -category Wave -key exclusiveSG]
set origWaveHeight [gui_get_pref_value -category Wave -key waveRowHeight]
set origGroupCreationState [gui_list_create_group_when_add -wave]
synopsys::dump -add {Testbench_FPU_Add_Subt.uut.A_S_C Testbench_FPU_Add_Subt.uut.A_S_P Testbench_FPU_Add_Subt.uut.Add_Sub_Sgf_Oper_A_D1 Testbench_FPU_Add_Subt.uut.Add_Subt_LZD Testbench_FPU_Add_Subt.uut.Add_Subt_result Testbench_FPU_Add_Subt.uut.Barrel_Shifter_S_V_D2 Testbench_FPU_Add_Subt.uut.DMP Testbench_FPU_Add_Subt.uut.Data_X Testbench_FPU_Add_Subt.uut.Data_Y Testbench_FPU_Add_Subt.uut.DmP Testbench_FPU_Add_Subt.uut.EW Testbench_FPU_Add_Subt.uut.EWR Testbench_FPU_Add_Subt.uut.Exp_oper_B_D1 Testbench_FPU_Add_Subt.uut.Exp_oper_B_D2 Testbench_FPU_Add_Subt.uut.FSM_Add_Subt_Sgf_load Testbench_FPU_Add_Subt.uut.FSM_Final_Result_load Testbench_FPU_Add_Subt.uut.FSM_LZA_load Testbench_FPU_Add_Subt.uut.FSM_barrel_shifter_B_S Testbench_FPU_Add_Subt.uut.FSM_barrel_shifter_L_R Testbench_FPU_Add_Subt.uut.FSM_barrel_shifter_load Testbench_FPU_Add_Subt.uut.FSM_exp_operation_A_S Testbench_FPU_Add_Subt.uut.FSM_exp_operation_load_OU Testbench_FPU_Add_Subt.uut.FSM_exp_operation_load_diff Testbench_FPU_Add_Subt.uut.FSM_op_start_in_load_a Testbench_FPU_Add_Subt.uut.FSM_op_start_in_load_b Testbench_FPU_Add_Subt.uut.FSM_selector_A Testbench_FPU_Add_Subt.uut.FSM_selector_B Testbench_FPU_Add_Subt.uut.FSM_selector_C Testbench_FPU_Add_Subt.uut.FSM_selector_D Testbench_FPU_Add_Subt.uut.LZA_output Testbench_FPU_Add_Subt.uut.S_A_S_Oper_A Testbench_FPU_Add_Subt.uut.S_A_S_Oper_B Testbench_FPU_Add_Subt.uut.S_A_S_op Testbench_FPU_Add_Subt.uut.S_Data_Shift Testbench_FPU_Add_Subt.uut.S_Oper_A_exp Testbench_FPU_Add_Subt.uut.S_Oper_B_exp Testbench_FPU_Add_Subt.uut.S_Shift_Value Testbench_FPU_Add_Subt.uut.Sgf_normalized_result Testbench_FPU_Add_Subt.uut.W Testbench_FPU_Add_Subt.uut.ack_FSM Testbench_FPU_Add_Subt.uut.add_overflow_flag Testbench_FPU_Add_Subt.uut.add_subt Testbench_FPU_Add_Subt.uut.beg_FSM Testbench_FPU_Add_Subt.uut.clk Testbench_FPU_Add_Subt.uut.exp_oper_result Testbench_FPU_Add_Subt.uut.final_result_ieee Testbench_FPU_Add_Subt.uut.load_b Testbench_FPU_Add_Subt.uut.overflow_flag Testbench_FPU_Add_Subt.uut.r_mode Testbench_FPU_Add_Subt.uut.ready Testbench_FPU_Add_Subt.uut.real_op Testbench_FPU_Add_Subt.uut.round_flag Testbench_FPU_Add_Subt.uut.rst Testbench_FPU_Add_Subt.uut.rst_int Testbench_FPU_Add_Subt.uut.selector_A Testbench_FPU_Add_Subt.uut.selector_B Testbench_FPU_Add_Subt.uut.selector_C Testbench_FPU_Add_Subt.uut.selector_D Testbench_FPU_Add_Subt.uut.sign_final_result Testbench_FPU_Add_Subt.uut.underflow_flag Testbench_FPU_Add_Subt.uut.zero_flag } -aggregates  -fid VPD0
if {$origGroupCreationState} { 	gui_list_create_group_when_add -wave -enable }
if { $groupExD } {  gui_msg_report -code DVWW028 }
#</Session>
ucliGUI::vpdAddHierarchy -scope Testbench_FPU_Add_Subt -depth 2 -file /home/local/ESTUDIANTES/jsequeira/Documents/Dise-o-ASIC-FPGA-FPU/ASIC_FLOW/ASIC_fpaddsub_arch2/integracion_fisica/simulacion_logica_behavioral/SINGLE/inter.vpd; synopsys::dump -flush VPD0
synopsys::dump -add {Testbench_FPU_Add_Subt.ack_FSM} -aggregates  -fid VPD0
synopsys::dump -add {Testbench_FPU_Add_Subt.Data_X} -aggregates  -fid VPD0
synopsys::dump -add {Testbench_FPU_Add_Subt.Data_Y} -aggregates  -fid VPD0
synopsys::dump -add {Testbench_FPU_Add_Subt.EW} -aggregates  -fid VPD0
synopsys::dump -add {Testbench_FPU_Add_Subt.EWR} -aggregates  -fid VPD0
synopsys::dump -add {Testbench_FPU_Add_Subt.FileSaveData} -aggregates  -fid VPD0
synopsys::dump -add {Testbench_FPU_Add_Subt.PERIOD} -aggregates  -fid VPD0
synopsys::run
set ucliGUI::state
set ucliGUI::state
set ucliGUI::state
set ucliGUI::state
# DVE Simulation Rebuild/Restart Options
# Saved on Wed Oct 12 18:53:45 2016
set SIMSETUP::REBUILDOPTION 0
set SIMSETUP::REBUILDCMD {}
set SIMSETUP::REBUILDDIR {}
set SIMSETUP::RESTOREBP 1
set SIMSETUP::RESTOREDUMP 1
set SIMSETUP::RESTOREFORCE 1
set SIMSETUP::RESTORESPECMAN 0
# DVE Simulation Rebuild/Restart Options
# Saved on Wed Oct 12 18:53:45 2016
set SIMSETUP::REBUILDOPTION 0
set SIMSETUP::REBUILDCMD {}
set SIMSETUP::REBUILDDIR {}
set SIMSETUP::RESTOREBP 1
set SIMSETUP::RESTOREDUMP 1
set SIMSETUP::RESTOREFORCE 1
set SIMSETUP::RESTORESPECMAN 0
synopsys::finish
set ucliGUI::state
set ucliGUI::state
# DVE Simulation Rebuild/Restart Options
# Saved on Wed Oct 12 18:53:45 2016
set SIMSETUP::REBUILDOPTION 0
set SIMSETUP::REBUILDCMD {}
set SIMSETUP::REBUILDDIR {}
set SIMSETUP::RESTOREBP 1
set SIMSETUP::RESTOREDUMP 1
set SIMSETUP::RESTOREFORCE 1
set SIMSETUP::RESTORESPECMAN 0
