# Preference setting overrides
gui_create_pref_key -category {Globals} -key {load_detail_for_funcov} -value_type {bool} -value {false}
gui_create_pref_category -category {schem_obj_name}
gui_create_pref_key -category {schem_obj_name} -key {show_cell_and_pin_with_symbol_name} -value_type {bool} -value {false}
gui_create_pref_key -category {schem_pin_hc} -key {textExtFont} -value_type {string} -value {Helvetica,10,-1,5,50,0,0,0,0,0}

# State setting overrides
gui_state_default_create -off -ini
gui_set_state_value -category Globals -key open_wave_inside -value true
gui_set_state_value -category Globals -key recent_databases -value {{gui_open_db -file /home/local/ESTUDIANTES/jsequeira/Documents/Dise-o-ASIC-FPGA-FPU/ASIC_FLOW/ASIC_fpaddsub_arch2/integracion_fisica/simulacion_logica_behavioral/SINGLE/inter.vpd -design V1}}
gui_set_state_value -category Globals -key recent_sessions -value {{gui_load_session -ignore_errors -file /home/local/ESTUDIANTES/jsequeira/Documents/Dise-o-ASIC-FPGA-FPU/ASIC_FLOW/ASIC_fpaddsub_arch2/integracion_fisica/simulacion_logica_behavioral/BARREL_SHIFTER/session3.inter.vpd.tcl} {gui_load_session -ignore_errors -file /home/local/ESTUDIANTES/jsequeira/Documents/Dise-o-ASIC-FPGA-FPU/ASIC_FLOW/ASIC_fpaddsub_arch2/integracion_fisica/simulacion_logica_behavioral/BARREL_SHIFTER/session2.inter.vpd.tcl} {gui_load_session -ignore_errors -file /home/local/ESTUDIANTES/jsequeira/Documents/Dise-o-ASIC-FPGA-FPU/ASIC_FLOW/ASIC_fpaddsub_arch2/integracion_fisica/simulacion_logica_behavioral/SINGLE/session.inter.vpd.tcl}}
gui_set_state_value -category Globals -key recent_tcl_scripts -value {{gui_dve_source -global /home/local/ESTUDIANTES/jsequeira/Documents/Dise-o-ASIC-FPGA-FPU/ASIC_FLOW/ASIC_fpaddsub_arch2/integracion_fisica/simulacion_logica_behavioral/SINGLE/session.inter.vpd.tcl} {gui_dve_source -global /home/local/ESTUDIANTES/jsequeira/Documents/Dise-o-ASIC-FPGA-FPU/ASIC_FLOW/ASIC_fpaddsub_arch2/integracion_fisica/simulacion_logica_behavioral/BARREL_SHIFTER/session2.inter.vpd.tcl}}
gui_set_state_value -category Layout -key child_console_size_x -value 1359
gui_set_state_value -category Layout -key child_console_size_y -value 179
gui_set_state_value -category Layout -key child_data_coltype -value 13
gui_set_state_value -category Layout -key child_data_colvalue -value 12
gui_set_state_value -category Layout -key child_data_colvariable -value 138
gui_set_state_value -category Layout -key child_data_size_x -value 188
gui_set_state_value -category Layout -key child_data_size_y -value 438
gui_set_state_value -category Layout -key child_hier_col3 -value {-1}
gui_set_state_value -category Layout -key child_hier_colhier -value 177
gui_set_state_value -category Layout -key child_hier_colpd -value 0
gui_set_state_value -category Layout -key child_hier_coltype -value 10
gui_set_state_value -category Layout -key child_hier_showstate -value maximized
gui_set_state_value -category Layout -key child_hier_size_x -value 188
gui_set_state_value -category Layout -key child_hier_size_y -value 438
gui_set_state_value -category Layout -key child_list_down -value 134
gui_set_state_value -category Layout -key child_list_right -value 444
gui_set_state_value -category Layout -key child_schematic_docknewline -value false
gui_set_state_value -category Layout -key child_schematic_pos_x -value {-2}
gui_set_state_value -category Layout -key child_schematic_pos_y -value {-20}
gui_set_state_value -category Layout -key child_schematic_size_x -value 1019
gui_set_state_value -category Layout -key child_schematic_size_y -value 381
gui_set_state_value -category Layout -key child_source_docknewline -value false
gui_set_state_value -category Layout -key child_source_pos_x -value {-2}
gui_set_state_value -category Layout -key child_source_pos_y -value {-20}
gui_set_state_value -category Layout -key child_source_size_x -value 383
gui_set_state_value -category Layout -key child_source_size_y -value 298
gui_set_state_value -category Layout -key child_watch_size_x -value 746
gui_set_state_value -category Layout -key child_watch_size_y -value 166
gui_set_state_value -category Layout -key child_wave_colname -value 315
gui_set_state_value -category Layout -key child_wave_colvalue -value 248
gui_set_state_value -category Layout -key child_wave_docknewline -value false
gui_set_state_value -category Layout -key child_wave_left -value 567
gui_set_state_value -category Layout -key child_wave_pos_x -value {-2}
gui_set_state_value -category Layout -key child_wave_pos_y -value {-20}
gui_set_state_value -category Layout -key child_wave_right -value 409
gui_set_state_value -category Layout -key child_wave_size_x -value 986
gui_set_state_value -category Layout -key child_wave_size_y -value 434
gui_set_state_value -category Layout -key main_pos_x -value 0
gui_set_state_value -category Layout -key main_pos_y -value 24
gui_set_state_value -category Layout -key main_size_x -value 1359
gui_set_state_value -category Layout -key main_size_y -value 767
gui_set_state_value -category Layout -key stand_list_child_docknewline -value false
gui_set_state_value -category Layout -key stand_list_child_pos_x -value {-2}
gui_set_state_value -category Layout -key stand_list_child_pos_y -value {-20}
gui_set_state_value -category Layout -key stand_list_child_size_x -value 604
gui_set_state_value -category Layout -key stand_list_child_size_y -value 284
gui_set_state_value -category Layout -key stand_list_top_pos_y -value 52
gui_set_state_value -category Layout -key stand_list_top_size_x -value 1099
gui_set_state_value -category Layout -key stand_list_top_size_y -value 551
gui_set_state_value -category Layout -key stand_wave_child_docknewline -value false
gui_set_state_value -category Layout -key stand_wave_child_pos_x -value {-2}
gui_set_state_value -category Layout -key stand_wave_child_pos_y -value {-15}
gui_set_state_value -category Layout -key stand_wave_child_size_x -value 1028
gui_set_state_value -category Layout -key stand_wave_child_size_y -value 563
gui_set_state_value -category Layout -key stand_wave_top_pos_x -value 4
gui_set_state_value -category Layout -key stand_wave_top_pos_y -value 52
gui_set_state_value -category Layout -key stand_wave_top_size_x -value 1027
gui_set_state_value -category Layout -key stand_wave_top_size_y -value 743
gui_create_state_key -category FindDialog -key m_pMatchCase -value_type bool -value false
gui_create_state_key -category FindDialog -key m_pMatchWord -value_type bool -value false
gui_create_state_key -category FindDialog -key m_pUseCombo -value_type string -value {}
gui_create_state_key -category FindDialog -key m_pWrapAround -value_type bool -value true
gui_create_state_key -category Widget_History -key {dlgSimSetup|m_setupTab|tab pages|SimTab|m_VPDCombo} -value_type string -value inter.vpd
gui_create_state_key -category Widget_History -key {dlgSimSetup|m_setupTab|tab pages|SimTab|m_argsCombo} -value_type string -value {{+v2k +lint=all -a log_name +define+SINGLE} {-ucligui +v2k +lint=all -l log_name +define+SINGLE}}
gui_create_state_key -category Widget_History -key {dlgSimSetup|m_setupTab|tab pages|SimTab|m_curDirCombo} -value_type string -value {/home/local/ESTUDIANTES/jsequeira/Documents/Dise-o-ASIC-FPGA-FPU/ASIC_FLOW/ASIC_fpaddsub_arch2/integracion_fisica/simulacion_logica_behavioral/BARREL_SHIFTER /home/local/ESTUDIANTES/jsequeira/Documents/Dise-o-ASIC-FPGA-FPU/ASIC_FLOW/ASIC_fpaddsub_arch2/integracion_fisica/simulacion_logica_sintesis/BARREL_SHIFTER /home/local/ESTUDIANTES/jsequeira/detector/integracion_fisica/simulacion_logica_sintesis}
gui_create_state_key -category Widget_History -key {dlgSimSetup|m_setupTab|tab pages|SimTab|m_exeCombo} -value_type string -value {simv /home/local/ESTUDIANTES/jsequeira/Documents/Dise-o-ASIC-FPGA-FPU/ASIC_FLOW/ASIC_fpaddsub_arch2/integracion_fisica/simulacion_logica_behavioral/BARREL_SHIFTER/simv}
gui_state_default_create -off

# Begin command logging
gui_sim_run Ucli -exe simv -args {-ucligui  +v2k +lint=all -a log_name +define+SINGLE} -dir .
gui_dve_source -global /home/local/ESTUDIANTES/jsequeira/Documents/Dise-o-ASIC-FPGA-FPU/ASIC_FLOW/ASIC_fpaddsub_arch2/integracion_fisica/simulacion_logica_behavioral/SINGLE/session.inter.vpd.tcl
gui_wv_zoom_timerange -id  Wave.1 102264 324727
gui_list_set_filter -id Wave.1 -text {*}
gui_wv_zoom_timerange -id  Wave.1 102264 309938
gui_list_set_filter -id Data.1 -text {*}
gui_data_switch_mode -id  Data.1  -mode  list
gui_data_switch_mode -id  Data.1  -mode  detail
gui_data_switch_mode -id  Data.1  -mode  list
gui_wv_zoom_timerange -id  Wave.1 102264 326930
gui_sim_continue  
gui_wv_scroll_hslidermove -id  Wave.1 0
gui_wv_scrollright -id  Wave.1  line
gui_wv_scrollright -id  Wave.1  line
gui_wv_scrollright -id  Wave.1  line
gui_wv_scrollright -id  Wave.1  line
gui_wv_scrollright -id  Wave.1  line
gui_wv_scrollright -id  Wave.1  line
gui_wv_scrollright -id  Wave.1  line
gui_wv_scrollright -id  Wave.1  line
gui_wv_scrollright -id  Wave.1  line
gui_wv_scrollright -id  Wave.1  line
gui_list_select -id Wave.1 -selected  { {Testbench_FPU_Add_Subt.uut.S_A_S_Oper_A[25:0]}   }
gui_list_select -id Wave.1 -selected  { {Testbench_FPU_Add_Subt.uut.S_A_S_Oper_B[25:0]}   }
gui_list_select -id Wave.1 -selected  { {Testbench_FPU_Add_Subt.uut.Sgf_normalized_result[25:0]}   }
gui_wv_scrollup -id  Wave.1  line
gui_wv_scrollup -id  Wave.1  line
gui_wv_scrolldown -id  Wave.1  line
gui_wv_scrolldown -id  Wave.1  line
gui_wv_zoom_timerange -id  Wave.1 110130 334796
gui_pane_maximize -id Wave.1
gui_wv_zoom_timerange -id  Wave.1 110130 369408
gui_marker_move -id  Wave.1 C1 195000
gui_marker_move -id  Wave.1 C1 204528
gui_marker_select -id  Wave.1 { C1 }
gui_marker_move -id  Wave.1 C1 205000
gui_list_select -id Wave.1 -selected  { {Testbench_FPU_Add_Subt.uut.S_Shift_Value[4:0]}   }
gui_marker_move -id  Wave.1 C1 215000
gui_marker_move -id  Wave.1 C1 201067
gui_marker_move -id  Wave.1 C1 208618
gui_marker_move -id  Wave.1 C1 201067
gui_marker_move -id  Wave.1 C1 208304
gui_marker_move -id  Wave.1 C1 202325
gui_marker_move -id  Wave.1 C1 204528
gui_marker_move -id  Wave.1 C1 215000
gui_marker_move -id  Wave.1 C1 205000
gui_marker_move -id  Wave.1 C1 215000
gui_marker_move -id  Wave.1 C1 224351
gui_marker_move -id  Wave.1 C1 208304
gui_marker_move -id  Wave.1 C1 226554
gui_marker_move -id  Wave.1 C1 215000
gui_marker_move -id  Wave.1 C1 215000
gui_marker_move -id  Wave.1 C1 203269
gui_marker_move -id  Wave.1 C1 215000
gui_marker_move -id  Wave.1 C1 205157
gui_marker_move -id  Wave.1 C1 223722
gui_marker_move -id  Wave.1 C1 204213
gui_marker_move -id  Wave.1 C1 205000
gui_marker_move -id  Wave.1 C1 195000
gui_marker_move -id  Wave.1 C1 195000
gui_marker_move -id  Wave.1 C1 195000
gui_marker_move -id  Wave.1 C1 177153
gui_marker_move -id  Wave.1 C1 185019
gui_marker_move -id  Wave.1 C1 206416
gui_marker_move -id  Wave.1 C1 186592
gui_marker_move -id  Wave.1 C1 195000
gui_marker_move -id  Wave.1 C1 205472
gui_marker_move -id  Wave.1 C1 195000
gui_marker_move -id  Wave.1 C1 205157
gui_marker_move -id  Wave.1 C1 215000
gui_marker_move -id  Wave.1 C1 195000
gui_marker_move -id  Wave.1 C1 184075
gui_marker_move -id  Wave.1 C1 168657
gui_marker_move -id  Wave.1 C1 180614
gui_marker_move -id  Wave.1 C1 195000
gui_marker_move -id  Wave.1 C1 176523
gui_marker_move -id  Wave.1 C1 165000
gui_marker_move -id  Wave.1 C1 175000
gui_list_select -id Wave.1 -selected  { Testbench_FPU_Add_Subt.uut.clk   }
gui_copy_selected -id Wave.1
gui_list_select -id Wave.1 -selected  { {Testbench_FPU_Add_Subt.uut.S_Shift_Value[4:0]}   }
gui_paste_clipboard -id Wave.1
gui_list_select -id Wave.1 -selected  { {New Group}   }
gui_paste_clipboard -id Wave.1
gui_list_select -id Wave.1 -selected  { Testbench_FPU_Add_Subt.uut.clk   }
gui_list_move  -id  Wave.1    -sid  Wave.1   -after {Testbench_FPU_Add_Subt.uut.exp_oper_result[7:0]} {{Testbench_FPU_Add_Subt.uut.clk}} 
gui_list_move  -id  Wave.1    -sid  Wave.1   -after {Testbench_FPU_Add_Subt.uut.S_Shift_Value[4:0]} {{Testbench_FPU_Add_Subt.uut.clk}} 
gui_list_set_selected_property  -id  Wave.1  -removealias 
gui_list_set_selected_property  -id  Wave.1  -draw_style  scalarStrength
gui_list_set_selected_property  -id  Wave.1  -height  25
gui_list_set_selected_property  -id  Wave.1  -color  default
gui_list_set_selected_property  -id  Wave.1  -maxbits  256
gui_marker_move -id  Wave.1 C1 195000
gui_list_move  -id  Wave.1    -sid  Wave.1   -after {Testbench_FPU_Add_Subt.uut.S_Data_Shift[25:0]} {{Testbench_FPU_Add_Subt.uut.clk}} 
gui_marker_move -id  Wave.1 C1 230000
gui_marker_move -id  Wave.1 C1 195000
gui_marker_move -id  Wave.1 C1 155000
gui_marker_move -id  Wave.1 C1 164252
gui_marker_move -id  Wave.1 C1 169915
gui_list_select -id Wave.1 -selected  { {Testbench_FPU_Add_Subt.uut.S_Data_Shift[25:0]}   }
gui_marker_move -id  Wave.1 C1 204528
gui_marker_move -id  Wave.1 C1 188166
gui_marker_move -id  Wave.1 C1 202011
gui_marker_move -id  Wave.1 C1 188480
gui_marker_move -id  Wave.1 C1 195000
 gui_signalgroup_manager_dlg 
 gui_signalgroup_manager_dlg 
gui_marker_move -id  Wave.1 C1 208304
gui_marker_move -id  Wave.1 C1 195000
gui_marker_move -id  Wave.1 C1 202955
gui_marker_move -id  Wave.1 C1 195000
gui_wv_zoom_timerange -id  Wave.1 110130 369408
gui_wv_zoom_timerange -id  Wave.1 110130 369408
gui_marker_move -id  Wave.1 C1 203899
gui_marker_move -id  Wave.1 C1 195000
gui_marker_move -id  Wave.1 C1 195000
gui_marker_move -id  Wave.1 C1 202011
gui_marker_move -id  Wave.1 C1 195000
gui_marker_move -id  Wave.1 C1 204213
gui_marker_move -id  Wave.1 C1 203584
gui_marker_move -id  Wave.1 C1 215000
gui_marker_move -id  Wave.1 C1 207045
gui_marker_move -id  Wave.1 C1 215000
gui_marker_move -id  Wave.1 C1 206416
gui_wv_zoom_timerange -id  Wave.1 110130 369408
gui_wv_zoom_timerange -id  Wave.1 110130 369408
gui_marker_move -id  Wave.1 C1 195000
gui_marker_move -id  Wave.1 C1 215000
gui_marker_move -id  Wave.1 C1 205787
gui_marker_move -id  Wave.1 C1 193515
gui_marker_move -id  Wave.1 C1 205000
gui_marker_move -id  Wave.1 C1 215000
gui_marker_move -id  Wave.1 C1 205000
gui_marker_move -id  Wave.1 C1 235000
gui_marker_move -id  Wave.1 C1 205000
gui_wv_zoom_timerange -id  Wave.1 110130 369408
gui_wv_zoom_timerange -id  Wave.1 110130 369408
gui_wv_zoom_timerange -id  Wave.1 110130 369408
gui_wv_zoom_timerange -id  Wave.1 110130 369408
gui_wv_zoom_timerange -id  Wave.1 110130 369408
gui_wv_zoom_timerange -id  Wave.1 110130 369408
gui_list_expand -id  Hier.1   Testbench_FPU_Add_Subt
gui_list_select -id Wave.1 -selected  { Testbench_FPU_Add_Subt.uut.FSM_barrel_shifter_load   }
gui_list_move  -id  Wave.1    -sid  Wave.1   -after {Testbench_FPU_Add_Subt.uut.S_Shift_Value[4:0]} {{Testbench_FPU_Add_Subt.uut.FSM_barrel_shifter_load}} 
gui_marker_move -id  Wave.1 C1 166769
gui_marker_move -id  Wave.1 C1 175000
gui_list_select -id Wave.1 -selected  { {Testbench_FPU_Add_Subt.uut.Sgf_normalized_result[25:0]}   }
gui_list_select -id Wave.1 -selected  { Testbench_FPU_Add_Subt.uut.clk   }
gui_list_select -id Wave.1 -selected  { Testbench_FPU_Add_Subt.uut.FSM_barrel_shifter_load   }
gui_list_move  -id  Wave.1    -sid  Wave.1   -after {Testbench_FPU_Add_Subt.uut.S_Shift_Value[4:0]} {{Testbench_FPU_Add_Subt.uut.FSM_barrel_shifter_load}} 
gui_marker_move -id  Wave.1 C1 185000
gui_marker_move -id  Wave.1 C1 175000
gui_marker_move -id  Wave.1 C1 215000
gui_marker_move -id  Wave.1 C1 195000
gui_save_session -savedb relative -global { Breakpoint Bus Radix Expression TimeShift Compare SignalGroup Highlight Stack }  -file /home/local/ESTUDIANTES/jsequeira/Documents/Dise-o-ASIC-FPGA-FPU/ASIC_FLOW/ASIC_fpaddsub_arch2/integracion_fisica/simulacion_logica_behavioral/SINGLE/session.inter1.vpd.tcl
gui_set_env SIMSETUP::SIMCURRENTDIR /home/local/ESTUDIANTES/jsequeira/Documents/Dise-o-ASIC-FPGA-FPU/ASIC_FLOW/ASIC_fpaddsub_arch2/integracion_fisica/simulacion_logica_behavioral/SINGLE
gui_sim_restart -build /home/local/ESTUDIANTES/jsequeira/Documents/Dise-o-ASIC-FPGA-FPU/ASIC_FLOW/ASIC_fpaddsub_arch2/integracion_fisica/simulacion_logica_behavioral/SINGLE/simv.daidir/vcs_rebuild
