14:21:06    105 --> ...                      [tcl] ucliGUI::connect -toolargs -ucligui -toolexe simv +v2k +lint=all -a log_name +define+SINGLE +define+RKOA2_SINGLE +neg_tchk +sdfverbose -pid 9640 -toolin /tmp/vcs_20161113202103_9639_jsequeira..stdin -toolout /tmp/vcs_20161113202103_9639_jsequeira..stdout  
14:21:06    106 --> ...                          [tcl] set ucliGUI::state
14:21:06    107 --> ...                              [tcl] set dveMisc::dve_log_file 1
14:21:06    108 --> ...                                  [tcl] gui_update_simulator_buttons
14:21:07    109 --> ...                                      [tcl] set ucliGUI::state
14:21:07    110 --> ...                                          [tcl] ucliCore::getToolPID
14:21:07    111 --> ...                                              [tcl] synopsys::env hasTB
14:21:07    112 --> ...                                                  [tcl] trigger_hier_stack_context_switch 0
14:21:07    113 --> ...                                                      [tcl] synUtils::setDVEInitPhase 1
14:21:07    114 --> ...                                                          [tcl] gui_get_env SIMSETUP::SIMVPD
14:21:07    115 --> ...                                                              [tcl] synopsys::dump -type VPD -file /mnt/vol_NFS_Zener/WD_ESPEC/jsequeira/Documents/Dise-o-ASIC-FPGA-FPU/ASIC_FLOW/ASIC_fpu/integracion_fisica/simulacion_logica_sintesis/MULT_RKOA2/SINGLE/inter.vpd -locking
14:21:07    116 --> ...                                                                  [tcl] synopsys::dump -autoflush on -fid VPD0
14:21:07    117 --> ...                                                                      [tcl] set ::dve_fid VPD0
14:21:07    118 --> ...                                                                          [tcl] synUtils::setDVEInitPhase 0
14:21:07    119 --> ...                                                                              [tcl] ucliCore::getToolPID
14:21:07    120 --> ...                                                                                  [tcl] synUtils::sendTool -active _icl_setToolSocket /tmp/smlnpXp1wBo
14:21:07    121 --> ...                                                                                      [tcl] synUtils::sendTool -active {_icl_start_rpc -version "K-2015.09-SP2-3_Full64" -sync_file /tmp/vcs_dve_rpc.jsequeira.9640}
14:21:07    122 --> ...                                                                                          [tcl] synUtils::sendTool -active {_icl_createSharedMemory /tmp/vcs_dve_general.jsequeira.9640}
14:21:07    123 --> ...                                                                                              [tcl] dveMisc::vbusExpand Testbench_FPU_Mark2
14:21:07    124 --> ...                                                                                                  [tcl] config endofsim noexit
14:21:07    125 --> ...  [tcl] config onfail enable all
14:21:07    126 --> ...      [tcl] config syscaddplainmembers
14:21:07    127 --> ...          [tcl] config syscaddsourcenames
14:21:07    128 --> ...              [tcl] config syscaddstructtypes
14:21:07    129 --> ...                  [tcl] synopsys::listing -disable
14:21:07    130 --> ...                      [tcl] ucliGUI::getSignalValues -scope Testbench_FPU_Mark2 -radix {symbolic symbolic symbolic symbolic binary binary binary binary binary hexadecimal binary binary binary binary binary hexadecimal hexadecimal hexadecimal hexadecimal hexadecimal binary hexadecimal hexadecimal decimal decimal decimal decimal } -list {{PIPE[31:0]} {contador[31:0]} {FileSaveData[31:0]} {FileSaveData_FLOAT[31:0]} overflow_flag underflow_flag operation_ready zero_flag NaN_flag {op_result[31:0]} busy clk rst begin_operation ack_operation {operation[2:0]} {Data_1[31:0]} {Data_2[31:0]} {region_flag[1:0]} {r_mode[1:0]} add_subt Array_IN_1 Array_IN_2 PERIOD W EW SW }
14:21:09    131 --> ...                          [tcl] synopsys::run
14:21:09    132 --> ...                              [tcl] set ucliGUI::state
14:21:09    133 --> ...                                  [tcl] set ucliGUI::state
14:21:09    134 --> ...                                      [tcl] gui_update_simulator_buttons
14:21:12    135 --> ...                                          [tcl] set synopsys::env(time) 42783523
14:21:15    136 --> ...                                              [tcl] set synopsys::env(time) 85900699
14:21:16    137 --> ...                                                  [tcl] set ucliGUI::state
14:21:16    138 --> ...                                                      [tcl] set ucliGUI::state
14:21:16    139 --> ...                                                          [tcl] catch {senv activeDomain} dveMisc::result 
14:21:16    140 --> ...                                                              [tcl] set dveMisc::result
14:21:16    141 --> ...                                                                  [tcl] gui_update_simulator_buttons
14:21:16    142 --> ...                                                                      [tcl] ucliGUI::getSignalValues -scope Testbench_FPU_Mark2 -radix {symbolic symbolic symbolic symbolic binary binary binary binary binary hexadecimal binary binary binary binary binary hexadecimal hexadecimal hexadecimal hexadecimal hexadecimal binary hexadecimal hexadecimal decimal decimal decimal decimal decimal } -list {{PIPE[31:0]} {contador[31:0]} {FileSaveData[31:0]} {FileSaveData_FLOAT[31:0]} overflow_flag underflow_flag operation_ready zero_flag NaN_flag {op_result[31:0]} busy clk rst begin_operation ack_operation {operation[2:0]} {Data_1[31:0]} {Data_2[31:0]} {region_flag[1:0]} {r_mode[1:0]} add_subt Array_IN_1 Array_IN_2 PERIOD W EW SW SWR }
14:21:23    143 --> ...                                                                          [tcl] if [catch {gui_sim_terminate}] {gui_sim_terminate -kill}
14:21:23    144 --> ...                                                                              [tcl] synopsys::finish
14:21:23    145 --> ...                                                                                  [tcl] set ucliGUI::state
14:21:23    146 --> ...                                                                                      [tcl] set ucliGUI::state
14:21:23    147 --> ...                                                                                          [tcl] catch {senv activeDomain} dveMisc::result 
14:21:23    148 --> ...                                                                                              [tcl] set dveMisc::result
14:21:23    149 --> ...                                                                                                  [tcl] gui_update_simulator_buttons
14:21:23    150 --> ...  [tcl] catch {senv activeDomain} dveMisc::result 
14:21:23    151 --> ...      [tcl] set dveMisc::result
14:21:23    152 --> ...          [tcl] ucli_exit
