# Preference setting overrides
gui_create_pref_key -category {Globals} -key {load_detail_for_funcov} -value_type {bool} -value {false}
gui_create_pref_category -category {schem_obj_name}
gui_create_pref_key -category {schem_obj_name} -key {show_cell_and_pin_with_symbol_name} -value_type {bool} -value {false}
gui_create_pref_key -category {schem_pin_hc} -key {textExtFont} -value_type {string} -value {Helvetica,10,-1,5,50,0,0,0,0,0}

# State setting overrides
gui_state_default_create -off -ini
gui_set_state_value -category Globals -key BackTrace_toolbar -value true
gui_set_state_value -category Globals -key open_list_inside -value true
gui_set_state_value -category Globals -key open_wave_inside -value true
gui_set_state_value -category Globals -key recent_databases -value {{gui_open_db -file /home/local/ESTUDIANTES/jsequeira/Documents/Dise-o-ASIC-FPGA-FPU/ASIC_FLOW/ASIC_fpaddsub_arch2/integracion_fisica/simulacion_logica_behavioral/SINGLE/inter.vpd -design V1}}
gui_set_state_value -category Globals -key recent_sessions -value {{gui_load_session -ignore_errors -file /home/local/ESTUDIANTES/jsequeira/Documents/Dise-o-ASIC-FPGA-FPU/ASIC_FLOW/ASIC_fpaddsub_arch2/integracion_fisica/simulacion_logica_sintesis/SINGLE/session.inter.vpd.tcl} {gui_load_session -ignore_errors -file /home/local/ESTUDIANTES/jsequeira/Documents/Dise-o-ASIC-FPGA-FPU/ASIC_FLOW/ASIC_fpaddsub_arch2/integracion_fisica/simulacion_logica_sintesis/SINGLE/LZD/session.inter.vpd.tcl -ignore_errors} {gui_load_session -ignore_errors -file /home/local/ESTUDIANTES/jsequeira/Documents/Dise-o-ASIC-FPGA-FPU/ASIC_FLOW/ASIC_fpaddsub_arch2/integracion_fisica/simulacion_logica_sintesis/SINGLE/LZD/session.inter.vpd.tcl} {gui_load_session -ignore_errors -file /home/local/ESTUDIANTES/jsequeira/Documents/Dise-o-ASIC-FPGA-FPU/ASIC_FLOW/ASIC_fpaddsub_arch2/integracion_fisica/simulacion_logica_behavioral/SINGLE/session.inter3.vpd.tcl} {gui_load_session -ignore_errors -file /home/local/ESTUDIANTES/jsequeira/Documents/Dise-o-ASIC-FPGA-FPU/ASIC_FLOW/ASIC_fpaddsub_arch2/integracion_fisica/simulacion_logica_behavioral/SINGLE/session.inter2.vpd.tcl}}
gui_set_state_value -category Globals -key recent_tcl_scripts -value {{gui_dve_source -global /home/local/ESTUDIANTES/jsequeira/Documents/Dise-o-ASIC-FPGA-FPU/ASIC_FLOW/ASIC_fpaddsub_arch2/integracion_fisica/simulacion_logica_sintesis/SINGLE/LZD/session.inter.vpd.tcl} {gui_dve_source -global /home/local/ESTUDIANTES/jsequeira/Documents/Dise-o-ASIC-FPGA-FPU/ASIC_FLOW/ASIC_fpaddsub_arch2/integracion_fisica/simulacion_logica_sintesis/SINGLE/INIT_STAGE/session.inter.vpd.tcl} {gui_dve_source -global /home/local/ESTUDIANTES/jsequeira/Documents/Dise-o-ASIC-FPGA-FPU/ASIC_FLOW/ASIC_fpaddsub_arch2/integracion_fisica/simulacion_logica_behavioral/SINGLE/session.inter2.vpd.tcl} {gui_dve_source -global /home/local/ESTUDIANTES/jsequeira/Documents/Dise-o-ASIC-FPGA-FPU/ASIC_FLOW/ASIC_fpaddsub_arch2/integracion_fisica/simulacion_logica_behavioral/SINGLE/session.inter3.vpd.tcl} {gui_dve_source -global /home/local/ESTUDIANTES/jsequeira/Documents/Dise-o-ASIC-FPGA-FPU/ASIC_FLOW/ASIC_fpaddsub_arch2/integracion_fisica/simulacion_logica_behavioral/SINGLE/session.inter.vpd.tcl}}
gui_set_state_value -category Layout -key child_console_docknewline -value false
gui_set_state_value -category Layout -key child_console_dockstate -value undocked
gui_set_state_value -category Layout -key child_console_pos_x -value {-2}
gui_set_state_value -category Layout -key child_console_pos_y -value {-20}
gui_set_state_value -category Layout -key child_console_showstate -value maximized
gui_set_state_value -category Layout -key child_console_size_x -value 1347
gui_set_state_value -category Layout -key child_console_size_y -value 596
gui_set_state_value -category Layout -key child_data_coltype -value 430
gui_set_state_value -category Layout -key child_data_colvalue -value 375
gui_set_state_value -category Layout -key child_data_colvariable -value 554
gui_set_state_value -category Layout -key child_data_docknewline -value false
gui_set_state_value -category Layout -key child_data_dockstate -value undocked
gui_set_state_value -category Layout -key child_data_pos_x -value {-2}
gui_set_state_value -category Layout -key child_data_pos_y -value {-20}
gui_set_state_value -category Layout -key child_data_showstate -value maximized
gui_set_state_value -category Layout -key child_data_size_x -value 1347
gui_set_state_value -category Layout -key child_data_size_y -value 566
gui_set_state_value -category Layout -key child_driver_size_x -value 1363
gui_set_state_value -category Layout -key child_driver_size_y -value 213
gui_set_state_value -category Layout -key child_hier_col3 -value {-1}
gui_set_state_value -category Layout -key child_hier_colhier -value 817
gui_set_state_value -category Layout -key child_hier_colpd -value 0
gui_set_state_value -category Layout -key child_hier_coltype -value 543
gui_set_state_value -category Layout -key child_hier_docknewline -value false
gui_set_state_value -category Layout -key child_hier_dockstate -value undocked
gui_set_state_value -category Layout -key child_hier_pos_x -value {-2}
gui_set_state_value -category Layout -key child_hier_pos_y -value {-20}
gui_set_state_value -category Layout -key child_hier_showstate -value maximized
gui_set_state_value -category Layout -key child_hier_size_x -value 1347
gui_set_state_value -category Layout -key child_hier_size_y -value 566
gui_set_state_value -category Layout -key child_hier_sort_order -value 1
gui_set_state_value -category Layout -key child_list_docknewline -value false
gui_set_state_value -category Layout -key child_list_down -value 437
gui_set_state_value -category Layout -key child_list_pos_x -value {-2}
gui_set_state_value -category Layout -key child_list_pos_y -value {-20}
gui_set_state_value -category Layout -key child_list_right -value 1208
gui_set_state_value -category Layout -key child_list_size_x -value 1368
gui_set_state_value -category Layout -key child_list_size_y -value 587
gui_set_state_value -category Layout -key child_schematic_docknewline -value false
gui_set_state_value -category Layout -key child_schematic_pos_x -value {-2}
gui_set_state_value -category Layout -key child_schematic_pos_y -value {-20}
gui_set_state_value -category Layout -key child_schematic_size_x -value 1368
gui_set_state_value -category Layout -key child_schematic_size_y -value 408
gui_set_state_value -category Layout -key child_source_docknewline -value false
gui_set_state_value -category Layout -key child_source_pos_x -value {-2}
gui_set_state_value -category Layout -key child_source_pos_y -value {-20}
gui_set_state_value -category Layout -key child_source_size_x -value 1347
gui_set_state_value -category Layout -key child_source_size_y -value 566
gui_set_state_value -category Layout -key child_watch_size_x -value 746
gui_set_state_value -category Layout -key child_watch_size_y -value 166
gui_set_state_value -category Layout -key child_wave_colname -value 236
gui_set_state_value -category Layout -key child_wave_colvalue -value 177
gui_set_state_value -category Layout -key child_wave_docknewline -value false
gui_set_state_value -category Layout -key child_wave_left -value 417
gui_set_state_value -category Layout -key child_wave_pos_x -value {-2}
gui_set_state_value -category Layout -key child_wave_pos_y -value {-20}
gui_set_state_value -category Layout -key child_wave_right -value 920
gui_set_state_value -category Layout -key child_wave_size_x -value 1347
gui_set_state_value -category Layout -key child_wave_size_y -value 566
gui_set_state_value -category Layout -key main_pos_x -value 1382
gui_set_state_value -category Layout -key main_pos_y -value 70
gui_set_state_value -category Layout -key main_size_x -value 2724
gui_set_state_value -category Layout -key main_size_y -value 766
gui_set_state_value -category Layout -key stand_list_child_docknewline -value false
gui_set_state_value -category Layout -key stand_list_child_pos_x -value {-2}
gui_set_state_value -category Layout -key stand_list_child_pos_y -value {-20}
gui_set_state_value -category Layout -key stand_list_child_size_x -value 604
gui_set_state_value -category Layout -key stand_list_child_size_y -value 284
gui_set_state_value -category Layout -key stand_list_top_pos_y -value 52
gui_set_state_value -category Layout -key stand_list_top_size_x -value 1099
gui_set_state_value -category Layout -key stand_list_top_size_y -value 551
gui_set_state_value -category Layout -key stand_schematic_child_docknewline -value false
gui_set_state_value -category Layout -key stand_schematic_child_pos_x -value {-2}
gui_set_state_value -category Layout -key stand_schematic_child_pos_y -value {-20}
gui_set_state_value -category Layout -key stand_schematic_child_size_x -value 1364
gui_set_state_value -category Layout -key stand_schematic_child_size_y -value 381
gui_set_state_value -category Layout -key stand_schematic_top_pos_x -value 0
gui_set_state_value -category Layout -key stand_schematic_top_pos_y -value 52
gui_set_state_value -category Layout -key stand_schematic_top_size_x -value 1359
gui_set_state_value -category Layout -key stand_schematic_top_size_y -value 563
gui_set_state_value -category Layout -key stand_wave_child_docknewline -value false
gui_set_state_value -category Layout -key stand_wave_child_pos_x -value {-2}
gui_set_state_value -category Layout -key stand_wave_child_pos_y -value {-15}
gui_set_state_value -category Layout -key stand_wave_child_size_x -value 1028
gui_set_state_value -category Layout -key stand_wave_child_size_y -value 563
gui_set_state_value -category Layout -key stand_wave_top_pos_x -value 4
gui_set_state_value -category Layout -key stand_wave_top_pos_y -value 52
gui_set_state_value -category Layout -key stand_wave_top_size_x -value 1027
gui_set_state_value -category Layout -key stand_wave_top_size_y -value 743
gui_set_state_value -category Driver -key driver_add_to_wave -value true
gui_create_state_key -category FindDialog -key m_pMatchCase -value_type bool -value false
gui_create_state_key -category FindDialog -key m_pMatchWord -value_type bool -value false
gui_create_state_key -category FindDialog -key m_pUseCombo -value_type string -value {}
gui_create_state_key -category FindDialog -key m_pWrapAround -value_type bool -value true
gui_create_state_key -category Widget_History -key {dlgSimSetup|m_setupTab|tab pages|SimTab|m_VPDCombo} -value_type string -value inter.vpd
gui_create_state_key -category Widget_History -key {dlgSimSetup|m_setupTab|tab pages|SimTab|m_argsCombo} -value_type string -value {{+v2k +lint=all -a log_name +define+SINGLE=1 +define+FRANCIS_LZD=1} {+v2k +lint=all -a log_name +define+SINGLE} {-ucligui +v2k +lint=all -l log_name +define+SINGLE} { +v2k +lint=all -l log_name +define+SYN_SINGLE -ucligui}}
gui_create_state_key -category Widget_History -key {dlgSimSetup|m_setupTab|tab pages|SimTab|m_curDirCombo} -value_type string -value {/home/local/ESTUDIANTES/jsequeira/Documents/Dise-o-ASIC-FPGA-FPU/ASIC_FLOW/ASIC_fpaddsub_arch2/integracion_fisica/simulacion_logica_behavioral/SINGLE /home/local/ESTUDIANTES/jsequeira/Documents/Dise-o-ASIC-FPGA-FPU/ASIC_FLOW/ASIC_fpaddsub_arch2/integracion_fisica/simulacion_logica_sintesis/SINGLE /home/local/ESTUDIANTES/jsequeira/Documents/Dise-o-ASIC-FPGA-FPU/ASIC_FLOW/ASIC_fpaddsub_arch2/integracion_fisica/simulacion_logica_sintesis/SINGLE/LZD /home/local/ESTUDIANTES/jsequeira/Documents/Dise-o-ASIC-FPGA-FPU/ASIC_FLOW/ASIC_fpaddsub_arch2/integracion_fisica/simulacion_logica_behavioral/BARREL_SHIFTER /home/local/ESTUDIANTES/jsequeira/Documents/Dise-o-ASIC-FPGA-FPU/ASIC_FLOW/ASIC_fpaddsub_arch2/integracion_fisica/simulacion_logica_sintesis/BARREL_SHIFTER}
gui_create_state_key -category Widget_History -key {dlgSimSetup|m_setupTab|tab pages|SimTab|m_exeCombo} -value_type string -value {simv /home/local/ESTUDIANTES/jsequeira/Documents/Dise-o-ASIC-FPGA-FPU/ASIC_FLOW/ASIC_fpaddsub_arch2/integracion_fisica/simulacion_logica_sintesis/SINGLE/simv /home/local/ESTUDIANTES/jsequeira/Documents/Dise-o-ASIC-FPGA-FPU/ASIC_FLOW/ASIC_fpaddsub_arch2/integracion_fisica/simulacion_logica_sintesis/SINGLE/LZD/simv /home/local/ESTUDIANTES/jsequeira/Documents/Dise-o-ASIC-FPGA-FPU/ASIC_FLOW/ASIC_fpaddsub_arch2/integracion_fisica/simulacion_logica_behavioral/BARREL_SHIFTER/simv}
gui_state_default_create -off

# Begin command logging
gui_sim_run Ucli -exe simv -args {-ucligui  +v2k +lint=all -a log_name +define+SYN_SINGLE} -dir .
gui_list_expand -id  Hier.1   tb_Oper_Start_In
gui_list_select -id Hier.1 -current_item_name tb_Oper_Start_In.inst_Oper_Start_In -current_item_type Scope  -selected  { tb_Oper_Start_In.inst_Oper_Start_In   }
gui_list_select -id Hier.1 -current_item_name tb_Oper_Start_In -current_item_type Scope  -selected  { tb_Oper_Start_In   }
gui_list_select -id Hier.1 -current_item_name tb_Oper_Start_In.inst_Oper_Start_In -current_item_type Scope  -selected  { tb_Oper_Start_In.inst_Oper_Start_In   }
gui_open_window Wave
gui_list_add -id Wave.1 -from Hier.1 { tb_Oper_Start_In.inst_Oper_Start_In } -insertionbar
gui_list_select -id Wave.1 -selected  { tb_Oper_Start_In.inst_Oper_Start_In.n205   }
gui_delete_selected -id  Wave.1
gui_list_select -id Wave.1 -selected  { tb_Oper_Start_In.inst_Oper_Start_In.n162   }
gui_delete_selected -id  Wave.1
gui_list_select -id Wave.1 -selected  { tb_Oper_Start_In.inst_Oper_Start_In.n206   }
gui_delete_selected -id  Wave.1
gui_list_select -id Wave.1 -selected  { tb_Oper_Start_In.inst_Oper_Start_In.n163   }
gui_delete_selected -id  Wave.1
gui_list_select -id Wave.1 -selected  { tb_Oper_Start_In.inst_Oper_Start_In.n207   }
gui_delete_selected -id  Wave.1
gui_list_select -id Wave.1 -selected  { tb_Oper_Start_In.inst_Oper_Start_In.n164   }
gui_delete_selected -id  Wave.1
gui_list_select -id Wave.1 -selected  { tb_Oper_Start_In.inst_Oper_Start_In.n410   }
gui_delete_selected -id  Wave.1
gui_list_select -id Wave.1 -selected  { tb_Oper_Start_In.inst_Oper_Start_In.n208   }
gui_delete_selected -id  Wave.1
gui_list_select -id Wave.1 -selected  { tb_Oper_Start_In.inst_Oper_Start_In.n165   }
gui_delete_selected -id  Wave.1
gui_list_select -id Wave.1 -selected  { tb_Oper_Start_In.inst_Oper_Start_In.n411   }
gui_delete_selected -id  Wave.1
gui_list_select -id Wave.1 -selected  { tb_Oper_Start_In.inst_Oper_Start_In.n209   }
gui_delete_selected -id  Wave.1
gui_list_select -id Wave.1 -selected  { tb_Oper_Start_In.inst_Oper_Start_In.n166   }
gui_delete_selected -id  Wave.1
gui_list_select -id Wave.1 -selected  { tb_Oper_Start_In.inst_Oper_Start_In.n412   }
gui_delete_selected -id  Wave.1
gui_list_select -id Wave.1 -selected  { tb_Oper_Start_In.inst_Oper_Start_In.n167   }
gui_delete_selected -id  Wave.1
gui_list_select -id Wave.1 -selected  { tb_Oper_Start_In.inst_Oper_Start_In.n413   }
gui_delete_selected -id  Wave.1
gui_list_select -id Wave.1 -selected  { tb_Oper_Start_In.inst_Oper_Start_In.n370   }
gui_delete_selected -id  Wave.1
gui_list_select -id Wave.1 -selected  { tb_Oper_Start_In.inst_Oper_Start_In.n168   }
gui_delete_selected -id  Wave.1
gui_list_select -id Wave.1 -selected  { tb_Oper_Start_In.inst_Oper_Start_In.n414   }
gui_delete_selected -id  Wave.1
gui_list_select -id Wave.1 -selected  { tb_Oper_Start_In.inst_Oper_Start_In.n371   }
gui_delete_selected -id  Wave.1
gui_list_select -id Wave.1 -selected  { tb_Oper_Start_In.inst_Oper_Start_In.n169   }
gui_delete_selected -id  Wave.1
gui_list_select -id Wave.1 -selected  { tb_Oper_Start_In.inst_Oper_Start_In.n415   }
gui_delete_selected -id  Wave.1
gui_list_select -id Wave.1 -selected  { tb_Oper_Start_In.inst_Oper_Start_In.n372   }
gui_delete_selected -id  Wave.1
gui_list_select -id Wave.1 -selected  { tb_Oper_Start_In.inst_Oper_Start_In.n416   }
gui_delete_selected -id  Wave.1
gui_list_select -id Wave.1 -selected  { tb_Oper_Start_In.inst_Oper_Start_In.n373   }
gui_delete_selected -id  Wave.1
gui_list_select -id Wave.1 -selected  { tb_Oper_Start_In.inst_Oper_Start_In.n417   }
gui_delete_selected -id  Wave.1
gui_list_select -id Wave.1 -selected  { tb_Oper_Start_In.inst_Oper_Start_In.n374   }
gui_delete_selected -id  Wave.1
gui_list_select -id Wave.1 -selected  { tb_Oper_Start_In.inst_Oper_Start_In.n418   }
gui_delete_selected -id  Wave.1
gui_list_select -id Wave.1 -selected  { tb_Oper_Start_In.inst_Oper_Start_In.n375   }
gui_delete_selected -id  Wave.1
gui_list_select -id Wave.1 -selected  { tb_Oper_Start_In.inst_Oper_Start_In.n419   }
gui_delete_selected -id  Wave.1
gui_list_select -id Wave.1 -selected  { tb_Oper_Start_In.inst_Oper_Start_In.n376   }
gui_delete_selected -id  Wave.1
gui_list_select -id Wave.1 -selected  { tb_Oper_Start_In.inst_Oper_Start_In.n377   }
gui_delete_selected -id  Wave.1
gui_list_select -id Wave.1 -selected  { tb_Oper_Start_In.inst_Oper_Start_In.n378   }
gui_delete_selected -id  Wave.1
gui_list_select -id Wave.1 -selected  { tb_Oper_Start_In.inst_Oper_Start_In.n379   }
gui_delete_selected -id  Wave.1
gui_list_select -id Wave.1 -selected  { tb_Oper_Start_In.inst_Oper_Start_In.n210   }
gui_delete_selected -id  Wave.1
gui_list_select -id Wave.1 -selected  { tb_Oper_Start_In.inst_Oper_Start_In.n211   }
gui_delete_selected -id  Wave.1
gui_list_select -id Wave.1 -selected  { tb_Oper_Start_In.inst_Oper_Start_In.n212   }
gui_delete_selected -id  Wave.1
gui_list_select -id Wave.1 -selected  { tb_Oper_Start_In.inst_Oper_Start_In.n213   }
gui_delete_selected -id  Wave.1
gui_list_select -id Wave.1 -selected  { tb_Oper_Start_In.inst_Oper_Start_In.n170   }
gui_delete_selected -id  Wave.1
gui_list_select -id Wave.1 -selected  { tb_Oper_Start_In.inst_Oper_Start_In.n214   }
gui_delete_selected -id  Wave.1
gui_list_select -id Wave.1 -selected  { tb_Oper_Start_In.inst_Oper_Start_In.n171   }
gui_delete_selected -id  Wave.1
gui_list_select -id Wave.1 -selected  { tb_Oper_Start_In.inst_Oper_Start_In.n215   }
gui_delete_selected -id  Wave.1
gui_list_select -id Wave.1 -selected  { tb_Oper_Start_In.inst_Oper_Start_In.n172   }
gui_delete_selected -id  Wave.1
gui_list_select -id Wave.1 -selected  { tb_Oper_Start_In.inst_Oper_Start_In.n173   }
gui_delete_selected -id  Wave.1
gui_list_select -id Wave.1 -selected  { tb_Oper_Start_In.inst_Oper_Start_In.n216   }
gui_delete_selected -id  Wave.1
gui_list_select -id Wave.1 -selected  { tb_Oper_Start_In.inst_Oper_Start_In.n174   }
gui_delete_selected -id  Wave.1
gui_list_select -id Wave.1 -selected  { tb_Oper_Start_In.inst_Oper_Start_In.n217   }
gui_delete_selected -id  Wave.1
gui_list_select -id Wave.1 -selected  { tb_Oper_Start_In.inst_Oper_Start_In.n420   }
gui_delete_selected -id  Wave.1
gui_list_select -id Wave.1 -selected  { tb_Oper_Start_In.inst_Oper_Start_In.n175   }
gui_delete_selected -id  Wave.1
gui_list_select -id Wave.1 -selected  { tb_Oper_Start_In.inst_Oper_Start_In.n218   }
gui_delete_selected -id  Wave.1
gui_list_select -id Wave.1 -selected  { tb_Oper_Start_In.inst_Oper_Start_In.n421   }
gui_delete_selected -id  Wave.1
gui_list_select -id Wave.1 -selected  { tb_Oper_Start_In.inst_Oper_Start_In.n176   }
gui_delete_selected -id  Wave.1
gui_list_select -id Wave.1 -selected  { tb_Oper_Start_In.inst_Oper_Start_In.n219   }
gui_delete_selected -id  Wave.1
gui_list_select -id Wave.1 -selected  { tb_Oper_Start_In.inst_Oper_Start_In.n422   }
gui_delete_selected -id  Wave.1
gui_list_select -id Wave.1 -selected  { tb_Oper_Start_In.inst_Oper_Start_In.n177   }
gui_delete_selected -id  Wave.1
gui_list_select -id Wave.1 -selected  { tb_Oper_Start_In.inst_Oper_Start_In.n423   }
gui_delete_selected -id  Wave.1
gui_list_select -id Wave.1 -selected  { tb_Oper_Start_In.inst_Oper_Start_In.n380   }
gui_delete_selected -id  Wave.1
gui_list_select -id Wave.1 -selected  { tb_Oper_Start_In.inst_Oper_Start_In.n178   }
gui_delete_selected -id  Wave.1
gui_list_select -id Wave.1 -selected  { tb_Oper_Start_In.inst_Oper_Start_In.n424   }
gui_delete_selected -id  Wave.1
gui_list_select -id Wave.1 -selected  { tb_Oper_Start_In.inst_Oper_Start_In.n381   }
gui_delete_selected -id  Wave.1
gui_list_select -id Wave.1 -selected  { tb_Oper_Start_In.inst_Oper_Start_In.n179   }
gui_delete_selected -id  Wave.1
gui_list_select -id Wave.1 -selected  { tb_Oper_Start_In.inst_Oper_Start_In.n425   }
gui_delete_selected -id  Wave.1
gui_list_select -id Wave.1 -selected  { tb_Oper_Start_In.inst_Oper_Start_In.n382   }
gui_delete_selected -id  Wave.1
gui_list_select -id Wave.1 -selected  { tb_Oper_Start_In.inst_Oper_Start_In.n426   }
gui_delete_selected -id  Wave.1
gui_list_select -id Wave.1 -selected  { tb_Oper_Start_In.inst_Oper_Start_In.n383   }
gui_delete_selected -id  Wave.1
gui_list_select -id Wave.1 -selected  { tb_Oper_Start_In.inst_Oper_Start_In.n427   }
gui_delete_selected -id  Wave.1
gui_list_select -id Wave.1 -selected  { tb_Oper_Start_In.inst_Oper_Start_In.n384   }
gui_delete_selected -id  Wave.1
gui_list_select -id Wave.1 -selected  { tb_Oper_Start_In.inst_Oper_Start_In.n428   }
gui_delete_selected -id  Wave.1
gui_list_select -id Wave.1 -selected  { tb_Oper_Start_In.inst_Oper_Start_In.n385   }
gui_delete_selected -id  Wave.1
gui_list_select -id Wave.1 -selected  { tb_Oper_Start_In.inst_Oper_Start_In.n429   }
gui_delete_selected -id  Wave.1
gui_list_select -id Wave.1 -selected  { tb_Oper_Start_In.inst_Oper_Start_In.n386   }
gui_delete_selected -id  Wave.1
gui_list_select -id Wave.1 -selected  { tb_Oper_Start_In.inst_Oper_Start_In.n387   }
gui_delete_selected -id  Wave.1
gui_list_select -id Wave.1 -selected  { tb_Oper_Start_In.inst_Oper_Start_In.n388   }
gui_delete_selected -id  Wave.1
gui_list_select -id Wave.1 -selected  { tb_Oper_Start_In.inst_Oper_Start_In.n389   }
gui_delete_selected -id  Wave.1
gui_list_select -id Wave.1 -selected  { tb_Oper_Start_In.inst_Oper_Start_In.n220   }
gui_delete_selected -id  Wave.1
gui_list_select -id Wave.1 -selected  { tb_Oper_Start_In.inst_Oper_Start_In.n221   }
gui_delete_selected -id  Wave.1
gui_list_select -id Wave.1 -selected  { tb_Oper_Start_In.inst_Oper_Start_In.n222   }
gui_delete_selected -id  Wave.1
gui_list_select -id Wave.1 -selected  { tb_Oper_Start_In.inst_Oper_Start_In.n223   }
gui_delete_selected -id  Wave.1
gui_list_select -id Wave.1 -selected  { tb_Oper_Start_In.inst_Oper_Start_In.n180   }
gui_delete_selected -id  Wave.1
gui_list_select -id Wave.1 -selected  { tb_Oper_Start_In.inst_Oper_Start_In.n224   }
gui_delete_selected -id  Wave.1
gui_list_select -id Wave.1 -selected  { tb_Oper_Start_In.inst_Oper_Start_In.n181   }
gui_delete_selected -id  Wave.1
gui_list_select -id Wave.1 -selected  { tb_Oper_Start_In.inst_Oper_Start_In.n225   }
gui_delete_selected -id  Wave.1
gui_list_select -id Wave.1 -selected  { tb_Oper_Start_In.inst_Oper_Start_In.n182   }
gui_delete_selected -id  Wave.1
gui_list_select -id Wave.1 -selected  { tb_Oper_Start_In.inst_Oper_Start_In.n226   }
gui_delete_selected -id  Wave.1
gui_list_select -id Wave.1 -selected  { tb_Oper_Start_In.inst_Oper_Start_In.n183   }
gui_delete_selected -id  Wave.1
gui_list_select -id Wave.1 -selected  { tb_Oper_Start_In.inst_Oper_Start_In.n227   }
gui_delete_selected -id  Wave.1
gui_list_select -id Wave.1 -selected  { tb_Oper_Start_In.inst_Oper_Start_In.n184   }
gui_delete_selected -id  Wave.1
gui_list_select -id Wave.1 -selected  { tb_Oper_Start_In.inst_Oper_Start_In.n430   }
gui_delete_selected -id  Wave.1
gui_list_select -id Wave.1 -selected  { tb_Oper_Start_In.inst_Oper_Start_In.n228   }
gui_delete_selected -id  Wave.1
gui_list_select -id Wave.1 -selected  { tb_Oper_Start_In.inst_Oper_Start_In.n185   }
gui_delete_selected -id  Wave.1
gui_list_select -id Wave.1 -selected  { tb_Oper_Start_In.inst_Oper_Start_In.n431   }
gui_delete_selected -id  Wave.1
gui_list_select -id Wave.1 -selected  { tb_Oper_Start_In.inst_Oper_Start_In.n229   }
gui_delete_selected -id  Wave.1
gui_list_select -id Wave.1 -selected  { tb_Oper_Start_In.inst_Oper_Start_In.n186   }
gui_delete_selected -id  Wave.1
gui_list_select -id Wave.1 -selected  { tb_Oper_Start_In.inst_Oper_Start_In.n432   }
gui_delete_selected -id  Wave.1
gui_list_select -id Wave.1 -selected  { tb_Oper_Start_In.inst_Oper_Start_In.n187   }
gui_delete_selected -id  Wave.1
gui_list_select -id Wave.1 -selected  { tb_Oper_Start_In.inst_Oper_Start_In.n433   }
gui_delete_selected -id  Wave.1
gui_list_select -id Wave.1 -selected  { tb_Oper_Start_In.inst_Oper_Start_In.n390   }
gui_delete_selected -id  Wave.1
gui_list_select -id Wave.1 -selected  { tb_Oper_Start_In.inst_Oper_Start_In.n188   }
gui_delete_selected -id  Wave.1
gui_list_select -id Wave.1 -selected  { tb_Oper_Start_In.inst_Oper_Start_In.n434   }
gui_delete_selected -id  Wave.1
gui_list_select -id Wave.1 -selected  { tb_Oper_Start_In.inst_Oper_Start_In.n391   }
gui_delete_selected -id  Wave.1
gui_list_select -id Wave.1 -selected  { tb_Oper_Start_In.inst_Oper_Start_In.n189   }
gui_delete_selected -id  Wave.1
gui_list_select -id Wave.1 -selected  { tb_Oper_Start_In.inst_Oper_Start_In.n392   }
gui_delete_selected -id  Wave.1
gui_list_select -id Wave.1 -selected  { tb_Oper_Start_In.inst_Oper_Start_In.n393   }
gui_delete_selected -id  Wave.1
gui_list_select -id Wave.1 -selected  { tb_Oper_Start_In.inst_Oper_Start_In.n394   }
gui_delete_selected -id  Wave.1
gui_list_select -id Wave.1 -selected  { tb_Oper_Start_In.inst_Oper_Start_In.n395   }
gui_delete_selected -id  Wave.1
gui_list_select -id Wave.1 -selected  { tb_Oper_Start_In.inst_Oper_Start_In.n396   }
gui_delete_selected -id  Wave.1
gui_list_select -id Wave.1 -selected  { tb_Oper_Start_In.inst_Oper_Start_In.n397   }
gui_delete_selected -id  Wave.1
gui_list_select -id Wave.1 -selected  { tb_Oper_Start_In.inst_Oper_Start_In.n398   }
gui_delete_selected -id  Wave.1
gui_list_select -id Wave.1 -selected  { tb_Oper_Start_In.inst_Oper_Start_In.n399   }
gui_delete_selected -id  Wave.1
gui_list_select -id Wave.1 -selected  { tb_Oper_Start_In.inst_Oper_Start_In.n230   }
gui_delete_selected -id  Wave.1
gui_list_select -id Wave.1 -selected  { tb_Oper_Start_In.inst_Oper_Start_In.n231   }
gui_delete_selected -id  Wave.1
gui_list_select -id Wave.1 -selected  { tb_Oper_Start_In.inst_Oper_Start_In.n232   }
gui_delete_selected -id  Wave.1
gui_list_select -id Wave.1 -selected  { tb_Oper_Start_In.inst_Oper_Start_In.n233   }
gui_delete_selected -id  Wave.1
gui_list_select -id Wave.1 -selected  { tb_Oper_Start_In.inst_Oper_Start_In.n190   }
gui_delete_selected -id  Wave.1
gui_list_select -id Wave.1 -selected  { tb_Oper_Start_In.inst_Oper_Start_In.n234   }
gui_delete_selected -id  Wave.1
gui_list_select -id Wave.1 -selected  { tb_Oper_Start_In.inst_Oper_Start_In.n191   }
gui_delete_selected -id  Wave.1
gui_list_select -id Wave.1 -selected  { tb_Oper_Start_In.inst_Oper_Start_In.n235   }
gui_delete_selected -id  Wave.1
gui_list_select -id Wave.1 -selected  { tb_Oper_Start_In.inst_Oper_Start_In.n192   }
gui_delete_selected -id  Wave.1
gui_list_select -id Wave.1 -selected  { tb_Oper_Start_In.inst_Oper_Start_In.n236   }
gui_delete_selected -id  Wave.1
gui_list_select -id Wave.1 -selected  { tb_Oper_Start_In.inst_Oper_Start_In.n193   }
gui_delete_selected -id  Wave.1
gui_list_select -id Wave.1 -selected  { tb_Oper_Start_In.inst_Oper_Start_In.n237   }
gui_delete_selected -id  Wave.1
gui_list_select -id Wave.1 -selected  { tb_Oper_Start_In.inst_Oper_Start_In.n194   }
gui_delete_selected -id  Wave.1
gui_list_select -id Wave.1 -selected  { {tb_Oper_Start_In.inst_Oper_Start_In.intDX[31:0]}   }
gui_delete_selected -id  Wave.1
gui_list_select -id Wave.1 -selected  { tb_Oper_Start_In.inst_Oper_Start_In.n238   }
gui_delete_selected -id  Wave.1
gui_list_select -id Wave.1 -selected  { tb_Oper_Start_In.inst_Oper_Start_In.n195   }
gui_delete_selected -id  Wave.1
gui_list_select -id Wave.1 -selected  { {tb_Oper_Start_In.inst_Oper_Start_In.intDY[31:0]}   }
gui_list_select -id Wave.1 -selected  { tb_Oper_Start_In.inst_Oper_Start_In.n239   }
gui_delete_selected -id  Wave.1
gui_list_select -id Wave.1 -selected  { tb_Oper_Start_In.inst_Oper_Start_In.n196   }
gui_delete_selected -id  Wave.1
gui_list_select -id Wave.1 -selected  { tb_Oper_Start_In.inst_Oper_Start_In.n197   }
gui_delete_selected -id  Wave.1
gui_list_select -id Wave.1 -selected  { tb_Oper_Start_In.inst_Oper_Start_In.n198   }
gui_delete_selected -id  Wave.1
gui_list_select -id Wave.1 -selected  { tb_Oper_Start_In.inst_Oper_Start_In.n199   }
gui_delete_selected -id  Wave.1
gui_list_select -id Wave.1 -selected  { tb_Oper_Start_In.inst_Oper_Start_In.n240   }
gui_delete_selected -id  Wave.1
gui_list_select -id Wave.1 -selected  { tb_Oper_Start_In.inst_Oper_Start_In.n241   }
gui_delete_selected -id  Wave.1
gui_list_select -id Wave.1 -selected  { tb_Oper_Start_In.inst_Oper_Start_In.n242   }
gui_delete_selected -id  Wave.1
gui_list_select -id Wave.1 -selected  { tb_Oper_Start_In.inst_Oper_Start_In.n243   }
gui_delete_selected -id  Wave.1
gui_list_select -id Wave.1 -selected  { tb_Oper_Start_In.inst_Oper_Start_In.n244   }
gui_delete_selected -id  Wave.1
gui_list_select -id Wave.1 -selected  { tb_Oper_Start_In.inst_Oper_Start_In.n245   }
gui_delete_selected -id  Wave.1
gui_list_select -id Wave.1 -selected  { tb_Oper_Start_In.inst_Oper_Start_In.n246   }
gui_delete_selected -id  Wave.1
gui_list_select -id Wave.1 -selected  { tb_Oper_Start_In.inst_Oper_Start_In.n247   }
gui_delete_selected -id  Wave.1
gui_list_select -id Wave.1 -selected  { tb_Oper_Start_In.inst_Oper_Start_In.n248   }
gui_delete_selected -id  Wave.1
gui_list_select -id Wave.1 -selected  { tb_Oper_Start_In.inst_Oper_Start_In.n249   }
gui_delete_selected -id  Wave.1
gui_list_select -id Wave.1 -selected  { tb_Oper_Start_In.inst_Oper_Start_In.n250   }
gui_delete_selected -id  Wave.1
gui_list_select -id Wave.1 -selected  { tb_Oper_Start_In.inst_Oper_Start_In.n251   }
gui_delete_selected -id  Wave.1
gui_list_select -id Wave.1 -selected  { tb_Oper_Start_In.inst_Oper_Start_In.n252   }
gui_delete_selected -id  Wave.1
gui_list_select -id Wave.1 -selected  { tb_Oper_Start_In.inst_Oper_Start_In.n253   }
gui_delete_selected -id  Wave.1
gui_list_select -id Wave.1 -selected  { tb_Oper_Start_In.inst_Oper_Start_In.n254   }
gui_delete_selected -id  Wave.1
gui_list_select -id Wave.1 -selected  { tb_Oper_Start_In.inst_Oper_Start_In.n255   }
gui_delete_selected -id  Wave.1
gui_list_select -id Wave.1 -selected  { tb_Oper_Start_In.inst_Oper_Start_In.n256   }
gui_delete_selected -id  Wave.1
gui_list_select -id Wave.1 -selected  { tb_Oper_Start_In.inst_Oper_Start_In.n257   }
gui_delete_selected -id  Wave.1
gui_list_select -id Wave.1 -selected  { tb_Oper_Start_In.inst_Oper_Start_In.n258   }
gui_delete_selected -id  Wave.1
gui_list_select -id Wave.1 -selected  { tb_Oper_Start_In.inst_Oper_Start_In.rst   }
gui_delete_selected -id  Wave.1
gui_list_select -id Wave.1 -selected  { tb_Oper_Start_In.inst_Oper_Start_In.n259   }
gui_delete_selected -id  Wave.1
gui_list_select -id Wave.1 -selected  { tb_Oper_Start_In.inst_Oper_Start_In.n300   }
gui_delete_selected -id  Wave.1
gui_list_select -id Wave.1 -selected  { tb_Oper_Start_In.inst_Oper_Start_In.n301   }
gui_delete_selected -id  Wave.1
gui_list_select -id Wave.1 -selected  { {tb_Oper_Start_In.inst_Oper_Start_In.DmP_o[30:0]}   }
gui_delete_selected -id  Wave.1
gui_list_select -id Wave.1 -selected  { {tb_Oper_Start_In.inst_Oper_Start_In.DMP_o[30:0]}   }
gui_delete_selected -id  Wave.1
gui_list_select -id Wave.1 -selected  { tb_Oper_Start_In.inst_Oper_Start_In.n302   }
gui_list_expand -id  Wave.1   {tb_Oper_Start_In.inst_Oper_Start_In.intDY[31:0]}
gui_list_collapse -id  Wave.1   {tb_Oper_Start_In.inst_Oper_Start_In.intDY[31:0]}
gui_list_select -id Wave.1 -selected  { inst_Oper_Start_In   }
gui_delete_selected -id  Wave.1
gui_list_select -id Wave.1 -selected  { {New Group}   }
gui_list_select -id Data.1 -selected  { {tb_Oper_Start_In.inst_Oper_Start_In.intDX[31:0]}   }
gui_list_add -id Wave.1 -from Data.1 { {tb_Oper_Start_In.inst_Oper_Start_In.intDX[31:0]} } -insertionbar
gui_list_select -id Data.1 -selected  { {tb_Oper_Start_In.inst_Oper_Start_In.intDY[31:0]}   }
gui_list_add -id Wave.1 -from Data.1 { {tb_Oper_Start_In.inst_Oper_Start_In.intDY[31:0]} } -insertionbar
gui_list_select -id Data.1 -selected  { {tb_Oper_Start_In.inst_Oper_Start_In.DMP_o[30:0]}   }
gui_list_add -id Wave.1 -from Data.1 { {tb_Oper_Start_In.inst_Oper_Start_In.DMP_o[30:0]} } -insertionbar
gui_list_select -id Data.1 -selected  { {tb_Oper_Start_In.inst_Oper_Start_In.DmP_o[30:0]}   }
gui_list_add -id Wave.1 -from Data.1 { {tb_Oper_Start_In.inst_Oper_Start_In.DmP_o[30:0]} } -insertionbar
gui_list_select -id Data.1 -selected  { tb_Oper_Start_In.inst_Oper_Start_In.clk   }
gui_list_add -id Wave.1 -from Data.1 { tb_Oper_Start_In.inst_Oper_Start_In.clk } -insertionbar
gui_list_select -id Data.1 -selected  { tb_Oper_Start_In.inst_Oper_Start_In.rst   }
gui_list_add -id Wave.1 -from Data.1 { tb_Oper_Start_In.inst_Oper_Start_In.rst } -insertionbar
gui_list_select -id Data.1 -selected  { tb_Oper_Start_In.inst_Oper_Start_In.load_b_i   }
gui_list_add -id Wave.1 -from Data.1 { tb_Oper_Start_In.inst_Oper_Start_In.load_b_i } -insertionbar
gui_list_select -id Data.1 -selected  { tb_Oper_Start_In.inst_Oper_Start_In.zero_flag_o   }
gui_list_add -id Wave.1 -from Data.1 { tb_Oper_Start_In.inst_Oper_Start_In.zero_flag_o } -insertionbar
gui_list_select -id Data.1 -selected  { tb_Oper_Start_In.inst_Oper_Start_In.intAS   }
gui_list_add -id Wave.1 -from Data.1 { tb_Oper_Start_In.inst_Oper_Start_In.intAS } -insertionbar
gui_list_select -id Data.1 -selected  { tb_Oper_Start_In.inst_Oper_Start_In.real_op_o   }
gui_list_add -id Wave.1 -from Data.1 { tb_Oper_Start_In.inst_Oper_Start_In.real_op_o } -insertionbar
gui_list_select -id Data.1 -selected  { tb_Oper_Start_In.inst_Oper_Start_In.sign_final_result_o   }
gui_list_add -id Wave.1 -from Data.1 { tb_Oper_Start_In.inst_Oper_Start_In.sign_final_result_o } -insertionbar
gui_sim_continue  
gui_zoom -window Wave.1 -full
gui_marker_move -id  Wave.1 C1 5436000
gui_zoom -window Wave.1 -factor 2
gui_zoom -window Wave.1 -factor 2
gui_zoom -window Wave.1 -factor 2
gui_zoom -window Wave.1 -factor 2
gui_zoom -window Wave.1 -factor 2
gui_zoom -window Wave.1 -factor 2
gui_zoom -window Wave.1 -factor 2
gui_zoom -window Wave.1 -factor 2
gui_zoom -window Wave.1 -factor 0.5
gui_zoom -window Wave.1 -factor 0.5
gui_wv_scroll_hslidermove -id  Wave.1 0
gui_marker_move -id  Wave.1 C1 155000
gui_marker_move -id  Wave.1 C1 75000
gui_marker_move -id  Wave.1 C1 1136000
gui_marker_move -id  Wave.1 C1 1186000
gui_zoom -window Wave.1 -factor 0.5
gui_zoom -window Wave.1 -factor 0.5
gui_zoom -window Wave.1 -factor 2
gui_marker_move -id  Wave.1 C1 2875000
gui_marker_move -id  Wave.1 C1 2586000
gui_marker_move -id  Wave.1 C1 2486000
gui_marker_move -id  Wave.1 C1 2236000
gui_marker_move -id  Wave.1 C1 2036000
gui_marker_move -id  Wave.1 C1 2136000
gui_marker_move -id  Wave.1 C1 2036000
gui_marker_move -id  Wave.1 C1 2136000
gui_marker_move -id  Wave.1 C1 2086000
gui_view_port_history -window Wave.1 -previous
gui_zoom -window Wave.1 -factor 2
gui_zoom -window Wave.1 -factor 2
gui_wv_scroll_hslidermove -id  Wave.1 0
gui_zoom -window Wave.1 -factor 0.5
gui_marker_move -id  Wave.1 C1 986000
gui_marker_move -id  Wave.1 C1 236000
gui_marker_move -id  Wave.1 C1 1786000
gui_set_env SIMSETUP::SIMCURRENTDIR /home/local/ESTUDIANTES/jsequeira/Documents/Dise-o-ASIC-FPGA-FPU/ASIC_FLOW/ASIC_fpaddsub_arch2/integracion_fisica/simulacion_logica_sintesis/SINGLE/INIT_STAGE_ALONE
gui_sim_restart -build /home/local/ESTUDIANTES/jsequeira/Documents/Dise-o-ASIC-FPGA-FPU/ASIC_FLOW/ASIC_fpaddsub_arch2/integracion_fisica/simulacion_logica_sintesis/SINGLE/INIT_STAGE_ALONE/simv.daidir/vcs_rebuild
