21:24:37    105 --> ...                      [tcl] ucliGUI::connect -toolargs -ucligui -toolexe simv +v2k +lint=all -a log_name +define+DOUBLE +define+RKOA1_DOUBLE +neg_tchk +sdfverbose -pid 21790 -toolin /tmp/vcs_20161114032433_21789_jsequeira..stdin -toolout /tmp/vcs_20161114032433_21789_jsequeira..stdout  
21:24:37    106 --> ...                          [tcl] set ucliGUI::state
21:24:37    107 --> ...                              [tcl] set dveMisc::dve_log_file 1
21:24:37    108 --> ...                                  [tcl] gui_update_simulator_buttons
21:24:38    109 --> ...                                      [tcl] set ucliGUI::state
21:24:38    110 --> ...                                          [tcl] ucliCore::getToolPID
21:24:38    111 --> ...                                              [tcl] synopsys::env hasTB
21:24:38    112 --> ...                                                  [tcl] trigger_hier_stack_context_switch 0
21:24:38    113 --> ...                                                      [tcl] synUtils::setDVEInitPhase 1
21:24:38    114 --> ...                                                          [tcl] gui_get_env SIMSETUP::SIMVPD
21:24:38    115 --> ...                                                              [tcl] synopsys::dump -type VPD -file /mnt/vol_NFS_Zener/WD_ESPEC/jsequeira/Documents/Dise-o-ASIC-FPGA-FPU/ASIC_FLOW/ASIC_fpu/integracion_fisica/simulacion_logica_sintesis/MULT_RKOA1/DOUBLE/inter.vpd -locking
21:24:38    116 --> ...                                                                  [tcl] synopsys::dump -autoflush on -fid VPD0
21:24:38    117 --> ...                                                                      [tcl] set ::dve_fid VPD0
21:24:38    118 --> ...                                                                          [tcl] synUtils::setDVEInitPhase 0
21:24:38    119 --> ...                                                                              [tcl] ucliCore::getToolPID
21:24:38    120 --> ...                                                                                  [tcl] synUtils::sendTool -active _icl_setToolSocket /tmp/smlnpo4obXi
21:24:38    121 --> ...                                                                                      [tcl] synUtils::sendTool -active {_icl_start_rpc -version "K-2015.09-SP2-3_Full64" -sync_file /tmp/vcs_dve_rpc.jsequeira.21790}
21:24:38    122 --> ...                                                                                          [tcl] synUtils::sendTool -active {_icl_createSharedMemory /tmp/vcs_dve_general.jsequeira.21790}
21:24:39    123 --> ...                                                                                              [tcl] dveMisc::vbusExpand Testbench_FPU_Mark2
21:24:39    124 --> ...                                                                                                  [tcl] config endofsim noexit
21:24:39    125 --> ...  [tcl] config onfail enable all
21:24:39    126 --> ...      [tcl] config syscaddplainmembers
21:24:39    127 --> ...          [tcl] config syscaddsourcenames
21:24:39    128 --> ...              [tcl] config syscaddstructtypes
21:24:39    129 --> ...                  [tcl] synopsys::listing -disable
21:24:39    130 --> ...                      [tcl] ucliGUI::getSignalValues -scope Testbench_FPU_Mark2 -radix {symbolic symbolic symbolic symbolic binary binary binary binary binary hexadecimal binary binary binary binary binary hexadecimal hexadecimal hexadecimal hexadecimal hexadecimal binary hexadecimal hexadecimal decimal decimal decimal decimal } -list {{PIPE[31:0]} {contador[31:0]} {FileSaveData[31:0]} {FileSaveData_FLOAT[31:0]} overflow_flag underflow_flag operation_ready zero_flag NaN_flag {op_result[63:0]} busy clk rst begin_operation ack_operation {operation[2:0]} {Data_1[63:0]} {Data_2[63:0]} {region_flag[1:0]} {r_mode[1:0]} add_subt Array_IN_1 Array_IN_2 PERIOD W EW SW }
21:24:46    131 --> ...                          [tcl] synopsys::dump -add {Testbench_FPU_Mark2} -scope "." -depth 1 -fid VPD0
21:24:46    132 --> ...                              [tcl] synopsys::dump -add {Testbench_FPU_Mark2.Array_IN_1 Testbench_FPU_Mark2.Array_IN_2 } -aggregates  -fid VPD0
21:24:49    133 --> ...                                  [tcl] synopsys::run
21:24:49    134 --> ...                                      [tcl] set ucliGUI::state
21:24:49    135 --> ...                                          [tcl] set ucliGUI::state
21:24:49    136 --> ...                                              [tcl] gui_update_simulator_buttons
21:24:52    137 --> ...                                                  [tcl] set synopsys::env(time) 3847142
21:24:55    138 --> ...                                                      [tcl] set synopsys::env(time) 7917886
21:24:58    139 --> ...                                                          [tcl] set synopsys::env(time) 12112092
21:25:01    140 --> ...                                                              [tcl] set synopsys::env(time) 16163479
21:25:04    141 --> ...                                                                  [tcl] set synopsys::env(time) 20233793
21:25:07    142 --> ...                                                                      [tcl] set synopsys::env(time) 24428216
21:25:09    143 --> ...                                                                          [tcl] ucliCore::getToolPID
21:25:09    144 --> ...                                                                              [tcl] ucliCore::stopTool -no_signal
21:25:09    145 --> ...                                                                                  [tcl] set ucliGUI::state
21:25:09    146 --> ...                                                                                      [tcl] set ucliGUI::state
21:25:09    147 --> ...                                                                                          [tcl] catch {senv activeDomain} dveMisc::result 
21:25:09    148 --> ...                                                                                              [tcl] set dveMisc::result
21:25:09    149 --> ...                                                                                                  [tcl] gui_update_simulator_buttons
21:25:09    150 --> ...  [tcl] ucliGUI::getSignalValues -scope Testbench_FPU_Mark2 -radix {symbolic symbolic symbolic symbolic binary binary binary binary binary hexadecimal binary binary binary binary binary hexadecimal hexadecimal hexadecimal hexadecimal hexadecimal binary hexadecimal hexadecimal decimal decimal decimal decimal decimal decimal } -list {{PIPE[31:0]} {contador[31:0]} {FileSaveData[31:0]} {FileSaveData_FLOAT[31:0]} overflow_flag underflow_flag operation_ready zero_flag NaN_flag {op_result[63:0]} busy clk rst begin_operation ack_operation {operation[2:0]} {Data_1[63:0]} {Data_2[63:0]} {region_flag[1:0]} {r_mode[1:0]} add_subt Array_IN_1 Array_IN_2 PERIOD W EW SW SWR EWR }
21:25:24    151 --> ...      [tcl] synopsys::run
21:25:24    152 --> ...          [tcl] set ucliGUI::state
21:25:24    153 --> ...              [tcl] set ucliGUI::state
21:25:24    154 --> ...                  [tcl] gui_update_simulator_buttons
21:25:27    155 --> ...                      [tcl] set synopsys::env(time) 31581389
21:25:30    156 --> ...                          [tcl] set synopsys::env(time) 35646685
21:25:33    157 --> ...                              [tcl] set synopsys::env(time) 39708305
21:25:36    158 --> ...                                  [tcl] set synopsys::env(time) 43883966
21:25:39    159 --> ...                                      [tcl] set synopsys::env(time) 47844588
21:25:42    160 --> ...                                          [tcl] set synopsys::env(time) 52123859
21:25:45    161 --> ...                                              [tcl] set synopsys::env(time) 56310740
21:25:48    162 --> ...                                                  [tcl] set synopsys::env(time) 60383372
21:25:51    163 --> ...                                                      [tcl] set synopsys::env(time) 64377273
21:25:54    164 --> ...                                                          [tcl] set synopsys::env(time) 68526605
21:25:57    165 --> ...                                                              [tcl] set synopsys::env(time) 72606719
21:26:00    166 --> ...                                                                  [tcl] set synopsys::env(time) 76568556
21:26:03    167 --> ...                                                                      [tcl] set synopsys::env(time) 80736656
21:26:06    168 --> ...                                                                          [tcl] set synopsys::env(time) 84805804
21:26:09    169 --> ...                                                                              [tcl] set synopsys::env(time) 88936446
21:26:12    170 --> ...                                                                                  [tcl] set synopsys::env(time) 93061160
21:26:15    171 --> ...                                                                                      [tcl] set synopsys::env(time) 97346910
21:26:18    172 --> ...                                                                                          [tcl] set synopsys::env(time) 101430662
21:26:21    173 --> ...                                                                                              [tcl] set synopsys::env(time) 105606447
21:26:24    174 --> ...                                                                                                  [tcl] set synopsys::env(time) 109553080
21:26:26    175 --> ...  [tcl] set ucliGUI::state
21:26:26    176 --> ...      [tcl] set ucliGUI::state
21:26:26    177 --> ...          [tcl] catch {senv activeDomain} dveMisc::result 
21:26:26    178 --> ...              [tcl] set dveMisc::result
21:26:26    179 --> ...                  [tcl] gui_update_simulator_buttons
21:26:26    180 --> ...                      [tcl] ucliGUI::getSignalValues -scope Testbench_FPU_Mark2 -radix {symbolic symbolic symbolic symbolic binary binary binary binary binary hexadecimal binary binary binary binary binary hexadecimal hexadecimal hexadecimal hexadecimal hexadecimal binary hexadecimal hexadecimal decimal decimal decimal decimal decimal decimal } -list {{PIPE[31:0]} {contador[31:0]} {FileSaveData[31:0]} {FileSaveData_FLOAT[31:0]} overflow_flag underflow_flag operation_ready zero_flag NaN_flag {op_result[63:0]} busy clk rst begin_operation ack_operation {operation[2:0]} {Data_1[63:0]} {Data_2[63:0]} {region_flag[1:0]} {r_mode[1:0]} add_subt Array_IN_1 Array_IN_2 PERIOD W EW SW SWR EWR }
21:26:50    181 --> ...                          [tcl] if [catch {gui_sim_terminate}] {gui_sim_terminate -kill}
21:26:50    182 --> ...                              [tcl] synopsys::finish
21:26:50    183 --> ...                                  [tcl] set ucliGUI::state
21:26:50    184 --> ...                                      [tcl] set ucliGUI::state
21:26:50    185 --> ...                                          [tcl] catch {senv activeDomain} dveMisc::result 
21:26:50    186 --> ...                                              [tcl] set dveMisc::result
21:26:50    187 --> ...                                                  [tcl] gui_update_simulator_buttons
21:26:50    188 --> ...                                                      [tcl] catch {senv activeDomain} dveMisc::result 
21:26:50    189 --> ...                                                          [tcl] set dveMisc::result
21:26:51    190 --> ...                                                              [tcl] ucli_exit
