set ucliGUI::state
set ucliGUI::state
ucliCore::getToolPID
synopsys::env hasTB
trigger_hier_stack_context_switch 0
synUtils::setDVEInitPhase 1
synopsys::dump -type VPD -file /home/local/ESTUDIANTES/jsequeira/Documents/Dise-o-ASIC-FPGA-FPU/ASIC_FLOW/ASIC_fpmult_arch2/integracion_fisica/simulacion_logica_behavioral/DOUBLE/inter.vpd -locking
synopsys::dump -autoflush on -fid VPD0
set ::dve_fid VPD0
synUtils::setDVEInitPhase 0
ucliCore::getToolPID
synUtils::sendTool -active _icl_setToolSocket /tmp/smlnp99bGrd
synUtils::sendTool -active {_icl_start_rpc -version "K-2015.09-SP2-3_Full64" -sync_file /tmp/vcs_dve_rpc.jsequeira.2189}
synUtils::sendTool -active {_icl_createSharedMemory /tmp/vcs_dve_general.jsequeira.2189}
ucliGUI::getSignalValues -scope FFD_NoCE -radix {decimal binary binary hexadecimal hexadecimal } -list {W clk rst {D[15:0]} {Q[15:0]} }
ucliGUI::getSignalValues -scope FFD_NoCE -radix {binary binary hexadecimal hexadecimal decimal } -list {clk rst {D[15:0]} {Q[15:0]} W }
config endofsim noexit
config onfail enable all
config syscaddplainmembers
config syscaddsourcenames
config syscaddstructtypes
synopsys::listing -disable
ucliGUI::getSignalValues -scope Testbench_FPU_multiplication -radix {symbolic symbolic symbolic symbolic binary binary binary hexadecimal binary binary binary binary hexadecimal hexadecimal hexadecimal hexadecimal hexadecimal decimal decimal decimal decimal } -list {{contador[31:0]} {FileSaveData[31:0]} {Cont_CLK[31:0]} {Recept[31:0]} overflow_flag underflow_flag ready {final_result_ieee[63:0]} clk rst beg_FSM ack_FSM {Data_MX[63:0]} {Data_MY[63:0]} {round_mode[1:0]} Array_IN Array_IN_2 PERIOD W EW SW }
synopsys::dump -add {Testbench_FPU_multiplication} -scope "." -depth 1 -fid VPD0
synopsys::dump -add {Testbench_FPU_multiplication.Array_IN Testbench_FPU_multiplication.Array_IN_2 } -aggregates  -fid VPD0
synopsys::run
set ucliGUI::state
set ucliGUI::state
set ucliGUI::state
set ucliGUI::state
ucliGUI::getSignalValues -scope Testbench_FPU_multiplication -radix {symbolic symbolic symbolic symbolic binary binary binary hexadecimal binary binary binary binary hexadecimal hexadecimal hexadecimal hexadecimal hexadecimal decimal decimal decimal decimal } -list {{contador[31:0]} {FileSaveData[31:0]} {Cont_CLK[31:0]} {Recept[31:0]} overflow_flag underflow_flag ready {final_result_ieee[63:0]} clk rst beg_FSM ack_FSM {Data_MX[63:0]} {Data_MY[63:0]} {round_mode[1:0]} Array_IN Array_IN_2 PERIOD W EW SW }
if [catch {gui_sim_terminate}] {gui_sim_terminate -kill}
synopsys::finish
set ucliGUI::state
set ucliGUI::state
ucli_exit
