# Preference setting overrides
gui_create_pref_key -category {Globals} -key {load_detail_for_funcov} -value_type {bool} -value {false}

# State setting overrides
gui_state_default_create -off -ini
gui_set_state_value -category Layout -key child_console_size_x -value 1271
gui_set_state_value -category Layout -key child_console_size_y -value 172
gui_set_state_value -category Layout -key child_data_colvariable -value 173
gui_set_state_value -category Layout -key child_data_size_x -value 226
gui_set_state_value -category Layout -key child_data_size_y -value 414
gui_set_state_value -category Layout -key child_hier_col3 -value {-1}
gui_set_state_value -category Layout -key child_hier_colhier -value 185
gui_set_state_value -category Layout -key child_hier_colpd -value 0
gui_set_state_value -category Layout -key child_hier_coltype -value 67
gui_set_state_value -category Layout -key child_hier_size_x -value 232
gui_set_state_value -category Layout -key child_hier_size_y -value 414
gui_set_state_value -category Layout -key child_source_docknewline -value false
gui_set_state_value -category Layout -key child_source_pos_x -value {-2}
gui_set_state_value -category Layout -key child_source_pos_y -value {-15}
gui_set_state_value -category Layout -key child_source_size_x -value 816
gui_set_state_value -category Layout -key child_source_size_y -value 409
gui_set_state_value -category Layout -key child_wave_colname -value 186
gui_set_state_value -category Layout -key child_wave_colvalue -value 186
gui_set_state_value -category Layout -key child_wave_left -value 377
gui_set_state_value -category Layout -key child_wave_right -value 918
gui_set_state_value -category Layout -key main_pos_x -value 65
gui_set_state_value -category Layout -key main_pos_y -value 73
gui_set_state_value -category Layout -key main_size_x -value 1336
gui_set_state_value -category Layout -key main_size_y -value 766
gui_set_state_value -category Layout -key stand_wave_child_docknewline -value false
gui_set_state_value -category Layout -key stand_wave_child_pos_x -value {-2}
gui_set_state_value -category Layout -key stand_wave_child_pos_y -value {-15}
gui_set_state_value -category Layout -key stand_wave_child_size_x -value 1305
gui_set_state_value -category Layout -key stand_wave_child_size_y -value 631
gui_set_state_value -category Layout -key stand_wave_top_pos_x -value 1425
gui_set_state_value -category Layout -key stand_wave_top_pos_y -value 24
gui_set_state_value -category Layout -key stand_wave_top_size_x -value 2725
gui_set_state_value -category Layout -key stand_wave_top_size_y -value 767
gui_create_state_key -category FindDialog -key m_pMatchCase -value_type bool -value false
gui_create_state_key -category FindDialog -key m_pMatchWord -value_type bool -value false
gui_create_state_key -category FindDialog -key m_pUseCombo -value_type string -value {}
gui_create_state_key -category FindDialog -key m_pWrapAround -value_type bool -value true
gui_create_state_key -category Widget_History -key {dlgSimSetup|m_setupTab|tab pages|SimTab|m_VPDCombo} -value_type string -value inter.vpd
gui_create_state_key -category Widget_History -key {dlgSimSetup|m_setupTab|tab pages|SimTab|m_curDirCombo} -value_type string -value /home/local/ESTUDIANTES/jsequeira/detector/integracion_fisica/simulacion_logica_sintesis
gui_create_state_key -category Widget_History -key {dlgSimSetup|m_setupTab|tab pages|SimTab|m_exeCombo} -value_type string -value simv
gui_state_default_create -off

# Begin command logging
gui_sim_run Ucli -exe simv -args {-ucligui  +v2k +lint=all -a log_name +define+SINGLE} -dir .
gui_list_expand -id  Hier.1   Testbench_FPU_Add_Subt
gui_list_select -id Hier.1 -current_item_name Testbench_FPU_Add_Subt.uut -current_item_type Scope  -selected  { Testbench_FPU_Add_Subt.uut   }
gui_list_select -id Hier.1 -current_item_name Testbench_FPU_Add_Subt -current_item_type Scope  -selected  { Testbench_FPU_Add_Subt   }
gui_use_schematics 
gui_sch_show -name Testbench_FPU_Add_Subt
gui_set_pref_value -category {schem_pin_hc} -key {textExtFont} -value {Helvetica,10,-1,5,50,0,0,0,0,0}
gui_zoom -window Schematic.1 -rect { {-9448 -4160} {19500 14213} }
gui_zoom -window Schematic.1 -rect { {-2738 -49528} {82589 4628} }
gui_zoom -window Schematic.1 -rect { {-2738 -49528} {82589 4628} }
gui_zoom -window Schematic.1 -rect { {-2738 -49528} {82589 4628} }
gui_schematic_select -id Schematic.1 -type {cell} -parent {Testbench_FPU_Add_Subt} {Testbench_FPU_Add_Subt.*p@86}
gui_schematic_select -id Schematic.1 -type {cell} -parent {Testbench_FPU_Add_Subt} {Testbench_FPU_Add_Subt.uut}
gui_schematic_select -id Schematic.1 -type {cell} -parent {Testbench_FPU_Add_Subt} {Testbench_FPU_Add_Subt.*p@126}
gui_schematic_select -id Schematic.1 -type {net} -parent {Testbench_FPU_Add_Subt} {Testbench_FPU_Add_Subt.Data_X}
gui_schematic_select -id Schematic.1 -type {net} -parent {Testbench_FPU_Add_Subt} {Testbench_FPU_Add_Subt.clk}
gui_schematic_select -id Schematic.1 -type {cell} -parent {Testbench_FPU_Add_Subt} {Testbench_FPU_Add_Subt.*p@174}
gui_schematic_select -id Schematic.1 -type {net} -parent {Testbench_FPU_Add_Subt} {Testbench_FPU_Add_Subt.Recept}
gui_schematic_select -id Schematic.1 -type {cell} -parent {Testbench_FPU_Add_Subt} {Testbench_FPU_Add_Subt.uut}
gui_open_window Wave
gui_list_add -id Wave.1 -from Hier.1 { Testbench_FPU_Add_Subt } -insertionbar
gui_sim_continue  
gui_wv_zoom_timerange -id  Wave.1 174034891 174035124
gui_wv_scroll_hslidermove -id  Wave.1 19014608
gui_zoom -window Wave.1 -full
gui_marker_move -id  Wave.1 C1 18805000
gui_marker_move -id  Wave.1 C1 36825000
gui_list_select -id Wave.1 -selected  { {Testbench_FPU_Add_Subt.final_result_ieee[31:0]}   }
gui_list_set_selected_property -id Wave.1 -radix Hex2Float_BigEndian
gui_marker_move -id  Wave.1 C1 17585000
gui_wv_scroll_hslidermove -id  Wave.1 0
gui_wv_scroll_hslidermove -id  Wave.1 0
gui_wv_scroll_hslidermove -id  Wave.1 0
gui_wv_scroll_hslidermove -id  Wave.1 0
gui_marker_move -id  Wave.1 C1 44624359
gui_marker_move -id  Wave.1 C1 161887258
gui_marker_move -id  Wave.1 C1 167589259
gui_marker_move -id  Wave.1 C1 152218647
gui_wv_scroll_hslidermove -id  Wave.1 0
gui_wv_scroll_hslidermove -id  Wave.1 0
gui_wv_scroll_hslidermove -id  Wave.1 0
gui_zoom -window Wave.1 -full
gui_zoom -window Wave.1 -full
gui_zoom -window Wave.1 -factor 2
gui_zoom -window Wave.1 -factor 2
gui_zoom -window Wave.1 -factor 2
gui_zoom -window Wave.1 -factor 2
gui_zoom -window Wave.1 -factor 2
gui_zoom -window Wave.1 -factor 2
gui_zoom -window Wave.1 -factor 2
gui_wv_scrollright -id  Wave.1  page
gui_marker_move -id  Wave.1 C1 152585000
gui_list_select -id Wave.1 -selected  { {Testbench_FPU_Add_Subt.Data_X[31:0]}   }
gui_list_select -id Wave.1 -selected  { {Testbench_FPU_Add_Subt.Data_Y[31:0]}   }
gui_list_move  -id  Wave.1    -sid  Wave.1   -after {Testbench_FPU_Add_Subt.Data_X[31:0]} {{Testbench_FPU_Add_Subt.Data_Y[31:0]}} 
gui_list_select -id Wave.1 -selected  { {Testbench_FPU_Add_Subt.Data_X[31:0]}   }
gui_list_select -id Wave.1 -selected  { {Testbench_FPU_Add_Subt.Data_X[31:0]}  {Testbench_FPU_Add_Subt.Data_Y[31:0]}   }
gui_copy_selected -id Wave.1
gui_paste_clipboard -id Wave.1
gui_list_select -id Wave.1 -selected  { {Testbench_FPU_Add_Subt.Data_X[31:0]}   }
gui_list_select -id Wave.1 -selected  { {Testbench_FPU_Add_Subt.Data_Y[31:0]}   }
gui_list_select -id Wave.1 -selected  { {Testbench_FPU_Add_Subt.Data_Y[31:0]}  {Testbench_FPU_Add_Subt.Data_X[31:0]}   }
gui_wv_scroll_hslidermove -id  Wave.1 0
gui_marker_move -id  Wave.1 C1 245000
gui_list_set_selected_property -id Wave.1 -radix Hex2Float_BigEndian
gui_list_select -id Wave.1 -selected  { {Testbench_FPU_Add_Subt.SWR[31:0]}   }
gui_delete_selected -id  Wave.1
gui_list_select -id Wave.1 -selected  { Testbench_FPU_Add_Subt.ack_FSM   }
gui_list_select -id Wave.1 -selected  { {Testbench_FPU_Add_Subt.SW[31:0]}   }
gui_delete_selected -id  Wave.1
gui_list_select -id Wave.1 -selected  { Testbench_FPU_Add_Subt.underflow_flag   }
gui_list_select -id Wave.1 -selected  { {Testbench_FPU_Add_Subt.EWR[31:0]}   }
gui_delete_selected -id  Wave.1
gui_list_select -id Wave.1 -selected  { Testbench_FPU_Add_Subt.beg_FSM   }
gui_list_select -id Wave.1 -selected  { {Testbench_FPU_Add_Subt.W[31:0]}   }
gui_delete_selected -id  Wave.1
gui_list_select -id Wave.1 -selected  { Testbench_FPU_Add_Subt.clk   }
gui_list_select -id Wave.1 -selected  { {Testbench_FPU_Add_Subt.Array_IN_2[0:1023][31:0]}   }
gui_delete_selected -id  Wave.1
gui_list_select -id Wave.1 -selected  { Testbench_FPU_Add_Subt.underflow_flag   }
gui_list_select -id Wave.1 -selected  { {Testbench_FPU_Add_Subt.Array_IN[0:1023][31:0]}   }
gui_delete_selected -id  Wave.1
gui_list_select -id Wave.1 -selected  { Testbench_FPU_Add_Subt.add_subt   }
gui_marker_move -id  Wave.1 C1 156883
gui_list_select -id Wave.1 -selected  { {Testbench_FPU_Add_Subt.Data_X[31:0]}   }
gui_list_set_selected_property -id Wave.1 -draw_style vlgvector1
gui_list_add_divider -id Wave.1 -insertionbar
gui_list_select -id Wave.1 -selected  { Divider   }
gui_list_select -id Wave.1 -selected  { {Testbench_FPU_Add_Subt.Data_Y[31:0]}   }
gui_list_select -id Wave.1 -selected  { Divider   }
gui_marker_move -id  Wave.1 C1 115000
gui_marker_move -id  Wave.1 C1 135000
gui_list_select -id Wave.1 -selected  { {Testbench_FPU_Add_Subt.Data_X[31:0]}   }
gui_delete_selected -id  Wave.1
gui_list_select -id Wave.1 -selected  { {Testbench_FPU_Add_Subt.Data_Y[31:0]}   }
gui_delete_selected -id  Wave.1
gui_list_select -id Wave.1 -selected  { Divider   }
gui_marker_move -id  Wave.1 C1 245000
gui_marker_move -id  Wave.1 C1 415000
gui_list_set_filter -id Wave.1 -text {*}
gui_list_collapse -id  Wave.1   Testbench_FPU_Add_Subt
gui_list_expand -id  Wave.1   Testbench_FPU_Add_Subt
gui_list_collapse -id  Wave.1   Testbench_FPU_Add_Subt
gui_list_select -id Wave.1 -selected  { {New Group}   }
gui_list_expand -id  Wave.1   Testbench_FPU_Add_Subt
gui_list_select -id Hier.1 -current_item_name Testbench_FPU_Add_Subt.uut -current_item_type Scope  -selected  { Testbench_FPU_Add_Subt.uut   }
gui_list_select -id Data.1 -selected  { Testbench_FPU_Add_Subt.uut.FSM_LZA_load   }
gui_list_select -id Data.1 -selected  { {Testbench_FPU_Add_Subt.uut.LZA_output[4:0]}   }
gui_list_expand -id  Data.1   {Testbench_FPU_Add_Subt.uut.LZA_output[4:0]}
gui_list_collapse -id  Data.1   {Testbench_FPU_Add_Subt.uut.LZA_output[4:0]}
gui_list_expand -id  Hier.1   Testbench_FPU_Add_Subt.uut
gui_list_select -id Hier.1 -current_item_name Testbench_FPU_Add_Subt.uut.Leading_Zero_Detector_Module -current_item_type Scope  -selected  { Testbench_FPU_Add_Subt.uut.Leading_Zero_Detector_Module   }
gui_list_select -id Hier.1 -current_item_name Testbench_FPU_Add_Subt.uut.Add_Sub_Sgf_Oper_A_mux -current_item_type Scope  -selected  { Testbench_FPU_Add_Subt.uut.Add_Sub_Sgf_Oper_A_mux   }
gui_list_select -id Hier.1 -current_item_name Testbench_FPU_Add_Subt.uut -current_item_type Scope  -selected  { Testbench_FPU_Add_Subt.uut   }
gui_list_select -id Data.1 -selected  { Testbench_FPU_Add_Subt.uut.ready   }
gui_list_select -id Data.1 -selected  { {Testbench_FPU_Add_Subt.uut.final_result_ieee[31:0]}   }
gui_list_select -id Data.1 -selected  { Testbench_FPU_Add_Subt.uut.ready   }
gui_list_select -id Data.1 -selected  { Testbench_FPU_Add_Subt.uut.underflow_flag   }
gui_list_select -id Data.1 -selected  { Testbench_FPU_Add_Subt.uut.overflow_flag   }
gui_list_select -id Data.1 -selected  { {Testbench_FPU_Add_Subt.uut.r_mode[1:0]}   }
gui_list_select -id Data.1 -selected  { Testbench_FPU_Add_Subt.uut.add_subt   }
gui_list_select -id Data.1 -selected  { {Testbench_FPU_Add_Subt.uut.Data_X[31:0]}   }
gui_data_toggle_value_annotate -id  Data.1   {Testbench_FPU_Add_Subt.uut.Data_X[31:0]}
gui_marker_move -id  Wave.1 C1 245000
gui_marker_move -id  Wave.1 C1 127830
gui_list_select -id Wave.1 -selected  { {Testbench_FPU_Add_Subt.EW[31:0]}   }
gui_delete_selected -id  Wave.1
gui_list_select -id Wave.1 -selected  { {Testbench_FPU_Add_Subt.contador[31:0]}   }
gui_list_select -id Wave.1 -selected  { {Testbench_FPU_Add_Subt.PERIOD[31:0]}   }
gui_delete_selected -id  Wave.1
gui_list_select -id Wave.1 -selected  { Testbench_FPU_Add_Subt.add_subt   }
gui_list_select -id Wave.1 -selected  { {Testbench_FPU_Add_Subt.FileSaveData[31:0]}   }
gui_delete_selected -id  Wave.1
gui_list_select -id Wave.1 -selected  { Testbench_FPU_Add_Subt.ready   }
gui_list_select -id Wave.1 -selected  { Testbench_FPU_Add_Subt.overflow_flag   }
gui_list_move  -id  Wave.1    -sid  Wave.1   -after Testbench_FPU_Add_Subt.underflow_flag {{Testbench_FPU_Add_Subt.overflow_flag}} 
gui_list_select -id Hier.1 -current_item_name Testbench_FPU_Add_Subt -current_item_type Scope  -selected  { Testbench_FPU_Add_Subt   }
gui_list_select -id Hier.1 -current_item_name Testbench_FPU_Add_Subt.uut -current_item_type Scope  -selected  { Testbench_FPU_Add_Subt.uut   }
gui_save_session -savedb none -view {Wave.1 }  -file /home/local/ESTUDIANTES/jsequeira/Documents/Dise-o-ASIC-FPGA-FPU/ASIC_FLOW/ASIC_fpaddsub_arch2/integracion_fisica/simulacion_logica_behavioral/SINGLE/session.inter.vpd.tcl
gui_marker_move -id  Wave.1 C1 245000
gui_marker_move -id  Wave.1 C1 415000
gui_marker_move -id  Wave.1 C1 585000
gui_marker_move -id  Wave.1 C1 755000
gui_list_select -id Hier.1 -current_item_name Testbench_FPU_Add_Subt.uut.Barrel_Shifter_D_I_mux -current_item_type Scope  -selected  { Testbench_FPU_Add_Subt.uut.Barrel_Shifter_D_I_mux   }
gui_list_expand -id  Hier.1   Testbench_FPU_Add_Subt.uut.Barrel_Shifter_module
gui_list_expand -id  Hier.1   Testbench_FPU_Add_Subt.uut.Barrel_Shifter_module.Mux_Array
gui_list_select -id Hier.1 -current_item_name {Testbench_FPU_Add_Subt.uut.Barrel_Shifter_module.Mux_Array.SHIFT_1LVLS[0].shift_mux_array} -current_item_type Scope  -selected  { {Testbench_FPU_Add_Subt.uut.Barrel_Shifter_module.Mux_Array.SHIFT_1LVLS[0].shift_mux_array}   }
gui_list_select -id Hier.1 -current_item_name {Testbench_FPU_Add_Subt.uut.Barrel_Shifter_module.Mux_Array.SHIFT_1LVLS[1].shift_mux_array} -current_item_type Scope  -selected  { {Testbench_FPU_Add_Subt.uut.Barrel_Shifter_module.Mux_Array.SHIFT_1LVLS[1].shift_mux_array}   }
gui_list_select -id Hier.1 -current_item_name {Testbench_FPU_Add_Subt.uut.Barrel_Shifter_module.Mux_Array.SHIFT_1LVLS[0].shift_mux_array} -current_item_type Scope  -selected  { {Testbench_FPU_Add_Subt.uut.Barrel_Shifter_module.Mux_Array.SHIFT_1LVLS[0].shift_mux_array}   }
gui_list_select -id Hier.1 -current_item_name {Testbench_FPU_Add_Subt.uut.Barrel_Shifter_module.Mux_Array.SHIFT_1LVLS[1].shift_mux_array} -current_item_type Scope  -selected  { {Testbench_FPU_Add_Subt.uut.Barrel_Shifter_module.Mux_Array.SHIFT_1LVLS[1].shift_mux_array}   }
gui_list_select -id Hier.1 -current_item_name {Testbench_FPU_Add_Subt.uut.Barrel_Shifter_module.Mux_Array.SHIFT_1LVLS[2].shift_mux_array} -current_item_type Scope  -selected  { {Testbench_FPU_Add_Subt.uut.Barrel_Shifter_module.Mux_Array.SHIFT_1LVLS[2].shift_mux_array}   }
gui_schematic_select -id Schematic.1 -type {cell} -parent {Testbench_FPU_Add_Subt} {Testbench_FPU_Add_Subt.uut}
gui_sch_viewport_backup -id Schematic.1 -type save
gui_sch_show -window Schematic.1 -name Testbench_FPU_Add_Subt.uut
gui_zoom -window Schematic.1 -rect { {-2457 -165505} {309486 39282} }
gui_zoom -window Schematic.1 -rect { {-2457 -165505} {309486 39282} }
gui_sch_viewport_backup -id Schematic.1 -type restore -action in -pins {} -slct_targets global
gui_schematic_clear_selection -id Schematic.1
gui_zoom -window Schematic.1 -rect { {-10697 -171082} {317664 44483} }
gui_zoom -window Schematic.1 -rect { {-19140 -176491} {326503 50420} }
gui_zoom -window Schematic.1 -rect { {-11351 -171183} {317834 44923} }
gui_zoom -window Schematic.1 -rect { {-3662 -165678} {309846 40137} }
gui_zoom -window Schematic.1 -rect { {1038 -161177} {299618 34837} }
gui_zoom -window Schematic.1 -rect { {5841 -156483} {290203 30198} }
gui_zoom -window Schematic.1 -rect { {10183 -152167} {281003 25624} }
gui_zoom -window Schematic.1 -rect { {20472 -143663} {266673 17965} }
gui_zoom -window Schematic.1 -rect { {24388 -139926} {258864 14005} }
gui_zoom -window Schematic.1 -rect { {27882 -136517} {251193 10084} }
gui_close_window -window TopLevel.1
