ucliGUI::start /home/local/ESTUDIANTES/jsequeira/Documents/Dise-o-ASIC-FPGA-FPU/ASIC_FLOW/ASIC_NTNU/integracion_fisica/simulacion_logica_behavioral/SINGLE/simv -ucligui +v2k +lint=all -l log_name +neg_tchk +sdfverbose
set ucliGUI::state
set ucliGUI::state
ucliCore::getToolPID
synopsys::env hasTB
trigger_hier_stack_context_switch 0
synUtils::setDVEInitPhase 1
synopsys::dump -type VPD -file /home/local/ESTUDIANTES/jsequeira/Documents/Dise-o-ASIC-FPGA-FPU/ASIC_FLOW/ASIC_NTNU/integracion_fisica/simulacion_logica_behavioral/SINGLE/inter.vpd -locking
synopsys::dump -autoflush on -fid VPD1
set ::dve_fid VPD1
synUtils::setDVEInitPhase 0
ucliCore::getToolPID
synUtils::sendTool -active _icl_setToolSocket /tmp/smlnpZ9qZxf
synUtils::sendTool -active {_icl_start_rpc -version "K-2015.09-SP2-3_Full64" -sync_file /tmp/vcs_dve_rpc.jsequeira.23986}
synUtils::sendTool -active {_icl_createSharedMemory /tmp/vcs_dve_general.jsequeira.23986}
config endofsim noexit
config onfail enable all
config syscaddplainmembers
config syscaddsourcenames
config syscaddstructtypes
synopsys::listing -disable
# Begin_DVE_Session_Save_Info
# DVE restart session
# Saved on Mon Oct 31 14:40:16 2016
# Designs open: 1
#   Sim: /home/local/ESTUDIANTES/jsequeira/Documents/Dise-o-ASIC-FPGA-FPU/ASIC_FLOW/ASIC_NTNU/integracion_fisica/simulacion_logica_behavioral/SINGLE/simv
# Toplevel windows open: 1
# 	TopLevel.1
#   Source.1: FPU_top_tb
#   Wave.1: 21 signals
#   Group count = 1
#   Group FPU_top_tb signal count = 21
# End_DVE_Session_Save_Info
# DVE version: K-2015.09-SP2-3_Full64
# DVE build date: Jun 15 2016 22:18:13
#<Session mode="Restart" path=".restartSimSession.tcl" type="Debug">
# Application preferences
#<WindowLayout>
# DVE top-level session
# Create and position top-level window: TopLevel.1
set TopLevel.1 TopLevel.1
# Docked window settings
# MDI window settings
set Console.1 Console.1
set HSPane.1 HSPane.1
set Hier.1 Hier.1
set DLPane.1 DLPane.1
set Data.1 Data.1
set Wave.1 Wave.1
set Source.1 Source.1
# End MDI window settings
#</WindowLayout>
#<Database>
#</Database>
# DVE Global setting session:
# Global: Breakpoints
# Global: Bus
# Global: Expressions
# Global: Signal Time Shift
# Global: Signal Compare
# Global: Signal Groups
synopsys::dump -add {FPU_top_tb} -scope "." -depth 1 -fid VPD1
set _session_group_1 FPU_top_tb
set FPU_top_tb "$_session_group_1"
# Global: Highlighting
# Global: Stack
synopsys::xml {set_only_active_frame <data value="1" />}
# Post database loading setting...
# Save global setting...
# Wave/List view global setting
# Close all empty TopLevel windows
foreach __top [gui_ekki_get_window_ids -type TopLevel] {     if { [llength [gui_ekki_get_window_ids -parent $__top]] == 0} {         gui_close_window -window $__top     } }
# DVE View/pane content session:
# Hier 'Hier.1'
catch {gui_list_select -id ${Hier.1} {FPU_top_tb}}
ucliGUI::getSignalValues -scope FPU_top_tb -radix {symbolic hexadecimal symbolic binary symbolic decimal symbolic binary hexadecimal hexadecimal binary symbolic binary hexadecimal binary binary binary binary binary hexadecimal hexadecimal } -list {{file[31:0]} {result[31:0]} {divVectorCount[31:0]} underflow {mulVectorCount[31:0]} HCP {subVectorCount[31:0]} reset {A[31:0]} {B[31:0]} invalidOperation {addVectorCount[31:0]} inexact {roundingMode[1:0]} overflow resultReady clk divisionByZero reset_in {ER[31:0]} {opCode[3:0]} }
# Data 'Data.1'
# View 'Wave.1'
set groupExD [gui_get_pref_value -category Wave -key exclusiveSG]
set origWaveHeight [gui_get_pref_value -category Wave -key waveRowHeight]
set origGroupCreationState [gui_list_create_group_when_add -wave]
if {$origGroupCreationState} { 	gui_list_create_group_when_add -wave -enable }
if { $groupExD } {  gui_msg_report -code DVWW028 }
# Source 'Source.1'
# Restore toplevel window zorder
# The toplevel window could be closed if it has no view/pane
if {[gui_exist_window -window ${TopLevel.1}]} { 	gui_set_active_window -window ${TopLevel.1} 	gui_set_active_window -window ${DLPane.1} }
#</Session>
synopsys::run
set ucliGUI::state
set ucliGUI::state
set ucliGUI::state
set ucliGUI::state
ucliGUI::getSignalValues -scope FPU_top_tb -radix {symbolic hexadecimal symbolic binary symbolic decimal symbolic binary hexadecimal hexadecimal binary symbolic binary hexadecimal binary binary binary binary binary hexadecimal hexadecimal } -list {{file[31:0]} {result[31:0]} {divVectorCount[31:0]} underflow {mulVectorCount[31:0]} HCP {subVectorCount[31:0]} reset {A[31:0]} {B[31:0]} invalidOperation {addVectorCount[31:0]} inexact {roundingMode[1:0]} overflow resultReady clk divisionByZero reset_in {ER[31:0]} {opCode[3:0]} }
if [catch {gui_sim_terminate}] {gui_sim_terminate -kill}
synopsys::finish
set ucliGUI::state
set ucliGUI::state
ucli_exit
