# Preference setting overrides
gui_set_pref_value -category {Data} -key {showValueAnnotation} -value {true}
gui_set_pref_value -category {Driver} -key {driver_link_to_source} -value {false}
gui_set_pref_value -category {Driver} -key {show_intermediate_drivers} -value {true}
gui_create_pref_key -category {Globals} -key {load_detail_for_funcov} -value_type {bool} -value {false}
gui_set_pref_value -category {List} -key {showgrid} -value {true}
gui_set_pref_value -category {Source} -key {value_annotate} -value {true}
gui_set_pref_value -category {Wave} -key {bringToFront} -value {true}
gui_set_pref_value -category {Wave} -key {isolationShading} -value {false}
gui_set_pref_value -category {Wave} -key {renameOnClick} -value {true}
gui_set_pref_value -category {Wave} -key {showgrid} -value {true}
gui_set_pref_value -category {Wave} -key {toggleShading} -value {true}
gui_set_pref_value -category {Wave} -key {valueFontOption} -value {fixedfont}
gui_set_pref_value -category {Wave} -key {waveRowHeight} -value {15}
gui_set_pref_value -category {Wave} -key {zoomGestureMid} -value {true}
gui_create_pref_category -category {dlg_settings}
gui_create_pref_key -category {dlg_settings} -key {tableWithImmediatePopup} -value_type {bool} -value {true}
gui_create_pref_category -category {schem_obj_name}
gui_create_pref_key -category {schem_obj_name} -key {show_cell_and_pin_with_symbol_name} -value_type {bool} -value {false}
gui_create_pref_key -category {schem_pin_hc} -key {textExtFont} -value_type {string} -value {Helvetica,10,-1,5,50,0,0,0,0,0}

# State setting overrides
gui_state_default_create -off -ini
gui_set_state_value -category Globals -key BackTrace_toolbar -value true
gui_set_state_value -category Globals -key open_list_inside -value true
gui_set_state_value -category Globals -key open_wave_inside -value true
gui_set_state_value -category Globals -key recent_databases -value {{gui_open_db -file /home/local/ESTUDIANTES/jsequeira/Documents/Dise-o-ASIC-FPGA-FPU/ASIC_FLOW/ASIC_fpaddsub_arch2/integracion_fisica/simulacion_logica_behavioral/SINGLE/inter.vpd -design V1}}
gui_set_state_value -category Globals -key recent_sessions -value {{gui_load_session -ignore_errors -file /home/local/ESTUDIANTES/jsequeira/Documents/Dise-o-ASIC-FPGA-FPU/ASIC_FLOW/KOA_FRANCIS/integracion_fisica/simulacion_logica_behavioral/SINGLE/session.inter.vpd.tcl} {gui_load_session -ignore_errors -file /home/local/ESTUDIANTES/jsequeira/Documents/Dise-o-ASIC-FPGA-FPU/ASIC_FLOW/ASIC_fpaddsub_arch3/integracion_fisica/simulacion_logica_sintesis/DOUBLE/FPU_ADD_PIPE_SYN_DOUBLE_v1.tcl -ignore_errors} {gui_load_session -ignore_errors -file /home/local/ESTUDIANTES/jsequeira/Documents/Dise-o-ASIC-FPGA-FPU/ASIC_FLOW/ASIC_fpaddsub_arch3/integracion_fisica/simulacion_logica_sintesis/DOUBLE/FPU_ADD_PIPE_SYN_DOUBLE_v1.tcl} {gui_load_session -ignore_errors -file /home/local/ESTUDIANTES/jsequeira/Documents/Dise-o-ASIC-FPGA-FPU/ASIC_FLOW/ASIC_fpaddsub_arch3/integracion_fisica/simulacion_logica_sintesis/SINGLE/FPU_ADD_PIPE_SYN_SINGLE_v1.tcl -ignore_errors} {gui_load_session -ignore_errors -file /home/local/ESTUDIANTES/jsequeira/Documents/Dise-o-ASIC-FPGA-FPU/ASIC_FLOW/ASIC_fpaddsub_arch3/integracion_fisica/simulacion_logica_sintesis/SINGLE/FPU_ADD_PIPE_SYN_SINGLE_v1.tcl}}
gui_set_state_value -category Globals -key recent_tcl_scripts -value {{gui_dve_source -global /home/local/ESTUDIANTES/jsequeira/Documents/Dise-o-ASIC-FPGA-FPU/ASIC_FLOW/ASIC_fpaddsub_arch2/integracion_fisica/simulacion_logica_sintesis/SINGLE/LZD/session.inter.vpd.tcl} {gui_dve_source -global /home/local/ESTUDIANTES/jsequeira/Documents/Dise-o-ASIC-FPGA-FPU/ASIC_FLOW/ASIC_fpaddsub_arch2/integracion_fisica/simulacion_logica_sintesis/SINGLE/INIT_STAGE/session.inter.vpd.tcl} {gui_dve_source -global /home/local/ESTUDIANTES/jsequeira/Documents/Dise-o-ASIC-FPGA-FPU/ASIC_FLOW/ASIC_fpaddsub_arch2/integracion_fisica/simulacion_logica_behavioral/SINGLE/session.inter2.vpd.tcl} {gui_dve_source -global /home/local/ESTUDIANTES/jsequeira/Documents/Dise-o-ASIC-FPGA-FPU/ASIC_FLOW/ASIC_fpaddsub_arch2/integracion_fisica/simulacion_logica_behavioral/SINGLE/session.inter3.vpd.tcl} {gui_dve_source -global /home/local/ESTUDIANTES/jsequeira/Documents/Dise-o-ASIC-FPGA-FPU/ASIC_FLOW/ASIC_fpaddsub_arch2/integracion_fisica/simulacion_logica_behavioral/SINGLE/session.inter.vpd.tcl}}
gui_set_state_value -category Layout -key child_console_docknewline -value false
gui_set_state_value -category Layout -key child_console_dockstate -value undocked
gui_set_state_value -category Layout -key child_console_pos_x -value {-2}
gui_set_state_value -category Layout -key child_console_pos_y -value {-15}
gui_set_state_value -category Layout -key child_console_showstate -value maximized
gui_set_state_value -category Layout -key child_console_size_x -value 1028
gui_set_state_value -category Layout -key child_console_size_y -value 563
gui_set_state_value -category Layout -key child_data_coltype -value 313
gui_set_state_value -category Layout -key child_data_colvalue -value 246
gui_set_state_value -category Layout -key child_data_colvariable -value 459
gui_set_state_value -category Layout -key child_data_docknewline -value false
gui_set_state_value -category Layout -key child_data_dockstate -value undocked
gui_set_state_value -category Layout -key child_data_pos_x -value {-2}
gui_set_state_value -category Layout -key child_data_pos_y -value {-15}
gui_set_state_value -category Layout -key child_data_showstate -value maximized
gui_set_state_value -category Layout -key child_data_size_x -value 1028
gui_set_state_value -category Layout -key child_data_size_y -value 563
gui_set_state_value -category Layout -key child_driver_size_x -value 1363
gui_set_state_value -category Layout -key child_driver_size_y -value 213
gui_set_state_value -category Layout -key child_hier_col3 -value {-1}
gui_set_state_value -category Layout -key child_hier_colhier -value 748
gui_set_state_value -category Layout -key child_hier_colpd -value 0
gui_set_state_value -category Layout -key child_hier_coltype -value 272
gui_set_state_value -category Layout -key child_hier_docknewline -value false
gui_set_state_value -category Layout -key child_hier_dockstate -value undocked
gui_set_state_value -category Layout -key child_hier_pos_x -value {-2}
gui_set_state_value -category Layout -key child_hier_pos_y -value {-15}
gui_set_state_value -category Layout -key child_hier_showstate -value maximized
gui_set_state_value -category Layout -key child_hier_size_x -value 1028
gui_set_state_value -category Layout -key child_hier_size_y -value 563
gui_set_state_value -category Layout -key child_list_docknewline -value false
gui_set_state_value -category Layout -key child_list_down -value 296
gui_set_state_value -category Layout -key child_list_pos_x -value {-2}
gui_set_state_value -category Layout -key child_list_pos_y -value {-18}
gui_set_state_value -category Layout -key child_list_right -value 1204
gui_set_state_value -category Layout -key child_list_size_x -value 1364
gui_set_state_value -category Layout -key child_list_size_y -value 444
gui_set_state_value -category Layout -key child_schematic_docknewline -value false
gui_set_state_value -category Layout -key child_schematic_pos_x -value {-2}
gui_set_state_value -category Layout -key child_schematic_pos_y -value {-20}
gui_set_state_value -category Layout -key child_schematic_size_x -value 1368
gui_set_state_value -category Layout -key child_schematic_size_y -value 408
gui_set_state_value -category Layout -key child_source_docknewline -value false
gui_set_state_value -category Layout -key child_source_pos_x -value {-2}
gui_set_state_value -category Layout -key child_source_pos_y -value {-15}
gui_set_state_value -category Layout -key child_source_size_x -value 1028
gui_set_state_value -category Layout -key child_source_size_y -value 563
gui_set_state_value -category Layout -key child_watch_size_x -value 904
gui_set_state_value -category Layout -key child_watch_size_y -value 177
gui_set_state_value -category Layout -key child_wave_colname -value 300
gui_set_state_value -category Layout -key child_wave_colvalue -value 161
gui_set_state_value -category Layout -key child_wave_docknewline -value false
gui_set_state_value -category Layout -key child_wave_left -value 465
gui_set_state_value -category Layout -key child_wave_pos_x -value {-2}
gui_set_state_value -category Layout -key child_wave_pos_y -value {-15}
gui_set_state_value -category Layout -key child_wave_right -value 553
gui_set_state_value -category Layout -key child_wave_size_x -value 1028
gui_set_state_value -category Layout -key child_wave_size_y -value 563
gui_set_state_value -category Layout -key main_pos_x -value 2
gui_set_state_value -category Layout -key main_pos_y -value 51
gui_set_state_value -category Layout -key main_size_x -value 1025
gui_set_state_value -category Layout -key main_size_y -value 742
gui_set_state_value -category Layout -key stand_list_child_docknewline -value false
gui_set_state_value -category Layout -key stand_list_child_pos_x -value {-2}
gui_set_state_value -category Layout -key stand_list_child_pos_y -value {-20}
gui_set_state_value -category Layout -key stand_list_child_size_x -value 604
gui_set_state_value -category Layout -key stand_list_child_size_y -value 284
gui_set_state_value -category Layout -key stand_list_top_pos_y -value 52
gui_set_state_value -category Layout -key stand_list_top_size_x -value 1099
gui_set_state_value -category Layout -key stand_list_top_size_y -value 551
gui_set_state_value -category Layout -key stand_schematic_child_docknewline -value false
gui_set_state_value -category Layout -key stand_schematic_child_pos_x -value {-2}
gui_set_state_value -category Layout -key stand_schematic_child_pos_y -value {-20}
gui_set_state_value -category Layout -key stand_schematic_child_size_x -value 1364
gui_set_state_value -category Layout -key stand_schematic_child_size_y -value 381
gui_set_state_value -category Layout -key stand_schematic_top_pos_x -value 0
gui_set_state_value -category Layout -key stand_schematic_top_pos_y -value 52
gui_set_state_value -category Layout -key stand_schematic_top_size_x -value 1359
gui_set_state_value -category Layout -key stand_schematic_top_size_y -value 563
gui_set_state_value -category Layout -key stand_wave_child_docknewline -value false
gui_set_state_value -category Layout -key stand_wave_child_pos_x -value {-2}
gui_set_state_value -category Layout -key stand_wave_child_pos_y -value {-15}
gui_set_state_value -category Layout -key stand_wave_child_size_x -value 1028
gui_set_state_value -category Layout -key stand_wave_child_size_y -value 563
gui_set_state_value -category Layout -key stand_wave_top_pos_x -value 4
gui_set_state_value -category Layout -key stand_wave_top_pos_y -value 52
gui_set_state_value -category Layout -key stand_wave_top_size_x -value 1027
gui_set_state_value -category Layout -key stand_wave_top_size_y -value 743
gui_set_state_value -category Driver -key driver_add_to_wave -value true
gui_create_state_key -category FindDialog -key m_pMatchCase -value_type bool -value false
gui_create_state_key -category FindDialog -key m_pMatchWord -value_type bool -value false
gui_create_state_key -category FindDialog -key m_pUseCombo -value_type string -value {}
gui_create_state_key -category FindDialog -key m_pWrapAround -value_type bool -value true
gui_create_state_key -category Widget_History -key {dlgSimSetup|m_setupTab|tab pages|SimTab|m_VPDCombo} -value_type string -value inter.vpd
gui_create_state_key -category Widget_History -key {dlgSimSetup|m_setupTab|tab pages|SimTab|m_argsCombo} -value_type string -value {{-ucligui +v2k +lint=all -l log_name +define+SINGLE +define+FRANCIS_LZD=1} {+v2k +lint=all -a log_name +define+SYN_SINGLE} {+v2k +lint=all -a log_name +define+SINGLE=1 +define+FRANCIS_LZD=1} {+v2k +lint=all -a log_name +define+SINGLE} {-ucligui +v2k +lint=all -l log_name +define+SINGLE}}
gui_create_state_key -category Widget_History -key {dlgSimSetup|m_setupTab|tab pages|SimTab|m_curDirCombo} -value_type string -value {/home/local/ESTUDIANTES/jsequeira/Documents/Dise-o-ASIC-FPGA-FPU/ASIC_FLOW/ASIC_fpaddsub_arch3/integracion_fisica/simulacion_logica_behavioral/SINGLE /home/local/ESTUDIANTES/jsequeira/Documents/Dise-o-ASIC-FPGA-FPU/ASIC_FLOW/ASIC_fpaddsub_arch2/integracion_fisica/simulacion_logica_sintesis/SINGLE/INIT_STAGE_ALONE /home/local/ESTUDIANTES/jsequeira/Documents/Dise-o-ASIC-FPGA-FPU/ASIC_FLOW/ASIC_fpaddsub_arch2/integracion_fisica/simulacion_logica_behavioral/SINGLE /home/local/ESTUDIANTES/jsequeira/Documents/Dise-o-ASIC-FPGA-FPU/ASIC_FLOW/ASIC_fpaddsub_arch2/integracion_fisica/simulacion_logica_sintesis/SINGLE /home/local/ESTUDIANTES/jsequeira/Documents/Dise-o-ASIC-FPGA-FPU/ASIC_FLOW/ASIC_fpaddsub_arch2/integracion_fisica/simulacion_logica_sintesis/SINGLE/LZD}
gui_create_state_key -category Widget_History -key {dlgSimSetup|m_setupTab|tab pages|SimTab|m_exeCombo} -value_type string -value {/home/local/ESTUDIANTES/jsequeira/Documents/Dise-o-ASIC-FPGA-FPU/ASIC_FLOW/ASIC_fpaddsub_arch3/integracion_fisica/simulacion_logica_behavioral/SINGLE/simv simv /home/local/ESTUDIANTES/jsequeira/Documents/Dise-o-ASIC-FPGA-FPU/ASIC_FLOW/ASIC_fpaddsub_arch2/integracion_fisica/simulacion_logica_sintesis/SINGLE/simv /home/local/ESTUDIANTES/jsequeira/Documents/Dise-o-ASIC-FPGA-FPU/ASIC_FLOW/ASIC_fpaddsub_arch2/integracion_fisica/simulacion_logica_sintesis/SINGLE/LZD/simv /home/local/ESTUDIANTES/jsequeira/Documents/Dise-o-ASIC-FPGA-FPU/ASIC_FLOW/ASIC_fpaddsub_arch2/integracion_fisica/simulacion_logica_behavioral/BARREL_SHIFTER/simv}
gui_state_default_create -off

# Begin command logging
gui_sim_run Ucli -exe simv -args {-ucligui  +v2k +lint=all -a log_name +define+SINGLE +neg_tchk +sdfverbose} -dir .
gui_list_expand -id  Hier.1   tb_multiplier
gui_list_add -id Wave.1 -from Hier.1 { tb_multiplier } -insertionbar
gui_sim_continue  
gui_close_window -window  HSPane.1
gui_wv_zoom_timerange -id  Wave.1 51344911 51345077
gui_list_select -id Wave.1 -selected  { {tb_multiplier.a[23:0]}   }
gui_list_select -id Wave.1 -selected  { {tb_multiplier.a[23:0]}  {tb_multiplier.b[23:0]}   }
gui_list_select -id Wave.1 -selected  { {tb_multiplier.a[23:0]}  {tb_multiplier.b[23:0]}  {tb_multiplier.KOA_Simple[47:0]}   }
gui_list_set_selected_property -id Wave.1 -radix decimal
gui_marker_move -id  Wave.1 C1 51344919
gui_wv_scroll_hslidermove -id  Wave.1 37264221
gui_marker_move -id  Wave.1 C1 12416795
gui_zoom -window Wave.1 -factor 0.5
gui_zoom -window Wave.1 -factor 0.5
gui_zoom -window Wave.1 -factor 0.5
gui_zoom -window Wave.1 -factor 0.5
gui_zoom -window Wave.1 -factor 0.5
gui_zoom -window Wave.1 -factor 0.5
gui_zoom -window Wave.1 -factor 0.5
gui_zoom -window Wave.1 -factor 0.5
gui_zoom -window Wave.1 -factor 0.5
gui_zoom -window Wave.1 -factor 0.5
gui_marker_move -id  Wave.1 C1 12421601
gui_marker_move -id  Wave.1 C1 12419236
gui_marker_move -id  Wave.1 C1 12412477
gui_marker_move -id  Wave.1 C1 12395000
gui_marker_move -id  Wave.1 C1 12440000
gui_marker_move -id  Wave.1 C1 12445000
gui_marker_move -id  Wave.1 C1 12395000
gui_marker_move -id  Wave.1 C1 12351652
gui_marker_move -id  Wave.1 C1 12355000
gui_wv_scrollleft -id  Wave.1  line
gui_wv_scrollleft -id  Wave.1  line
gui_wv_scrollleft -id  Wave.1  line
gui_list_select -id Wave.1 -selected  { {tb_multiplier.a[23:0]}  {tb_multiplier.b[23:0]}  {tb_multiplier.KOA_Simple[47:0]}  tb_multiplier.clk   }
