12:26:25    16 -->                                                             [tcl] ucliGUI::connect -toolargs -ucligui -toolexe simv +v2k +lint=all -a log_name +define+SINGLE -pid 19200 -toolin /tmp/vcs_20161012182620_19199_jsequeira..stdin -toolout /tmp/vcs_20161012182620_19199_jsequeira..stdout  
12:26:25    17 -->                                                                 [tcl] set ucliGUI::state
12:26:25    18 -->                                                                     [tcl] set dveMisc::dve_log_file 1
12:26:25    19 -->                                                                         [tcl] gui_update_simulator_buttons
12:26:26    20 -->                                                                             [tcl] set ucliGUI::state
12:26:26    21 -->                                                                                 [tcl] ucliCore::getToolPID
12:26:26    22 -->                                                                                     [tcl] synopsys::env hasTB
12:26:26    23 -->                                                                                         [tcl] trigger_hier_stack_context_switch 0
12:26:26    24 -->                                                                                             [tcl] synUtils::setDVEInitPhase 1
12:26:26    25 --> ...  [tcl] gui_get_env SIMSETUP::SIMVPD
12:26:26    26 --> ...      [tcl] synopsys::dump -type VPD -file /home/local/ESTUDIANTES/jsequeira/Documents/Dise-o-ASIC-FPGA-FPU/ASIC_FLOW/ASIC_fpaddsub_arch2/integracion_fisica/simulacion_logica_sintesis/BARREL_SHIFTER/inter.vpd -locking
12:26:26    27 --> ...          [tcl] synopsys::dump -autoflush on -fid VPD0
12:26:26    28 --> ...              [tcl] set ::dve_fid VPD0
12:26:26    29 --> ...                  [tcl] synUtils::setDVEInitPhase 0
12:26:26    30 --> ...                      [tcl] ucliCore::getToolPID
12:26:26    31 --> ...                          [tcl] synUtils::sendTool -active _icl_setToolSocket /tmp/smlnpkj5LXR
12:26:26    32 --> ...                              [tcl] synUtils::sendTool -active {_icl_start_rpc -version "K-2015.09-SP2-3_Full64" -sync_file /tmp/vcs_dve_rpc.jsequeira.19200}
12:26:26    33 --> ...                                  [tcl] synUtils::sendTool -active {_icl_createSharedMemory /tmp/vcs_dve_general.jsequeira.19200}
12:26:26    34 --> ...                                      [tcl] dveMisc::vbusExpand Testbench_Barrel_Shifter
12:26:26    35 --> ...                                          [tcl] config endofsim noexit
12:26:26    36 --> ...                                              [tcl] config onfail enable all
12:26:26    37 --> ...                                                  [tcl] config syscaddplainmembers
12:26:26    38 --> ...                                                      [tcl] config syscaddsourcenames
12:26:26    39 --> ...                                                          [tcl] config syscaddstructtypes
12:26:26    40 --> ...                                                              [tcl] synopsys::listing -disable
12:27:06    41 --> ...                                                                  [tcl] synopsys::run
12:27:06    42 --> ...                                                                      [tcl] set ucliGUI::state
12:27:06    43 --> ...                                                                          [tcl] set ucliGUI::state
12:27:06    44 --> ...                                                                              [tcl] set ucliGUI::state
12:27:06    45 --> ...                                                                                  [tcl] set ucliGUI::state
12:27:06    46 --> ...                                                                                      [tcl] catch {senv activeDomain} dveMisc::result 
12:27:06    47 --> ...                                                                                          [tcl] set dveMisc::result
12:27:06    48 --> ...                                                                                              [tcl] gui_update_simulator_buttons
12:27:10    49 --> ...                                                                                                  [tcl] # DVE Simulation Rebuild/Restart Options
12:27:10    50 --> ...  [tcl] # Saved on Wed Oct 12 12:27:10 2016
12:27:10    51 --> ...      [tcl] set SIMSETUP::REBUILDOPTION 0
12:27:10    52 --> ...          [tcl] set SIMSETUP::REBUILDCMD {}
12:27:10    53 --> ...              [tcl] set SIMSETUP::REBUILDDIR {}
12:27:10    54 --> ...                  [tcl] set SIMSETUP::RESTOREBP 1
12:27:10    55 --> ...                      [tcl] set SIMSETUP::RESTOREDUMP 1
12:27:10    56 --> ...                          [tcl] set SIMSETUP::RESTOREFORCE 1
12:27:10    57 --> ...                              [tcl] set SIMSETUP::RESTORESPECMAN 0
12:27:10    58 --> ...                                  [tcl] # DVE Simulation Rebuild/Restart Options
12:27:10    59 --> ...                                      [tcl] # Saved on Wed Oct 12 12:27:10 2016
12:27:10    60 --> ...                                          [tcl] set SIMSETUP::REBUILDOPTION 0
12:27:10    61 --> ...                                              [tcl] set SIMSETUP::REBUILDCMD {}
12:27:10    62 --> ...                                                  [tcl] set SIMSETUP::REBUILDDIR {}
12:27:10    63 --> ...                                                      [tcl] set SIMSETUP::RESTOREBP 1
12:27:10    64 --> ...                                                          [tcl] set SIMSETUP::RESTOREDUMP 1
12:27:10    65 --> ...                                                              [tcl] set SIMSETUP::RESTOREFORCE 1
12:27:10    66 --> ...                                                                  [tcl] set SIMSETUP::RESTORESPECMAN 0
12:27:10    67 --> ...                                                                      [tcl] synopsys::finish
12:27:10    68 --> ...                                                                          [tcl] set ucliGUI::state
12:27:10    69 --> ...                                                                              [tcl] set ucliGUI::state
12:27:10    70 --> ...                                                                                  [tcl] catch {senv activeDomain} dveMisc::result 
12:27:10    71 --> ...                                                                                      [tcl] set dveMisc::result
12:27:10    72 --> ...                                                                                          [tcl] gui_update_simulator_buttons
12:27:10    73 --> ...                                                                                              [tcl] # DVE Simulation Rebuild/Restart Options
12:27:10    74 --> ...                                                                                                  [tcl] # Saved on Wed Oct 12 12:27:10 2016
12:27:10    75 --> ...  [tcl] set SIMSETUP::REBUILDOPTION 0
12:27:10    76 --> ...      [tcl] set SIMSETUP::REBUILDCMD {}
12:27:10    77 --> ...          [tcl] set SIMSETUP::REBUILDDIR {}
12:27:10    78 --> ...              [tcl] set SIMSETUP::RESTOREBP 1
12:27:10    79 --> ...                  [tcl] set SIMSETUP::RESTOREDUMP 1
12:27:10    80 --> ...                      [tcl] set SIMSETUP::RESTOREFORCE 1
12:27:10    81 --> ...                          [tcl] set SIMSETUP::RESTORESPECMAN 0
12:28:06    82 --> ...                              [tcl] ucliCore::getToolPID
