Vivado Simulator 2016.2
Copyright 1986-1999, 2001-2016 Xilinx, Inc. All Rights Reserved.
Running: /opt/Xilinx/Vivado/2016.2/bin/unwrapped/lnx64.o/xelab -wto d3d3315f013d4c0cbe82a0bd758e72a1 --debug typical --relax --mt 8 -L xil_defaultlib -L unisims_ver -L unimacro_ver -L secureip --snapshot tb_multiplier_behav xil_defaultlib.tb_multiplier xil_defaultlib.glbl -log elaborate.log 
Using 8 slave threads.
Starting static elaboration
WARNING: [VRFC 10-278] actual bit length 38 differs from formal bit length 46 for port Data_B_i [/home/jorge/Documents/1Proyectos_TesisdeGraduacion_ASIC/my_sourcefiles/Source_Files/Multipliers/26bit/FrancisKOA/Sgf_Multiplication.v:194]
WARNING: [VRFC 10-278] actual bit length 11 differs from formal bit length 10 for port Data_B_i [/home/jorge/Documents/1Proyectos_TesisdeGraduacion_ASIC/my_sourcefiles/Source_Files/Multipliers/26bit/RKOA/RKOA.v:262]
Completed static elaboration
Starting simulation data flow analysis
Completed simulation data flow analysis
Time Resolution for simulation is 1ps
Compiling module xil_defaultlib.multiplier(W=11)
Compiling module xil_defaultlib.multiplier(W=12)
Compiling module xil_defaultlib.adder(W=12)
Compiling module xil_defaultlib.multiplier(W=13)
Compiling module xil_defaultlib.substractor(W=26)
Compiling module xil_defaultlib.adder(W=46)
Compiling module xil_defaultlib.Sgf_Multiplication(SW=23)
Compiling module xil_defaultlib.RKOA(SW=2)
Compiling module xil_defaultlib.RKOA(SW=3)
Compiling module xil_defaultlib.adder(W=3)
Compiling module xil_defaultlib.RKOA(SW=4)
Compiling module xil_defaultlib.substractor(W=8)
Compiling module xil_defaultlib.adder(W=10)
Compiling module xil_defaultlib.RKOA(SW=5)
Compiling module xil_defaultlib.RKOA(SW=6)
Compiling module xil_defaultlib.adder(W=6)
Compiling module xil_defaultlib.adder(W=4)
Compiling module xil_defaultlib.substractor(W=10)
Compiling module xil_defaultlib.adder(W=14)
Compiling module xil_defaultlib.RKOA(SW=7)
Compiling module xil_defaultlib.substractor(W=14)
Compiling module xil_defaultlib.adder(W=22)
Compiling module xil_defaultlib.RKOA(SW=11)
Compiling module xil_defaultlib.adder(W=24)
Compiling module xil_defaultlib.RKOA(SW=12)
Compiling module xil_defaultlib.adder(W=7)
Compiling module xil_defaultlib.adder(W=16)
Compiling module xil_defaultlib.RKOA(SW=8)
Compiling module xil_defaultlib.substractor(W=16)
Compiling module xil_defaultlib.adder(W=26)
Compiling module xil_defaultlib.RKOA(SW=13)
Compiling module xil_defaultlib.RKOA(SW=23)
Compiling module xil_defaultlib.Simple_KOA(SW=23)
Compiling module xil_defaultlib.Recursive_KOA(SW=2)
Compiling module xil_defaultlib.Recursive_KOA(SW=3)
Compiling module xil_defaultlib.Recursive_KOA(SW=4)
Compiling module xil_defaultlib.Recursive_KOA(SW=5)
Compiling module xil_defaultlib.Recursive_KOA(SW=6)
Compiling module xil_defaultlib.Recursive_KOA(SW=7)
Compiling module xil_defaultlib.Recursive_KOA(SW=11)
Compiling module xil_defaultlib.Recursive_KOA(SW=12)
Compiling module xil_defaultlib.Recursive_KOA(SW=8)
Compiling module xil_defaultlib.Recursive_KOA(SW=13)
Compiling module xil_defaultlib.Recursive_KOA(SW=23)
Compiling module xil_defaultlib.tb_multiplier
Compiling module xil_defaultlib.glbl
Built simulation snapshot tb_multiplier_behav
