# Preference setting overrides
gui_create_pref_key -category {Globals} -key {load_detail_for_funcov} -value_type {bool} -value {false}
gui_create_pref_category -category {schem_obj_name}
gui_create_pref_key -category {schem_obj_name} -key {show_cell_and_pin_with_symbol_name} -value_type {bool} -value {false}
gui_create_pref_key -category {schem_pin_hc} -key {textExtFont} -value_type {string} -value {Helvetica,10,-1,5,50,0,0,0,0,0}

# State setting overrides
gui_state_default_create -off -ini
gui_set_state_value -category Globals -key open_wave_inside -value true
gui_set_state_value -category Globals -key recent_databases -value {{gui_open_db -file /home/local/ESTUDIANTES/jsequeira/Documents/Dise-o-ASIC-FPGA-FPU/ASIC_FLOW/ASIC_fpaddsub_arch2/integracion_fisica/simulacion_logica_behavioral/SINGLE/inter.vpd -design V1}}
gui_set_state_value -category Globals -key recent_sessions -value {{gui_load_session -ignore_errors -file /home/local/ESTUDIANTES/jsequeira/Documents/Dise-o-ASIC-FPGA-FPU/ASIC_FLOW/ASIC_fpaddsub_arch2/integracion_fisica/simulacion_logica_behavioral/SINGLE/session.inter3.vpd.tcl} {gui_load_session -ignore_errors -file /home/local/ESTUDIANTES/jsequeira/Documents/Dise-o-ASIC-FPGA-FPU/ASIC_FLOW/ASIC_fpaddsub_arch2/integracion_fisica/simulacion_logica_behavioral/SINGLE/session.inter2.vpd.tcl} {gui_load_session -ignore_errors -file /home/local/ESTUDIANTES/jsequeira/Documents/Dise-o-ASIC-FPGA-FPU/ASIC_FLOW/ASIC_fpaddsub_arch2/integracion_fisica/simulacion_logica_behavioral/SINGLE/session.inter1.vpd.tcl -ignore_errors} {gui_load_session -ignore_errors -file /home/local/ESTUDIANTES/jsequeira/Documents/Dise-o-ASIC-FPGA-FPU/ASIC_FLOW/ASIC_fpaddsub_arch2/integracion_fisica/simulacion_logica_behavioral/SINGLE/session.inter1.vpd.tcl} {gui_load_session -ignore_errors -file /home/local/ESTUDIANTES/jsequeira/Documents/Dise-o-ASIC-FPGA-FPU/ASIC_FLOW/ASIC_fpaddsub_arch2/integracion_fisica/simulacion_logica_behavioral/BARREL_SHIFTER/session3.inter.vpd.tcl}}
gui_set_state_value -category Globals -key recent_tcl_scripts -value {{gui_dve_source -global /home/local/ESTUDIANTES/jsequeira/Documents/Dise-o-ASIC-FPGA-FPU/ASIC_FLOW/ASIC_fpaddsub_arch2/integracion_fisica/simulacion_logica_behavioral/SINGLE/session.inter2.vpd.tcl} {gui_dve_source -global /home/local/ESTUDIANTES/jsequeira/Documents/Dise-o-ASIC-FPGA-FPU/ASIC_FLOW/ASIC_fpaddsub_arch2/integracion_fisica/simulacion_logica_behavioral/SINGLE/session.inter3.vpd.tcl} {gui_dve_source -global /home/local/ESTUDIANTES/jsequeira/Documents/Dise-o-ASIC-FPGA-FPU/ASIC_FLOW/ASIC_fpaddsub_arch2/integracion_fisica/simulacion_logica_behavioral/SINGLE/session.inter.vpd.tcl} {gui_dve_source -global /home/local/ESTUDIANTES/jsequeira/Documents/Dise-o-ASIC-FPGA-FPU/ASIC_FLOW/ASIC_fpaddsub_arch2/integracion_fisica/simulacion_logica_behavioral/BARREL_SHIFTER/session2.inter.vpd.tcl}}
gui_set_state_value -category Layout -key child_console_docknewline -value false
gui_set_state_value -category Layout -key child_console_dockstate -value undocked
gui_set_state_value -category Layout -key child_console_pos_x -value {-2}
gui_set_state_value -category Layout -key child_console_pos_y -value {-20}
gui_set_state_value -category Layout -key child_console_showstate -value maximized
gui_set_state_value -category Layout -key child_console_size_x -value 1361
gui_set_state_value -category Layout -key child_console_size_y -value 583
gui_set_state_value -category Layout -key child_data_coltype -value 473
gui_set_state_value -category Layout -key child_data_colvalue -value 390
gui_set_state_value -category Layout -key child_data_colvariable -value 491
gui_set_state_value -category Layout -key child_data_docknewline -value false
gui_set_state_value -category Layout -key child_data_dockstate -value undocked
gui_set_state_value -category Layout -key child_data_pos_x -value {-2}
gui_set_state_value -category Layout -key child_data_pos_y -value {-20}
gui_set_state_value -category Layout -key child_data_showstate -value maximized
gui_set_state_value -category Layout -key child_data_size_x -value 1361
gui_set_state_value -category Layout -key child_data_size_y -value 583
gui_set_state_value -category Layout -key child_driver_size_x -value 1359
gui_set_state_value -category Layout -key child_driver_size_y -value 127
gui_set_state_value -category Layout -key child_hier_col3 -value {-1}
gui_set_state_value -category Layout -key child_hier_colhier -value 839
gui_set_state_value -category Layout -key child_hier_colpd -value 0
gui_set_state_value -category Layout -key child_hier_coltype -value 513
gui_set_state_value -category Layout -key child_hier_docknewline -value false
gui_set_state_value -category Layout -key child_hier_dockstate -value undocked
gui_set_state_value -category Layout -key child_hier_pos_x -value {-2}
gui_set_state_value -category Layout -key child_hier_pos_y -value {-20}
gui_set_state_value -category Layout -key child_hier_showstate -value maximized
gui_set_state_value -category Layout -key child_hier_size_x -value 1361
gui_set_state_value -category Layout -key child_hier_size_y -value 583
gui_set_state_value -category Layout -key child_list_down -value 134
gui_set_state_value -category Layout -key child_list_right -value 444
gui_set_state_value -category Layout -key child_schematic_docknewline -value false
gui_set_state_value -category Layout -key child_schematic_pos_x -value {-2}
gui_set_state_value -category Layout -key child_schematic_pos_y -value {-20}
gui_set_state_value -category Layout -key child_schematic_size_x -value 1009
gui_set_state_value -category Layout -key child_schematic_size_y -value 485
gui_set_state_value -category Layout -key child_source_docknewline -value false
gui_set_state_value -category Layout -key child_source_pos_x -value {-2}
gui_set_state_value -category Layout -key child_source_pos_y -value {-20}
gui_set_state_value -category Layout -key child_source_size_x -value 1361
gui_set_state_value -category Layout -key child_source_size_y -value 583
gui_set_state_value -category Layout -key child_watch_size_x -value 746
gui_set_state_value -category Layout -key child_watch_size_y -value 166
gui_set_state_value -category Layout -key child_wave_colname -value 407
gui_set_state_value -category Layout -key child_wave_colvalue -value 234
gui_set_state_value -category Layout -key child_wave_docknewline -value false
gui_set_state_value -category Layout -key child_wave_left -value 645
gui_set_state_value -category Layout -key child_wave_pos_x -value {-2}
gui_set_state_value -category Layout -key child_wave_pos_y -value {-20}
gui_set_state_value -category Layout -key child_wave_right -value 706
gui_set_state_value -category Layout -key child_wave_size_x -value 1361
gui_set_state_value -category Layout -key child_wave_size_y -value 583
gui_set_state_value -category Layout -key main_pos_x -value 2
gui_set_state_value -category Layout -key main_pos_y -value 53
gui_set_state_value -category Layout -key main_size_x -value 1358
gui_set_state_value -category Layout -key main_size_y -value 766
gui_set_state_value -category Layout -key stand_list_child_docknewline -value false
gui_set_state_value -category Layout -key stand_list_child_pos_x -value {-2}
gui_set_state_value -category Layout -key stand_list_child_pos_y -value {-20}
gui_set_state_value -category Layout -key stand_list_child_size_x -value 604
gui_set_state_value -category Layout -key stand_list_child_size_y -value 284
gui_set_state_value -category Layout -key stand_list_top_pos_y -value 52
gui_set_state_value -category Layout -key stand_list_top_size_x -value 1099
gui_set_state_value -category Layout -key stand_list_top_size_y -value 551
gui_set_state_value -category Layout -key stand_schematic_child_docknewline -value false
gui_set_state_value -category Layout -key stand_schematic_child_pos_x -value {-2}
gui_set_state_value -category Layout -key stand_schematic_child_pos_y -value {-20}
gui_set_state_value -category Layout -key stand_schematic_child_size_x -value 1364
gui_set_state_value -category Layout -key stand_schematic_child_size_y -value 381
gui_set_state_value -category Layout -key stand_schematic_top_pos_x -value 0
gui_set_state_value -category Layout -key stand_schematic_top_pos_y -value 52
gui_set_state_value -category Layout -key stand_schematic_top_size_x -value 1359
gui_set_state_value -category Layout -key stand_schematic_top_size_y -value 563
gui_set_state_value -category Layout -key stand_wave_child_docknewline -value false
gui_set_state_value -category Layout -key stand_wave_child_pos_x -value {-2}
gui_set_state_value -category Layout -key stand_wave_child_pos_y -value {-15}
gui_set_state_value -category Layout -key stand_wave_child_size_x -value 1028
gui_set_state_value -category Layout -key stand_wave_child_size_y -value 563
gui_set_state_value -category Layout -key stand_wave_top_pos_x -value 4
gui_set_state_value -category Layout -key stand_wave_top_pos_y -value 52
gui_set_state_value -category Layout -key stand_wave_top_size_x -value 1027
gui_set_state_value -category Layout -key stand_wave_top_size_y -value 743
gui_set_state_value -category Driver -key driver_add_to_wave -value true
gui_create_state_key -category FindDialog -key m_pMatchCase -value_type bool -value false
gui_create_state_key -category FindDialog -key m_pMatchWord -value_type bool -value false
gui_create_state_key -category FindDialog -key m_pUseCombo -value_type string -value {}
gui_create_state_key -category FindDialog -key m_pWrapAround -value_type bool -value true
gui_create_state_key -category Widget_History -key {dlgSimSetup|m_setupTab|tab pages|SimTab|m_VPDCombo} -value_type string -value inter.vpd
gui_create_state_key -category Widget_History -key {dlgSimSetup|m_setupTab|tab pages|SimTab|m_argsCombo} -value_type string -value {{+v2k +lint=all -a log_name +define+SINGLE} {-ucligui +v2k +lint=all -l log_name +define+SINGLE}}
gui_create_state_key -category Widget_History -key {dlgSimSetup|m_setupTab|tab pages|SimTab|m_curDirCombo} -value_type string -value {/home/local/ESTUDIANTES/jsequeira/Documents/Dise-o-ASIC-FPGA-FPU/ASIC_FLOW/ASIC_fpaddsub_arch2/integracion_fisica/simulacion_logica_behavioral/SINGLE /home/local/ESTUDIANTES/jsequeira/Documents/Dise-o-ASIC-FPGA-FPU/ASIC_FLOW/ASIC_fpaddsub_arch2/integracion_fisica/simulacion_logica_behavioral/BARREL_SHIFTER /home/local/ESTUDIANTES/jsequeira/Documents/Dise-o-ASIC-FPGA-FPU/ASIC_FLOW/ASIC_fpaddsub_arch2/integracion_fisica/simulacion_logica_sintesis/BARREL_SHIFTER /home/local/ESTUDIANTES/jsequeira/detector/integracion_fisica/simulacion_logica_sintesis}
gui_create_state_key -category Widget_History -key {dlgSimSetup|m_setupTab|tab pages|SimTab|m_exeCombo} -value_type string -value {simv /home/local/ESTUDIANTES/jsequeira/Documents/Dise-o-ASIC-FPGA-FPU/ASIC_FLOW/ASIC_fpaddsub_arch2/integracion_fisica/simulacion_logica_behavioral/BARREL_SHIFTER/simv}
gui_state_default_create -off

# Begin command logging
gui_sim_run Ucli -exe simv -args {-ucligui  +v2k +lint=all -a log_name +define+SINGLE} -dir .
gui_default_layout -window TopLevel.1
gui_window_maximized -clear
gui_open_window Wave
gui_list_add -id Wave.1 -from Hier.1 { Testbench_FPU_Add_Subt } -insertionbar
gui_list_expand -id  Hier.1   Testbench_FPU_Add_Subt
gui_list_expand -id  Hier.1   Testbench_FPU_Add_Subt.uut
gui_wv_zoom_timerange -id  Wave.1 0 72
gui_list_collapse -id  Wave.1   Testbench_FPU_Add_Subt
gui_list_select -id Hier.1 -current_item_name Testbench_FPU_Add_Subt.uut.Add_Subt_Sgf_module_Sgf_AS_sub_34 -current_item_type Scope  -selected  { Testbench_FPU_Add_Subt.uut.Add_Subt_Sgf_module_Sgf_AS_sub_34   }
gui_list_select -id Hier.1 -current_item_name Testbench_FPU_Add_Subt.uut.Add_Subt_Sgf_module_Sgf_AS_add_36 -current_item_type Scope  -selected  { Testbench_FPU_Add_Subt.uut.Add_Subt_Sgf_module_Sgf_AS_add_36   }
gui_list_select -id Hier.1 -current_item_name Testbench_FPU_Add_Subt.uut.Add_Subt_Sgf_module_Sgf_AS_sub_34 -current_item_type Scope  -selected  { Testbench_FPU_Add_Subt.uut.Add_Subt_Sgf_module_Sgf_AS_sub_34   }
gui_list_select -id Hier.1 -current_item_name Testbench_FPU_Add_Subt.uut.Add_Subt_Sgf_module_Sgf_AS_add_36 -current_item_type Scope  -selected  { Testbench_FPU_Add_Subt.uut.Add_Subt_Sgf_module_Sgf_AS_add_36   }
gui_list_select -id Hier.1 -current_item_name Testbench_FPU_Add_Subt.uut.Barrel_Shifter_D_I_mux -current_item_type Scope  -selected  { Testbench_FPU_Add_Subt.uut.Barrel_Shifter_D_I_mux   }
gui_list_select -id Hier.1 -current_item_name Testbench_FPU_Add_Subt.uut.Barrel_Shifter_S_V_mux -current_item_type Scope  -selected  { Testbench_FPU_Add_Subt.uut.Barrel_Shifter_S_V_mux   }
gui_sg_create Barrel_Shifter_S_V_mux
gui_list_add_group -id  Wave.1   {Barrel_Shifter_S_V_mux} 
gui_list_add  -id  Wave.1   -after Barrel_Shifter_S_V_mux {{Testbench_FPU_Add_Subt.uut.Barrel_Shifter_S_V_mux}}
gui_list_collapse -id  Wave.1   Barrel_Shifter_S_V_mux
gui_list_select -id Hier.1 -current_item_name Testbench_FPU_Add_Subt.uut.Barrel_Shifter_D_I_mux -current_item_type Scope  -selected  { Testbench_FPU_Add_Subt.uut.Barrel_Shifter_D_I_mux   }
gui_sg_create Barrel_Shifter_D_I_mux
gui_list_add_group -id  Wave.1   {Barrel_Shifter_D_I_mux} 
gui_list_add  -id  Wave.1   -after Barrel_Shifter_D_I_mux {{Testbench_FPU_Add_Subt.uut.Barrel_Shifter_D_I_mux}}
gui_list_collapse -id  Wave.1   Barrel_Shifter_D_I_mux
gui_list_select -id Hier.1 -current_item_name Testbench_FPU_Add_Subt.uut.Barrel_Shifter_module_Output_Reg_U28 -current_item_type Scope  -selected  { Testbench_FPU_Add_Subt.uut.Barrel_Shifter_module_Output_Reg_U28   }
gui_list_select -id Hier.1 -current_item_name Testbench_FPU_Add_Subt.uut.Exp_Oper_A_mux -current_item_type Scope  -selected  { Testbench_FPU_Add_Subt.uut.Exp_Oper_A_mux   }
gui_list_select -id Hier.1 -current_item_name Testbench_FPU_Add_Subt.uut.Oper_Start_in_module -current_item_type Scope  -selected  { Testbench_FPU_Add_Subt.uut.Oper_Start_in_module   }
gui_sg_create Oper_Start_in_module
gui_list_add_group -id  Wave.1   {Oper_Start_in_module} 
gui_list_add  -id  Wave.1   -after Oper_Start_in_module {{Testbench_FPU_Add_Subt.uut.Oper_Start_in_module}}
gui_list_collapse -id  Wave.1   Oper_Start_in_module
gui_list_select -id Hier.1 -current_item_name Testbench_FPU_Add_Subt.uut.FS_Module -current_item_type Scope  -selected  { Testbench_FPU_Add_Subt.uut.FS_Module   }
gui_sg_create FS_Module
gui_list_add_group -id  Wave.1   {FS_Module} 
gui_list_add  -id  Wave.1   -after FS_Module {{Testbench_FPU_Add_Subt.uut.FS_Module}}
gui_list_collapse -id  Wave.1   FS_Module
gui_list_select -id Hier.1 -current_item_name Testbench_FPU_Add_Subt.uut.Exp_Operation_Module -current_item_type Scope  -selected  { Testbench_FPU_Add_Subt.uut.Exp_Operation_Module   }
gui_sg_create Exp_Operation_Module
gui_list_add_group -id  Wave.1   {Exp_Operation_Module} 
gui_list_add  -id  Wave.1   -after Exp_Operation_Module {{Testbench_FPU_Add_Subt.uut.Exp_Operation_Module}}
gui_list_collapse -id  Wave.1   Exp_Operation_Module
gui_list_select -id Hier.1 -current_item_name Testbench_FPU_Add_Subt.uut.final_result_ieee_Module -current_item_type Scope  -selected  { Testbench_FPU_Add_Subt.uut.final_result_ieee_Module   }
gui_sg_create final_result_ieee_Module
gui_list_add_group -id  Wave.1   {final_result_ieee_Module} 
gui_list_add  -id  Wave.1   -after final_result_ieee_Module {{Testbench_FPU_Add_Subt.uut.final_result_ieee_Module}}
gui_list_collapse -id  Wave.1   final_result_ieee_Module
gui_pane_maximize -id Wave.1
gui_wv_zoom_timerange -id  Wave.1 0 170
gui_sim_continue  
gui_sim_stop 
gui_list_set_filter -id Hier.1 -text {*}
gui_list_expand -id  Wave.1   final_result_ieee_Module
gui_wv_scroll_hslidermove -id  Wave.1 568467934
gui_zoom -window Wave.1 -full
gui_marker_move -id  Wave.1 C1 60745662705
gui_zoom -window Wave.1 -factor 2
gui_zoom -window Wave.1 -factor 2
gui_zoom -window Wave.1 -factor 2
gui_zoom -window Wave.1 -factor 2
gui_zoom -window Wave.1 -factor 2
gui_zoom -window Wave.1 -factor 2
gui_zoom -window Wave.1 -factor 2
gui_zoom -window Wave.1 -factor 2
gui_zoom -window Wave.1 -factor 2
gui_zoom -window Wave.1 -factor 2
gui_zoom -window Wave.1 -factor 2
gui_zoom -window Wave.1 -factor 2
gui_zoom -window Wave.1 -factor 2
gui_zoom -window Wave.1 -factor 2
gui_list_collapse -id  Wave.1   final_result_ieee_Module
gui_list_expand -id  Wave.1   Oper_Start_in_module
gui_list_select -id Wave.1 -selected  { Testbench_FPU_Add_Subt.uut.Oper_Start_in_module.load_b_i   }
gui_list_select -id Wave.1 -selected  { {Testbench_FPU_Add_Subt.uut.Oper_Start_in_module.Data_X_i[31:0]}   }
gui_list_select -id Wave.1 -selected  { {Testbench_FPU_Add_Subt.uut.Oper_Start_in_module.Data_Y_i[31:0]}   }
gui_list_select -id Wave.1 -selected  { Testbench_FPU_Add_Subt.uut.Oper_Start_in_module.eqXY   }
gui_list_select -id Wave.1 -selected  { {Testbench_FPU_Add_Subt.uut.Oper_Start_in_module.intDX[31:0]}   }
gui_list_select -id Wave.1 -selected  { {Testbench_FPU_Add_Subt.uut.Oper_Start_in_module.intDY[31:0]}   }
gui_list_select -id Wave.1 -selected  { Testbench_FPU_Add_Subt.uut.Oper_Start_in_module.sign_result   }
gui_list_select -id Wave.1 -selected  { Testbench_FPU_Add_Subt.uut.Oper_Start_in_module.intAS   }
gui_list_select -id Wave.1 -selected  { Testbench_FPU_Add_Subt.uut.Oper_Start_in_module.add_subt_i   }
gui_list_select -id Wave.1 -selected  { Testbench_FPU_Add_Subt.uut.Oper_Start_in_module.intAS   }
gui_list_select -id Wave.1 -selected  { Testbench_FPU_Add_Subt.uut.Oper_Start_in_module.real_op_o   }
gui_list_select -id Wave.1 -selected  { Testbench_FPU_Add_Subt.uut.Oper_Start_in_module.zero_flag_o   }
gui_list_select -id Wave.1 -selected  { {Testbench_FPU_Add_Subt.uut.Oper_Start_in_module.DmP_o[30:0]}   }
gui_list_select -id Wave.1 -selected  { {Testbench_FPU_Add_Subt.uut.Oper_Start_in_module.DMP_o[30:0]}   }
gui_list_select -id Wave.1 -selected  { {Testbench_FPU_Add_Subt.uut.Oper_Start_in_module.intM[30:0]}   }
gui_list_select -id Wave.1 -selected  { {Testbench_FPU_Add_Subt.uut.Oper_Start_in_module.intm[30:0]}   }
gui_list_select -id Wave.1 -selected  { Testbench_FPU_Add_Subt.uut.Oper_Start_in_module.sign_final_result_o   }
gui_list_select -id Wave.1 -selected  { Testbench_FPU_Add_Subt.uut.Oper_Start_in_module.load_a_i   }
gui_wv_scrollleft -id  Wave.1  line
gui_wv_scrollleft -id  Wave.1  line
gui_wv_scrollleft -id  Wave.1  line
gui_wv_scrollleft -id  Wave.1  line
gui_wv_scrollleft -id  Wave.1  line
gui_wv_scrollleft -id  Wave.1  line
gui_wv_scrollleft -id  Wave.1  line
gui_wv_scrollleft -id  Wave.1  line
gui_wv_scrollleft -id  Wave.1  line
gui_list_select -id Wave.1 -selected  { {Testbench_FPU_Add_Subt.uut.Oper_Start_in_module.Data_X_i[31:0]}   }
gui_list_select -id Wave.1 -selected  { Testbench_FPU_Add_Subt.uut.Oper_Start_in_module.load_b_i   }
gui_list_collapse -id  Wave.1   Oper_Start_in_module
gui_list_expand -id  Wave.1   Barrel_Shifter_S_V_mux
gui_list_collapse -id  Wave.1   Barrel_Shifter_S_V_mux
gui_list_expand -id  Wave.1   Barrel_Shifter_D_I_mux
gui_list_collapse -id  Wave.1   Barrel_Shifter_D_I_mux
gui_list_expand -id  Wave.1   Oper_Start_in_module
gui_list_collapse -id  Wave.1   Oper_Start_in_module
gui_list_expand -id  Wave.1   Barrel_Shifter_D_I_mux
gui_list_collapse -id  Wave.1   Barrel_Shifter_D_I_mux
gui_list_expand -id  Wave.1   Oper_Start_in_module
gui_list_select -id Wave.1 -selected  { Testbench_FPU_Add_Subt.uut.Oper_Start_in_module.real_op_o   }
gui_list_select -id Wave.1 -selected  { Testbench_FPU_Add_Subt.uut.Oper_Start_in_module.intAS   }
gui_list_select -id Wave.1 -selected  { Testbench_FPU_Add_Subt.uut.Oper_Start_in_module.zero_flag_o   }
gui_marker_move -id  Wave.1 C1 60735431572
gui_zoom -window Wave.1 -full
gui_zoom -window Wave.1 -full
gui_zoom -window Wave.1 -full
gui_zoom -window Wave.1 -full
gui_zoom -window Wave.1 -full
gui_zoom -window Wave.1 -full
gui_zoom -window Wave.1 -full
gui_zoom -window Wave.1 -full
gui_zoom -window Wave.1 -full
gui_zoom -window Wave.1 -full
gui_zoom -window Wave.1 -full
gui_zoom -window Wave.1 -full
gui_zoom -window Wave.1 -full
gui_zoom -window Wave.1 -full
gui_zoom -window Wave.1 -full
gui_window_restore -window TopLevel.1
