18:23:26    105 --> ...                      [tcl] ucliGUI::connect -toolargs -ucligui -toolexe simv +v2k +lint=all -a log_name +define+DOUBLE +neg_tchk +sdfverbose -pid 5714 -toolin /tmp/vcs_20161029002323_5713_jsequeira..stdin -toolout /tmp/vcs_20161029002323_5713_jsequeira..stdout  
18:23:26    106 --> ...                          [tcl] set ucliGUI::state
18:23:26    107 --> ...                              [tcl] set dveMisc::dve_log_file 1
18:23:26    108 --> ...                                  [tcl] gui_update_simulator_buttons
18:23:27    109 --> ...                                      [tcl] set ucliGUI::state
18:23:27    110 --> ...                                          [tcl] ucliCore::getToolPID
18:23:27    111 --> ...                                              [tcl] synopsys::env hasTB
18:23:27    112 --> ...                                                  [tcl] trigger_hier_stack_context_switch 0
18:23:27    113 --> ...                                                      [tcl] synUtils::setDVEInitPhase 1
18:23:27    114 --> ...                                                          [tcl] gui_get_env SIMSETUP::SIMVPD
18:23:27    115 --> ...                                                              [tcl] synopsys::dump -type VPD -file /home/local/ESTUDIANTES/jsequeira/Documents/Dise-o-ASIC-FPGA-FPU/ASIC_FLOW/ASIC_cordic_Arch3/integracion_fisica/simulacion_logica_behavioral/DOUBLE/inter.vpd -locking
18:23:27    116 --> ...                                                                  [tcl] synopsys::dump -autoflush on -fid VPD0
18:23:27    117 --> ...                                                                      [tcl] set ::dve_fid VPD0
18:23:27    118 --> ...                                                                          [tcl] synUtils::setDVEInitPhase 0
18:23:27    119 --> ...                                                                              [tcl] ucliCore::getToolPID
18:23:27    120 --> ...                                                                                  [tcl] synUtils::sendTool -active _icl_setToolSocket /tmp/smlnpN8MpDS
18:23:27    121 --> ...                                                                                      [tcl] synUtils::sendTool -active {_icl_start_rpc -version "K-2015.09-SP2-3_Full64" -sync_file /tmp/vcs_dve_rpc.jsequeira.5714}
18:23:27    122 --> ...                                                                                          [tcl] synUtils::sendTool -active {_icl_createSharedMemory /tmp/vcs_dve_general.jsequeira.5714}
18:23:28    123 --> ...                                                                                              [tcl] dveMisc::vbusExpand CORDIC_Arch2
18:23:28    124 --> ...                                                                                                  [tcl] ucliGUI::getSignalValues -scope CORDIC_Arch2 -radix {decimal decimal decimal decimal decimal binary binary binary binary binary hexadecimal hexadecimal hexadecimal binary binary binary hexadecimal decimal decimal decimal decimal hexadecimal hexadecimal } -list {W EW SW SWR EWR clk rst beg_fsm_cordic ack_cordic operation {data_in[31:0]} {shift_region_flag[1:0]} {r_mode[1:0]} ready_cordic overflow_flag underflow_flag {data_output[31:0]} d_var d_iter mode iter_bits {x0[31:0]} {y0[31:0]} }
18:23:28    125 --> ...  [tcl] ucliGUI::getSignalValues -scope CORDIC_Arch2 -radix {binary binary binary binary binary hexadecimal hexadecimal hexadecimal binary binary binary hexadecimal hexadecimal hexadecimal binary binary binary binary binary binary binary binary binary binary binary binary } -list {clk rst beg_fsm_cordic ack_cordic operation {data_in[31:0]} {shift_region_flag[1:0]} {r_mode[1:0]} ready_cordic overflow_flag underflow_flag {data_output[31:0]} {x0[31:0]} {y0[31:0]} reset_reg_cordic enab_d_ff_RB1 enab_d_ff2_RB2 enab_RB3 enab_d_ff4_Xn enab_d_ff4_Yn enab_d_ff4_Zn enab_d_ff5_data_out enab_cont_iter enab_cont_var load_cont_iter load_cont_var }
18:23:28    126 --> ...      [tcl] config endofsim noexit
18:23:28    127 --> ...          [tcl] config onfail enable all
18:23:28    128 --> ...              [tcl] config syscaddplainmembers
18:23:28    129 --> ...                  [tcl] config syscaddsourcenames
18:23:28    130 --> ...                      [tcl] config syscaddstructtypes
18:23:28    131 --> ...                          [tcl] synopsys::listing -disable
18:23:31    132 --> ...                              [tcl] dveMisc::vbusExpand testbench_CORDIC_Arch3
18:23:31    133 --> ...                                  [tcl] ucliGUI::getSignalValues -scope testbench_CORDIC_Arch3 -radix {symbolic symbolic symbolic symbolic binary hexadecimal binary binary binary binary binary binary binary binary binary hexadecimal hexadecimal hexadecimal decimal decimal decimal decimal decimal decimal } -list {{contador[31:0]} {FileSaveData[31:0]} {Cont_CLK[31:0]} {Recept[31:0]} ready_cordic {data_output[63:0]} overflow_flag underflow_flag zero_flag busy clk rst beg_fsm_cordic ack_cordic operation {data_in[63:0]} {shift_region_flag[1:0]} Array_IN PERIOD W EW SW SWR EWR }
18:23:33    134 --> ...                                      [tcl] synopsys::dump -add {testbench_CORDIC_Arch3} -scope "." -depth 1 -fid VPD0
18:23:33    135 --> ...                                          [tcl] synopsys::dump -add {testbench_CORDIC_Arch3.Array_IN } -aggregates  -fid VPD0
18:23:46    136 --> ...                                              [tcl] synopsys::run
18:23:46    137 --> ...                                                  [tcl] set ucliGUI::state
18:23:46    138 --> ...                                                      [tcl] set ucliGUI::state
18:23:46    139 --> ...                                                          [tcl] gui_update_simulator_buttons
18:23:49    140 --> ...                                                              [tcl] set synopsys::env(time) 820295000
18:23:52    141 --> ...                                                                  [tcl] set synopsys::env(time) 1660755000
18:23:55    142 --> ...                                                                      [tcl] set synopsys::env(time) 2478465000
18:23:55    143 --> ...                                                                          [tcl] set ucliGUI::state
18:23:55    144 --> ...                                                                              [tcl] set ucliGUI::state
18:23:55    145 --> ...                                                                                  [tcl] catch {senv activeDomain} dveMisc::result 
18:23:55    146 --> ...                                                                                      [tcl] set dveMisc::result
18:23:55    147 --> ...                                                                                          [tcl] gui_update_simulator_buttons
18:23:55    148 --> ...                                                                                              [tcl] ucliGUI::getSignalValues -scope testbench_CORDIC_Arch3 -radix {symbolic symbolic symbolic symbolic binary hexadecimal binary binary binary binary binary binary binary binary binary hexadecimal hexadecimal hexadecimal decimal decimal decimal decimal decimal decimal } -list {{contador[31:0]} {FileSaveData[31:0]} {Cont_CLK[31:0]} {Recept[31:0]} ready_cordic {data_output[63:0]} overflow_flag underflow_flag zero_flag busy clk rst beg_fsm_cordic ack_cordic operation {data_in[63:0]} {shift_region_flag[1:0]} Array_IN PERIOD W EW SW SWR EWR }
18:24:00    149 --> ...                                                                                                  [tcl] ucliGUI::vpdAddHierarchy -scope CORDIC_Arch2 -depth 1 -file /home/local/ESTUDIANTES/jsequeira/Documents/Dise-o-ASIC-FPGA-FPU/ASIC_FLOW/ASIC_cordic_Arch3/integracion_fisica/simulacion_logica_behavioral/DOUBLE/inter.vpd; synopsys::dump -flush VPD0
18:40:35    150 --> ...  [tcl] if [catch {gui_sim_terminate}] {gui_sim_terminate -kill}
18:40:35    151 --> ...      [tcl] synopsys::finish
18:40:35    152 --> ...          [tcl] set ucliGUI::state
18:40:35    153 --> ...              [tcl] set ucliGUI::state
18:40:35    154 --> ...                  [tcl] catch {senv activeDomain} dveMisc::result 
18:40:35    155 --> ...                      [tcl] set dveMisc::result
18:40:35    156 --> ...                          [tcl] gui_update_simulator_buttons
18:40:35    157 --> ...                              [tcl] catch {senv activeDomain} dveMisc::result 
18:40:35    158 --> ...                                  [tcl] set dveMisc::result
18:40:35    159 --> ...                                      [tcl] ucli_exit
