20:24:16    16 -->                                                             [tcl] ucliGUI::connect -toolargs -ucligui -toolexe simv +v2k +lint=all -a log_name +define+SYN_SINGLE -pid 8818 -toolin /tmp/vcs_20161018022413_8817_jsequeira..stdin -toolout /tmp/vcs_20161018022413_8817_jsequeira..stdout  
20:24:16    17 -->                                                                 [tcl] set ucliGUI::state
20:24:16    18 -->                                                                     [tcl] set dveMisc::dve_log_file 1
20:24:16    19 -->                                                                         [tcl] gui_update_simulator_buttons
20:24:17    20 -->                                                                             [tcl] set ucliGUI::state
20:24:17    21 -->                                                                                 [tcl] ucliCore::getToolPID
20:24:17    22 -->                                                                                     [tcl] synopsys::env hasTB
20:24:17    23 -->                                                                                         [tcl] trigger_hier_stack_context_switch 0
20:24:17    24 -->                                                                                             [tcl] synUtils::setDVEInitPhase 1
20:24:17    25 --> ...  [tcl] gui_get_env SIMSETUP::SIMVPD
20:24:17    26 --> ...      [tcl] synopsys::dump -type VPD -file /home/local/ESTUDIANTES/jsequeira/Documents/Dise-o-ASIC-FPGA-FPU/ASIC_FLOW/ASIC_fpaddsub_arch2/integracion_fisica/simulacion_logica_sintesis/SINGLE/LZD/inter.vpd -locking
20:24:17    27 --> ...          [tcl] synopsys::dump -autoflush on -fid VPD0
20:24:17    28 --> ...              [tcl] set ::dve_fid VPD0
20:24:17    29 --> ...                  [tcl] synUtils::setDVEInitPhase 0
20:24:17    30 --> ...                      [tcl] ucliCore::getToolPID
20:24:17    31 --> ...                          [tcl] synUtils::sendTool -active _icl_setToolSocket /tmp/smlnpqns5rM
20:24:17    32 --> ...                              [tcl] synUtils::sendTool -active {_icl_start_rpc -version "K-2015.09-SP2-3_Full64" -sync_file /tmp/vcs_dve_rpc.jsequeira.8818}
20:24:18    33 --> ...                                  [tcl] synUtils::sendTool -active {_icl_createSharedMemory /tmp/vcs_dve_general.jsequeira.8818}
20:24:18    34 --> ...                                      [tcl] dveMisc::vbusExpand tb_LZD
20:24:18    35 --> ...                                          [tcl] config endofsim noexit
20:24:18    36 --> ...                                              [tcl] config onfail enable all
20:24:18    37 --> ...                                                  [tcl] config syscaddplainmembers
20:24:18    38 --> ...                                                      [tcl] config syscaddsourcenames
20:24:18    39 --> ...                                                          [tcl] config syscaddstructtypes
20:24:18    40 --> ...                                                              [tcl] synopsys::listing -disable
20:24:22    41 --> ...                                                                  [tcl] synopsys::dump -add {tb_LZD} -scope "." -depth 1 -fid VPD0
20:24:25    42 --> ...                                                                      [tcl] synopsys::run
20:24:25    43 --> ...                                                                          [tcl] set ucliGUI::state
20:24:25    44 --> ...                                                                              [tcl] set ucliGUI::state
20:24:26    45 --> ...                                                                                  [tcl] gui_update_simulator_buttons
20:24:29    46 --> ...                                                                                      [tcl] set synopsys::env(time) 31675665000
20:24:32    47 --> ...                                                                                          [tcl] set synopsys::env(time) 63399425000
20:24:32    48 --> ...                                         20:51:24    53 --> ...              [tcl] if [catch {gui_sim_terminate}] {gui_sim_terminate -kill}
20:51:24    54 --> ...                  [tcl] synopsys::finish
20:51:24    55 --> ...                      [tcl] set ucliGUI::state
20:51:24    56 --> ...                          [tcl] set ucliGUI::state
20:51:24    57 --> ...                              [tcl] catch {senv activeDomain} dveMisc::result 
20:51:24    58 --> ...                                  [tcl] set dveMisc::result
20:51:24    59 --> ...                                      [tcl] gui_update_simulator_buttons
20:51:24    60 --> ...                                          [tcl] catch {senv activeDomain} dveMisc::result 
20:51:24    61 --> ...                                              [tcl] set dveMisc::result
20:51:25    62 --> ...                                                  [tcl] ucli_exit
