set ucliGUI::state
set ucliGUI::state
ucliCore::getToolPID
synopsys::env hasTB
trigger_hier_stack_context_switch 0
synUtils::setDVEInitPhase 1
synopsys::dump -type VPD -file /home/local/ESTUDIANTES/jsequeira/Documents/Dise-o-ASIC-FPGA-FPU/ASIC_FLOW/ASIC_cordic_Arch3/integracion_fisica/simulacion_logica_behavioral/SINGLE/inter.vpd -locking
synopsys::dump -autoflush on -fid VPD0
set ::dve_fid VPD0
synUtils::setDVEInitPhase 0
ucliCore::getToolPID
synUtils::sendTool -active _icl_setToolSocket /tmp/smlnpeMXKsm
synUtils::sendTool -active {_icl_start_rpc -version "K-2015.09-SP2-3_Full64" -sync_file /tmp/vcs_dve_rpc.jsequeira.22667}
synUtils::sendTool -active {_icl_createSharedMemory /tmp/vcs_dve_general.jsequeira.22667}
ucliGUI::getSignalValues -scope CORDIC_Arch2 -radix {decimal decimal decimal decimal decimal binary binary binary binary binary hexadecimal hexadecimal hexadecimal binary binary binary hexadecimal decimal decimal decimal decimal hexadecimal hexadecimal } -list {W EW SW SWR EWR clk rst beg_fsm_cordic ack_cordic operation {data_in[31:0]} {shift_region_flag[1:0]} {r_mode[1:0]} ready_cordic overflow_flag underflow_flag {data_output[31:0]} d_var d_iter mode iter_bits {x0[31:0]} {y0[31:0]} }
ucliGUI::getSignalValues -scope CORDIC_Arch2 -radix {binary binary binary binary binary hexadecimal hexadecimal hexadecimal binary binary binary hexadecimal hexadecimal hexadecimal binary binary binary binary binary binary binary binary binary binary binary binary } -list {clk rst beg_fsm_cordic ack_cordic operation {data_in[31:0]} {shift_region_flag[1:0]} {r_mode[1:0]} ready_cordic overflow_flag underflow_flag {data_output[31:0]} {x0[31:0]} {y0[31:0]} reset_reg_cordic enab_d_ff_RB1 enab_d_ff2_RB2 enab_RB3 enab_d_ff4_Xn enab_d_ff4_Yn enab_d_ff4_Zn enab_d_ff5_data_out enab_cont_iter enab_cont_var load_cont_iter load_cont_var }
config endofsim noexit
config onfail enable all
config syscaddplainmembers
config syscaddsourcenames
config syscaddstructtypes
synopsys::listing -disable
ucliGUI::getSignalValues -scope CORDIC_Arch2 -radix {decimal decimal decimal decimal decimal decimal decimal decimal decimal } -list {W EW SW SWR EWR d_var d_iter mode iter_bits }
synopsys::dump -add {testbench_CORDIC_Arch3} -scope "." -depth 1 -fid VPD0
synopsys::dump -add {testbench_CORDIC_Arch3.Array_IN} -aggregates  -fid VPD0
synopsys::run
set ucliGUI::state
set ucliGUI::state
set synopsys::env(time) 1899255000
set ucliGUI::state
set ucliGUI::state
ucliGUI::vpdAddHierarchy -scope CORDIC_Arch2 -depth 1 -file /home/local/ESTUDIANTES/jsequeira/Documents/Dise-o-ASIC-FPGA-FPU/ASIC_FLOW/ASIC_cordic_Arch3/integracion_fisica/simulacion_logica_behavioral/SINGLE/inter.vpd; synopsys::dump -flush VPD0
tcl_source /mnt/vol_NFS_Zener/tools/synopsys/apps/vcs-mx/K-2015.09-SP2-3/gui/dve/auxx/gui/dve/schematic.tcl
tcl_source /mnt/vol_NFS_Zener/tools/synopsys/apps/vcs-mx/K-2015.09-SP2-3/gui/dve/auxx/gui/common/schematic/base.tcl
tcl_source /mnt/vol_NFS_Zener/tools/synopsys/apps/vcs-mx/K-2015.09-SP2-3/gui/dve/auxx/gui/common/schematic/enable.tcl
tcl_source /mnt/vol_NFS_Zener/tools/synopsys/apps/vcs-mx/K-2015.09-SP2-3/gui/dve/auxx/gui/common/schematic/netlist.tcl
tcl_source /mnt/vol_NFS_Zener/tools/synopsys/apps/vcs-mx/K-2015.09-SP2-3/gui/dve/auxx/gui/common/schematic/method.tcl
tcl_source /mnt/vol_NFS_Zener/tools/synopsys/apps/vcs-mx/K-2015.09-SP2-3/gui/dve/auxx/gui/common/strokes/stroke_defaults.tcl
tcl_source /mnt/vol_NFS_Zener/tools/synopsys/apps/vcs-mx/K-2015.09-SP2-3/gui/dve/auxx/gui/common/dialogs/ObjectListInfo.tcl
tcl_source /mnt/vol_NFS_Zener/tools/synopsys/apps/vcs-mx/K-2015.09-SP2-3/gui/dve/auxx/gui/common/schematic/DialogPathSchematicFanInOut.tcl
tcl_source /mnt/vol_NFS_Zener/tools/synopsys/apps/vcs-mx/K-2015.09-SP2-3/gui/dve/auxx/gui/dve/driversloads.tcl
if [catch {gui_sim_terminate}] {gui_sim_terminate -kill}
synopsys::finish
set ucliGUI::state
set ucliGUI::state
ucli_exit
