# Preference setting overrides
gui_set_pref_value -category {Data} -key {showValueAnnotation} -value {true}
gui_set_pref_value -category {Driver} -key {driver_link_to_source} -value {false}
gui_set_pref_value -category {Driver} -key {show_intermediate_drivers} -value {true}
gui_create_pref_key -category {Globals} -key {load_detail_for_funcov} -value_type {bool} -value {false}
gui_set_pref_value -category {List} -key {showgrid} -value {true}
gui_set_pref_value -category {Source} -key {value_annotate} -value {true}
gui_set_pref_value -category {Wave} -key {bringToFront} -value {true}
gui_set_pref_value -category {Wave} -key {isolationShading} -value {false}
gui_set_pref_value -category {Wave} -key {renameOnClick} -value {true}
gui_set_pref_value -category {Wave} -key {showgrid} -value {true}
gui_set_pref_value -category {Wave} -key {toggleShading} -value {true}
gui_set_pref_value -category {Wave} -key {valueFontOption} -value {fixedfont}
gui_set_pref_value -category {Wave} -key {waveRowHeight} -value {17}
gui_set_pref_value -category {Wave} -key {zoomGestureMid} -value {true}
gui_create_pref_category -category {dlg_settings}
gui_create_pref_key -category {dlg_settings} -key {tableWithImmediatePopup} -value_type {bool} -value {true}
gui_create_pref_category -category {schem_obj_name}
gui_create_pref_key -category {schem_obj_name} -key {show_cell_and_pin_with_symbol_name} -value_type {bool} -value {false}
gui_create_pref_key -category {schem_pin_hc} -key {textExtFont} -value_type {string} -value {Helvetica,10,-1,5,50,0,0,0,0,0}

# State setting overrides
gui_state_default_create -off -ini
gui_set_state_value -category Globals -key BackTrace_toolbar -value true
gui_set_state_value -category Globals -key open_list_inside -value true
gui_set_state_value -category Globals -key open_wave_inside -value true
gui_set_state_value -category Globals -key recent_databases -value {{gui_open_db -file /home/local/ESTUDIANTES/jsequeira/Documents/Dise-o-ASIC-FPGA-FPU/ASIC_FLOW/ASIC_fpaddsub_arch2/integracion_fisica/simulacion_logica_behavioral/SINGLE/inter.vpd -design V1}}
gui_set_state_value -category Globals -key recent_sessions -value {{gui_load_session -ignore_errors -file /home/local/ESTUDIANTES/jsequeira/Documents/Dise-o-ASIC-FPGA-FPU/ASIC_FLOW/ASIC_cordic_Arch2/integracion_fisica/simulacion_logica_behavioral/DOUBLE/session.inter.vpd.tcl} {gui_load_session -ignore_errors -file /home/local/ESTUDIANTES/jsequeira/Documents/Dise-o-ASIC-FPGA-FPU/ASIC_FLOW/KOA_FRANCIS/integracion_fisica/simulacion_logica_behavioral/SINGLE/session.inter.vpd.tcl} {gui_load_session -ignore_errors -file /home/local/ESTUDIANTES/jsequeira/Documents/Dise-o-ASIC-FPGA-FPU/ASIC_FLOW/ASIC_fpaddsub_arch3/integracion_fisica/simulacion_logica_sintesis/DOUBLE/FPU_ADD_PIPE_SYN_DOUBLE_v1.tcl -ignore_errors} {gui_load_session -ignore_errors -file /home/local/ESTUDIANTES/jsequeira/Documents/Dise-o-ASIC-FPGA-FPU/ASIC_FLOW/ASIC_fpaddsub_arch3/integracion_fisica/simulacion_logica_sintesis/DOUBLE/FPU_ADD_PIPE_SYN_DOUBLE_v1.tcl} {gui_load_session -ignore_errors -file /home/local/ESTUDIANTES/jsequeira/Documents/Dise-o-ASIC-FPGA-FPU/ASIC_FLOW/ASIC_fpaddsub_arch3/integracion_fisica/simulacion_logica_sintesis/SINGLE/FPU_ADD_PIPE_SYN_SINGLE_v1.tcl -ignore_errors}}
gui_set_state_value -category Globals -key recent_tcl_scripts -value {{gui_dve_source -global /home/local/ESTUDIANTES/jsequeira/Documents/Dise-o-ASIC-FPGA-FPU/ASIC_FLOW/ASIC_fpaddsub_arch2/integracion_fisica/simulacion_logica_sintesis/SINGLE/LZD/session.inter.vpd.tcl} {gui_dve_source -global /home/local/ESTUDIANTES/jsequeira/Documents/Dise-o-ASIC-FPGA-FPU/ASIC_FLOW/ASIC_fpaddsub_arch2/integracion_fisica/simulacion_logica_sintesis/SINGLE/INIT_STAGE/session.inter.vpd.tcl} {gui_dve_source -global /home/local/ESTUDIANTES/jsequeira/Documents/Dise-o-ASIC-FPGA-FPU/ASIC_FLOW/ASIC_fpaddsub_arch2/integracion_fisica/simulacion_logica_behavioral/SINGLE/session.inter2.vpd.tcl} {gui_dve_source -global /home/local/ESTUDIANTES/jsequeira/Documents/Dise-o-ASIC-FPGA-FPU/ASIC_FLOW/ASIC_fpaddsub_arch2/integracion_fisica/simulacion_logica_behavioral/SINGLE/session.inter3.vpd.tcl} {gui_dve_source -global /home/local/ESTUDIANTES/jsequeira/Documents/Dise-o-ASIC-FPGA-FPU/ASIC_FLOW/ASIC_fpaddsub_arch2/integracion_fisica/simulacion_logica_behavioral/SINGLE/session.inter.vpd.tcl}}
gui_set_state_value -category Layout -key child_console_docknewline -value false
gui_set_state_value -category Layout -key child_console_dockstate -value undocked
gui_set_state_value -category Layout -key child_console_showstate -value maximized
gui_set_state_value -category Layout -key child_console_size_x -value 680
gui_set_state_value -category Layout -key child_console_size_y -value 295
gui_set_state_value -category Layout -key child_data_coltype -value 291
gui_set_state_value -category Layout -key child_data_colvalue -value 224
gui_set_state_value -category Layout -key child_data_colvariable -value 489
gui_set_state_value -category Layout -key child_data_docknewline -value false
gui_set_state_value -category Layout -key child_data_dockstate -value undocked
gui_set_state_value -category Layout -key child_data_pos_x -value {-2}
gui_set_state_value -category Layout -key child_data_pos_y -value {-15}
gui_set_state_value -category Layout -key child_data_showstate -value maximized
gui_set_state_value -category Layout -key child_data_size_x -value 1028
gui_set_state_value -category Layout -key child_data_size_y -value 563
gui_set_state_value -category Layout -key child_driver_size_x -value 1363
gui_set_state_value -category Layout -key child_driver_size_y -value 213
gui_set_state_value -category Layout -key child_hier_col3 -value {-1}
gui_set_state_value -category Layout -key child_hier_colhier -value 748
gui_set_state_value -category Layout -key child_hier_colpd -value 0
gui_set_state_value -category Layout -key child_hier_coltype -value 272
gui_set_state_value -category Layout -key child_hier_docknewline -value false
gui_set_state_value -category Layout -key child_hier_dockstate -value undocked
gui_set_state_value -category Layout -key child_hier_pos_x -value {-2}
gui_set_state_value -category Layout -key child_hier_pos_y -value {-15}
gui_set_state_value -category Layout -key child_hier_showstate -value maximized
gui_set_state_value -category Layout -key child_hier_size_x -value 1028
gui_set_state_value -category Layout -key child_hier_size_y -value 563
gui_set_state_value -category Layout -key child_hier_sort_order -value 1
gui_set_state_value -category Layout -key child_list_docknewline -value false
gui_set_state_value -category Layout -key child_list_down -value 296
gui_set_state_value -category Layout -key child_list_pos_x -value {-2}
gui_set_state_value -category Layout -key child_list_pos_y -value {-18}
gui_set_state_value -category Layout -key child_list_right -value 1204
gui_set_state_value -category Layout -key child_list_size_x -value 1364
gui_set_state_value -category Layout -key child_list_size_y -value 444
gui_set_state_value -category Layout -key child_schematic_docknewline -value false
gui_set_state_value -category Layout -key child_schematic_pos_x -value {-2}
gui_set_state_value -category Layout -key child_schematic_pos_y -value {-15}
gui_set_state_value -category Layout -key child_schematic_size_x -value 1028
gui_set_state_value -category Layout -key child_schematic_size_y -value 563
gui_set_state_value -category Layout -key child_source_docknewline -value false
gui_set_state_value -category Layout -key child_source_pos_x -value {-2}
gui_set_state_value -category Layout -key child_source_pos_y -value {-15}
gui_set_state_value -category Layout -key child_source_size_x -value 1028
gui_set_state_value -category Layout -key child_source_size_y -value 563
gui_set_state_value -category Layout -key child_watch_size_x -value 904
gui_set_state_value -category Layout -key child_watch_size_y -value 177
gui_set_state_value -category Layout -key child_wave_colname -value 300
gui_set_state_value -category Layout -key child_wave_colvalue -value 160
gui_set_state_value -category Layout -key child_wave_docknewline -value false
gui_set_state_value -category Layout -key child_wave_left -value 465
gui_set_state_value -category Layout -key child_wave_pos_x -value {-2}
gui_set_state_value -category Layout -key child_wave_pos_y -value {-15}
gui_set_state_value -category Layout -key child_wave_right -value 553
gui_set_state_value -category Layout -key child_wave_size_x -value 1028
gui_set_state_value -category Layout -key child_wave_size_y -value 563
gui_set_state_value -category Layout -key main_pos_x -value 2
gui_set_state_value -category Layout -key main_pos_y -value 51
gui_set_state_value -category Layout -key main_size_x -value 1025
gui_set_state_value -category Layout -key main_size_y -value 742
gui_set_state_value -category Layout -key stand_list_child_docknewline -value false
gui_set_state_value -category Layout -key stand_list_child_pos_x -value {-2}
gui_set_state_value -category Layout -key stand_list_child_pos_y -value {-20}
gui_set_state_value -category Layout -key stand_list_child_size_x -value 604
gui_set_state_value -category Layout -key stand_list_child_size_y -value 284
gui_set_state_value -category Layout -key stand_list_top_pos_y -value 52
gui_set_state_value -category Layout -key stand_list_top_size_x -value 1099
gui_set_state_value -category Layout -key stand_list_top_size_y -value 551
gui_set_state_value -category Layout -key stand_schematic_child_docknewline -value false
gui_set_state_value -category Layout -key stand_schematic_child_pos_x -value {-2}
gui_set_state_value -category Layout -key stand_schematic_child_pos_y -value {-20}
gui_set_state_value -category Layout -key stand_schematic_child_size_x -value 1364
gui_set_state_value -category Layout -key stand_schematic_child_size_y -value 381
gui_set_state_value -category Layout -key stand_schematic_top_pos_x -value 0
gui_set_state_value -category Layout -key stand_schematic_top_pos_y -value 52
gui_set_state_value -category Layout -key stand_schematic_top_size_x -value 1359
gui_set_state_value -category Layout -key stand_schematic_top_size_y -value 563
gui_set_state_value -category Layout -key stand_wave_child_docknewline -value false
gui_set_state_value -category Layout -key stand_wave_child_pos_x -value {-2}
gui_set_state_value -category Layout -key stand_wave_child_pos_y -value {-15}
gui_set_state_value -category Layout -key stand_wave_child_size_x -value 1028
gui_set_state_value -category Layout -key stand_wave_child_size_y -value 563
gui_set_state_value -category Layout -key stand_wave_top_pos_x -value 4
gui_set_state_value -category Layout -key stand_wave_top_pos_y -value 52
gui_set_state_value -category Layout -key stand_wave_top_size_x -value 1027
gui_set_state_value -category Layout -key stand_wave_top_size_y -value 743
gui_set_state_value -category Driver -key driver_add_to_wave -value true
gui_create_state_key -category FindDialog -key m_pMatchCase -value_type bool -value false
gui_create_state_key -category FindDialog -key m_pMatchWord -value_type bool -value false
gui_create_state_key -category FindDialog -key m_pUseCombo -value_type string -value {}
gui_create_state_key -category FindDialog -key m_pWrapAround -value_type bool -value true
gui_create_state_key -category Widget_History -key {dlgSimSetup|m_setupTab|tab pages|SimTab|m_VPDCombo} -value_type string -value inter.vpd
gui_create_state_key -category Widget_History -key {dlgSimSetup|m_setupTab|tab pages|SimTab|m_argsCombo} -value_type string -value {{+v2k +lint=all -a log_name +define+SINGLE +neg_tchk +sdfverbose} {-ucligui +v2k +lint=all -l log_name +define+SINGLE +define+FRANCIS_LZD=1} {+v2k +lint=all -a log_name +define+SYN_SINGLE} {+v2k +lint=all -a log_name +define+SINGLE=1 +define+FRANCIS_LZD=1} {+v2k +lint=all -a log_name +define+SINGLE}}
gui_create_state_key -category Widget_History -key {dlgSimSetup|m_setupTab|tab pages|SimTab|m_curDirCombo} -value_type string -value {/home/local/ESTUDIANTES/jsequeira/Documents/Dise-o-ASIC-FPGA-FPU/ASIC_FLOW/ASIC_cordic_Arch3/integracion_fisica/simulacion_logica_sintesis/SINGLE /home/local/ESTUDIANTES/jsequeira/Documents/Dise-o-ASIC-FPGA-FPU/ASIC_FLOW/ASIC_fpaddsub_arch3/integracion_fisica/simulacion_logica_behavioral/SINGLE /home/local/ESTUDIANTES/jsequeira/Documents/Dise-o-ASIC-FPGA-FPU/ASIC_FLOW/ASIC_fpaddsub_arch2/integracion_fisica/simulacion_logica_sintesis/SINGLE/INIT_STAGE_ALONE /home/local/ESTUDIANTES/jsequeira/Documents/Dise-o-ASIC-FPGA-FPU/ASIC_FLOW/ASIC_fpaddsub_arch2/integracion_fisica/simulacion_logica_behavioral/SINGLE /home/local/ESTUDIANTES/jsequeira/Documents/Dise-o-ASIC-FPGA-FPU/ASIC_FLOW/ASIC_fpaddsub_arch2/integracion_fisica/simulacion_logica_sintesis/SINGLE}
gui_create_state_key -category Widget_History -key {dlgSimSetup|m_setupTab|tab pages|SimTab|m_exeCombo} -value_type string -value {simv /home/local/ESTUDIANTES/jsequeira/Documents/Dise-o-ASIC-FPGA-FPU/ASIC_FLOW/ASIC_fpaddsub_arch3/integracion_fisica/simulacion_logica_behavioral/SINGLE/simv /home/local/ESTUDIANTES/jsequeira/Documents/Dise-o-ASIC-FPGA-FPU/ASIC_FLOW/ASIC_fpaddsub_arch2/integracion_fisica/simulacion_logica_sintesis/SINGLE/simv /home/local/ESTUDIANTES/jsequeira/Documents/Dise-o-ASIC-FPGA-FPU/ASIC_FLOW/ASIC_fpaddsub_arch2/integracion_fisica/simulacion_logica_sintesis/SINGLE/LZD/simv /home/local/ESTUDIANTES/jsequeira/Documents/Dise-o-ASIC-FPGA-FPU/ASIC_FLOW/ASIC_fpaddsub_arch2/integracion_fisica/simulacion_logica_behavioral/BARREL_SHIFTER/simv}
gui_state_default_create -off

# Begin command logging
gui_sim_run Ucli -exe ./simv -args {-ucligui  } -dir .
gui_close_window -window  HSPane.1
gui_close_window -window  DLPane.1
gui_default_layout -window TopLevel.1
gui_window_maximized -clear
gui_wv_zoom_timerange -id  Wave.1 0 176
gui_open_window Source
gui_open_window Hier TopLevel.1
gui_list_select -id Hier.1 -current_item_name testbench_CORDIC_Arch3 -current_item_type Scope  -selected  { testbench_CORDIC_Arch3   }
gui_list_add -id Wave.1 -from Hier.1 { testbench_CORDIC_Arch3 } -insertionbar
gui_list_select -id Wave.1 -selected  { {testbench_CORDIC_Arch3.EWR[31:0]}   }
gui_sim_continue  
gui_zoom -window Wave.1 -full
gui_marker_move -id  Wave.1 C1 1217855000
gui_zoom -window Wave.1 -factor 2
gui_zoom -window Wave.1 -factor 2
gui_zoom -window Wave.1 -factor 2
gui_zoom -window Wave.1 -factor 2
gui_zoom -window Wave.1 -factor 2
gui_zoom -window Wave.1 -factor 2
gui_zoom -window Wave.1 -factor 2
gui_zoom -window Wave.1 -factor 2
gui_marker_select -id  Wave.1 { C1 }
gui_get_drivers -id Wave.1 -signal {testbench_CORDIC_Arch3.Recept[31:0]}
gui_wv_scroll_hslidermove -id  Wave.1 62632
gui_wv_scroll_hslidermove -id  Wave.1 62554
gui_wv_scroll_hslidermove -id  Wave.1 62476
gui_wv_scroll_hslidermove -id  Wave.1 62398
gui_wv_scroll_hslidermove -id  Wave.1 62320
gui_wv_scroll_hslidermove -id  Wave.1 62398
gui_wv_scroll_hslidermove -id  Wave.1 62476
gui_marker_move -id  Wave.1 C1 1212685000
gui_zoom -window Wave.1 -factor 2
gui_zoom -window Wave.1 -factor 2
gui_zoom -window Wave.1 -factor 2
gui_zoom -window Wave.1 -factor 2
gui_zoom -window Wave.1 -factor 2
gui_zoom -window Wave.1 -factor 2
gui_zoom -window Wave.1 -factor 2
gui_marker_move -id  Wave.1 C1 1212688329
gui_list_expand -id  Hier.1   testbench_CORDIC_Arch3
gui_use_schematics 
gui_sch_show -name testbench_CORDIC_Arch3
gui_zoom -window Schematic.1 -rect { {-22107 -4162} {32160 14215} }
gui_zoom -window Schematic.1 -rect { {-54345 -57800} {130313 4734} }
gui_zoom -window Schematic.1 -rect { {-54345 -57800} {130313 4734} }
gui_zoom -window Schematic.1 -rect { {-54345 -57800} {130313 4734} }
gui_zoom -window Schematic.1 -rect { {-59340 -59571} {135037 6253} }
gui_zoom -window Schematic.1 -rect { {-64302 -61120} {140305 8169} }
gui_zoom -window Schematic.1 -rect { {-69837 -63040} {145539 9896} }
gui_zoom -window Schematic.1 -rect { {-75324 -64925} {151387 11849} }
gui_zoom -window Schematic.1 -rect { {-70012 -63054} {145903 10064} }
gui_zoom -window Schematic.1 -rect { {-64830 -61344} {140804 8293} }
gui_zoom -window Schematic.1 -rect { {-59983 -59784} {135859 6537} }
gui_zoom -window Schematic.1 -rect { {-55264 -58177} {131252 4986} }
gui_zoom -window Schematic.1 -rect { {-50859 -53179} {126775 6976} }
gui_zoom -window Schematic.1 -rect { {-46579 -48654} {122596 8636} }
gui_zoom -window Schematic.1 -rect { {-42591 -44249} {118528 10313} }
gui_zoom -window Schematic.1 -rect { {-38724 -40130} {114723 11834} }
gui_zoom -window Schematic.1 -rect { {-35129 -36142} {111011 13348} }
gui_zoom -window Schematic.1 -rect { {-31649 -32572} {107532 14561} }
gui_zoom -window Schematic.1 -rect { {-28421 -32691} {104132 12197} }
gui_zoom -window Schematic.1 -rect { {-25177 -32855} {101064 9896} }
gui_zoom -window Schematic.1 -rect { {-22178 -33058} {98052 7657} }
gui_zoom -window Schematic.1 -rect { {-19292 -33298} {95212 5479} }
gui_zoom -window Schematic.1 -rect { {-16631 -33569} {92421 3361} }
gui_zoom -window Schematic.1 -rect { {-11654 -32957} {87484 616} }
gui_zoom -window Schematic.1 -rect { {-9308 -33079} {85109 -1105} }
gui_zoom -window Schematic.1 -rect { {-9308 -42672} {85109 -10698} }
gui_zoom -window Schematic.1 -rect { {-9308 -52264} {85109 -20290} }
gui_zoom -window Schematic.1 -rect { {-9308 -57530} {85109 -25556} }
gui_zoom -window Schematic.1 -rect { {-9308 -47938} {85109 -15964} }
gui_zoom -window Schematic.1 -rect { {-9308 -38346} {85109 -6372} }
gui_zoom -window Schematic.1 -rect { {-11783 -40024} {87604 -6367} }
gui_zoom -window Schematic.1 -rect { {-14388 -41826} {90230 -6398} }
gui_zoom -window Schematic.1 -rect { {-17125 -43757} {92999 -6464} }
gui_zoom -window Schematic.1 -rect { {-19994 -45702} {95926 -6447} }
gui_list_action -id  Hier.1 testbench_CORDIC_Arch3
