18:49:46    105 --> ...                      [tcl] ucliGUI::connect -toolargs -ucligui -toolexe simv +v2k +lint=all -a log_name +define+SINGLE +define+ACAIN16Q4 +neg_tchk -pid 16846 -toolin /tmp/vcs_20161120004943_16845_jsequeira..stdin -toolout /tmp/vcs_20161120004943_16845_jsequeira..stdout  
18:49:46    106 --> ...                          [tcl] set ucliGUI::state
18:49:46    107 --> ...                              [tcl] set dveMisc::dve_log_file 1
18:49:46    108 --> ...                                  [tcl] gui_update_simulator_buttons
18:49:48    109 --> ...                                      [tcl] set ucliGUI::state
18:49:48    110 --> ...                                          [tcl] ucliCore::getToolPID
18:49:48    111 --> ...                                              [tcl] synopsys::env hasTB
18:49:48    112 --> ...                                                  [tcl] trigger_hier_stack_context_switch 0
18:49:48    113 --> ...                                                      [tcl] synUtils::setDVEInitPhase 1
18:49:48    114 --> ...                                                          [tcl] gui_get_env SIMSETUP::SIMVPD
18:49:48    115 --> ...                                                              [tcl] synopsys::dump -type VPD -file /mnt/vol_NFS_Zener/WD_ESPEC/jsequeira/Documents/Dise-o-ASIC-FPGA-FPU/ASIC_FLOW/ASIC_fpaddsub_approximate/integracion_fisica/simulacion_logica_behavioral/SINGLE/inter.vpd -locking
18:49:48    116 --> ...                                                                  [tcl] synopsys::dump -autoflush on -fid VPD0
18:49:48    117 --> ...                                                                      [tcl] set ::dve_fid VPD0
18:49:48    118 --> ...                                                                          [tcl] synUtils::setDVEInitPhase 0
18:49:48    119 --> ...                                                                              [tcl] ucliCore::getToolPID
18:49:48    120 --> ...                                                                                  [tcl] synUtils::sendTool -active _icl_setToolSocket /tmp/smlnpoLSuiL
18:49:48    121 --> ...                                                                                      [tcl] synUtils::sendTool -active {_icl_start_rpc -version "K-2015.09-SP2-3_Full64" -sync_file /tmp/vcs_dve_rpc.jsequeira.16846}
18:49:48    122 --> ...                                                                                          [tcl] synUtils::sendTool -active {_icl_createSharedMemory /tmp/vcs_dve_general.jsequeira.16846}
18:49:48    123 --> ...                                                                                              [tcl] dveMisc::vbusExpand Round_Sgf_Dec
18:49:48    124 --> ...                                                                                                  [tcl] config endofsim noexit
18:49:48    125 --> ...  [tcl] config onfail enable all
18:49:48    126 --> ...      [tcl] config syscaddplainmembers
18:49:48    127 --> ...          [tcl] config syscaddsourcenames
18:49:48    128 --> ...              [tcl] config syscaddstructtypes
18:49:48    129 --> ...                  [tcl] synopsys::listing -disable
18:49:48    130 --> ...                      [tcl] ucliGUI::getSignalValues -scope Round_Sgf_Dec -radix {hexadecimal hexadecimal binary binary } -list {{Data_i[1:0]} {Round_Type_i[1:0]} Sign_Result_i Round_Flag_o }
18:49:50    131 --> ...                          [tcl] if [catch {gui_sim_terminate}] {gui_sim_terminate -kill}
18:49:50    132 --> ...                              [tcl] synopsys::finish
18:49:50    133 --> ...                                  [tcl] set ucliGUI::state
18:49:50    134 --> ...                                      [tcl] set ucliGUI::state
18:49:50    135 --> ...                                          [tcl] catch {senv activeDomain} dveMisc::result 
18:49:50    136 --> ...                                              [tcl] set dveMisc::result
18:49:50    137 --> ...                                                  [tcl] gui_update_simulator_buttons
18:49:50    138 --> ...                                                      [tcl] catch {senv activeDomain} dveMisc::result 
18:49:50    139 --> ...                                                          [tcl] set dveMisc::result
18:49:50    140 --> ...                                                              [tcl] ucli_exit
