Vivado Simulator 2016.2
Time resolution is 1 ps
       1       1              x              1              1              1
       1       1              1              1              1              1
       1       4              1              4              4              4
       1       4              4              4              4              4
       2       6              4             12             12             12
       2       6             12             12             12             12
       3       8             12             24             24             24
       3       8             24             24             24             24
       4      10             24             40             40             40
       4      10             40             40             40             40
       5      12             40             60             60             60
       5      12             60             60             60             60
       6      14             60             84             84             84
       6      14             84             84             84             84
       7      16             84            112            112            112
       7      16            112            112            112            112
       8      18            112            144            144            144
       8      18            144            144            144            144
       9      20            144            180            180            180
       9      20            180            180            180            180
      10      22            180            220            220            220
      10      22            220            220            220            220
      11      24            220            264            264            264
      11      24            264            264            264            264
      12      26            264            312            312            312
      12      26            312            312            312            312
      13      28            312            364            364            364
      13      28            364            364            364            364
      14      30            364            420            420            420
      14      30            420            420            420            420
      15      32            420            480            480            480
      15      32            480            480            480            480
      16      34            480            544            544            544
      16      34            544            544            544            544
      17      36            544            612            612            612
      17      36            612            612            612            612
      18      38            612            684            684            684
      18      38            684            684            684            684
      19      40            684            760            760            760
