17:51:18    105 --> ...                      [tcl] ucliGUI::connect -toolargs -ucligui -toolexe simv +v2k +lint=all -a log_name +define+SINGLE +neg_tchk +sdfverbose -pid 31063 -toolin /tmp/vcs_20161026235115_31006_jsequeira..stdin -toolout /tmp/vcs_20161026235115_31006_jsequeira..stdout  
17:51:18    106 --> ...                          [tcl] set ucliGUI::state
17:51:18    107 --> ...                              [tcl] set dveMisc::dve_log_file 1
17:51:18    108 --> ...                                  [tcl] gui_update_simulator_buttons
17:51:19    109 --> ...                                      [tcl] set ucliGUI::state
17:51:19    110 --> ...                                          [tcl] ucliCore::getToolPID
17:51:19    111 --> ...                                              [tcl] synopsys::env hasTB
17:51:19    112 --> ...                                                  [tcl] trigger_hier_stack_context_switch 0
17:51:19    113 --> ...                                                      [tcl] synUtils::setDVEInitPhase 1
17:51:19    114 --> ...                                                          [tcl] gui_get_env SIMSETUP::SIMVPD
17:51:19    115 --> ...                                                              [tcl] synopsys::dump -type VPD -file /home/local/ESTUDIANTES/jsequeira/Documents/Dise-o-ASIC-FPGA-FPU/ASIC_FLOW/ASIC_KOA/integracion_fisica/simulacion_logica_behavioral/SINGLE/inter.vpd -locking
17:51:19    116 --> ...                                                                  [tcl] synopsys::dump -autoflush on -fid VPD0
17:51:19    117 --> ...                                                                      [tcl] set ::dve_fid VPD0
17:51:19    118 --> ...                                                                          [tcl] synUtils::setDVEInitPhase 0
17:51:19    119 --> ...                                                                              [tcl] ucliCore::getToolPID
17:51:19    120 --> ...                                                                                  [tcl] synUtils::sendTool -active _icl_setToolSocket /tmp/smlnp7ABELX
17:51:19    121 --> ...                                                                                      [tcl] synUtils::sendTool -active {_icl_start_rpc -version "K-2015.09-SP2-3_Full64" -sync_file /tmp/vcs_dve_rpc.jsequeira.31063}
17:51:19    122 --> ...                                                                                          [tcl] synUtils::sendTool -active {_icl_createSharedMemory /tmp/vcs_dve_general.jsequeira.31063}
17:51:19    123 --> ...                                                                                              [tcl] dveMisc::vbusExpand tb_multiplier
17:51:20    124 --> ...                                                                                                  [tcl] ucliGUI::getSignalValues -scope tb_multiplier -radix {binary decimal hexadecimal hexadecimal hexadecimal binary binary symbolic decimal } -list {clk SW {a[23:0]} {b[23:0]} {KOA_Simple[47:0]} rst load_b_i {i[31:0]} cycles }
17:51:20    125 --> ...  [tcl] ucliGUI::getSignalValues -scope tb_multiplier -radix {symbolic hexadecimal binary hexadecimal hexadecimal binary binary decimal decimal } -list {{i[31:0]} {KOA_Simple[47:0]} clk {a[23:0]} {b[23:0]} rst load_b_i SW cycles }
17:51:20    126 --> ...      [tcl] config endofsim noexit
17:51:20    127 --> ...          [tcl] config onfail enable all
17:51:20    128 --> ...              [tcl] config syscaddplainmembers
17:51:20    129 --> ...                  [tcl] config syscaddsourcenames
17:51:20    130 --> ...                      [tcl] config syscaddstructtypes
17:51:20    131 --> ...                          [tcl] synopsys::listing -disable
17:51:29    132 --> ...                              [tcl] synopsys::dump -add {tb_multiplier} -scope "." -depth 1 -fid VPD0
17:51:35    133 --> ...                                  [tcl] synopsys::run
17:51:35    134 --> ...                                      [tcl] set ucliGUI::state
17:51:35    135 --> ...                                          [tcl] set ucliGUI::state
17:51:35    136 --> ...                                              [tcl] set ucliGUI::state
17:51:35    137 --> ...                                                  [tcl] set ucliGUI::state
17:51:35    138 --> ...                                                      [tcl] catch {senv activeDomain} dveMisc::result 
17:51:35    139 --> ...                                                          [tcl] set dveMisc::result
17:51:35    140 --> ...                                                              [tcl] gui_update_simulator_buttons
17:51:35    141 --> ...                                                                  [tcl] ucliGUI::getSignalValues -scope tb_multiplier -radix {symbolic hexadecimal binary hexadecimal hexadecimal binary binary decimal decimal } -list {{i[31:0]} {KOA_Simple[47:0]} clk {a[23:0]} {b[23:0]} rst load_b_i SW cycles }
18:02:22    142 --> ...                                                                      [tcl] ucliGUI::getSignalValues -scope tb_multiplier -radix {decimal } -list {{a[23:0]} }
18:02:22    143 --> ...                                                                          [tcl] ucliGUI::getSignalValues -scope tb_multiplier -radix {decimal } -list {{b[23:0]} }
18:02:22    144 --> ...                                                                              [tcl] ucliGUI::getSignalValues -scope tb_multiplier -radix {decimal } -list {{KOA_Simple[47:0]} }
18:03:37    145 --> ...                                                                                  [tcl] if [catch {gui_sim_terminate}] {gui_sim_terminate -kill}
18:03:37    146 --> ...                                                                                      [tcl] synopsys::finish
18:03:37    147 --> ...                                                                                          [tcl] set ucliGUI::state
18:03:37    148 --> ...                                                                                              [tcl] set ucliGUI::state
18:03:37    149 --> ...                                                                                                  [tcl] catch {senv activeDomain} dveMisc::result 
18:03:37    150 --> ...  [tcl] set dveMisc::result
18:03:37    151 --> ...      [tcl] gui_update_simulator_buttons
18:03:37    152 --> ...          [tcl] catch {senv activeDomain} dveMisc::result 
18:03:37    153 --> ...              [tcl] set dveMisc::result
18:03:37    154 --> ...                  [tcl] ucli_exit
