Chronologic VCS simulator copyright 1991-2015
Contains Synopsys proprietary information.
Compiler version K-2015.09-SP2-3_Full64; Runtime version K-2015.09-SP2-3_Full64;  Nov 13 20:29 2016
Doing SDF annotation ...... Done
VCD+ Writer K-2015.09-SP2-3_Full64 Copyright (c) 1991-2015 by Synopsys Inc.
The file '/mnt/vol_NFS_Zener/WD_ESPEC/jsequeira/Documents/Dise-o-ASIC-FPGA-FPU/ASIC_FLOW/ASIC_fpu/integracion_fisica/simulacion_logica_sintesis/MULT_DW1/DOUBLE/inter.vpd' was opened successfully.
           V C S   S i m u l a t i o n   R e p o r t 
Time: 0 ps
CPU Time:      0.160 seconds;       Data structure size:   4.1Mb
Sun Nov 13 20:29:29 2016
Chronologic VCS simulator copyright 1991-2015
Contains Synopsys proprietary information.
Compiler version K-2015.09-SP2-3_Full64; Runtime version K-2015.09-SP2-3_Full64;  Nov 13 20:29 2016
Doing SDF annotation ...... Done
VCD+ Writer K-2015.09-SP2-3_Full64 Copyright (c) 1991-2015 by Synopsys Inc.
The file '/mnt/vol_NFS_Zener/WD_ESPEC/jsequeira/Documents/Dise-o-ASIC-FPGA-FPU/ASIC_FLOW/ASIC_fpu/integracion_fisica/simulacion_logica_sintesis/MULT_DW1/DOUBLE/inter.vpd' was opened successfully.
------------------------OP--------------------------
------------------------    --------------------------
------------------------OP--------------------------
0000000000000000

0.000000

bf8ca9195bc250f1

109390282998415360.000000

bfa9abb122eb3c45

0.000000

bfd41c7a32a00a26

0.000000

3f8d76e5302f63b8

0.000000

3feab938864318ae

-0.000000

3fe7cceafa335c28

-232822572121942667439866432951681024.000000

3ff477a9e61afd7b

-182980081924160136151040.000000

3fb15635c6afe79f

-22515.810547

bfea8deec0b40aca

-5.626317

bfe35817399f1900

0.000303

bfddcd21b21b8c73

-0.000000

bfd6499908273040

0.000000

bf60928dd5fbd380

-34610725519360.000000

3fb9b895773d1ce7

3835665294677833842289525148090368.000000

3fd259fa80f980a9

-0.000000

bff338534cb7756e

96185200.000000

bfe3d997fd0103f6

-10718186113724515649900062080560529408.000000

c0220eaa3c23e8ac

0.010004

c03c567699869cdd

-0.000000

bfffd722d4e6abac

-7925781233664.000000

c029c2d597b5488c

-0.000000

3ff33f9298c1b2bb

-0.000000

bfed0ce1ff279145

-222735357826831152746331953394893193216.000000

4017ab9b405d00e0

3.453178

3ffc4b26353b23ab

0.000001

c03b8d7825f284a1

0.000000

404e7921149a0861

0.000000

c04183e4dceb533b

-529905059161440256.000000

4017091e9461727d

-0.000000

c02acfae9f4377cb

-0.000000

bff5d91d6e621fbb

17495493000641083914967842816.000000

4012025c52a7101e

358764969984.000000

c05bacd0e789d364

-1301727353824195804921856.000000

4028014b79786170

80604118012649566344531028121485312.000000

402736e64d030ed3

137424176.000000

403e215b10c97496

0.000000

4039b821c16b4ebe

-14.706724

404018264696ed60

19318.687500

c006fbbb3382167a

0.000000

c04703378af0140a

-0.000000

c05a44339bc9c1b1

-0.000000

405aeaf3cf212d01

-2704081152.000000

c008719438b8a4b6

0.000088

407e737972abf6fe

6812228084756717365606343507968.000000

c03fcbdfafaae6eb

-0.000000

4040cdebe7c903bf

-1898529532578962121687040.000000

c05a34e083b64029

-0.000000

40397e363ecb6762

0.397273

bfbd14f70d4b871b

0.000000

402870db3df8a082

0.121400

404701218ca2085b

-0.000000

c0440086e5246aba

-48527303798432880132096.000000

400a46d4383a6c43

0.000044

404b66d9eb6e1696

-287831004142515932207513600.000000

3fd7f6c1825ec70d

-0.000000

c06933669d4386ae

-0.000000

c0858d26420dc449

35.441685

c0741a02ba345548

-0.000688

3fda2594e27cd556

-1165987995238220693504.000000

c05530010cc57cdc

0.000000

c0708e0258ae5dfc

1533749464399872.000000

4067201d55fc521d

34678700507136.000000

4033ff74822a5e9a

-0.000000

c0659a4cd32b974d

-736977813504.000000

40498849bd98fd3c

-0.074702

40489bd587e865a1

-0.000000

c0170cabb865d742

-0.000055

407a56036a0a4bc4

41797389038718124143149056.000000

c02322b3bd0e1657

-0.034689

404d351f3594de0c

0.000001

3fe626ecf03716e4

-226653719459583054790348767232.000000

c03e9a7a032f73e2

0.000000

c00d1c99806b8a92

-0.000000

c0534bd334677e25

0.000000

c05180691d898a78

0.000000

3feaa88424f5737b

0.000000

406da3551ae8aa1c

0.000000

c07a19c97f5aa94d

290650762995743527340874236959102337024.000000

4053955ff34d0450

-16243107969529043757285385437184.000000

409450099b48c215

-0.000000

c07deecc0ff55ee9

0.000000

405eaac177ff1d05

10348627226138277461244210952798208.000000

c02cd0294201a3e2

32.410042

4035ffa74f22a672

2728817152.000000

408b89149ac7ece9

-0.000000

c06ca408f7b1ee47

-7217729551920875785771612794519552.000000

4076fddd2e8f8f22

0.000000

408b8d996072ffcf

70039765900586909696.000000

c062b32e806af584

-0.000000

405c082a6727e9b8

792946552605708054953984.000000

c0374fe135d63d94

0.000002

c07267dfa7365165

-0.000000

bffb2f43cbbe69a9

-24957778.000000

c0301c1cb71f343c

-0.000009

406ef576f5bd3704

-479716775246061191759243788681216.000000

c06406ce437ad9cc

250.850769

c0737239069d69cb

0.000000

405f18d07eb005d8

116987234871456128265012133848632262656.000000

4048f8daa558bacb

-0.000000

bfff8c109bd0c406

-0.000000

c05bd267c4757b24

-981.924072

c06f2ec4f97097ea

-78077026830533648183520752702586880.000000

4087deb5af35e2ee

-0.000000

406ade6e35ddbdcf

0.000002

c03343ac8b25b54d

-0.000000

40919a9745b359ad

5739.209473

c068fe2de2da9b2e

-2016286041496744886272.000000

c07d5c6e57f25a4f

532939372756992.000000

c0876df945813a0c

4135.255859

406933025517af0e

10423631872000.000000

c06ca2cf70430901

241441847879621211734199500800.000000

c05c9adfc7ca0342

-103430.515625

406668ffb78c33fc

-0.000017

408d6f8f7df3f4c5

40534164880488621804507509295119597568.000000

40844de73ae4ae44

0.001745

4073431d75973568

383359391150709957974455018848256.000000

c0641c8d305fb726

0.000000

c0656aa1dc4cc4c3

-230548948186562560.000000

403b33df3ad35eff

0.001613

40421cc3698f2b3e

21635074707723492089921536.000000

c04ada4635913ad5

0.000001

4072f42e54a27a47

5582689402880.000000

407c8903599cdf08

5519415227449344.000000

c05095a53ce206e6

0.027591

c08b7e2f3c3ee425

0.011651

402d62c6eb376136

-221692490662495474872745984.000000

c05d5e23a7620999

-0.000000

407a0a9a2fc1007c

0.000000

4039f3d6b2dc3a66

-0.000000

400033d725fdd4cf

0.000000

c0a043614755e1bb

54753.730469

c0a0a58d567877bd

68298288922624.000000

c0810879906469b8

-0.000000

402f04fdffe36331

-nan

c09002a6d90209d4

-2287659569381376.000000

c02c63c2f64640fe

-1005266578279109570798749665460224.000000

c091b5634b1d5835

10311733.000000

c0701c6727e15dc1

0.000000

c03913992210f8bc

0.000000

c0674c844afd6be6

8304115.000000

c01d86a1c85d1d63

-226421.546875

c0a0778712a3fa1a

0.000000

4055d9b159fe4325

8946058784669696.000000

4082eb1baffa09ba

-0.000000

c030ad17f43cf8ed

-59887733402146550846977654915072.000000

40633c8e9b086dda

-0.000000

408328e1b79e5c08

-0.000019

4092ffcbe619936f

-181310435412707307945984.000000

404daad3b02193cb

-0.000000

c028fac85c6d9bbd

267523222126198784.000000

4014457e8e6b629d

-0.000000

c053a7f44aa578a6

5422163.000000

c07c5f0c4fd8dc32

7276618752.000000

406b909e248b7857

0.000000

c01bc1e75b617a64

63466439675215872.000000

40546b80ce57c91c

-905070336.000000

c08a9c7fe1ca6d12

-466762705898630545408.000000

40876ca143b02283

352.269623

40361331e4652685

-16908320070499324395520.000000

4043b7fa3adaa81c

0.001668

40752349f8eaef40

-38120313481088228975783297528365056.000000

405f25f2a9528677

-0.000000

405d60c27d134e9c

12237792411952907470779447021630652416.000000

402be94d2039938f

0.000000

c05b80401bfdfc45

0.000000

c0822f6976d50c90

2160574274684695623020891709898752.000000

c075aee89fa58a2e

-0.000000

c0742991780b4a22

11300513365695886702571707294547968.000000

4053f317e0f66954

-142046522918892994560.000000

40805f43df4e9bf1

-14887757975505600512.000000

c0a2e452f2678850

-4585973054049083520947299811328.000000

4099841e0ad31fb7

0.000000

408301a00299140f

0.000000

40592ffaf494a2da

-94209345356246846833104041017344.000000

4076b7afa3decf53

-0.000000

40298b3a18e53121

0.000000

408ea75dd466ec6a

-3967235391488.000000

c0a1c1a70a31b260

0.000000

40264018e7236a15

-771702604789040178790400.000000

c08dc6b547490401

51460.003906

c0c44aabe5bb2ecc

-110493222784149753954304.000000

c0a05227bea0927c

-0.313618

c071d00df3b5e220

-28820559425855393516193692254208.000000

c089abcdf635e58b

-922325601473271011751981697990656.000000

c0a964942aeb1940

0.000000

4095b78a735f5280

17693412753991208251530095362048.000000

407b68148cdf459c

-0.000000

c043954edecc45db

-7359705875088408576.000000

c09611270efb47ca

0.000000

405bc33f518b2cab

74718732288.000000

404405021140f3d1

0.000000

bfe147764c52fc58

55308640.000000

c049a560a119abfc

-0.000000

4066a48f9571ebfc

-0.000000

4043f12614fa7f9e

0.000000

4084006fe093a9a1

-85121700928092635136.000000

409b73c7248fb453

0.000000

c055aae8612d8147

200037633694124474368.000000

c068da92c60b08bc

-8898.183594

40547137fc2e0933

-3614584942831124399517356629149351936.000000

c074b1d65de894dc

2094907750738821120.000000

c0954ed22d174c74

0.000000

40885d744f5bf765

3690423552.000000

c023fcc472bf481e

7577449114353106882095159967744.000000

406dcb9b85780e2a

-0.000000

c076abb8d43895da

-3171152297984.000000

40859b4059c30706

6861917851222016.000000

c0a4e2d9a1216da4

-0.000000

40447be9d11d764b

-42268405760.000000

409b5dd51ae02074

0.000000

4086793928cc58ff

0.000000

c07b7e777d179d8e

12595718629529748955209647158481387520.000000

c060e444a10b210c

-0.000000

409fe97fe202f045

-603847493481184362496.000000

408151cbe27fa757

-1178994461330810863616.000000

c094c526f2dcc2e4

-8745255740065183674682054803456.000000

4019ae24f852ef66

-17113092460315046971643158807445504.000000

c08a7fe949da4b53

1788266.375000

404798eb694c8c2b

15455174482436329467543552.000000

c0b3cbc39bb926ad

-0.000000

408166798886ea68

-0.000000

c020858581b2c589

-0.000000

c0392f9d80b0167e

-0.000000

c07e03600447adcd

0.000000

c091796de6d245d6

-496492603534417785257984.000000

4046bf2e865ea13c

-0.000000

40a86cb0cbb53bc4

-23754632.000000

407f85cf54ef7fd1

8229132697600.000000

c06d48bae5bd2d0e

-111669797193999550775296.000000

c07d247a55d7d42e

29663288098816.000000

40a4cbdb5c3a746a

209929377134149632.000000

4090a4e9091a4d01

0.000000

c09bd3c541276a62

10.463472

c052a344d33bde4f

-806888603648.000000

405eed32239e676e

0.000000

c004724e678511db

1256808234968020364034048.000000

c0540b8a3bc19cf9

0.005909

c07cf7e640556874

3.334500

40a72faf2da038da

0.000000

c0931e3723dc4107

0.000000

40aec622fb81df50

-1348671220691216455463963494044401664.000000

407c6c1dd6fa9cbb

-137775529590784.000000

c088f5af70837e57

325562174286013255504743104512.000000

40a1d136cc253cd2

-43316040.000000

c054c088dd68e32e

-1048831700877967360.000000

40830ebd0bfdc0a0

0.000000

c08e5f1cdb37bab9

-51715224469766144.000000

406c4c919bb1566b

-0.000000

40946a7d3a40649c

0.000734

40a22dd597267790

-0.000000

c07d99c720ada761

0.000000

40aa928df55e6307

-281908792905915734559595731877888.000000

c0a886f5f805e896

-10863951334961818777867981338705920.000000

c0804409befa0e48

-0.488390

c03c73894c27be41

43972868.000000

40ba49f0e7eddb5f

-2246495077727363821207552.000000

c08bfd233f0c7f83

0.548821

4073c6ade5a7c059

-99022923828406545022976.000000

4087f4f7e642cdd1

-229983935062243889119232.000000

c0257588b61199f6

-0.000002

4064667038af2337

0.000084

bf54ce17ba2bc16c

-0.000655

40868680722e8abf

3457160028417221688733259005952.000000

40528e5cf3032d2b

-10392868098620832181901385007104.000000

4077fe12dcaa14d3

-382989140091731968.000000

c070ed62b7395fb1

-0.000011

c07b5d59cf33ded6

-3017725440.000000

c05759041c919ac2

0.000000

c0b7bc297734c4c0

3666421869631982184732035003711488.000000

409208b4a4d38508

-0.000000

c06c999346026a1e

8346.529297

c02877c47b219d43

839149440818769016160588394901012480.000000

40a8a3055ae5f886

32365512038023168.000000

40b297b8bae3d5cd

-0.001738

40b064ef9a663d09

-0.000000

c08e71813e73826d

0.237802

c09493665774c894

269142313664512.000000

c0535e4f87b48132

-0.000000

c093c90067728766

1145310349178996799832064.000000

c0a9e283bf130775

-0.574333

40ba3ec645c9ab04

6453.376953

409ce8f6f47a6e40

-79364645403595550768851578781696.000000

40b814800f2519d9

0.000000

c0948386e1d13d2b

-482472141008201056256.000000

4085a12efca5cf48

-6887465158991227852140765684015562752.000000

c0ada7a1242fb15c

0.000000

40c607f35c42ff0d

219546307126099968.000000

40b020ec843eefe1

-0.000000

40045a06815fab03

-0.000000

40ad679a4fa48484

5520295936.000000

c0946b9962f5cb6a

2267054912998035423232.000000

409fa6b27289c6f8

5457918055001052500979177488384.000000

c0599278af6f52f9

-0.000000

c05997531cd8ae18

0.000000

c06495f96b53f45e

256237339354449877992996864.000000

c091fc0ea47fc9e9

-0.000000

4079bd64b0d0f3f2

-0.000000

4075d7d35b85e107

75367184167075840.000000

c069bb0ba7597a46

-0.000000

c01e8d30ac7127d8

-0.000000

c09783bfe3b25647

-6579474765861816893440.000000

c0b47809ea3a1363

-56237938409789711750004736.000000

40895923c9d900d2

-1777690.250000

c08a25dc8b1ac7a1

-0.000000

40ae354d0fcfe7f0

0.000000

c0855040019f6009

0.000000

c093a4b0cfe5714e

-7698816000.000000

40b0d8b4a0ce28db

-0.000000

408a8d667ed1a6d0

139337395569380879185339959508755021824.000000

c0b801bcd435ec4f

-3125414723584.000000

40670f09d3a5a82e

-1422982381568.000000

c033dd4c9e3d5f55

-0.000000

c0613bd87777ed6a

5028565052028884305301925810667520.000000

c080ca8cb362089e

-0.000000

c0a5457d00fa9457

0.000000

40acecdf98b200f2

-0.000000

4093d02c651fa817

47122311319082479124480.000000

408ac98b00369d41

0.000000

c070df47865ebd46

-0.000000

40697ec0f0db26b8

-542592201979622191792681648128.000000

40d9e0a89e698cb9

-0.000000

40a2b556f27c7fd9

-5001265971686195067958008479744.000000

c0c69e951293a197

0.000000

c074d1c361a15e1e

372088456744513044480.000000

c05c04f23310da78

0.000000

c0b54f22bc84593e

-0.016156

4070d2e216268c76

0.000000

c05832080d11c861

0.000000

40959212d9725dec

-4263763284852736.000000

404b026451b87be5

99044073472.000000

c0bc5496f6aae8c9

-1733226386405533694375774298046464.000000

4020655e2afe8f00

0.000000

c09dae6b76e148a9

2284649445744656342505740595888128.000000

c09f44e63ed8be54

0.423327

c0b8ea162ae32c03

0.000000

40d12cc57159b35a

1078001117854821708857906036736.000000

c0658996ae506a7f

-0.000000

40677bb2a71e75ad

-0.000000

40a350596c31b09f

859255758420328565197242368.000000

c035b006bfbe84a8

-1.488423

40b3bd24409af0dc

4.841902

c04844f68c47a5e5

-0.000000

c0c35a263f8a9210

1.082582

408c156aeabf6ffb

-115716822179377602042527744.000000

40b65ee1ffd009e4

-nan

40972e73a8b6eb9b

-0.000000

c082b55cb3abc829

-0.000000

409b8de6b2004047

-0.000000

c0b89bb2b9e4b933

-0.000436

c0b23c87fab8f21c

-480146591741521193646829589309161472.000000

c0a5c6ec941f1af3

-0.000000

4092be1e2fef48c1

0.000000

4058e179df826931

-18794191947110023168.000000

c0d09849023ca0d5

0.000000

40d18c0447afed20

90074.250000

40bd698b1386be4d

0.000000

40b7decdf2a96711

-6710728486330602522041775030272.000000

4095add8e97c1b79

-19048690155872309456404480.000000

c0e7aa2b4e8e568d

1194018432.000000

c0597aa703e5e14d

0.000000

c0b5af58e3fc3387

-9304584885985194541056.000000

4095be09d3ce0f6c

-1770043998208.000000

c0c61600b057d510

-0.000000

40652aec336a2552

0.000000

40d434b3f13d5ed3

-937716836841694058024737439744.000000

c0aa0156a455078d

-0.000000

40a7a323b386a281

-0.000000

409d2b749ac0b143

-0.000000

40747df4116bd57a

0.000000

407628b870811199

319558724223670732937475653632.000000

408acd3976a51860

1674264385531905406590069547991040.000000

c0cc2904ec22d573

-787415872855958549325414400.000000

40c10c79a9d78ddf

-0.000000

404c260572585ea6

4285643843922589846277155979264.000000

c0c1b7d8e6cc72bf

-482739727165135878356992.000000

4080e2dde86776cb

-4372232004140701883301888.000000

40bcb0fa2a451545

0.000000

4013b5d0cfba5fb1

-6253666816.000000

4043e7b674a1ab14

102469442239939205215168061505536.000000

c082a1cb082904b5

0.000000

40a04910f5632874

-287957000424414939735483742158848.000000

409e8b21192bff62

0.000000

40b0806fa378592f

-0.000000

40a8708a349c0633

0.000000

c00985fe16647c1b

0.000000

40921cf260de3b4c

128107811703437131776.000000

c0a890f469acfa2c

26139580531396609071644672.000000

4086cb7ffdabb3c2

-28528917900545182104515026489702350848.000000

40a4da6611a3489b

0.000000

c052a688c5d33289

-6758.316895

409aafe6f51e1095

-200370905077728471050025149923328.000000

c0b9e389bcc9b272

-0.024621

40935ef0575b5f7d

241203165528064.000000

4025dcf0ad8632bd

-0.000000

c090b6bd796ddb5c

77188968260431573506476917756264448.000000

c064994ccceeef2a

-125270352.000000

c0cc7c9828b4f8c6

0.000000

c0586a976ac699a7

120046457480917970902319104.000000

40cd5233d9f0563d

-8456101800443904.000000

401d99e921a597d8

0.000000

c08ab5139029c23c

-0.000000

c08b2df9d0e1c52e

-30302367744.000000

c0b032735ff24c09

34918679502026440704.000000

406754f72e640438

0.000000

40bb21e0339f117c

0.000000

40c53bd0f86e9af0

-19357955596394605566821382087507968.000000

c0ca573d38ecb9e7

0.000113

40864bc888a2efaf

-0.000000

c05a1d863d1a6938

0.037698

c0d83df2d289cc14

-295917191168.000000

40972c4d438f2b7b

286.339691

c0aea5ab5abc5e58

26510513835868160.000000

c08d2d553c5100cb

0.012757

c0cf43d08bd3a71f

-0.000000

c0a5cd622f5ed5e9

0.000000

407e3e62d34db6eb

-883537149952.000000

c0ac9505a3b395ba

-0.000000

c0b73edcd2c54e50

-423711211520.000000

c09706318e4eb867

-0.000000

c0a54bc93149a718

0.000000

40a846d551f08367

129124589568.000000

40634407b9df4d04

-0.000426

4085941364c7ec6f

29503511252668533178368.000000

40b2481be7c98501

-1903298304152392192491520.000000

c0baafa626af8216

0.000000

405245cf06ea4486

0.000000

40bed798911dac47

-0.000000

c0ddbf18c1b827f0

-23.019501

c0946a7428e6da0d

0.000000

409dd4774d5459fd

222666704.000000

4065f880604bb4a7

58714162815796510720.000000

c0c8a54930c4f630

0.000000

c074b23841946db5

18.553568

c0be9ea45fda8ef8

31497595251689783296.000000

40a88fdf8a966a5d

-0.000000

40d224ec596e837b

4195975547584512.000000

40bcab6cd5ae54a6

-23959823187968.000000

40e4c094e8e12e71

-8507113211049496786501632.000000

c05b6acfce289779

-707124800.000000

40b816ba9d7ebbff

-0.000000

40d1bc8918ad4661

0.000000

c07b9325b4048706

-0.000000

40641601acbce982

-0.000000

c064625b61caae3f

467349757146932707328.000000

4053cb380e8d4561

0.000000

407ab2917de7071a

38386067555871875672201270878449696768.000000

c0ce87d184d4d0b8

-0.000000

40a165d507647823

0.000000

c0ab266d0bbc431e

0.000000

c08948076feb89c1

145791023124068978377569075200.000000

c0cc47193fd3b6cb

1.654016

4097c9168d8ae2a8

-0.000000

40de1b8973fdead9

40234813890619857063558258884608.000000

40ced3b77051aa5c

259553275598848121322155802624.000000

40ab78e62b3d1512

0.000000

4062edc24bc786ee

26152412.000000

40d251a28d83d697

-0.000000

bfe98bc0177c8f1f

0.000000

408249156b795f3e

301472297598047850789339136.000000

40bbbf207d9e84cd

26338445551664006719775556278283141120.000000

40871b3058d09caa

1834970284818432.000000

c0d24a0a2a3c8f82

0.000000

c0b5e2303df41751

0.119185

c0b3af9d7f283405

223580404140557695942875291672473763840.000000

40ce76b60c6b2929

0.000000

c0c7bf48d4758da6

-4218573815808.000000

40a6db7811b69481

0.000000

40b5ef1b0ede1ff0

0.000000

c0b25e14beeef6e2

-0.466727

c0cbfc8f5f87f574

19593728215526408192.000000

406413068c05badd

-0.000000

c0b60576cc6fece6

-62895000.000000

c0c0e010342f0758

0.000000

c0a6556a33e4c1f5

0.000000

40c656cee77138a9

-1139135517773104641212416.000000

4099a23e42eca8d6

118.329758

c02f2f862d24d615

0.000000

c0bbc4a67a90a3d1

375506669540187941017025962026467328.000000

c0a3b8cc42542954

53.040359

409b4e39a1fb7fc3

-0.000000

40acfb162663ffca

0.000000

40c77355d2bc5b26

-404491534336.000000

407b7414f5a3f8a3

-415716474469420089259100374827008.000000

c0a5dedc9ad66e90

-0.000000

c096870f24694be8

0.000000

c0aa27c79fb70b09

-0.000000

400c4cf1ce3d4b42

-793956480.000000

c0752810f070738e

-297664397609676265354636034048.000000

c0874739db9f7671

-89769498000752640.000000

40c411afb5bc1ff8

-0.000001

40034e194ccc07ad

106970472.000000

40d4d6cac4278a63

-670.162292

c0a709de4947fc89

819144.562500

c0b130443a31a290

0.000678

40951761f10672f7

-665759604544281211798479175680.000000

4081dbd73a4860d7

0.000764

c0b63308b895c63f

-0.000071

40a3f1463477b21a

0.000000

c0d17c7142283637

42.052944

40e2ca1547030df4

33549.953125

407fbc437294b4ba

5890850107040706198620730294272.000000

40c0cce2d29298fc

-314815938560.000000

c0d074826112804a

168904302246670368768.000000

c0399d000b03e75a

0.000000

c05ce9a2b570b6ac

-0.000001

409f2dbb4bf4abc2

32069508.000000

40e8a053702576ae

204834006236017927601885544448.000000

40c42ff04398700a

304.875305

40960e9f17067dd7

0.000000

c0a1c42795f2dd37

-0.000000

c0c6c160fe17925c

-50368342171637979398979830428379119616.000000

c0830efc21d4894c

0.000000

40b12ebd6899d5c9

5811725695545259805638656.000000

40d93037bf0cfcd9

-0.550733

40bc4ed11cfbb58b

0.000000

407307f5b25b317f

-0.000000

c0d87dc9135712c7

0.000000

c0ccb81acfd9c91c

-7307671552.000000

4096a40fecdd3e57

-2139735981788043026754437120.000000

40462411ad2a7eff

-0.000000

c0b1a1bc93bd1f1d

-0.000000

40b1364a73eb58c2

37292174806650805877181004120064.000000

c0400d470fb31bb7

0.000000

409c7f0a2bc63fb2

0.000000

c0483ad81e38680e

0.000000

409fb10a83907079

-0.000000

c06c23e4c387ee77

-271.863007

40c6d3edf2ed9003

-9410821992036190271726904410112.000000

406eaffdf771dff6

-4905804728033149570341554156994560.000000

c08f0289315e90bc

0.000000

40a07bf43f106045

0.563969

c08335f1383b34e4

0.000045

401f96ad849a75d2

-0.000000

c0bdac2b0db52594

0.000000

406109a3c9d318d1

-1729306.125000

c03f1f12c04d6548

-3.209307

c064db45b16a14e7

-0.000000

408ff64fd78b97a2

-306966748463104.000000

c0b3dfcbb906face

-0.000129

c0cc86a84a69cb33

3830476.750000

c0e033baf53b221a

-237219525001162669483006458068992.000000

c0824188ac1566f9

-0.000000

c0de0eabd81a790b

-679378665078784.000000

c0c6b3de818b706a

-0.000000

4044a79a4a4c9506

3351873.500000

4071ac35f65f666e

-1132773164385464453733084561408000.000000

c0efb365663d9a35

223842970725549556629504.000000

4069078f3fa9ddc2

1.327080

c0d0e51a55ccf43f

28168675131392.000000

409f5999dc6cb34a

-266500899650666496.000000

4084f9c3f596bfa7

-382193212948076902087366453231616.000000

c062150f50c692cc

26652073984.000000

4099a00b4c4a68d4

53060432.000000

c09281b80e028c15

0.000000

c050f0ca205d8ba1

0.000000

4055699e63a0795f

5920449521589810102272.000000

c0a08a49431c9de5

156.616776

40c2aa011f2c34a5

0.000000

c0f5321dd25d7ae4

-237812383744.000000

40ac92d5c0578d80

-3.368011

40cae9aac51226b7

-2338.419678

c09658d435b500c0

0.000001

40a1b71c8f97b761

-0.000000

409814c0031e0ec2

0.000000

c0c2ef0c5495ad79

5142884122624.000000

c084d195c7ae832f

-89350.367188

40ca385d55d929ff

29846799384576.000000

c0ae52a6f8ca7dc7

-32856094782150999324041711879979008.000000

c0d91970e94b7d4f

-15375230905306890698227712.000000

40720d25fbaaeab1

-1774901146365880425034284180095107072.000000

40c1423b3090eac9

0.000000

c0d75dd6224619f4

0.000000

c0d2e1164c53d2c7

55528220.000000

4094105a413b95ff

11.724120

c0af76ef469bf635

19963.103516

c04d9b04476bf3a5

60403.644531

40b57b4ec585fdfd

-4287.748535

40815333f8accaf8

-28037242343507235221518934758916096.000000

c09585b74a4e132b

3376330.750000

40b73b7cc9e37ea0

-1863636.000000

c096631bf1b2f7e0

-1772415815543564750070122283008.000000

c080f868c0888daf

-4.267295

40be43fc2ec03ad9

0.000000

4083500ddf0b156b

-10022034193527078912.000000

40d7b8ad7007067b

167153242927506660077019856896.000000

40b953ddeca9b92e

-1641463598915444844234014720.000000

c0c0ebb6983c65c1

-0.000000

c0e3875200cc7776

0.000000

40e23994e8bab7bd

-7053996310916128208584704.000000

4082fdd56ebf30fa

29585422953419563869061251072.000000

4086626011c15af4

0.000000

408632ec16ebd477

0.000000

c09fc20f66d94093

512972355434876999041024.000000

c0b317ce9815b800

-0.000000

40b4837a4f747ecf

4101951232.000000

c05a906faf751609

-0.000000

c09ad60cbb7be293

-0.003843

4096d499c3d8977c

-433.183472

409b2b4b25e2ea72

0.000000

c0ba15ce1bdbb7fc

0.000000

40c6aae0e056f61c

-61958395018851909632.000000

4098eae32ca08d9a

0.000000

c066e932d25550aa

-229045338112.000000

4087318c47a236e8

83053.812500

c0d3add8f93df393

-61642773646041210910181827452862464.000000

c07712e449531b33

864691.187500

4095aaf98120b0d8

-0.000000

c09a39a1680b04df

2625995187754583923359744.000000

c051564babc65929

-0.000000

40a63cd0e76501d4

-1081455647531158504210432.000000

40a3834d7e36203a

60521706278021203787372612448533086208.000000

406b25ad3aabf344

0.001312

40c333044a324e45

2921361.250000

c0a218c549c86412

1641602.250000

c0ae108c02065d47

0.000000

4095ae55da38b433

-12997381712773120.000000

406d43bf385fe6f2

0.000053

c09a94bbb83a8199

-0.000044

40958d797e186f19

50654876842711167459976539234109489152.000000

40c876aa4d76778d

258439376.000000

c0c7c720f4881196

-86243781487838839786132035600384.000000

c0a632f87d92a473

24365144568312731139641698266602536960.000000

40d915a00ce692c2

0.000000

c0da30095fed572a

34204368578902228992.000000

408541269cc7baa2

-0.000000

407bb76cf1117210

-720211512406317257685330821120.000000

40b159bb15bbae7c

0.000000

40cd06d17d085191

11324907776355150577815012672014385152.000000

c0a284a44ad12d7c

6854334.000000

409292813871dd23

0.000058

c08d154fe800f7c6

-2436134091988561425334272.000000

40c3abc06f088810

42254450805034244828653682688.000000

40e44766ee3a6b12

-14423412973016409939529170944.000000

406c7eb37d1b756a

12914999250908032638105818801413029888.000000

40c10d9f422f7ee4

43.873917

40451b7b8c32e0dd

-0.000000

40d9070a80afd9e3

-0.000000

40c28838b3b64ab5

-0.000000

c06d75206f11756f

45017294927669545109152595968.000000

c0c5a6c5b0f4c7a1

-0.000000

40b701a289815eef

-0.000000

c0afa29ce23ed880

-880120460778506551296.000000

c0cf9e1f7fee46a6

nan

c08da2a4dc194da9

-172604238726168576.000000

407717731dcef134

0.000000

c0b8ad12d87e432e

-1118257952063488.000000

c0e9aae58966401f

-0.000000

403c586364a9724d

25005887902003557826560.000000

c0b0faeacd0b1d21

-145871376.000000

409f17978b45ff38

-0.000000

40c0c2ffdd5d9700

-997951937741586432.000000

40e687aa4186bd29

16.842363

40d591fa80eb3ea4

-0.000000

c0b0a0bed9536e32

-3719523819585536.000000

c0a6523e8866a88f

-0.000000

c0c10f15a228b5f6

-0.000000

c0d66db34f887b60

4579573760.000000

40d34042bc9b6366

-0.018968

c090169cdf7ef773

-18372279648718422016.000000

c0a655c753e6cdec

1982594547712.000000

40a092bce49fe18d

-23594279634800549560320.000000

c104c5909b1c9a5b

-0.000000

c0b6d6e8815d7803

-0.000000

c0da28cf8f61fe77

-0.000000

40c5720cdd1f73fc

-718112759455154176.000000

40a6fd6eceb1d102

-1491632384.000000

40766b7185de58bf

-0.000000

c0c576736c002b82

619791858984662045393158144.000000

c0e42f95ba552ec6

-0.000813

c0b1a98c28778c5e

0.000000

40b79adc41c48c90

24.568634

c0e938560f9d41b1

0.000000

409e2778689a12f5

5820753070926331417460736.000000

40ecf73e87054d16

-0.000000

c0b073d73a1f5363

0.000608

408ed3fcd39d9df6

-1353920020480.000000

40b4a657efcc09f9

-126293996410370320448171802624.000000

c0f6995ade7a1141

-4504813763085467648.000000

40c2b6ea64882e0d

20096604020199527546880.000000

40d2c061a4ecf199

-0.000000

40986f093828c6f9

0.000040

c0d1ba42f3151658

-11811911270313581980317367926784.000000

c0c5ca1c941cc6a3

-0.000000

40f10ef74812bbcf

150255.234375

c0bcc12b4cb5db98

95345856.000000

409f0489f0e58f56

-568362798118483515995569782784.000000

40bfe555b3c5008b

-0.000000

40a9f1db5259ddfe

233933078528.000000

c0488c62b6f43cdb

-0.000007

c0e1e399945f69f3

-0.000000

406258e2fbd6d3f6

-2230901212561604247984054192572465152.000000

40e5c5326045a826

56970702412004196352.000000

c0b8fba7fcef7e58

-9948172039025481351631313665706164224.000000

c1073b93bb489c45

-0.003061

4087b1b6cfd065fc

-6992689152.000000

c0c3940de2b0766e

-1627580357658397376512.000000

c021ff5af8ed38bd

-38491410766664807420789807996993536.000000

c0b58d45ee5bf0c0

-17017066510486698006134390784.000000

c0bd9763e9734101

-18379746652155343131377664.000000

408580c9086af5b0

0.000000

c0d2211ce5ccdde6

-120932008274040769740800.000000

4085944a1f5db244

0.000000

c09227b15092f8b7

19726186496.000000

40b5a96277564ba4

4346428522911637996635498435575808.000000

c0c0c014e6e635f0

-543569631159247054045184.000000

40e033616822ddc9

3076458336966295836164096.000000

40796404273d4a48

0.000000

c0b915c837f4b7dc

0.000029

c0e00332fe912965

-96476496041691349161267296381263937536.000000

c0ad86cda0994d59

-0.000000

408f9c71e81eff49

-3003372336946258592661504.000000

c0f31729f50c0aa5

-177523793197687314041555638026240.000000

4074700ad50ce995

-9683428442112.000000

40cf789798dde0d6

-0.000000

c0d40d68dd48fd8a

-905180231831126016.000000

40a0ec9c707fdb05

316733823483084042649223561216.000000

c07fcb326b16043e

181358906106258424778981376.000000

40b167c50941c392

0.000000

40bc2cc06b6b32e2

284337854897741996675301376.000000

c0ca0d65721228bc

2894979601382383660422813188096.000000

409f162016398b4e

0.000000

40a660f0686e330b

4499459198017076660797440.000000

40691ba17b349ce2

937795395999166857461921251393011712.000000

c0d14ad0469b6509

19890.517578

40b8e1907ee95945

155086818462278825005392755789479804928.000000

c05f6b8955a991f6

23305545318400.000000

4034c7d9dc710ab1

-271388898851028992.000000

4037cbad7170f7b7

1193213939642143920722783764480.000000

40bfd961b7d84525

-0.000026

40ea96b29f1e58ad

-0.000000

40d83f9a592ab1b4

3002883293315072.000000

40e8100e10d62bc0

0.000000

c0c3c8d9e3d46397

-7835771896315326234624.000000

406658baa409532f

-0.000000

40b668cc4e3e388b

797844160.000000

c0e31bb89bb1ab49

-0.000000

409aaa364bcf8ae5

27203018.000000

c099862734fa8485

0.000000

4063b16a9974ad4e

-0.000000

c0b9958056241e86

45112751030272.000000

c0d0151d1877c5a2

0.000000

c09384c35377edbf

1064845639680.000000

c0adb6821825281a

0.000000

c07c396d806f5f32

-0.000000

40c7812b1ce165b0

0.000000

40ae93ac1505ca85

0.000000

c09e26b54230e72f

44.225765

405cf3523d572c48

0.052532

4105b8ebf3e49d44

-36225384813499907883803382644736.000000

409014f97a655f86

297743356522649836761249045788229632.000000

4071d8c59aa4d9d1

-0.000000

405cda7249d174c4

1715864.500000

c0b169e9f399b897

-24358073308576665906925929496576.000000

c0900bfe5ad7c975

30369312170573824.000000

40a5663c5d4770b0

898198745311608832.000000

409098ca0fe6a632

0.000000

c081390534e0588c

0.000000

c0e31201c5077b0e

-2167.690918

4086293a0d2d9971

0.000000

407082bc3c52d575

0.012868

40d3181c925c98f3

-0.000000

40a766eef4d30180

-133740852144196057998726885539840.000000

c0f5c1955e1342ec

2652825789195616256.000000

40195b23494ae2cd

831020.812500

c0df0974f329687e

-13421898230585364383732317814784.000000

40936e06e8438842

-3693499908619247275737088.000000

c0e422140b854225

0.000000

40a00cb6c61f7813

-10206.018555

40d9eb1c2b3ac5ee

0.000000

c0c13fda91612623

-0.000000

40edd303298abc84

0.000000

c0d8cd5ccd9522ad

-312759712.000000

40a082d80d7bffa4

0.000000

4089ac069a684461

-0.000000

c0717419261b03db

0.000000

c0b60000fa0589a3

-173341771622830544632416133219090432.000000

c0c7f7860da9b920

0.000000

40a7f9df03eee47d

0.000000

c0ae8147d58f0cbb

-19660604964864.000000

c0942ca0c0ddd9e2

-6.932847

40b92bcf1d5c0e2f

0.000000

c0bf4c0dc8e38594

-465964.625000

407e62345516e223

10368624623616.000000

c0e999ef7cbb6682

7784308943893696730258660751271002112.000000

40dc0e0cd81dc9b4

-693958535544832.000000

40a450fb69c2101f

29325967339753782401564672.000000

40af2604543d5745

3252851834880.000000

c09e2ba17a393e67

240460147181277121017799671378083840.000000

c096e1d1488eb024

292225.125000

c0d265328812898e

-0.000000

405364a42e6fad99

0.000000

c0ce1142da32c0b0

-12578602000318464.000000

c0c0e1e8d0b59c9e

-24375521280.000000

40a74f94eec365b5

-30236266585638382676880654336.000000

40d8b95efcb43603

-7485671378714829649051162171687305216.000000

c0c08fd913040b01

0.000000

407a0259dc79710f

-280846313757605888.000000

40c4e1fcb3fff321

-0.000000

c07474d1a2808ff0

-0.000000

409130c9079fe2a9

0.000000

c0f186888ed5e621

-0.000000

40ac8d868165650c

-0.000000

40c4c9f7c1ff332b

-31.899984

c0ec9978d49471a8

-5100495962112.000000

40b711cd33179a64

0.000000

c041898090416f3a

-0.000000

40c9476d6b87d4d6

328420149891150154429366272.000000

40e2b249a8a9f3d5

-0.000000

40cfcc6f1b7bee24

0.000000

c046268875a900c0

428473330517377249987535078162432.000000

c066839defe8d7c7

-144122762161398584552217116672.000000

40d8bb4c4e047464

555555072.000000

40838c10e914ad11

-11233644018696926221303808.000000

c09bfbc94827af47

171709.109375

40dfc97b05a238c1

0.000000

40d35a0adae9ae96

-32887814420955136.000000

c0a74be6b3c78b18

-0.000000

40d50566edbe7e0c

-7369316648465600096182992896.000000

40d0d4531937c437

0.000000

40bbbc1d0be8d31a

0.000000

c083eaceb8298d50

-0.000040

c04dbeee887df4c2

-0.000000

c0c55b8b8ca53463

-0.000000

c0e5c11ccc0ab521

-36361348.000000

c0d449397f85458e

nan

40804d5c6ffcea96

156547638943482421984616251392.000000

c0a2f02f4d62198a

237082784.000000

c0d0a46efc93f8d9

-6146518946380726968163037422012071936.000000

c0ca290baffa6a10

-0.000000

40b78ebfab681ac4

-0.000000

c05aa98a1758323e

0.000000

c0e60a459c66a7a0

-0.000000

c0b6467a8f296db9

-0.000000

40f78b1e00c1a27f

0.000000

4085bfe488977363

-0.000000

c0c8c03085d82eab

-0.000000

c0bc3909fd9224a1

-24282184442431394894690148022029910016.000000

c04265ac5b446bda

55287679482331136.000000

40d3259f0ebe149d

0.000000

c0c34d90e2a79ab1

-1545876475431106904064.000000

c0d1e256050dcc35

0.000000

40a731971ab0e6d7

0.000000

40c5c92ffe8499f7

-88128763309068412906531206433221902336.000000

405114632a5e8afa

0.000000

c09016bc141122ed

0.000000

c0a8fbfc1061ebd1

0.000000

c0e38b373250bfe1

0.000000

c0d05017e680ce82

-304136153286861842808832.000000

c0a3ec4c5c5dadd3

249588366411038720.000000

4074366f603a97a6

53781590925872463872.000000

c0a8b5fe8a994d57

-0.000000

40e9d3af10a30dee

0.000000

40a4bc8bf3218758

-12797621026594566024205795590144.000000

406d37c425f62ea6

0.000000

40dccce58f5d4022

-0.000000

c0ec4e9b9468db36

-0.000000

406159527ad28e6a

546635420320629425605694827238785024.000000

c0c2c25c601c4903

45046142567006076928.000000

c07917853141e20f

0.000000

c0c224606e0868db

10554180954800649808260366336.000000

40b4131a2a949132

0.000000

40dfdc789f5a83c7

-0.000000

c0a5c3dbcd1e506e

-166004448.000000

40c4a4d7e40afa50

-10254750394718147837952.000000

c08e1dafb5a0374d

-0.000001

c0f85113ce950513

-1250068864.000000

40734bbee60ec781

-168564059516947178455040.000000

407da490df0f852f

-10341723796372717568.000000

409a0db30f7c2ab9

0.000000

c0993ee259e35fe9

8000034255667200.000000

40b4d4fab3c0d83f

-0.000000

40eb9cb11af9e892

0.000000

40dafa344000086b

2.000514

c0e2ee0288666211

-0.000000

c0c9b35d77e80706

9412150964189692633578658909388800.000000

c0bb5223ac05d3bb

-0.000000

4071657db3a1db0d

-0.000000

c0c4ab9f0d5dd203

0.000000

40f629865681f978

71454230052864.000000

409852615f6b0e5a

16937574204633513984.000000

4084f3b8c8bd2617

-387376.718750

c0efcd922cd1764d

0.000000

c0b15bca78de3fe6

36062059902410627174003918032076800.000000

c0e4b77321fad2c7

0.000000

40daeee6fe2914c0

-56186817861866345048508850246552387584.000000

40803c103e39a93e

0.181310

40d79429a5bcbc02

-0.000000

40e6fa08109ec325

0.000000

c078ae67720210ed

2576224850607688518843678851072.000000

4094300895b568f9

-0.000000

c0dd24ba97fa395b

-0.000000

c08c2caf118231e2

0.000000

c0bd5de23c62e701

0.013849

4054c686e0a17a47

-93085525220725358592.000000

40bd696194e31a5f

-0.000000

c0de0c8b835f0f4b

-0.000000

40aa6ba01756f84c

0.000000

40f3b66f5a2a6ea9

11993104542334976.000000

40c754ed4a7ae6c2

4110768.500000

40cf939bf5567ac3

-271885115036569555137470341840896.000000

c0c89dce3b6383f9

0.003472

c0df1ccf04aee549

0.000000

40d92f69820998d9

-0.000000

408d2a4dfe212490

-53548887668815408793170270744293146624.000000

c0c7cde5cebb83c0

-1572986880.000000

c0e122f8f49cfd28

-99503531333942572417177712852992.000000

40b27fbba1502910

-0.000000

c0ec4749150f9ccb

0.000000

c0b3aeb5a4172a38

-0.000000

40b451ec0b34f24d

0.000000

40d012878e5dc3d2

-0.000000

c0ee2d2af3b3d463

-28495143191583166864204633210880.000000

c05e8c96b1702d98

-0.000000

c071b17b4d066537

140923760.000000

c07530ef100b621d

0.000000

c071e63882582952

-0.000000

c0d66ffaf5ece246

-600571986892588181812812871368704.000000

c0a6476c779233f7

5930697762437594470691088900292608.000000

40b680d8c4d3bdc0

-1693.929688

c04c6027eba34c94

-394833077136011115053973504.000000

c0b3cb9f15e29049

0.000000

40f05bad1be57111

0.000000

c0e6d08979165658

48787236755277465199858884053827584.000000

c0ad3cfae2e8d4b1

-2147485328053767241728.000000

40d8a9497c4f199c

4301299478200611344412304057147850752.000000

40d84fe568fc958b

9542359476445636712202240.000000

c0e691056d979ec8

5865523904477348839511031808.000000

c0d6f9f944eb5950

1882.791016

c0d0529c339367b9

0.000000

40e3e21a7a5ff2be

290701398982056993907259672394465280.000000

40bfbf23807bfc18

-0.000000

40ea40f924468b3f

0.000000

40a08a23627a3c0c

1154003212942346027008.000000

40ba6a2c1e690cce

0.000000

c103bf001bb2a7a4

0.000000

40a4cdc3c9e4e4c7

-1875096.875000

c017bcfffed07750

-138549464521098219092710456690795872256.000000

40b0747e1aab3170

0.000000

c0b9bcd12b38cd87

0.000000

c0e2a7d6a52f6c52

-0.000000

40f42c4ec25371a2

-52.860970

40f1bcbaec5f3cad

-1079507964199036945698914304.000000

c0f76aaf944c4cfa

-0.000000

c0f496a190dfcc0a

-0.000000

40e26934df1fa54f

-11503687684606394368.000000

40cab3c413b052a0

0.000000

c01d4f891d28e774

0.000000

c0d740024aa52cec

5412470.000000

40e545ae91b82014

-0.000000

4090180ee15f94b1

-257771142089107570688.000000

c0d567cfdb77d165

-69754550969434112.000000

c0d35beb43cb87a9

407.059845

c0a9635cd74b0a59

-223245303283712.000000

4042b9385c179a04

170688253815422976.000000

c0e37c1489f9d4f8

-0.000000

c0f165172e989cd9

0.000000

c0a916dd4895bde7

306671.218750

40c2d0c94047403a

3.113295

40e25c3e022daa62

0.000000

c0c442ba7cc7a2dd

8292562677025103368838851179489263616.000000

c0cc9a61590f04cd

2516012511526912.000000

c0dfcede6ed94d9d

33626037915440008447014207488.000000

c0da3dabc9c207c9

-1589497.125000

c0bdf39e6d39e561

3595751806199339134417371136.000000

c00f685901412f0f

0.000000

c0a21a79cbe36afb

-29808118.000000

40c8e5b9297c0134

0.000000

40c27bc0bb3152a5

-0.002706

408ad00276ba95c0

1892196301807860891704410972880896.000000

40a3602906f9b5c9

0.000000

c0d4da0e58dd8f98

1948870401589248.000000

c0f76ef537886c5d

0.000016

40a423d124c7b4cf

0.000000

c0fc0e7261a0dd79

370929729818511540224.000000

4103d4681ce970e5

0.000000

c0daf2b2723d49dd

3749245573379763207061081423872.000000

c09255f010451f9a

0.000000

408cc646e56fbb62

-70756387011990288072704.000000

c0c4cf045b900419

81073804134055936.000000

c0d30b742776ef8e

0.000000

c0c8fbe58babfc6e

-0.000000

40fd4227f1e175c3

-2232847756549174773034656989184.000000

c0fa3362620a6a5c

638328670709448966144.000000

c0e62f215c29668e

190728124541960192.000000

408705e056b7b2eb

100989537353728.000000

409e708ae10681ae

-155075507009620017152.000000

40ad2382d843db44

-861386024419328.000000

c0ea5f78d97799bd

-4355834767212544.000000

c09b9494cbe04c4b

-29399190.000000

c0dbc2a371ae0e77

1723772116224003464138823041024.000000

40c75cf75b2cc853

48633954802073600.000000

c0d210451a062f77

0.000000

40d12bdfdf2c9830

-12436743147541757952.000000

c0df8b1a7929be6c

55085023972414451696916497508073472.000000

40eab3f7e2c47d20

-1812289022450533924864.000000

405c44d886bd715d

-0.000000

c0abdc8a94eb90dc

-0.000000

c08c2bfab8d22b36

-0.000100

409cffeb108bf0cb

0.000000

c0c09c2e6845ab09

3733844955521083127103488.000000

c049fd48f2ad47c2

-6864340041137025570811227930624.000000

c07ea1f6f2dc7d2d

-8734467890513852531241564241920.000000

c0b7a31f165118cd

0.000000

40ec7e651c2a8f22

0.000000

40dfb8eaa589acfb

-0.000000

4096ebdb63f2b016

8953600789675748884480.000000

c0e2d218583bb508

825544790769664.000000

c0c258f25a3743ba

12896096720257024.000000

40d4b524962c168e

-0.000000

40b20829dcf8361c

-558922304889815040.000000

40d1261e226ec3be

0.000000

c0b14dd1568f8eb7

78921559179264.000000

40c25cfba8cd18ea

-0.000000

410842dbeb49604c

-243448838877445551982379008.000000

40c135fb6a31ac5d

53698458163510449472012288.000000

c090732147719ace

61850.804688

40d0d522290fdfc7

0.000000

c0ba42e7cce62e77

-120681400.000000

c10c2eda4f03b069

2209376512.000000

40e0ba40ccacaea5

-90535208.000000

c09d85b6b4c0ba5f

-0.000000

409ba75bd764c102

-251517613375488.000000

c0fb45ddec25016e

-797918046978979166089641984.000000

$finish called from file "./Testbench_all_operators.v", line 478.
$finish at simulation time            112840000
Simulation complete, time is 112840000 ps.
Chronologic VCS simulator copyright 1991-2015
Contains Synopsys proprietary information.
Compiler version K-2015.09-SP2-3_Full64; Runtime version K-2015.09-SP2-3_Full64;  Nov 13 20:30 2016
Doing SDF annotation ...... Done
VCD+ Writer K-2015.09-SP2-3_Full64 Copyright (c) 1991-2015 by Synopsys Inc.
The file '/mnt/vol_NFS_Zener/WD_ESPEC/jsequeira/Documents/Dise-o-ASIC-FPGA-FPU/ASIC_FLOW/ASIC_fpu/integracion_fisica/simulacion_logica_sintesis/MULT_DW1/DOUBLE/inter.vpd' was opened successfully.
------------------------OP--------------------------
------------------------    --------------------------
------------------------OP--------------------------
0000000000000000

0.000000

bf8ca9195bc250f1

109390282998415360.000000

bfa9abb122eb3c45

0.000000

bfd41c7a32a00a26

0.000000

3f8d76e5302f63b8

0.000000

3feab938864318ae

-0.000000

3fe7cceafa335c28

-232822572121942667439866432951681024.000000

3ff477a9e61afd7b

-182980081924160136151040.000000

3fb15635c6afe79f

-22515.810547

bfea8deec0b40aca

-5.626317

bfe35817399f1900

0.000303

bfddcd21b21b8c73

-0.000000

bfd6499908273040

0.000000

bf60928dd5fbd380

-34610725519360.000000

3fb9b895773d1ce7

3835665294677833842289525148090368.000000

3fd259fa80f980a9

-0.000000

bff338534cb7756e

96185200.000000

bfe3d997fd0103f6

-10718186113724515649900062080560529408.000000

c0220eaa3c23e8ac

0.010004

c03c567699869cdd

-0.000000

bfffd722d4e6abac

-7925781233664.000000

c029c2d597b5488c

-0.000000

3ff33f9298c1b2bb

-0.000000

bfed0ce1ff279145

-222735357826831152746331953394893193216.000000

4017ab9b405d00e0

3.453178

3ffc4b26353b23ab

0.000001

c03b8d7825f284a1

0.000000

404e7921149a0861

0.000000

c04183e4dceb533b

-529905059161440256.000000

4017091e9461727d

-0.000000

c02acfae9f4377cb

-0.000000

bff5d91d6e621fbb

17495493000641083914967842816.000000

4012025c52a7101e

358764969984.000000

c05bacd0e789d364

-1301727353824195804921856.000000

4028014b79786170

80604118012649566344531028121485312.000000

402736e64d030ed3

137424176.000000

403e215b10c97496

0.000000

4039b821c16b4ebe

-14.706724

404018264696ed60

19318.687500

c006fbbb3382167a

0.000000

c04703378af0140a

-0.000000

c05a44339bc9c1b1

-0.000000

405aeaf3cf212d01

-2704081152.000000

c008719438b8a4b6

0.000088

407e737972abf6fe

6812228084756717365606343507968.000000

c03fcbdfafaae6eb

-0.000000

4040cdebe7c903bf

-1898529532578962121687040.000000

c05a34e083b64029

-0.000000

40397e363ecb6762

0.397273

bfbd14f70d4b871b

0.000000

402870db3df8a082

0.121400

404701218ca2085b

-0.000000

c0440086e5246aba

-48527303798432880132096.000000

400a46d4383a6c43

0.000044

404b66d9eb6e1696

-287831004142515932207513600.000000

3fd7f6c1825ec70d

-0.000000

c06933669d4386ae

-0.000000

c0858d26420dc449

35.441685

c0741a02ba345548

-0.000688

3fda2594e27cd556

-1165987995238220693504.000000

c05530010cc57cdc

0.000000

c0708e0258ae5dfc

1533749464399872.000000

4067201d55fc521d

34678700507136.000000

4033ff74822a5e9a

-0.000000

c0659a4cd32b974d

-736977813504.000000

40498849bd98fd3c

-0.074702

40489bd587e865a1

-0.000000

c0170cabb865d742

-0.000055

407a56036a0a4bc4

41797389038718124143149056.000000

c02322b3bd0e1657

-0.034689

404d351f3594de0c

0.000001

3fe626ecf03716e4

-226653719459583054790348767232.000000

c03e9a7a032f73e2

0.000000

c00d1c99806b8a92

-0.000000

c0534bd334677e25

0.000000

c05180691d898a78

0.000000

3feaa88424f5737b

0.000000

406da3551ae8aa1c

0.000000

c07a19c97f5aa94d

290650762995743527340874236959102337024.000000

4053955ff34d0450

-16243107969529043757285385437184.000000

409450099b48c215

-0.000000

c07deecc0ff55ee9

0.000000

405eaac177ff1d05

10348627226138277461244210952798208.000000

c02cd0294201a3e2

32.410042

4035ffa74f22a672

2728817152.000000

408b89149ac7ece9

-0.000000

c06ca408f7b1ee47

-7217729551920875785771612794519552.000000

4076fddd2e8f8f22

0.000000

408b8d996072ffcf

70039765900586909696.000000

c062b32e806af584

-0.000000

405c082a6727e9b8

792946552605708054953984.000000

c0374fe135d63d94

0.000002

c07267dfa7365165

-0.000000

bffb2f43cbbe69a9

-24957778.000000

c0301c1cb71f343c

-0.000009

406ef576f5bd3704

-479716775246061191759243788681216.000000

c06406ce437ad9cc

250.850769

c0737239069d69cb

0.000000

405f18d07eb005d8

116987234871456128265012133848632262656.000000

4048f8daa558bacb

-0.000000

bfff8c109bd0c406

-0.000000

c05bd267c4757b24

-981.924072

c06f2ec4f97097ea

-78077026830533648183520752702586880.000000

4087deb5af35e2ee

-0.000000

406ade6e35ddbdcf

0.000002

c03343ac8b25b54d

-0.000000

40919a9745b359ad

5739.209473

c068fe2de2da9b2e

-2016286041496744886272.000000

c07d5c6e57f25a4f

532939372756992.000000

c0876df945813a0c

4135.255859

406933025517af0e

10423631872000.000000

c06ca2cf70430901

241441847879621211734199500800.000000

c05c9adfc7ca0342

-103430.515625

406668ffb78c33fc

-0.000017

408d6f8f7df3f4c5

40534164880488621804507509295119597568.000000

40844de73ae4ae44

0.001745

4073431d75973568

383359391150709957974455018848256.000000

c0641c8d305fb726

0.000000

c0656aa1dc4cc4c3

-230548948186562560.000000

403b33df3ad35eff

0.001613

40421cc3698f2b3e

21635074707723492089921536.000000

c04ada4635913ad5

0.000001

4072f42e54a27a47

5582689402880.000000

407c8903599cdf08

5519415227449344.000000

c05095a53ce206e6

0.027591

c08b7e2f3c3ee425

0.011651

402d62c6eb376136

-221692490662495474872745984.000000

c05d5e23a7620999

-0.000000

407a0a9a2fc1007c

0.000000

4039f3d6b2dc3a66

-0.000000

400033d725fdd4cf

0.000000

c0a043614755e1bb

54753.730469

c0a0a58d567877bd

68298288922624.000000

c0810879906469b8

-0.000000

402f04fdffe36331

-nan

c09002a6d90209d4

-2287659569381376.000000

c02c63c2f64640fe

-1005266578279109570798749665460224.000000

c091b5634b1d5835

10311733.000000

c0701c6727e15dc1

0.000000

c03913992210f8bc

0.000000

c0674c844afd6be6

8304115.000000

c01d86a1c85d1d63

-226421.546875

c0a0778712a3fa1a

0.000000

4055d9b159fe4325

8946058784669696.000000

4082eb1baffa09ba

-0.000000

c030ad17f43cf8ed

-59887733402146550846977654915072.000000

40633c8e9b086dda

-0.000000

408328e1b79e5c08

-0.000019

4092ffcbe619936f

-181310435412707307945984.000000

404daad3b02193cb

-0.000000

c028fac85c6d9bbd

267523222126198784.000000

4014457e8e6b629d

-0.000000

c053a7f44aa578a6

5422163.000000

c07c5f0c4fd8dc32

7276618752.000000

406b909e248b7857

0.000000

c01bc1e75b617a64

63466439675215872.000000

40546b80ce57c91c

-905070336.000000

c08a9c7fe1ca6d12

-466762705898630545408.000000

40876ca143b02283

352.269623

40361331e4652685

-16908320070499324395520.000000

4043b7fa3adaa81c

0.001668

40752349f8eaef40

-38120313481088228975783297528365056.000000

405f25f2a9528677

-0.000000

405d60c27d134e9c

12237792411952907470779447021630652416.000000

402be94d2039938f

0.000000

c05b80401bfdfc45

0.000000

c0822f6976d50c90

2160574274684695623020891709898752.000000

c075aee89fa58a2e

-0.000000

c0742991780b4a22

11300513365695886702571707294547968.000000

4053f317e0f66954

-142046522918892994560.000000

40805f43df4e9bf1

-14887757975505600512.000000

c0a2e452f2678850

-4585973054049083520947299811328.000000

4099841e0ad31fb7

0.000000

408301a00299140f

0.000000

40592ffaf494a2da

-94209345356246846833104041017344.000000

4076b7afa3decf53

-0.000000

40298b3a18e53121

0.000000

408ea75dd466ec6a

-3967235391488.000000

c0a1c1a70a31b260

0.000000

40264018e7236a15

-771702604789040178790400.000000

c08dc6b547490401

51460.003906

c0c44aabe5bb2ecc

-110493222784149753954304.000000

c0a05227bea0927c

-0.313618

c071d00df3b5e220

-28820559425855393516193692254208.000000

c089abcdf635e58b

-922325601473271011751981697990656.000000

c0a964942aeb1940

0.000000

4095b78a735f5280

17693412753991208251530095362048.000000

407b68148cdf459c

-0.000000

c043954edecc45db

-7359705875088408576.000000

c09611270efb47ca

0.000000

405bc33f518b2cab

74718732288.000000

404405021140f3d1

0.000000

bfe147764c52fc58

55308640.000000

c049a560a119abfc

-0.000000

4066a48f9571ebfc

-0.000000

4043f12614fa7f9e

0.000000

4084006fe093a9a1

-85121700928092635136.000000

409b73c7248fb453

0.000000

c055aae8612d8147

200037633694124474368.000000

c068da92c60b08bc

-8898.183594

40547137fc2e0933

-3614584942831124399517356629149351936.000000

c074b1d65de894dc

2094907750738821120.000000

c0954ed22d174c74

0.000000

40885d744f5bf765

3690423552.000000

c023fcc472bf481e

7577449114353106882095159967744.000000

406dcb9b85780e2a

-0.000000

c076abb8d43895da

-3171152297984.000000

40859b4059c30706

6861917851222016.000000

c0a4e2d9a1216da4

-0.000000

40447be9d11d764b

-42268405760.000000

409b5dd51ae02074

0.000000

4086793928cc58ff

0.000000

c07b7e777d179d8e

12595718629529748955209647158481387520.000000

c060e444a10b210c

-0.000000

409fe97fe202f045

-603847493481184362496.000000

408151cbe27fa757

-1178994461330810863616.000000

c094c526f2dcc2e4

-8745255740065183674682054803456.000000

4019ae24f852ef66

-17113092460315046971643158807445504.000000

c08a7fe949da4b53

1788266.375000

404798eb694c8c2b

15455174482436329467543552.000000

c0b3cbc39bb926ad

-0.000000

408166798886ea68

-0.000000

c020858581b2c589

-0.000000

c0392f9d80b0167e

-0.000000

c07e03600447adcd

0.000000

c091796de6d245d6

-496492603534417785257984.000000

4046bf2e865ea13c

-0.000000

40a86cb0cbb53bc4

-23754632.000000

407f85cf54ef7fd1

8229132697600.000000

c06d48bae5bd2d0e

-111669797193999550775296.000000

c07d247a55d7d42e

29663288098816.000000

40a4cbdb5c3a746a

209929377134149632.000000

4090a4e9091a4d01

0.000000

c09bd3c541276a62

10.463472

c052a344d33bde4f

-806888603648.000000

405eed32239e676e

0.000000

c004724e678511db

1256808234968020364034048.000000

c0540b8a3bc19cf9

0.005909

c07cf7e640556874

3.334500

40a72faf2da038da

0.000000

c0931e3723dc4107

0.000000

40aec622fb81df50

-1348671220691216455463963494044401664.000000

407c6c1dd6fa9cbb

-137775529590784.000000

c088f5af70837e57

325562174286013255504743104512.000000

40a1d136cc253cd2

-43316040.000000

c054c088dd68e32e

-1048831700877967360.000000

40830ebd0bfdc0a0

0.000000

c08e5f1cdb37bab9

-51715224469766144.000000

406c4c919bb1566b

-0.000000

40946a7d3a40649c

0.000734

40a22dd597267790

-0.000000

c07d99c720ada761

0.000000

40aa928df55e6307

-281908792905915734559595731877888.000000

c0a886f5f805e896

-10863951334961818777867981338705920.000000

c0804409befa0e48

-0.488390

c03c73894c27be41

43972868.000000

40ba49f0e7eddb5f

-2246495077727363821207552.000000

c08bfd233f0c7f83

0.548821

4073c6ade5a7c059

-99022923828406545022976.000000

4087f4f7e642cdd1

-229983935062243889119232.000000

c0257588b61199f6

-0.000002

4064667038af2337

0.000084

bf54ce17ba2bc16c

-0.000655

40868680722e8abf

3457160028417221688733259005952.000000

40528e5cf3032d2b

-10392868098620832181901385007104.000000

4077fe12dcaa14d3

-382989140091731968.000000

c070ed62b7395fb1

-0.000011

c07b5d59cf33ded6

-3017725440.000000

c05759041c919ac2

0.000000

c0b7bc297734c4c0

3666421869631982184732035003711488.000000

409208b4a4d38508

-0.000000

c06c999346026a1e

8346.529297

c02877c47b219d43

839149440818769016160588394901012480.000000

40a8a3055ae5f886

32365512038023168.000000

40b297b8bae3d5cd

-0.001738

40b064ef9a663d09

-0.000000

c08e71813e73826d

0.237802

c09493665774c894

269142313664512.000000

c0535e4f87b48132

-0.000000

c093c90067728766

1145310349178996799832064.000000

c0a9e283bf130775

-0.574333

40ba3ec645c9ab04

6453.376953

409ce8f6f47a6e40

-79364645403595550768851578781696.000000

40b814800f2519d9

0.000000

c0948386e1d13d2b

-482472141008201056256.000000

4085a12efca5cf48

-6887465158991227852140765684015562752.000000

c0ada7a1242fb15c

0.000000

40c607f35c42ff0d

219546307126099968.000000

40b020ec843eefe1

-0.000000

40045a06815fab03

-0.000000

40ad679a4fa48484

5520295936.000000

c0946b9962f5cb6a

2267054912998035423232.000000

409fa6b27289c6f8

5457918055001052500979177488384.000000

c0599278af6f52f9

-0.000000

c05997531cd8ae18

0.000000

c06495f96b53f45e

256237339354449877992996864.000000

c091fc0ea47fc9e9

-0.000000

4079bd64b0d0f3f2

-0.000000

4075d7d35b85e107

75367184167075840.000000

c069bb0ba7597a46

-0.000000

c01e8d30ac7127d8

-0.000000

c09783bfe3b25647

-6579474765861816893440.000000

c0b47809ea3a1363

-56237938409789711750004736.000000

40895923c9d900d2

-1777690.250000

c08a25dc8b1ac7a1

-0.000000

40ae354d0fcfe7f0

0.000000

c0855040019f6009

0.000000

c093a4b0cfe5714e

-7698816000.000000

40b0d8b4a0ce28db

-0.000000

408a8d667ed1a6d0

139337395569380879185339959508755021824.000000

c0b801bcd435ec4f

-3125414723584.000000

40670f09d3a5a82e

-1422982381568.000000

c033dd4c9e3d5f55

-0.000000

c0613bd87777ed6a

5028565052028884305301925810667520.000000

c080ca8cb362089e

-0.000000

c0a5457d00fa9457

0.000000

40acecdf98b200f2

-0.000000

4093d02c651fa817

47122311319082479124480.000000

408ac98b00369d41

0.000000

c070df47865ebd46

-0.000000

40697ec0f0db26b8

-542592201979622191792681648128.000000

40d9e0a89e698cb9

-0.000000

40a2b556f27c7fd9

-5001265971686195067958008479744.000000

c0c69e951293a197

0.000000

c074d1c361a15e1e

372088456744513044480.000000

c05c04f23310da78

0.000000

c0b54f22bc84593e

-0.016156

4070d2e216268c76

0.000000

c05832080d11c861

0.000000

40959212d9725dec

-4263763284852736.000000

404b026451b87be5

99044073472.000000

c0bc5496f6aae8c9

-1733226386405533694375774298046464.000000

4020655e2afe8f00

0.000000

c09dae6b76e148a9

2284649445744656342505740595888128.000000

c09f44e63ed8be54

0.423327

c0b8ea162ae32c03

0.000000

40d12cc57159b35a

1078001117854821708857906036736.000000

c0658996ae506a7f

-0.000000

40677bb2a71e75ad

-0.000000

40a350596c31b09f

859255758420328565197242368.000000

c035b006bfbe84a8

-1.488423

40b3bd24409af0dc

4.841902

c04844f68c47a5e5

-0.000000

c0c35a263f8a9210

1.082582

408c156aeabf6ffb

-115716822179377602042527744.000000

40b65ee1ffd009e4

-nan

40972e73a8b6eb9b

-0.000000

c082b55cb3abc829

-0.000000

409b8de6b2004047

-0.000000

c0b89bb2b9e4b933

-0.000436

c0b23c87fab8f21c

-480146591741521193646829589309161472.000000

c0a5c6ec941f1af3

-0.000000

4092be1e2fef48c1

0.000000

4058e179df826931

-18794191947110023168.000000

c0d09849023ca0d5

0.000000

40d18c0447afed20

90074.250000

40bd698b1386be4d

0.000000

40b7decdf2a96711

-6710728486330602522041775030272.000000

4095add8e97c1b79

-19048690155872309456404480.000000

c0e7aa2b4e8e568d

1194018432.000000

c0597aa703e5e14d

0.000000

c0b5af58e3fc3387

-9304584885985194541056.000000

4095be09d3ce0f6c

-1770043998208.000000

c0c61600b057d510

-0.000000

40652aec336a2552

0.000000

40d434b3f13d5ed3

-937716836841694058024737439744.000000

c0aa0156a455078d

-0.000000

40a7a323b386a281

-0.000000

409d2b749ac0b143

-0.000000

40747df4116bd57a

0.000000

407628b870811199

319558724223670732937475653632.000000

408acd3976a51860

1674264385531905406590069547991040.000000

c0cc2904ec22d573

-787415872855958549325414400.000000

40c10c79a9d78ddf

-0.000000

404c260572585ea6

4285643843922589846277155979264.000000

c0c1b7d8e6cc72bf

-482739727165135878356992.000000

4080e2dde86776cb

-4372232004140701883301888.000000

40bcb0fa2a451545

0.000000

4013b5d0cfba5fb1

-6253666816.000000

4043e7b674a1ab14

102469442239939205215168061505536.000000

c082a1cb082904b5

0.000000

40a04910f5632874

-287957000424414939735483742158848.000000

409e8b21192bff62

0.000000

40b0806fa378592f

-0.000000

40a8708a349c0633

0.000000

c00985fe16647c1b

0.000000

40921cf260de3b4c

128107811703437131776.000000

c0a890f469acfa2c

26139580531396609071644672.000000

4086cb7ffdabb3c2

-28528917900545182104515026489702350848.000000

40a4da6611a3489b

0.000000

c052a688c5d33289

-6758.316895

409aafe6f51e1095

-200370905077728471050025149923328.000000

c0b9e389bcc9b272

-0.024621

40935ef0575b5f7d

241203165528064.000000

4025dcf0ad8632bd

-0.000000

c090b6bd796ddb5c

77188968260431573506476917756264448.000000

c064994ccceeef2a

-125270352.000000

c0cc7c9828b4f8c6

0.000000

c0586a976ac699a7

120046457480917970902319104.000000

40cd5233d9f0563d

-8456101800443904.000000

401d99e921a597d8

0.000000

c08ab5139029c23c

-0.000000

c08b2df9d0e1c52e

-30302367744.000000

c0b032735ff24c09

34918679502026440704.000000

406754f72e640438

0.000000

40bb21e0339f117c

0.000000

40c53bd0f86e9af0

-19357955596394605566821382087507968.000000

c0ca573d38ecb9e7

0.000113

40864bc888a2efaf

-0.000000

c05a1d863d1a6938

0.037698

c0d83df2d289cc14

-295917191168.000000

40972c4d438f2b7b

286.339691

c0aea5ab5abc5e58

26510513835868160.000000

c08d2d553c5100cb

0.012757

c0cf43d08bd3a71f

-0.000000

c0a5cd622f5ed5e9

0.000000

407e3e62d34db6eb

-883537149952.000000

c0ac9505a3b395ba

-0.000000

c0b73edcd2c54e50

-423711211520.000000

c09706318e4eb867

-0.000000

c0a54bc93149a718

0.000000

40a846d551f08367

129124589568.000000

40634407b9df4d04

-0.000426

4085941364c7ec6f

29503511252668533178368.000000

40b2481be7c98501

-1903298304152392192491520.000000

c0baafa626af8216

0.000000

405245cf06ea4486

0.000000

40bed798911dac47

-0.000000

c0ddbf18c1b827f0

-23.019501

c0946a7428e6da0d

0.000000

409dd4774d5459fd

222666704.000000

4065f880604bb4a7

58714162815796510720.000000

c0c8a54930c4f630

0.000000

c074b23841946db5

18.553568

c0be9ea45fda8ef8

31497595251689783296.000000

40a88fdf8a966a5d

-0.000000

40d224ec596e837b

4195975547584512.000000

40bcab6cd5ae54a6

-23959823187968.000000

40e4c094e8e12e71

-8507113211049496786501632.000000

c05b6acfce289779

-707124800.000000

40b816ba9d7ebbff

-0.000000

40d1bc8918ad4661

0.000000

c07b9325b4048706

-0.000000

40641601acbce982

-0.000000

c064625b61caae3f

467349757146932707328.000000

4053cb380e8d4561

0.000000

407ab2917de7071a

38386067555871875672201270878449696768.000000

c0ce87d184d4d0b8

-0.000000

40a165d507647823

0.000000

c0ab266d0bbc431e

0.000000

c08948076feb89c1

145791023124068978377569075200.000000

c0cc47193fd3b6cb

1.654016

4097c9168d8ae2a8

-0.000000

40de1b8973fdead9

40234813890619857063558258884608.000000

40ced3b77051aa5c

259553275598848121322155802624.000000

40ab78e62b3d1512

0.000000

4062edc24bc786ee

26152412.000000

40d251a28d83d697

-0.000000

bfe98bc0177c8f1f

0.000000

408249156b795f3e

301472297598047850789339136.000000

40bbbf207d9e84cd

26338445551664006719775556278283141120.000000

40871b3058d09caa

1834970284818432.000000

c0d24a0a2a3c8f82

0.000000

c0b5e2303df41751

0.119185

c0b3af9d7f283405

223580404140557695942875291672473763840.000000

40ce76b60c6b2929

0.000000

c0c7bf48d4758da6

-4218573815808.000000

40a6db7811b69481

0.000000

40b5ef1b0ede1ff0

0.000000

c0b25e14beeef6e2

-0.466727

c0cbfc8f5f87f574

19593728215526408192.000000

406413068c05badd

-0.000000

c0b60576cc6fece6

-62895000.000000

c0c0e010342f0758

0.000000

c0a6556a33e4c1f5

0.000000

40c656cee77138a9

-1139135517773104641212416.000000

4099a23e42eca8d6

118.329758

c02f2f862d24d615

0.000000

c0bbc4a67a90a3d1

375506669540187941017025962026467328.000000

c0a3b8cc42542954

53.040359

409b4e39a1fb7fc3

-0.000000

40acfb162663ffca

0.000000

40c77355d2bc5b26

-404491534336.000000

407b7414f5a3f8a3

-415716474469420089259100374827008.000000

c0a5dedc9ad66e90

-0.000000

c096870f24694be8

0.000000

c0aa27c79fb70b09

-0.000000

400c4cf1ce3d4b42

-793956480.000000

c0752810f070738e

-297664397609676265354636034048.000000

c0874739db9f7671

-89769498000752640.000000

40c411afb5bc1ff8

-0.000001

40034e194ccc07ad

106970472.000000

40d4d6cac4278a63

-670.162292

c0a709de4947fc89

819144.562500

c0b130443a31a290

0.000678

40951761f10672f7

-665759604544281211798479175680.000000

4081dbd73a4860d7

0.000764

c0b63308b895c63f

-0.000071

40a3f1463477b21a

0.000000

c0d17c7142283637

42.052944

40e2ca1547030df4

33549.953125

407fbc437294b4ba

5890850107040706198620730294272.000000

40c0cce2d29298fc

-314815938560.000000

c0d074826112804a

168904302246670368768.000000

c0399d000b03e75a

0.000000

c05ce9a2b570b6ac

-0.000001

409f2dbb4bf4abc2

32069508.000000

40e8a053702576ae

204834006236017927601885544448.000000

40c42ff04398700a

304.875305

40960e9f17067dd7

0.000000

c0a1c42795f2dd37

-0.000000

c0c6c160fe17925c

-50368342171637979398979830428379119616.000000

c0830efc21d4894c

0.000000

40b12ebd6899d5c9

5811725695545259805638656.000000

40d93037bf0cfcd9

-0.550733

40bc4ed11cfbb58b

0.000000

407307f5b25b317f

-0.000000

c0d87dc9135712c7

0.000000

c0ccb81acfd9c91c

-7307671552.000000

4096a40fecdd3e57

-2139735981788043026754437120.000000

40462411ad2a7eff

-0.000000

c0b1a1bc93bd1f1d

-0.000000

40b1364a73eb58c2

37292174806650805877181004120064.000000

c0400d470fb31bb7

0.000000

409c7f0a2bc63fb2

0.000000

c0483ad81e38680e

0.000000

409fb10a83907079

-0.000000

c06c23e4c387ee77

-271.863007

40c6d3edf2ed9003

-9410821992036190271726904410112.000000

406eaffdf771dff6

-4905804728033149570341554156994560.000000

c08f0289315e90bc

0.000000

40a07bf43f106045

0.563969

c08335f1383b34e4

0.000045

401f96ad849a75d2

-0.000000

c0bdac2b0db52594

0.000000

406109a3c9d318d1

-1729306.125000

c03f1f12c04d6548

-3.209307

c064db45b16a14e7

-0.000000

408ff64fd78b97a2

-306966748463104.000000

c0b3dfcbb906face

-0.000129

c0cc86a84a69cb33

3830476.750000

c0e033baf53b221a

-237219525001162669483006458068992.000000

c0824188ac1566f9

-0.000000

c0de0eabd81a790b

-679378665078784.000000

c0c6b3de818b706a

-0.000000

4044a79a4a4c9506

3351873.500000

4071ac35f65f666e

-1132773164385464453733084561408000.000000

c0efb365663d9a35

223842970725549556629504.000000

4069078f3fa9ddc2

1.327080

c0d0e51a55ccf43f

28168675131392.000000

409f5999dc6cb34a

-266500899650666496.000000

4084f9c3f596bfa7

-382193212948076902087366453231616.000000

c062150f50c692cc

26652073984.000000

4099a00b4c4a68d4

53060432.000000

c09281b80e028c15

0.000000

c050f0ca205d8ba1

0.000000

4055699e63a0795f

5920449521589810102272.000000

c0a08a49431c9de5

156.616776

40c2aa011f2c34a5

0.000000

c0f5321dd25d7ae4

-237812383744.000000

40ac92d5c0578d80

-3.368011

40cae9aac51226b7

-2338.419678

c09658d435b500c0

0.000001

40a1b71c8f97b761

-0.000000

409814c0031e0ec2

0.000000

c0c2ef0c5495ad79

5142884122624.000000

c084d195c7ae832f

-89350.367188

40ca385d55d929ff

29846799384576.000000

c0ae52a6f8ca7dc7

-32856094782150999324041711879979008.000000

c0d91970e94b7d4f

-15375230905306890698227712.000000

40720d25fbaaeab1

-1774901146365880425034284180095107072.000000

40c1423b3090eac9

0.000000

c0d75dd6224619f4

0.000000

c0d2e1164c53d2c7

55528220.000000

4094105a413b95ff

11.724120

c0af76ef469bf635

19963.103516

c04d9b04476bf3a5

60403.644531

40b57b4ec585fdfd

-4287.748535

40815333f8accaf8

-28037242343507235221518934758916096.000000

c09585b74a4e132b

3376330.750000

40b73b7cc9e37ea0

-1863636.000000

c096631bf1b2f7e0

-1772415815543564750070122283008.000000

c080f868c0888daf

-4.267295

40be43fc2ec03ad9

0.000000

4083500ddf0b156b

-10022034193527078912.000000

40d7b8ad7007067b

167153242927506660077019856896.000000

40b953ddeca9b92e

-1641463598915444844234014720.000000

c0c0ebb6983c65c1

-0.000000

c0e3875200cc7776

0.000000

40e23994e8bab7bd

-7053996310916128208584704.000000

4082fdd56ebf30fa

29585422953419563869061251072.000000

4086626011c15af4

0.000000

408632ec16ebd477

0.000000

c09fc20f66d94093

512972355434876999041024.000000

c0b317ce9815b800

-0.000000

40b4837a4f747ecf

4101951232.000000

c05a906faf751609

-0.000000

c09ad60cbb7be293

-0.003843

4096d499c3d8977c

-433.183472

409b2b4b25e2ea72

0.000000

c0ba15ce1bdbb7fc

0.000000

40c6aae0e056f61c

-61958395018851909632.000000

4098eae32ca08d9a

0.000000

c066e932d25550aa

-229045338112.000000

4087318c47a236e8

83053.812500

c0d3add8f93df393

-61642773646041210910181827452862464.000000

c07712e449531b33

864691.187500

4095aaf98120b0d8

-0.000000

c09a39a1680b04df

2625995187754583923359744.000000

c051564babc65929

-0.000000

40a63cd0e76501d4

-1081455647531158504210432.000000

40a3834d7e36203a

60521706278021203787372612448533086208.000000

406b25ad3aabf344

0.001312

40c333044a324e45

2921361.250000

c0a218c549c86412

1641602.250000

c0ae108c02065d47

0.000000

4095ae55da38b433

-12997381712773120.000000

406d43bf385fe6f2

0.000053

c09a94bbb83a8199

-0.000044

40958d797e186f19

50654876842711167459976539234109489152.000000

40c876aa4d76778d

258439376.000000

c0c7c720f4881196

-86243781487838839786132035600384.000000

c0a632f87d92a473

24365144568312731139641698266602536960.000000

40d915a00ce692c2

0.000000

c0da30095fed572a

34204368578902228992.000000

408541269cc7baa2

-0.000000

407bb76cf1117210

-720211512406317257685330821120.000000

40b159bb15bbae7c

0.000000

40cd06d17d085191

11324907776355150577815012672014385152.000000

c0a284a44ad12d7c

6854334.000000

409292813871dd23

0.000058

c08d154fe800f7c6

-2436134091988561425334272.000000

40c3abc06f088810

42254450805034244828653682688.000000

40e44766ee3a6b12

-14423412973016409939529170944.000000

406c7eb37d1b756a

12914999250908032638105818801413029888.000000

40c10d9f422f7ee4

43.873917

40451b7b8c32e0dd

-0.000000

40d9070a80afd9e3

-0.000000

40c28838b3b64ab5

-0.000000

c06d75206f11756f

45017294927669545109152595968.000000

c0c5a6c5b0f4c7a1

-0.000000

40b701a289815eef

-0.000000

c0afa29ce23ed880

-880120460778506551296.000000

c0cf9e1f7fee46a6

nan

c08da2a4dc194da9

-172604238726168576.000000

407717731dcef134

0.000000

c0b8ad12d87e432e

-1118257952063488.000000

c0e9aae58966401f

-0.000000

403c586364a9724d

25005887902003557826560.000000

c0b0faeacd0b1d21

-145871376.000000

409f17978b45ff38

-0.000000

40c0c2ffdd5d9700

-997951937741586432.000000

40e687aa4186bd29

16.842363

40d591fa80eb3ea4

-0.000000

c0b0a0bed9536e32

-3719523819585536.000000

c0a6523e8866a88f

-0.000000

c0c10f15a228b5f6

-0.000000

c0d66db34f887b60

4579573760.000000

40d34042bc9b6366

-0.018968

c090169cdf7ef773

-18372279648718422016.000000

c0a655c753e6cdec

1982594547712.000000

40a092bce49fe18d

-23594279634800549560320.000000

c104c5909b1c9a5b

-0.000000

c0b6d6e8815d7803

-0.000000

c0da28cf8f61fe77

-0.000000

40c5720cdd1f73fc

-718112759455154176.000000

40a6fd6eceb1d102

-1491632384.000000

40766b7185de58bf

-0.000000

c0c576736c002b82

619791858984662045393158144.000000

c0e42f95ba552ec6

-0.000813

c0b1a98c28778c5e

0.000000

40b79adc41c48c90

24.568634

c0e938560f9d41b1

0.000000

409e2778689a12f5

5820753070926331417460736.000000

40ecf73e87054d16

-0.000000

c0b073d73a1f5363

0.000608

408ed3fcd39d9df6

-1353920020480.000000

40b4a657efcc09f9

-126293996410370320448171802624.000000

c0f6995ade7a1141

-4504813763085467648.000000

40c2b6ea64882e0d

20096604020199527546880.000000

40d2c061a4ecf199

-0.000000

40986f093828c6f9

0.000040

c0d1ba42f3151658

-11811911270313581980317367926784.000000

c0c5ca1c941cc6a3

-0.000000

40f10ef74812bbcf

150255.234375

c0bcc12b4cb5db98

95345856.000000

409f0489f0e58f56

-568362798118483515995569782784.000000

40bfe555b3c5008b

-0.000000

40a9f1db5259ddfe

233933078528.000000

c0488c62b6f43cdb

-0.000007

c0e1e399945f69f3

-0.000000

406258e2fbd6d3f6

-2230901212561604247984054192572465152.000000

40e5c5326045a826

56970702412004196352.000000

c0b8fba7fcef7e58

-9948172039025481351631313665706164224.000000

c1073b93bb489c45

-0.003061

4087b1b6cfd065fc

-6992689152.000000

c0c3940de2b0766e

-1627580357658397376512.000000

c021ff5af8ed38bd

-38491410766664807420789807996993536.000000

c0b58d45ee5bf0c0

-17017066510486698006134390784.000000

c0bd9763e9734101

-18379746652155343131377664.000000

408580c9086af5b0

0.000000

c0d2211ce5ccdde6

-120932008274040769740800.000000

4085944a1f5db244

0.000000

c09227b15092f8b7

19726186496.000000

40b5a96277564ba4

4346428522911637996635498435575808.000000

c0c0c014e6e635f0

-543569631159247054045184.000000

40e033616822ddc9

3076458336966295836164096.000000

40796404273d4a48

0.000000

c0b915c837f4b7dc

0.000029

c0e00332fe912965

-96476496041691349161267296381263937536.000000

c0ad86cda0994d59

-0.000000

408f9c71e81eff49

-3003372336946258592661504.000000

c0f31729f50c0aa5

-177523793197687314041555638026240.000000

4074700ad50ce995

-9683428442112.000000

40cf789798dde0d6

-0.000000

c0d40d68dd48fd8a

-905180231831126016.000000

40a0ec9c707fdb05

316733823483084042649223561216.000000

c07fcb326b16043e

181358906106258424778981376.000000

40b167c50941c392

0.000000

40bc2cc06b6b32e2

284337854897741996675301376.000000

c0ca0d65721228bc

2894979601382383660422813188096.000000

409f162016398b4e

0.000000

40a660f0686e330b

4499459198017076660797440.000000

40691ba17b349ce2

937795395999166857461921251393011712.000000

c0d14ad0469b6509

19890.517578

40b8e1907ee95945

155086818462278825005392755789479804928.000000

c05f6b8955a991f6

23305545318400.000000

4034c7d9dc710ab1

-271388898851028992.000000

4037cbad7170f7b7

1193213939642143920722783764480.000000

40bfd961b7d84525

-0.000026

40ea96b29f1e58ad

-0.000000

40d83f9a592ab1b4

3002883293315072.000000

40e8100e10d62bc0

0.000000

c0c3c8d9e3d46397

-7835771896315326234624.000000

406658baa409532f

-0.000000

40b668cc4e3e388b

797844160.000000

c0e31bb89bb1ab49

-0.000000

409aaa364bcf8ae5

27203018.000000

c099862734fa8485

0.000000

4063b16a9974ad4e

-0.000000

c0b9958056241e86

45112751030272.000000

c0d0151d1877c5a2

0.000000

c09384c35377edbf

1064845639680.000000

c0adb6821825281a

0.000000

c07c396d806f5f32

-0.000000

40c7812b1ce165b0

0.000000

40ae93ac1505ca85

0.000000

c09e26b54230e72f

44.225765

405cf3523d572c48

0.052532

4105b8ebf3e49d44

-36225384813499907883803382644736.000000

409014f97a655f86

297743356522649836761249045788229632.000000

4071d8c59aa4d9d1

-0.000000

405cda7249d174c4

1715864.500000

c0b169e9f399b897

-24358073308576665906925929496576.000000

c0900bfe5ad7c975

30369312170573824.000000

40a5663c5d4770b0

898198745311608832.000000

409098ca0fe6a632

0.000000

c081390534e0588c

0.000000

c0e31201c5077b0e

-2167.690918

4086293a0d2d9971

0.000000

407082bc3c52d575

0.012868

40d3181c925c98f3

-0.000000

40a766eef4d30180

-133740852144196057998726885539840.000000

c0f5c1955e1342ec

2652825789195616256.000000

40195b23494ae2cd

831020.812500

c0df0974f329687e

-13421898230585364383732317814784.000000

40936e06e8438842

-3693499908619247275737088.000000

c0e422140b854225

0.000000

40a00cb6c61f7813

-10206.018555

40d9eb1c2b3ac5ee

0.000000

c0c13fda91612623

-0.000000

40edd303298abc84

0.000000

c0d8cd5ccd9522ad

-312759712.000000

40a082d80d7bffa4

0.000000

4089ac069a684461

-0.000000

c0717419261b03db

0.000000

c0b60000fa0589a3

-173341771622830544632416133219090432.000000

c0c7f7860da9b920

0.000000

40a7f9df03eee47d

0.000000

c0ae8147d58f0cbb

-19660604964864.000000

c0942ca0c0ddd9e2

-6.932847

40b92bcf1d5c0e2f

0.000000

c0bf4c0dc8e38594

-465964.625000

407e62345516e223

10368624623616.000000

c0e999ef7cbb6682

7784308943893696730258660751271002112.000000

40dc0e0cd81dc9b4

-693958535544832.000000

40a450fb69c2101f

29325967339753782401564672.000000

40af2604543d5745

3252851834880.000000

c09e2ba17a393e67

240460147181277121017799671378083840.000000

c096e1d1488eb024

292225.125000

c0d265328812898e

-0.000000

405364a42e6fad99

0.000000

c0ce1142da32c0b0

-12578602000318464.000000

c0c0e1e8d0b59c9e

-24375521280.000000

40a74f94eec365b5

-30236266585638382676880654336.000000

40d8b95efcb43603

-7485671378714829649051162171687305216.000000

c0c08fd913040b01

0.000000

407a0259dc79710f

-280846313757605888.000000

40c4e1fcb3fff321

-0.000000

c07474d1a2808ff0

-0.000000

409130c9079fe2a9

0.000000

c0f186888ed5e621

-0.000000

40ac8d868165650c

-0.000000

40c4c9f7c1ff332b

-31.899984

c0ec9978d49471a8

-5100495962112.000000

40b711cd33179a64

0.000000

c041898090416f3a

-0.000000

40c9476d6b87d4d6

328420149891150154429366272.000000

40e2b249a8a9f3d5

-0.000000

40cfcc6f1b7bee24

0.000000

c046268875a900c0

428473330517377249987535078162432.000000

c066839defe8d7c7

-144122762161398584552217116672.000000

40d8bb4c4e047464

555555072.000000

40838c10e914ad11

-11233644018696926221303808.000000

c09bfbc94827af47

171709.109375

40dfc97b05a238c1

0.000000

40d35a0adae9ae96

-32887814420955136.000000

c0a74be6b3c78b18

-0.000000

40d50566edbe7e0c

-7369316648465600096182992896.000000

40d0d4531937c437

0.000000

40bbbc1d0be8d31a

0.000000

c083eaceb8298d50

-0.000040

c04dbeee887df4c2

-0.000000

c0c55b8b8ca53463

-0.000000

c0e5c11ccc0ab521

-36361348.000000

c0d449397f85458e

nan

40804d5c6ffcea96

156547638943482421984616251392.000000

c0a2f02f4d62198a

237082784.000000

c0d0a46efc93f8d9

-6146518946380726968163037422012071936.000000

c0ca290baffa6a10

-0.000000

40b78ebfab681ac4

-0.000000

c05aa98a1758323e

0.000000

c0e60a459c66a7a0

-0.000000

c0b6467a8f296db9

-0.000000

40f78b1e00c1a27f

0.000000

4085bfe488977363

-0.000000

c0c8c03085d82eab

-0.000000

c0bc3909fd9224a1

-24282184442431394894690148022029910016.000000

c04265ac5b446bda

55287679482331136.000000

40d3259f0ebe149d

0.000000

c0c34d90e2a79ab1

-1545876475431106904064.000000

c0d1e256050dcc35

0.000000

40a731971ab0e6d7

0.000000

40c5c92ffe8499f7

-88128763309068412906531206433221902336.000000

405114632a5e8afa

0.000000

c09016bc141122ed

0.000000

c0a8fbfc1061ebd1

0.000000

c0e38b373250bfe1

0.000000

c0d05017e680ce82

-304136153286861842808832.000000

c0a3ec4c5c5dadd3

249588366411038720.000000

4074366f603a97a6

53781590925872463872.000000

c0a8b5fe8a994d57

-0.000000

40e9d3af10a30dee

0.000000

40a4bc8bf3218758

-12797621026594566024205795590144.000000

406d37c425f62ea6

0.000000

40dccce58f5d4022

-0.000000

c0ec4e9b9468db36

-0.000000

406159527ad28e6a

546635420320629425605694827238785024.000000

c0c2c25c601c4903

45046142567006076928.000000

c07917853141e20f

0.000000

c0c224606e0868db

10554180954800649808260366336.000000

40b4131a2a949132

0.000000

40dfdc789f5a83c7

-0.000000

c0a5c3dbcd1e506e

-166004448.000000

40c4a4d7e40afa50

-10254750394718147837952.000000

c08e1dafb5a0374d

-0.000001

c0f85113ce950513

-1250068864.000000

40734bbee60ec781

-168564059516947178455040.000000

407da490df0f852f

-10341723796372717568.000000

409a0db30f7c2ab9

0.000000

c0993ee259e35fe9

8000034255667200.000000

40b4d4fab3c0d83f

-0.000000

40eb9cb11af9e892

0.000000

40dafa344000086b

2.000514

c0e2ee0288666211

-0.000000

c0c9b35d77e80706

9412150964189692633578658909388800.000000

c0bb5223ac05d3bb

-0.000000

4071657db3a1db0d

-0.000000

c0c4ab9f0d5dd203

0.000000

40f629865681f978

71454230052864.000000

409852615f6b0e5a

16937574204633513984.000000

4084f3b8c8bd2617

-387376.718750

c0efcd922cd1764d

0.000000

c0b15bca78de3fe6

36062059902410627174003918032076800.000000

c0e4b77321fad2c7

0.000000

40daeee6fe2914c0

-56186817861866345048508850246552387584.000000

40803c103e39a93e

0.181310

40d79429a5bcbc02

-0.000000

40e6fa08109ec325

0.000000

c078ae67720210ed

2576224850607688518843678851072.000000

4094300895b568f9

-0.000000

c0dd24ba97fa395b

-0.000000

c08c2caf118231e2

0.000000

c0bd5de23c62e701

0.013849

4054c686e0a17a47

-93085525220725358592.000000

40bd696194e31a5f

-0.000000

c0de0c8b835f0f4b

-0.000000

40aa6ba01756f84c

0.000000

40f3b66f5a2a6ea9

11993104542334976.000000

40c754ed4a7ae6c2

4110768.500000

40cf939bf5567ac3

-271885115036569555137470341840896.000000

c0c89dce3b6383f9

0.003472

c0df1ccf04aee549

0.000000

40d92f69820998d9

-0.000000

408d2a4dfe212490

-53548887668815408793170270744293146624.000000

c0c7cde5cebb83c0

-1572986880.000000

c0e122f8f49cfd28

-99503531333942572417177712852992.000000

40b27fbba1502910

-0.000000

c0ec4749150f9ccb

0.000000

c0b3aeb5a4172a38

-0.000000

40b451ec0b34f24d

0.000000

40d012878e5dc3d2

-0.000000

c0ee2d2af3b3d463

-28495143191583166864204633210880.000000

c05e8c96b1702d98

-0.000000

c071b17b4d066537

140923760.000000

c07530ef100b621d

0.000000

c071e63882582952

-0.000000

c0d66ffaf5ece246

-600571986892588181812812871368704.000000

c0a6476c779233f7

5930697762437594470691088900292608.000000

40b680d8c4d3bdc0

-1693.929688

c04c6027eba34c94

-394833077136011115053973504.000000

c0b3cb9f15e29049

0.000000

40f05bad1be57111

0.000000

c0e6d08979165658

48787236755277465199858884053827584.000000

c0ad3cfae2e8d4b1

-2147485328053767241728.000000

40d8a9497c4f199c

4301299478200611344412304057147850752.000000

40d84fe568fc958b

9542359476445636712202240.000000

c0e691056d979ec8

5865523904477348839511031808.000000

c0d6f9f944eb5950

1882.791016

c0d0529c339367b9

0.000000

40e3e21a7a5ff2be

290701398982056993907259672394465280.000000

40bfbf23807bfc18

-0.000000

40ea40f924468b3f

0.000000

40a08a23627a3c0c

1154003212942346027008.000000

40ba6a2c1e690cce

0.000000

c103bf001bb2a7a4

0.000000

40a4cdc3c9e4e4c7

-1875096.875000

c017bcfffed07750

-138549464521098219092710456690795872256.000000

40b0747e1aab3170

0.000000

c0b9bcd12b38cd87

0.000000

c0e2a7d6a52f6c52

-0.000000

40f42c4ec25371a2

-52.860970

40f1bcbaec5f3cad

-1079507964199036945698914304.000000

c0f76aaf944c4cfa

-0.000000

c0f496a190dfcc0a

-0.000000

40e26934df1fa54f

-11503687684606394368.000000

40cab3c413b052a0

0.000000

c01d4f891d28e774

0.000000

c0d740024aa52cec

5412470.000000

40e545ae91b82014

-0.000000

4090180ee15f94b1

-257771142089107570688.000000

c0d567cfdb77d165

-69754550969434112.000000

c0d35beb43cb87a9

407.059845

c0a9635cd74b0a59

-223245303283712.000000

4042b9385c179a04

170688253815422976.000000

c0e37c1489f9d4f8

-0.000000

c0f165172e989cd9

0.000000

c0a916dd4895bde7

306671.218750

40c2d0c94047403a

3.113295

40e25c3e022daa62

0.000000

c0c442ba7cc7a2dd

8292562677025103368838851179489263616.000000

c0cc9a61590f04cd

2516012511526912.000000

c0dfcede6ed94d9d

33626037915440008447014207488.000000

c0da3dabc9c207c9

-1589497.125000

c0bdf39e6d39e561

3595751806199339134417371136.000000

c00f685901412f0f

0.000000

c0a21a79cbe36afb

-29808118.000000

40c8e5b9297c0134

0.000000

40c27bc0bb3152a5

-0.002706

408ad00276ba95c0

1892196301807860891704410972880896.000000

40a3602906f9b5c9

0.000000

c0d4da0e58dd8f98

1948870401589248.000000

c0f76ef537886c5d

0.000016

40a423d124c7b4cf

0.000000

c0fc0e7261a0dd79

370929729818511540224.000000

4103d4681ce970e5

0.000000

c0daf2b2723d49dd

3749245573379763207061081423872.000000

c09255f010451f9a

0.000000

408cc646e56fbb62

-70756387011990288072704.000000

c0c4cf045b900419

81073804134055936.000000

c0d30b742776ef8e

0.000000

c0c8fbe58babfc6e

-0.000000

40fd4227f1e175c3

-2232847756549174773034656989184.000000

c0fa3362620a6a5c

638328670709448966144.000000

c0e62f215c29668e

190728124541960192.000000

408705e056b7b2eb

100989537353728.000000

409e708ae10681ae

-155075507009620017152.000000

40ad2382d843db44

-861386024419328.000000

c0ea5f78d97799bd

-4355834767212544.000000

c09b9494cbe04c4b

-29399190.000000

c0dbc2a371ae0e77

1723772116224003464138823041024.000000

40c75cf75b2cc853

48633954802073600.000000

c0d210451a062f77

0.000000

40d12bdfdf2c9830

-12436743147541757952.000000

c0df8b1a7929be6c

55085023972414451696916497508073472.000000

40eab3f7e2c47d20

-1812289022450533924864.000000

405c44d886bd715d

-0.000000

c0abdc8a94eb90dc

-0.000000

c08c2bfab8d22b36

-0.000100

409cffeb108bf0cb

0.000000

c0c09c2e6845ab09

3733844955521083127103488.000000

c049fd48f2ad47c2

-6864340041137025570811227930624.000000

c07ea1f6f2dc7d2d

-8734467890513852531241564241920.000000

c0b7a31f165118cd

0.000000

40ec7e651c2a8f22

0.000000

40dfb8eaa589acfb

-0.000000

4096ebdb63f2b016

8953600789675748884480.000000

c0e2d218583bb508

825544790769664.000000

c0c258f25a3743ba

12896096720257024.000000

40d4b524962c168e

-0.000000

40b20829dcf8361c

-558922304889815040.000000

40d1261e226ec3be

0.000000

c0b14dd1568f8eb7

78921559179264.000000

40c25cfba8cd18ea

-0.000000

410842dbeb49604c

-243448838877445551982379008.000000

40c135fb6a31ac5d

53698458163510449472012288.000000

c090732147719ace

61850.804688

40d0d522290fdfc7

0.000000

c0ba42e7cce62e77

-120681400.000000

c10c2eda4f03b069

2209376512.000000

40e0ba40ccacaea5

-90535208.000000

c09d85b6b4c0ba5f

-0.000000

409ba75bd764c102

-251517613375488.000000

c0fb45ddec25016e

-797918046978979166089641984.000000

$finish called from file "./Testbench_all_operators.v", line 478.
$finish at simulation time            112840000
Simulation complete, time is 112840000 ps.
           V C S   S i m u l a t i o n   R e p o r t 
Time: 112840000 ps
CPU Time:     17.560 seconds;       Data structure size:   4.1Mb
Sun Nov 13 20:32:28 2016
