set ucliGUI::state
set ucliGUI::state
ucliCore::getToolPID
synopsys::env hasTB
trigger_hier_stack_context_switch 0
synUtils::setDVEInitPhase 1
synopsys::dump -type VPD -file /home/local/ESTUDIANTES/jsequeira/Documents/Dise-o-ASIC-FPGA-FPU/ASIC_FLOW/ASIC_fpu/integracion_fisica/simulacion_logica_behavioral/DOUBLE/inter.vpd -locking
synopsys::dump -autoflush on -fid VPD0
set ::dve_fid VPD0
synUtils::setDVEInitPhase 0
ucliCore::getToolPID
synUtils::sendTool -active _icl_setToolSocket /tmp/smlnpvh49CI
synUtils::sendTool -active {_icl_start_rpc -version "K-2015.09-SP2-3_Full64" -sync_file /tmp/vcs_dve_rpc.jsequeira.26974}
synUtils::sendTool -active {_icl_createSharedMemory /tmp/vcs_dve_general.jsequeira.26974}
ucliGUI::getSignalValues -scope Mux_3x1_bv2 -radix {decimal hexadecimal hexadecimal hexadecimal hexadecimal hexadecimal } -list {W {select[1:0]} {ch_0[31:0]} {ch_1[31:0]} {ch_2[31:0]} {data_out[31:0]} }
ucliGUI::getSignalValues -scope Mux_3x1_bv2 -radix {hexadecimal hexadecimal hexadecimal hexadecimal hexadecimal decimal } -list {{select[1:0]} {ch_0[31:0]} {ch_1[31:0]} {ch_2[31:0]} {data_out[31:0]} W }
config endofsim noexit
config onfail enable all
config syscaddplainmembers
config syscaddsourcenames
config syscaddstructtypes
synopsys::listing -disable
ucliGUI::getSignalValues -scope Testbench_FPU_Mark1 -radix {symbolic symbolic binary binary binary binary hexadecimal binary binary binary binary hexadecimal hexadecimal hexadecimal hexadecimal hexadecimal hexadecimal hexadecimal decimal decimal decimal decimal decimal decimal decimal decimal } -list {{contador[31:0]} {FileSaveData[31:0]} overflow_flag underflow_flag operation_ready NaN_flag {op_result[63:0]} clk rst begin_operation ack_operation {operation[2:0]} {Data_1[63:0]} {Data_2[63:0]} {region_flag[1:0]} {r_mode[1:0]} Array_IN_1 Array_IN_2 PERIOD W EW SW SWR EWR FPADD FPSUB }
synopsys::dump -add {Testbench_FPU_Mark1} -scope "." -depth 1 -fid VPD0
synopsys::dump -add {Testbench_FPU_Mark1.Array_IN_1 Testbench_FPU_Mark1.Array_IN_2 } -aggregates  -fid VPD0
synopsys::run
set ucliGUI::state
set ucliGUI::state
set synopsys::env(time) 2296265000
set synopsys::env(time) 3649785000
set synopsys::env(time) 5014425000
set synopsys::env(time) 6379165000
set synopsys::env(time) 7694175000
set synopsys::env(time) 9059535000
set synopsys::env(time) 10416445000
set synopsys::env(time) 11776895000
set synopsys::env(time) 13131715000
set synopsys::env(time) 14490875000
set synopsys::env(time) 15862795000
set synopsys::env(time) 17196245000
set synopsys::env(time) 18577095000
set synopsys::env(time) 19965905000
set synopsys::env(time) 21347765000
set synopsys::env(time) 22729425000
set synopsys::env(time) 24122585000
set synopsys::env(time) 25453065000
set synopsys::env(time) 26809295000
set synopsys::env(time) 28167495000
set synopsys::env(time) 29524555000
