Chronologic VCS simulator copyright 1991-2015
Contains Synopsys proprietary information.
Compiler version K-2015.09-SP2-3_Full64; Runtime version K-2015.09-SP2-3_Full64;  Oct 11 20:23 2016
VCD+ Writer K-2015.09-SP2-3_Full64 Copyright (c) 1991-2015 by Synopsys Inc.
The file '/home/local/ESTUDIANTES/jsequeira/Documents/Dise-o-ASIC-FPGA-FPU/ASIC_FLOW/ASIC_fpaddsub_arch2/integracion_fisica/simulacion_logica_sintesis/BARREL_SHIFTER/inter.vpd' was opened successfully.
                   3TEO Salida = 00100100 Entrada = 00100100 Numero de Corrimiento: 0
                   3REA Salida = 00x00x00 Entrada = 00100100 Numero de Corrimiento: 0
                   4TEO Salida = 00100100 Entrada = 00100100 Numero de Corrimiento: 0
                   4REA Salida = 00100100 Entrada = 00100100 Numero de Corrimiento: 0
                  40REA Salida = 00100100 Entrada = 00100100 Numero de Corrimiento: 1
                  42TEO Salida = 00010010 Entrada = 00100100 Numero de Corrimiento: 1
                  42REA Salida = 00110110 Entrada = 00100100 Numero de Corrimiento: 1
                  43TEO Salida = 00010010 Entrada = 00100100 Numero de Corrimiento: 1
                  43REA Salida = 00010010 Entrada = 00100100 Numero de Corrimiento: 1
                 120REA Salida = 00010010 Entrada = 00100100 Numero de Corrimiento: 2
                 122TEO Salida = 00001001 Entrada = 00100100 Numero de Corrimiento: 2
                 122REA Salida = 00000000 Entrada = 00100100 Numero de Corrimiento: 2
                 123TEO Salida = 00001001 Entrada = 00100100 Numero de Corrimiento: 2
                 123REA Salida = 00101101 Entrada = 00100100 Numero de Corrimiento: 2
                 124TEO Salida = 00001001 Entrada = 00100100 Numero de Corrimiento: 2
                 124REA Salida = 00001001 Entrada = 00100100 Numero de Corrimiento: 2
                 200REA Salida = 00001001 Entrada = 00100100 Numero de Corrimiento: 3
                 202TEO Salida = 00000100 Entrada = 00100100 Numero de Corrimiento: 3
                 202REA Salida = 10001101 Entrada = 00100100 Numero de Corrimiento: 3
                 203TEO Salida = 00000100 Entrada = 00100100 Numero de Corrimiento: 3
                 203REA Salida = 10000100 Entrada = 00100100 Numero de Corrimiento: 3
                 280REA Salida = 10000100 Entrada = 00100100 Numero de Corrimiento: 4
                 281TEO Salida = 00000010 Entrada = 00100100 Numero de Corrimiento: 4
                 281REA Salida = 00000000 Entrada = 00100100 Numero de Corrimiento: 4
                 284TEO Salida = 00000010 Entrada = 00100100 Numero de Corrimiento: 4
                 284REA Salida = 01000010 Entrada = 00100100 Numero de Corrimiento: 4
                 360REA Salida = 01000010 Entrada = 00100100 Numero de Corrimiento: 5
                 362TEO Salida = 00000001 Entrada = 00100100 Numero de Corrimiento: 5
                 362REA Salida = 01100011 Entrada = 00100100 Numero de Corrimiento: 5
                 363TEO Salida = 00000001 Entrada = 00100100 Numero de Corrimiento: 5
                 363REA Salida = 00100001 Entrada = 00100100 Numero de Corrimiento: 5
                 440REA Salida = 00100001 Entrada = 00100100 Numero de Corrimiento: 6
                 442TEO Salida = 00000000 Entrada = 00100100 Numero de Corrimiento: 6
                 442REA Salida = 00000000 Entrada = 00100100 Numero de Corrimiento: 6
                 443TEO Salida = 00000000 Entrada = 00100100 Numero de Corrimiento: 6
                 443REA Salida = 11010010 Entrada = 00100100 Numero de Corrimiento: 6
                 444TEO Salida = 00000000 Entrada = 00100100 Numero de Corrimiento: 6
                 444REA Salida = 10010000 Entrada = 00100100 Numero de Corrimiento: 6
                 520REA Salida = 10010000 Entrada = 00100100 Numero de Corrimiento: 7
                 522TEO Salida = 00000000 Entrada = 00100100 Numero de Corrimiento: 7
                 522REA Salida = 11011000 Entrada = 00100100 Numero de Corrimiento: 7
                 523TEO Salida = 00000000 Entrada = 00100100 Numero de Corrimiento: 7
                 523REA Salida = 01001000 Entrada = 00100100 Numero de Corrimiento: 7
                 600REA Salida = 01001000 Entrada = 00100100 Numero de Corrimiento: 0
                 601TEO Salida = 00100100 Entrada = 00100100 Numero de Corrimiento: 0
                 601REA Salida = 11111111 Entrada = 00100100 Numero de Corrimiento: 0
                 602TEO Salida = 00100100 Entrada = 00100100 Numero de Corrimiento: 0
                 602REA Salida = 00000000 Entrada = 00100100 Numero de Corrimiento: 0
                 604TEO Salida = 00100100 Entrada = 00100100 Numero de Corrimiento: 0
                 604REA Salida = 00100100 Entrada = 00100100 Numero de Corrimiento: 0
                 680REA Salida = 00100100 Entrada = 00100100 Numero de Corrimiento: 1
                 682TEO Salida = 00010010 Entrada = 00100100 Numero de Corrimiento: 1
                 682REA Salida = 00110110 Entrada = 00100100 Numero de Corrimiento: 1
                 683TEO Salida = 00010010 Entrada = 00100100 Numero de Corrimiento: 1
                 683REA Salida = 00010010 Entrada = 00100100 Numero de Corrimiento: 1
                 760REA Salida = 00010010 Entrada = 00100100 Numero de Corrimiento: 2
                 762TEO Salida = 00001001 Entrada = 00100100 Numero de Corrimiento: 2
                 762REA Salida = 00000000 Entrada = 00100100 Numero de Corrimiento: 2
                 763TEO Salida = 00001001 Entrada = 00100100 Numero de Corrimiento: 2
                 763REA Salida = 00101101 Entrada = 00100100 Numero de Corrimiento: 2
                 764TEO Salida = 00001001 Entrada = 00100100 Numero de Corrimiento: 2
                 764REA Salida = 00001001 Entrada = 00100100 Numero de Corrimiento: 2
                 840REA Salida = 00001001 Entrada = 00100100 Numero de Corrimiento: 3
                 842TEO Salida = 00000100 Entrada = 00100100 Numero de Corrimiento: 3
                 842REA Salida = 10001101 Entrada = 00100100 Numero de Corrimiento: 3
                 843TEO Salida = 00000100 Entrada = 00100100 Numero de Corrimiento: 3
                 843REA Salida = 10000100 Entrada = 00100100 Numero de Corrimiento: 3
                 920REA Salida = 10000100 Entrada = 00100100 Numero de Corrimiento: 4
                 921TEO Salida = 00000010 Entrada = 00100100 Numero de Corrimiento: 4
                 921REA Salida = 00000000 Entrada = 00100100 Numero de Corrimiento: 4
                 924TEO Salida = 00000010 Entrada = 00100100 Numero de Corrimiento: 4
                 924REA Salida = 01000010 Entrada = 00100100 Numero de Corrimiento: 4
                1000REA Salida = 01000010 Entrada = 00100100 Numero de Corrimiento: 5
                1002TEO Salida = 00000001 Entrada = 00100100 Numero de Corrimiento: 5
                1002REA Salida = 01100011 Entrada = 00100100 Numero de Corrimiento: 5
                1003TEO Salida = 00000001 Entrada = 00100100 Numero de Corrimiento: 5
                1003REA Salida = 00100001 Entrada = 00100100 Numero de Corrimiento: 5
                1080REA Salida = 00100001 Entrada = 00100100 Numero de Corrimiento: 6
                1082TEO Salida = 00000000 Entrada = 00100100 Numero de Corrimiento: 6
                1082REA Salida = 00000000 Entrada = 00100100 Numero de Corrimiento: 6
                1083TEO Salida = 00000000 Entrada = 00100100 Numero de Corrimiento: 6
                1083REA Salida = 11010010 Entrada = 00100100 Numero de Corrimiento: 6
                1084TEO Salida = 00000000 Entrada = 00100100 Numero de Corrimiento: 6
                1084REA Salida = 10010000 Entrada = 00100100 Numero de Corrimiento: 6
                1160REA Salida = 10010000 Entrada = 00100100 Numero de Corrimiento: 7
                1162TEO Salida = 00000000 Entrada = 00100100 Numero de Corrimiento: 7
                1162REA Salida = 11011000 Entrada = 00100100 Numero de Corrimiento: 7
                1163TEO Salida = 00000000 Entrada = 00100100 Numero de Corrimiento: 7
                1163REA Salida = 01001000 Entrada = 00100100 Numero de Corrimiento: 7
                1240REA Salida = 01001000 Entrada = 00100100 Numero de Corrimiento: 0
                1241TEO Salida = 00100100 Entrada = 00100100 Numero de Corrimiento: 0
                1241REA Salida = 11111111 Entrada = 00100100 Numero de Corrimiento: 0
                1242TEO Salida = 00100100 Entrada = 00100100 Numero de Corrimiento: 0
                1242REA Salida = 00000000 Entrada = 00100100 Numero de Corrimiento: 0
                1244TEO Salida = 00100100 Entrada = 00100100 Numero de Corrimiento: 0
                1244REA Salida = 00100100 Entrada = 00100100 Numero de Corrimiento: 0
                1320REA Salida = 00100100 Entrada = 00100100 Numero de Corrimiento: 1
                1322TEO Salida = 00010010 Entrada = 00100100 Numero de Corrimiento: 1
                1322REA Salida = 00110110 Entrada = 00100100 Numero de Corrimiento: 1
                1323TEO Salida = 00010010 Entrada = 00100100 Numero de Corrimiento: 1
                1323REA Salida = 00010010 Entrada = 00100100 Numero de Corrimiento: 1
                1400REA Salida = 00010010 Entrada = 00100100 Numero de Corrimiento: 2
                1402TEO Salida = 00001001 Entrada = 00100100 Numero de Corrimiento: 2
                1402REA Salida = 00000000 Entrada = 00100100 Numero de Corrimiento: 2
                1403TEO Salida = 00001001 Entrada = 00100100 Numero de Corrimiento: 2
                1403REA Salida = 00101101 Entrada = 00100100 Numero de Corrimiento: 2
                1404TEO Salida = 00001001 Entrada = 00100100 Numero de Corrimiento: 2
                1404REA Salida = 00001001 Entrada = 00100100 Numero de Corrimiento: 2
                1480REA Salida = 00001001 Entrada = 00100100 Numero de Corrimiento: 3
                1482TEO Salida = 00000100 Entrada = 00100100 Numero de Corrimiento: 3
                1482REA Salida = 10001101 Entrada = 00100100 Numero de Corrimiento: 3
                1483TEO Salida = 00000100 Entrada = 00100100 Numero de Corrimiento: 3
                1483REA Salida = 10000100 Entrada = 00100100 Numero de Corrimiento: 3
                1560REA Salida = 10000100 Entrada = 00100100 Numero de Corrimiento: 4
                1561TEO Salida = 00000010 Entrada = 00100100 Numero de Corrimiento: 4
                1561REA Salida = 00000000 Entrada = 00100100 Numero de Corrimiento: 4
                1564TEO Salida = 00000010 Entrada = 00100100 Numero de Corrimiento: 4
                1564REA Salida = 01000010 Entrada = 00100100 Numero de Corrimiento: 4
                1640REA Salida = 01000010 Entrada = 00100100 Numero de Corrimiento: 5
                1642TEO Salida = 00000001 Entrada = 00100100 Numero de Corrimiento: 5
                1642REA Salida = 01100011 Entrada = 00100100 Numero de Corrimiento: 5
                1643TEO Salida = 00000001 Entrada = 00100100 Numero de Corrimiento: 5
                1643REA Salida = 00100001 Entrada = 00100100 Numero de Corrimiento: 5
                1720REA Salida = 00100001 Entrada = 00100100 Numero de Corrimiento: 6
                1722TEO Salida = 00000000 Entrada = 00100100 Numero de Corrimiento: 6
                1722REA Salida = 00000000 Entrada = 00100100 Numero de Corrimiento: 6
                1723TEO Salida = 00000000 Entrada = 00100100 Numero de Corrimiento: 6
                1723REA Salida = 11010010 Entrada = 00100100 Numero de Corrimiento: 6
                1724TEO Salida = 00000000 Entrada = 00100100 Numero de Corrimiento: 6
                1724REA Salida = 10010000 Entrada = 00100100 Numero de Corrimiento: 6
                1800REA Salida = 10010000 Entrada = 00100100 Numero de Corrimiento: 7
                1802TEO Salida = 00000000 Entrada = 00100100 Numero de Corrimiento: 7
                1802REA Salida = 11011000 Entrada = 00100100 Numero de Corrimiento: 7
                1803TEO Salida = 00000000 Entrada = 00100100 Numero de Corrimiento: 7
                1803REA Salida = 01001000 Entrada = 00100100 Numero de Corrimiento: 7
                1880REA Salida = 01001000 Entrada = 00100100 Numero de Corrimiento: 0
                1881TEO Salida = 00100100 Entrada = 00100100 Numero de Corrimiento: 0
                1881REA Salida = 11111111 Entrada = 00100100 Numero de Corrimiento: 0
                1882TEO Salida = 00100100 Entrada = 00100100 Numero de Corrimiento: 0
                1882REA Salida = 00000000 Entrada = 00100100 Numero de Corrimiento: 0
                1884TEO Salida = 00100100 Entrada = 00100100 Numero de Corrimiento: 0
                1884REA Salida = 00100100 Entrada = 00100100 Numero de Corrimiento: 0
                1960REA Salida = 00100100 Entrada = 00100100 Numero de Corrimiento: 1
                1962TEO Salida = 00010010 Entrada = 00100100 Numero de Corrimiento: 1
                1962REA Salida = 00110110 Entrada = 00100100 Numero de Corrimiento: 1
                1963TEO Salida = 00010010 Entrada = 00100100 Numero de Corrimiento: 1
                1963REA Salida = 00010010 Entrada = 00100100 Numero de Corrimiento: 1
                2040REA Salida = 00010010 Entrada = 00100100 Numero de Corrimiento: 2
                2042TEO Salida = 00001001 Entrada = 00100100 Numero de Corrimiento: 2
                2042REA Salida = 00000000 Entrada = 00100100 Numero de Corrimiento: 2
                2043TEO Salida = 00001001 Entrada = 00100100 Numero de Corrimiento: 2
                2043REA Salida = 00101101 Entrada = 00100100 Numero de Corrimiento: 2
                2044TEO Salida = 00001001 Entrada = 00100100 Numero de Corrimiento: 2
                2044REA Salida = 00001001 Entrada = 00100100 Numero de Corrimiento: 2
                2120REA Salida = 00001001 Entrada = 00100100 Numero de Corrimiento: 3
                2122TEO Salida = 00000100 Entrada = 00100100 Numero de Corrimiento: 3
                2122REA Salida = 10001101 Entrada = 00100100 Numero de Corrimiento: 3
                2123TEO Salida = 00000100 Entrada = 00100100 Numero de Corrimiento: 3
                2123REA Salida = 10000100 Entrada = 00100100 Numero de Corrimiento: 3
                2200REA Salida = 10000100 Entrada = 00100100 Numero de Corrimiento: 4
                2201TEO Salida = 00000010 Entrada = 00100100 Numero de Corrimiento: 4
                2201REA Salida = 00000000 Entrada = 00100100 Numero de Corrimiento: 4
                2204TEO Salida = 00000010 Entrada = 00100100 Numero de Corrimiento: 4
                2204REA Salida = 01000010 Entrada = 00100100 Numero de Corrimiento: 4
                2280REA Salida = 01000010 Entrada = 00100100 Numero de Corrimiento: 5
                2282TEO Salida = 00000001 Entrada = 00100100 Numero de Corrimiento: 5
                2282REA Salida = 01100011 Entrada = 00100100 Numero de Corrimiento: 5
                2283TEO Salida = 00000001 Entrada = 00100100 Numero de Corrimiento: 5
                2283REA Salida = 00100001 Entrada = 00100100 Numero de Corrimiento: 5
                2360REA Salida = 00100001 Entrada = 00100100 Numero de Corrimiento: 6
                2362TEO Salida = 00000000 Entrada = 00100100 Numero de Corrimiento: 6
                2362REA Salida = 00000000 Entrada = 00100100 Numero de Corrimiento: 6
                2363TEO Salida = 00000000 Entrada = 00100100 Numero de Corrimiento: 6
                2363REA Salida = 11010010 Entrada = 00100100 Numero de Corrimiento: 6
                2364TEO Salida = 00000000 Entrada = 00100100 Numero de Corrimiento: 6
                2364REA Salida = 10010000 Entrada = 00100100 Numero de Corrimiento: 6
                2440REA Salida = 10010000 Entrada = 00100100 Numero de Corrimiento: 7
                2442TEO Salida = 00000000 Entrada = 00100100 Numero de Corrimiento: 7
                2442REA Salida = 11011000 Entrada = 00100100 Numero de Corrimiento: 7
                2443TEO Salida = 00000000 Entrada = 00100100 Numero de Corrimiento: 7
                2443REA Salida = 01001000 Entrada = 00100100 Numero de Corrimiento: 7
                2520REA Salida = 01001000 Entrada = 00100100 Numero de Corrimiento: 0
                2521TEO Salida = 00100100 Entrada = 00100100 Numero de Corrimiento: 0
                2521REA Salida = 11111111 Entrada = 00100100 Numero de Corrimiento: 0
                2522TEO Salida = 00100100 Entrada = 00100100 Numero de Corrimiento: 0
                2522REA Salida = 00000000 Entrada = 00100100 Numero de Corrimiento: 0
                2524TEO Salida = 00100100 Entrada = 00100100 Numero de Corrimiento: 0
                2524REA Salida = 00100100 Entrada = 00100100 Numero de Corrimiento: 0
                2600REA Salida = 00100100 Entrada = 00100100 Numero de Corrimiento: 1
                2602TEO Salida = 00010010 Entrada = 00100100 Numero de Corrimiento: 1
                2602REA Salida = 00110110 Entrada = 00100100 Numero de Corrimiento: 1
                2603TEO Salida = 00010010 Entrada = 00100100 Numero de Corrimiento: 1
                2603REA Salida = 00010010 Entrada = 00100100 Numero de Corrimiento: 1
                2680REA Salida = 00010010 Entrada = 00100100 Numero de Corrimiento: 2
                2682TEO Salida = 00001001 Entrada = 00100100 Numero de Corrimiento: 2
                2682REA Salida = 00000000 Entrada = 00100100 Numero de Corrimiento: 2
                2683TEO Salida = 00001001 Entrada = 00100100 Numero de Corrimiento: 2
                2683REA Salida = 00101101 Entrada = 00100100 Numero de Corrimiento: 2
                2684TEO Salida = 00001001 Entrada = 00100100 Numero de Corrimiento: 2
                2684REA Salida = 00001001 Entrada = 00100100 Numero de Corrimiento: 2
                2760REA Salida = 00001001 Entrada = 00100100 Numero de Corrimiento: 3
                2762TEO Salida = 00000100 Entrada = 00100100 Numero de Corrimiento: 3
                2762REA Salida = 10001101 Entrada = 00100100 Numero de Corrimiento: 3
                2763TEO Salida = 00000100 Entrada = 00100100 Numero de Corrimiento: 3
                2763REA Salida = 10000100 Entrada = 00100100 Numero de Corrimiento: 3
                2840REA Salida = 10000100 Entrada = 00100100 Numero de Corrimiento: 4
                2841TEO Salida = 00000010 Entrada = 00100100 Numero de Corrimiento: 4
                2841REA Salida = 00000000 Entrada = 00100100 Numero de Corrimiento: 4
                2844TEO Salida = 00000010 Entrada = 00100100 Numero de Corrimiento: 4
                2844REA Salida = 01000010 Entrada = 00100100 Numero de Corrimiento: 4
                2920REA Salida = 01000010 Entrada = 00100100 Numero de Corrimiento: 5
                2922TEO Salida = 00000001 Entrada = 00100100 Numero de Corrimiento: 5
                2922REA Salida = 01100011 Entrada = 00100100 Numero de Corrimiento: 5
                2923TEO Salida = 00000001 Entrada = 00100100 Numero de Corrimiento: 5
                2923REA Salida = 00100001 Entrada = 00100100 Numero de Corrimiento: 5
                3000REA Salida = 00100001 Entrada = 00100100 Numero de Corrimiento: 6
                3002TEO Salida = 00000000 Entrada = 00100100 Numero de Corrimiento: 6
                3002REA Salida = 00000000 Entrada = 00100100 Numero de Corrimiento: 6
                3003TEO Salida = 00000000 Entrada = 00100100 Numero de Corrimiento: 6
                3003REA Salida = 11010010 Entrada = 00100100 Numero de Corrimiento: 6
                3004TEO Salida = 00000000 Entrada = 00100100 Numero de Corrimiento: 6
                3004REA Salida = 10010000 Entrada = 00100100 Numero de Corrimiento: 6
                3080REA Salida = 10010000 Entrada = 00100100 Numero de Corrimiento: 7
                3082TEO Salida = 00000000 Entrada = 00100100 Numero de Corrimiento: 7
                3082REA Salida = 11011000 Entrada = 00100100 Numero de Corrimiento: 7
                3083TEO Salida = 00000000 Entrada = 00100100 Numero de Corrimiento: 7
                3083REA Salida = 01001000 Entrada = 00100100 Numero de Corrimiento: 7
                3160REA Salida = 01001000 Entrada = 00100100 Numero de Corrimiento: 0
                3161TEO Salida = 00100100 Entrada = 00100100 Numero de Corrimiento: 0
                3161REA Salida = 11111111 Entrada = 00100100 Numero de Corrimiento: 0
                3162TEO Salida = 00100100 Entrada = 00100100 Numero de Corrimiento: 0
                3162REA Salida = 00000000 Entrada = 00100100 Numero de Corrimiento: 0
                3164TEO Salida = 00100100 Entrada = 00100100 Numero de Corrimiento: 0
                3164REA Salida = 00100100 Entrada = 00100100 Numero de Corrimiento: 0
                3240REA Salida = 00100100 Entrada = 00100100 Numero de Corrimiento: 1
                3242TEO Salida = 00010010 Entrada = 00100100 Numero de Corrimiento: 1
                3242REA Salida = 00110110 Entrada = 00100100 Numero de Corrimiento: 1
                3243TEO Salida = 00010010 Entrada = 00100100 Numero de Corrimiento: 1
                3243REA Salida = 00010010 Entrada = 00100100 Numero de Corrimiento: 1
                3320REA Salida = 00010010 Entrada = 00100100 Numero de Corrimiento: 2
                3322TEO Salida = 00001001 Entrada = 00100100 Numero de Corrimiento: 2
                3322REA Salida = 00000000 Entrada = 00100100 Numero de Corrimiento: 2
                3323TEO Salida = 00001001 Entrada = 00100100 Numero de Corrimiento: 2
                3323REA Salida = 00101101 Entrada = 00100100 Numero de Corrimiento: 2
                3324TEO Salida = 00001001 Entrada = 00100100 Numero de Corrimiento: 2
                3324REA Salida = 00001001 Entrada = 00100100 Numero de Corrimiento: 2
                3400REA Salida = 00001001 Entrada = 00100100 Numero de Corrimiento: 3
                3402TEO Salida = 00000100 Entrada = 00100100 Numero de Corrimiento: 3
                3402REA Salida = 10001101 Entrada = 00100100 Numero de Corrimiento: 3
                3403TEO Salida = 00000100 Entrada = 00100100 Numero de Corrimiento: 3
                3403REA Salida = 10000100 Entrada = 00100100 Numero de Corrimiento: 3
                3480REA Salida = 10000100 Entrada = 00100100 Numero de Corrimiento: 4
                3481TEO Salida = 00000010 Entrada = 00100100 Numero de Corrimiento: 4
                3481REA Salida = 00000000 Entrada = 00100100 Numero de Corrimiento: 4
                3484TEO Salida = 00000010 Entrada = 00100100 Numero de Corrimiento: 4
                3484REA Salida = 01000010 Entrada = 00100100 Numero de Corrimiento: 4
                3560REA Salida = 01000010 Entrada = 00100100 Numero de Corrimiento: 5
                3562TEO Salida = 00000001 Entrada = 00100100 Numero de Corrimiento: 5
                3562REA Salida = 01100011 Entrada = 00100100 Numero de Corrimiento: 5
                3563TEO Salida = 00000001 Entrada = 00100100 Numero de Corrimiento: 5
                3563REA Salida = 00100001 Entrada = 00100100 Numero de Corrimiento: 5
                3640REA Salida = 00100001 Entrada = 00100100 Numero de Corrimiento: 6
                3642TEO Salida = 00000000 Entrada = 00100100 Numero de Corrimiento: 6
                3642REA Salida = 00000000 Entrada = 00100100 Numero de Corrimiento: 6
                3643TEO Salida = 00000000 Entrada = 00100100 Numero de Corrimiento: 6
                3643REA Salida = 11010010 Entrada = 00100100 Numero de Corrimiento: 6
                3644TEO Salida = 00000000 Entrada = 00100100 Numero de Corrimiento: 6
                3644REA Salida = 10010000 Entrada = 00100100 Numero de Corrimiento: 6
                3720REA Salida = 10010000 Entrada = 00100100 Numero de Corrimiento: 7
                3722TEO Salida = 00000000 Entrada = 00100100 Numero de Corrimiento: 7
                3722REA Salida = 11011000 Entrada = 00100100 Numero de Corrimiento: 7
                3723TEO Salida = 00000000 Entrada = 00100100 Numero de Corrimiento: 7
                3723REA Salida = 01001000 Entrada = 00100100 Numero de Corrimiento: 7
                3800REA Salida = 01001000 Entrada = 00100100 Numero de Corrimiento: 0
                3801TEO Salida = 00100100 Entrada = 00100100 Numero de Corrimiento: 0
                3801REA Salida = 11111111 Entrada = 00100100 Numero de Corrimiento: 0
                3802TEO Salida = 00100100 Entrada = 00100100 Numero de Corrimiento: 0
                3802REA Salida = 00000000 Entrada = 00100100 Numero de Corrimiento: 0
                3804TEO Salida = 00100100 Entrada = 00100100 Numero de Corrimiento: 0
                3804REA Salida = 00100100 Entrada = 00100100 Numero de Corrimiento: 0
                3880REA Salida = 00100100 Entrada = 00100100 Numero de Corrimiento: 1
                3882TEO Salida = 00010010 Entrada = 00100100 Numero de Corrimiento: 1
                3882REA Salida = 00110110 Entrada = 00100100 Numero de Corrimiento: 1
                3883TEO Salida = 00010010 Entrada = 00100100 Numero de Corrimiento: 1
                3883REA Salida = 00010010 Entrada = 00100100 Numero de Corrimiento: 1
                3960REA Salida = 00010010 Entrada = 00100100 Numero de Corrimiento: 2
                3962TEO Salida = 00001001 Entrada = 00100100 Numero de Corrimiento: 2
                3962REA Salida = 00000000 Entrada = 00100100 Numero de Corrimiento: 2
                3963TEO Salida = 00001001 Entrada = 00100100 Numero de Corrimiento: 2
                3963REA Salida = 00101101 Entrada = 00100100 Numero de Corrimiento: 2
                3964TEO Salida = 00001001 Entrada = 00100100 Numero de Corrimiento: 2
                3964REA Salida = 00001001 Entrada = 00100100 Numero de Corrimiento: 2
                4040REA Salida = 00001001 Entrada = 00100100 Numero de Corrimiento: 3
                4042TEO Salida = 00000100 Entrada = 00100100 Numero de Corrimiento: 3
                4042REA Salida = 10001101 Entrada = 00100100 Numero de Corrimiento: 3
                4043TEO Salida = 00000100 Entrada = 00100100 Numero de Corrimiento: 3
                4043REA Salida = 10000100 Entrada = 00100100 Numero de Corrimiento: 3
                4120REA Salida = 10000100 Entrada = 00100100 Numero de Corrimiento: 4
                4121TEO Salida = 00000010 Entrada = 00100100 Numero de Corrimiento: 4
                4121REA Salida = 00000000 Entrada = 00100100 Numero de Corrimiento: 4
                4124TEO Salida = 00000010 Entrada = 00100100 Numero de Corrimiento: 4
                4124REA Salida = 01000010 Entrada = 00100100 Numero de Corrimiento: 4
                4200REA Salida = 01000010 Entrada = 00100100 Numero de Corrimiento: 5
                4202TEO Salida = 00000001 Entrada = 00100100 Numero de Corrimiento: 5
                4202REA Salida = 01100011 Entrada = 00100100 Numero de Corrimiento: 5
                4203TEO Salida = 00000001 Entrada = 00100100 Numero de Corrimiento: 5
                4203REA Salida = 00100001 Entrada = 00100100 Numero de Corrimiento: 5
                4280REA Salida = 00100001 Entrada = 00100100 Numero de Corrimiento: 6
                4282TEO Salida = 00000000 Entrada = 00100100 Numero de Corrimiento: 6
                4282REA Salida = 00000000 Entrada = 00100100 Numero de Corrimiento: 6
                4283TEO Salida = 00000000 Entrada = 00100100 Numero de Corrimiento: 6
                4283REA Salida = 11010010 Entrada = 00100100 Numero de Corrimiento: 6
                4284TEO Salida = 00000000 Entrada = 00100100 Numero de Corrimiento: 6
                4284REA Salida = 10010000 Entrada = 00100100 Numero de Corrimiento: 6
                4360REA Salida = 10010000 Entrada = 00100100 Numero de Corrimiento: 7
                4362TEO Salida = 00000000 Entrada = 00100100 Numero de Corrimiento: 7
                4362REA Salida = 11011000 Entrada = 00100100 Numero de Corrimiento: 7
                4363TEO Salida = 00000000 Entrada = 00100100 Numero de Corrimiento: 7
                4363REA Salida = 01001000 Entrada = 00100100 Numero de Corrimiento: 7
                4440REA Salida = 01001000 Entrada = 00100100 Numero de Corrimiento: 0
                4441TEO Salida = 00100100 Entrada = 00100100 Numero de Corrimiento: 0
                4441REA Salida = 11111111 Entrada = 00100100 Numero de Corrimiento: 0
                4442TEO Salida = 00100100 Entrada = 00100100 Numero de Corrimiento: 0
                4442REA Salida = 00000000 Entrada = 00100100 Numero de Corrimiento: 0
                4444TEO Salida = 00100100 Entrada = 00100100 Numero de Corrimiento: 0
                4444REA Salida = 00100100 Entrada = 00100100 Numero de Corrimiento: 0
                4520REA Salida = 00100100 Entrada = 00100100 Numero de Corrimiento: 1
                4522TEO Salida = 00010010 Entrada = 00100100 Numero de Corrimiento: 1
                4522REA Salida = 00110110 Entrada = 00100100 Numero de Corrimiento: 1
                4523TEO Salida = 00010010 Entrada = 00100100 Numero de Corrimiento: 1
                4523REA Salida = 00010010 Entrada = 00100100 Numero de Corrimiento: 1
                4600REA Salida = 00010010 Entrada = 00100100 Numero de Corrimiento: 2
                4602TEO Salida = 00001001 Entrada = 00100100 Numero de Corrimiento: 2
                4602REA Salida = 00000000 Entrada = 00100100 Numero de Corrimiento: 2
                4603TEO Salida = 00001001 Entrada = 00100100 Numero de Corrimiento: 2
                4603REA Salida = 00101101 Entrada = 00100100 Numero de Corrimiento: 2
                4604TEO Salida = 00001001 Entrada = 00100100 Numero de Corrimiento: 2
                4604REA Salida = 00001001 Entrada = 00100100 Numero de Corrimiento: 2
                4680REA Salida = 00001001 Entrada = 00100100 Numero de Corrimiento: 3
                4682TEO Salida = 00000100 Entrada = 00100100 Numero de Corrimiento: 3
                4682REA Salida = 10001101 Entrada = 00100100 Numero de Corrimiento: 3
                4683TEO Salida = 00000100 Entrada = 00100100 Numero de Corrimiento: 3
                4683REA Salida = 10000100 Entrada = 00100100 Numero de Corrimiento: 3
                4760REA Salida = 10000100 Entrada = 00100100 Numero de Corrimiento: 4
                4761TEO Salida = 00000010 Entrada = 00100100 Numero de Corrimiento: 4
                4761REA Salida = 00000000 Entrada = 00100100 Numero de Corrimiento: 4
                4764TEO Salida = 00000010 Entrada = 00100100 Numero de Corrimiento: 4
                4764REA Salida = 01000010 Entrada = 00100100 Numero de Corrimiento: 4
                4840REA Salida = 01000010 Entrada = 00100100 Numero de Corrimiento: 5
                4842TEO Salida = 00000001 Entrada = 00100100 Numero de Corrimiento: 5
                4842REA Salida = 01100011 Entrada = 00100100 Numero de Corrimiento: 5
                4843TEO Salida = 00000001 Entrada = 00100100 Numero de Corrimiento: 5
                4843REA Salida = 00100001 Entrada = 00100100 Numero de Corrimiento: 5
                4920REA Salida = 00100001 Entrada = 00100100 Numero de Corrimiento: 6
                4922TEO Salida = 00000000 Entrada = 00100100 Numero de Corrimiento: 6
                4922REA Salida = 00000000 Entrada = 00100100 Numero de Corrimiento: 6
                4923TEO Salida = 00000000 Entrada = 00100100 Numero de Corrimiento: 6
                4923REA Salida = 11010010 Entrada = 00100100 Numero de Corrimiento: 6
                4924TEO Salida = 00000000 Entrada = 00100100 Numero de Corrimiento: 6
                4924REA Salida = 10010000 Entrada = 00100100 Numero de Corrimiento: 6
                5000REA Salida = 10010000 Entrada = 00100100 Numero de Corrimiento: 7
                5002TEO Salida = 00000000 Entrada = 00100100 Numero de Corrimiento: 7
                5002REA Salida = 11011000 Entrada = 00100100 Numero de Corrimiento: 7
                5003TEO Salida = 00000000 Entrada = 00100100 Numero de Corrimiento: 7
                5003REA Salida = 01001000 Entrada = 00100100 Numero de Corrimiento: 7
                5080REA Salida = 01001000 Entrada = 00100100 Numero de Corrimiento: 0
                5081TEO Salida = 00100100 Entrada = 00100100 Numero de Corrimiento: 0
                5081REA Salida = 11111111 Entrada = 00100100 Numero de Corrimiento: 0
                5082TEO Salida = 00100100 Entrada = 00100100 Numero de Corrimiento: 0
                5082REA Salida = 00000000 Entrada = 00100100 Numero de Corrimiento: 0
                5084TEO Salida = 00100100 Entrada = 00100100 Numero de Corrimiento: 0
                5084REA Salida = 00100100 Entrada = 00100100 Numero de Corrimiento: 0
                5160REA Salida = 00100100 Entrada = 00100100 Numero de Corrimiento: 1
                5162TEO Salida = 00010010 Entrada = 00100100 Numero de Corrimiento: 1
                5162REA Salida = 00110110 Entrada = 00100100 Numero de Corrimiento: 1
                5163TEO Salida = 00010010 Entrada = 00100100 Numero de Corrimiento: 1
                5163REA Salida = 00010010 Entrada = 00100100 Numero de Corrimiento: 1
                5240REA Salida = 00010010 Entrada = 00100100 Numero de Corrimiento: 2
                5242TEO Salida = 00001001 Entrada = 00100100 Numero de Corrimiento: 2
                5242REA Salida = 00000000 Entrada = 00100100 Numero de Corrimiento: 2
                5243TEO Salida = 00001001 Entrada = 00100100 Numero de Corrimiento: 2
                5243REA Salida = 00101101 Entrada = 00100100 Numero de Corrimiento: 2
                5244TEO Salida = 00001001 Entrada = 00100100 Numero de Corrimiento: 2
                5244REA Salida = 00001001 Entrada = 00100100 Numero de Corrimiento: 2
                5320REA Salida = 00001001 Entrada = 00100100 Numero de Corrimiento: 3
                5322TEO Salida = 00000100 Entrada = 00100100 Numero de Corrimiento: 3
                5322REA Salida = 10001101 Entrada = 00100100 Numero de Corrimiento: 3
                5323TEO Salida = 00000100 Entrada = 00100100 Numero de Corrimiento: 3
                5323REA Salida = 10000100 Entrada = 00100100 Numero de Corrimiento: 3
                5400REA Salida = 10000100 Entrada = 00100100 Numero de Corrimiento: 4
                5401TEO Salida = 00000010 Entrada = 00100100 Numero de Corrimiento: 4
                5401REA Salida = 00000000 Entrada = 00100100 Numero de Corrimiento: 4
                5404TEO Salida = 00000010 Entrada = 00100100 Numero de Corrimiento: 4
                5404REA Salida = 01000010 Entrada = 00100100 Numero de Corrimiento: 4
                5480REA Salida = 01000010 Entrada = 00100100 Numero de Corrimiento: 5
                5482TEO Salida = 00000001 Entrada = 00100100 Numero de Corrimiento: 5
                5482REA Salida = 01100011 Entrada = 00100100 Numero de Corrimiento: 5
                5483TEO Salida = 00000001 Entrada = 00100100 Numero de Corrimiento: 5
                5483REA Salida = 00100001 Entrada = 00100100 Numero de Corrimiento: 5
                5560REA Salida = 00100001 Entrada = 00100100 Numero de Corrimiento: 6
                5562TEO Salida = 00000000 Entrada = 00100100 Numero de Corrimiento: 6
                5562REA Salida = 00000000 Entrada = 00100100 Numero de Corrimiento: 6
                5563TEO Salida = 00000000 Entrada = 00100100 Numero de Corrimiento: 6
                5563REA Salida = 11010010 Entrada = 00100100 Numero de Corrimiento: 6
                5564TEO Salida = 00000000 Entrada = 00100100 Numero de Corrimiento: 6
                5564REA Salida = 10010000 Entrada = 00100100 Numero de Corrimiento: 6
                5640REA Salida = 10010000 Entrada = 00100100 Numero de Corrimiento: 7
                5642TEO Salida = 00000000 Entrada = 00100100 Numero de Corrimiento: 7
                5642REA Salida = 11011000 Entrada = 00100100 Numero de Corrimiento: 7
                5643TEO Salida = 00000000 Entrada = 00100100 Numero de Corrimiento: 7
                5643REA Salida = 01001000 Entrada = 00100100 Numero de Corrimiento: 7
                5720REA Salida = 01001000 Entrada = 00100100 Numero de Corrimiento: 0
                5721TEO Salida = 00100100 Entrada = 00100100 Numero de Corrimiento: 0
                5721REA Salida = 11111111 Entrada = 00100100 Numero de Corrimiento: 0
                5722TEO Salida = 00100100 Entrada = 00100100 Numero de Corrimiento: 0
                5722REA Salida = 00000000 Entrada = 00100100 Numero de Corrimiento: 0
                5724TEO Salida = 00100100 Entrada = 00100100 Numero de Corrimiento: 0
                5724REA Salida = 00100100 Entrada = 00100100 Numero de Corrimiento: 0
                5800REA Salida = 00100100 Entrada = 00100100 Numero de Corrimiento: 1
                5802TEO Salida = 00010010 Entrada = 00100100 Numero de Corrimiento: 1
                5802REA Salida = 00110110 Entrada = 00100100 Numero de Corrimiento: 1
                5803TEO Salida = 00010010 Entrada = 00100100 Numero de Corrimiento: 1
                5803REA Salida = 00010010 Entrada = 00100100 Numero de Corrimiento: 1
                5880REA Salida = 00010010 Entrada = 00100100 Numero de Corrimiento: 2
                5882TEO Salida = 00001001 Entrada = 00100100 Numero de Corrimiento: 2
                5882REA Salida = 00000000 Entrada = 00100100 Numero de Corrimiento: 2
                5883TEO Salida = 00001001 Entrada = 00100100 Numero de Corrimiento: 2
                5883REA Salida = 00101101 Entrada = 00100100 Numero de Corrimiento: 2
                5884TEO Salida = 00001001 Entrada = 00100100 Numero de Corrimiento: 2
                5884REA Salida = 00001001 Entrada = 00100100 Numero de Corrimiento: 2
                5960REA Salida = 00001001 Entrada = 00100100 Numero de Corrimiento: 3
                5962TEO Salida = 00000100 Entrada = 00100100 Numero de Corrimiento: 3
                5962REA Salida = 10001101 Entrada = 00100100 Numero de Corrimiento: 3
                5963TEO Salida = 00000100 Entrada = 00100100 Numero de Corrimiento: 3
                5963REA Salida = 10000100 Entrada = 00100100 Numero de Corrimiento: 3
                6040REA Salida = 10000100 Entrada = 00100100 Numero de Corrimiento: 4
                6041TEO Salida = 00000010 Entrada = 00100100 Numero de Corrimiento: 4
                6041REA Salida = 00000000 Entrada = 00100100 Numero de Corrimiento: 4
                6044TEO Salida = 00000010 Entrada = 00100100 Numero de Corrimiento: 4
                6044REA Salida = 01000010 Entrada = 00100100 Numero de Corrimiento: 4
                6120REA Salida = 01000010 Entrada = 00100100 Numero de Corrimiento: 5
                6122TEO Salida = 00000001 Entrada = 00100100 Numero de Corrimiento: 5
                6122REA Salida = 01100011 Entrada = 00100100 Numero de Corrimiento: 5
                6123TEO Salida = 00000001 Entrada = 00100100 Numero de Corrimiento: 5
                6123REA Salida = 00100001 Entrada = 00100100 Numero de Corrimiento: 5
                6200REA Salida = 00100001 Entrada = 00100100 Numero de Corrimiento: 6
                6202TEO Salida = 00000000 Entrada = 00100100 Numero de Corrimiento: 6
                6202REA Salida = 00000000 Entrada = 00100100 Numero de Corrimiento: 6
                6203TEO Salida = 00000000 Entrada = 00100100 Numero de Corrimiento: 6
                6203REA Salida = 11010010 Entrada = 00100100 Numero de Corrimiento: 6
                6204TEO Salida = 00000000 Entrada = 00100100 Numero de Corrimiento: 6
                6204REA Salida = 10010000 Entrada = 00100100 Numero de Corrimiento: 6
                6280REA Salida = 10010000 Entrada = 00100100 Numero de Corrimiento: 7
                6282TEO Salida = 00000000 Entrada = 00100100 Numero de Corrimiento: 7
                6282REA Salida = 11011000 Entrada = 00100100 Numero de Corrimiento: 7
                6283TEO Salida = 00000000 Entrada = 00100100 Numero de Corrimiento: 7
                6283REA Salida = 01001000 Entrada = 00100100 Numero de Corrimiento: 7
                6360REA Salida = 01001000 Entrada = 00100100 Numero de Corrimiento: 0
                6361TEO Salida = 00100100 Entrada = 00100100 Numero de Corrimiento: 0
                6361REA Salida = 11111111 Entrada = 00100100 Numero de Corrimiento: 0
                6362TEO Salida = 00100100 Entrada = 00100100 Numero de Corrimiento: 0
                6362REA Salida = 00000000 Entrada = 00100100 Numero de Corrimiento: 0
                6364TEO Salida = 00100100 Entrada = 00100100 Numero de Corrimiento: 0
                6364REA Salida = 00100100 Entrada = 00100100 Numero de Corrimiento: 0
                6440REA Salida = 00100100 Entrada = 00100100 Numero de Corrimiento: 1
                6442TEO Salida = 00010010 Entrada = 00100100 Numero de Corrimiento: 1
                6442REA Salida = 00110110 Entrada = 00100100 Numero de Corrimiento: 1
                6443TEO Salida = 00010010 Entrada = 00100100 Numero de Corrimiento: 1
                6443REA Salida = 00010010 Entrada = 00100100 Numero de Corrimiento: 1
                6520REA Salida = 00010010 Entrada = 00100100 Numero de Corrimiento: 2
                6522TEO Salida = 00001001 Entrada = 00100100 Numero de Corrimiento: 2
                6522REA Salida = 00000000 Entrada = 00100100 Numero de Corrimiento: 2
                6523TEO Salida = 00001001 Entrada = 00100100 Numero de Corrimiento: 2
                6523REA Salida = 00101101 Entrada = 00100100 Numero de Corrimiento: 2
                6524TEO Salida = 00001001 Entrada = 00100100 Numero de Corrimiento: 2
                6524REA Salida = 00001001 Entrada = 00100100 Numero de Corrimiento: 2
                6600REA Salida = 00001001 Entrada = 00100100 Numero de Corrimiento: 3
                6602TEO Salida = 00000100 Entrada = 00100100 Numero de Corrimiento: 3
                6602REA Salida = 10001101 Entrada = 00100100 Numero de Corrimiento: 3
                6603TEO Salida = 00000100 Entrada = 00100100 Numero de Corrimiento: 3
                6603REA Salida = 10000100 Entrada = 00100100 Numero de Corrimiento: 3
                6680REA Salida = 10000100 Entrada = 00100100 Numero de Corrimiento: 4
                6681TEO Salida = 00000010 Entrada = 00100100 Numero de Corrimiento: 4
                6681REA Salida = 00000000 Entrada = 00100100 Numero de Corrimiento: 4
                6684TEO Salida = 00000010 Entrada = 00100100 Numero de Corrimiento: 4
                6684REA Salida = 01000010 Entrada = 00100100 Numero de Corrimiento: 4
                6760REA Salida = 01000010 Entrada = 00100100 Numero de Corrimiento: 5
                6762TEO Salida = 00000001 Entrada = 00100100 Numero de Corrimiento: 5
                6762REA Salida = 01100011 Entrada = 00100100 Numero de Corrimiento: 5
                6763TEO Salida = 00000001 Entrada = 00100100 Numero de Corrimiento: 5
                6763REA Salida = 00100001 Entrada = 00100100 Numero de Corrimiento: 5
                6840REA Salida = 00100001 Entrada = 00100100 Numero de Corrimiento: 6
                6842TEO Salida = 00000000 Entrada = 00100100 Numero de Corrimiento: 6
                6842REA Salida = 00000000 Entrada = 00100100 Numero de Corrimiento: 6
                6843TEO Salida = 00000000 Entrada = 00100100 Numero de Corrimiento: 6
                6843REA Salida = 11010010 Entrada = 00100100 Numero de Corrimiento: 6
                6844TEO Salida = 00000000 Entrada = 00100100 Numero de Corrimiento: 6
                6844REA Salida = 10010000 Entrada = 00100100 Numero de Corrimiento: 6
                6920REA Salida = 10010000 Entrada = 00100100 Numero de Corrimiento: 7
                6922TEO Salida = 00000000 Entrada = 00100100 Numero de Corrimiento: 7
                6922REA Salida = 11011000 Entrada = 00100100 Numero de Corrimiento: 7
                6923TEO Salida = 00000000 Entrada = 00100100 Numero de Corrimiento: 7
                6923REA Salida = 01001000 Entrada = 00100100 Numero de Corrimiento: 7
                7000REA Salida = 01001000 Entrada = 00100100 Numero de Corrimiento: 0
                7001TEO Salida = 00100100 Entrada = 00100100 Numero de Corrimiento: 0
                7001REA Salida = 11111111 Entrada = 00100100 Numero de Corrimiento: 0
                7002TEO Salida = 00100100 Entrada = 00100100 Numero de Corrimiento: 0
                7002REA Salida = 00000000 Entrada = 00100100 Numero de Corrimiento: 0
                7004TEO Salida = 00100100 Entrada = 00100100 Numero de Corrimiento: 0
                7004REA Salida = 00100100 Entrada = 00100100 Numero de Corrimiento: 0
                7080REA Salida = 00100100 Entrada = 00100100 Numero de Corrimiento: 1
                7082TEO Salida = 00010010 Entrada = 00100100 Numero de Corrimiento: 1
                7082REA Salida = 00110110 Entrada = 00100100 Numero de Corrimiento: 1
                7083TEO Salida = 00010010 Entrada = 00100100 Numero de Corrimiento: 1
                7083REA Salida = 00010010 Entrada = 00100100 Numero de Corrimiento: 1
                7160REA Salida = 00010010 Entrada = 00100100 Numero de Corrimiento: 2
                7162TEO Salida = 00001001 Entrada = 00100100 Numero de Corrimiento: 2
                7162REA Salida = 00000000 Entrada = 00100100 Numero de Corrimiento: 2
                7163TEO Salida = 00001001 Entrada = 00100100 Numero de Corrimiento: 2
                7163REA Salida = 00101101 Entrada = 00100100 Numero de Corrimiento: 2
                7164TEO Salida = 00001001 Entrada = 00100100 Numero de Corrimiento: 2
                7164REA Salida = 00001001 Entrada = 00100100 Numero de Corrimiento: 2
                7240REA Salida = 00001001 Entrada = 00100100 Numero de Corrimiento: 3
                7242TEO Salida = 00000100 Entrada = 00100100 Numero de Corrimiento: 3
                7242REA Salida = 10001101 Entrada = 00100100 Numero de Corrimiento: 3
                7243TEO Salida = 00000100 Entrada = 00100100 Numero de Corrimiento: 3
                7243REA Salida = 10000100 Entrada = 00100100 Numero de Corrimiento: 3
                7320REA Salida = 10000100 Entrada = 00100100 Numero de Corrimiento: 4
                7321TEO Salida = 00000010 Entrada = 00100100 Numero de Corrimiento: 4
                7321REA Salida = 00000000 Entrada = 00100100 Numero de Corrimiento: 4
                7324TEO Salida = 00000010 Entrada = 00100100 Numero de Corrimiento: 4
                7324REA Salida = 01000010 Entrada = 00100100 Numero de Corrimiento: 4
                7400REA Salida = 01000010 Entrada = 00100100 Numero de Corrimiento: 5
                7402TEO Salida = 00000001 Entrada = 00100100 Numero de Corrimiento: 5
                7402REA Salida = 01100011 Entrada = 00100100 Numero de Corrimiento: 5
                7403TEO Salida = 00000001 Entrada = 00100100 Numero de Corrimiento: 5
                7403REA Salida = 00100001 Entrada = 00100100 Numero de Corrimiento: 5
                7480REA Salida = 00100001 Entrada = 00100100 Numero de Corrimiento: 6
                7482TEO Salida = 00000000 Entrada = 00100100 Numero de Corrimiento: 6
                7482REA Salida = 00000000 Entrada = 00100100 Numero de Corrimiento: 6
                7483TEO Salida = 00000000 Entrada = 00100100 Numero de Corrimiento: 6
                7483REA Salida = 11010010 Entrada = 00100100 Numero de Corrimiento: 6
                7484TEO Salida = 00000000 Entrada = 00100100 Numero de Corrimiento: 6
                7484REA Salida = 10010000 Entrada = 00100100 Numero de Corrimiento: 6
                7560REA Salida = 10010000 Entrada = 00100100 Numero de Corrimiento: 7
                7562TEO Salida = 00000000 Entrada = 00100100 Numero de Corrimiento: 7
                7562REA Salida = 11011000 Entrada = 00100100 Numero de Corrimiento: 7
                7563TEO Salida = 00000000 Entrada = 00100100 Numero de Corrimiento: 7
                7563REA Salida = 01001000 Entrada = 00100100 Numero de Corrimiento: 7
                7640REA Salida = 01001000 Entrada = 00100100 Numero de Corrimiento: 0
                7641TEO Salida = 00100100 Entrada = 00100100 Numero de Corrimiento: 0
                7641REA Salida = 11111111 Entrada = 00100100 Numero de Corrimiento: 0
                7642TEO Salida = 00100100 Entrada = 00100100 Numero de Corrimiento: 0
                7642REA Salida = 00000000 Entrada = 00100100 Numero de Corrimiento: 0
                7644TEO Salida = 00100100 Entrada = 00100100 Numero de Corrimiento: 0
                7644REA Salida = 00100100 Entrada = 00100100 Numero de Corrimiento: 0
                7720REA Salida = 00100100 Entrada = 00100100 Numero de Corrimiento: 1
                7722TEO Salida = 00010010 Entrada = 00100100 Numero de Corrimiento: 1
                7722REA Salida = 00110110 Entrada = 00100100 Numero de Corrimiento: 1
                7723TEO Salida = 00010010 Entrada = 00100100 Numero de Corrimiento: 1
                7723REA Salida = 00010010 Entrada = 00100100 Numero de Corrimiento: 1
                7800REA Salida = 00010010 Entrada = 00100100 Numero de Corrimiento: 2
                7802TEO Salida = 00001001 Entrada = 00100100 Numero de Corrimiento: 2
                7802REA Salida = 00000000 Entrada = 00100100 Numero de Corrimiento: 2
                7803TEO Salida = 00001001 Entrada = 00100100 Numero de Corrimiento: 2
                7803REA Salida = 00101101 Entrada = 00100100 Numero de Corrimiento: 2
                7804TEO Salida = 00001001 Entrada = 00100100 Numero de Corrimiento: 2
                7804REA Salida = 00001001 Entrada = 00100100 Numero de Corrimiento: 2
                7880REA Salida = 00001001 Entrada = 00100100 Numero de Corrimiento: 3
                7882TEO Salida = 00000100 Entrada = 00100100 Numero de Corrimiento: 3
                7882REA Salida = 10001101 Entrada = 00100100 Numero de Corrimiento: 3
                7883TEO Salida = 00000100 Entrada = 00100100 Numero de Corrimiento: 3
                7883REA Salida = 10000100 Entrada = 00100100 Numero de Corrimiento: 3
                7960REA Salida = 10000100 Entrada = 00100100 Numero de Corrimiento: 4
                7961TEO Salida = 00000010 Entrada = 00100100 Numero de Corrimiento: 4
                7961REA Salida = 00000000 Entrada = 00100100 Numero de Corrimiento: 4
                7964TEO Salida = 00000010 Entrada = 00100100 Numero de Corrimiento: 4
                7964REA Salida = 01000010 Entrada = 00100100 Numero de Corrimiento: 4
                8040REA Salida = 01000010 Entrada = 00100100 Numero de Corrimiento: 5
                8042TEO Salida = 00000001 Entrada = 00100100 Numero de Corrimiento: 5
                8042REA Salida = 01100011 Entrada = 00100100 Numero de Corrimiento: 5
                8043TEO Salida = 00000001 Entrada = 00100100 Numero de Corrimiento: 5
                8043REA Salida = 00100001 Entrada = 00100100 Numero de Corrimiento: 5
                8120REA Salida = 00100001 Entrada = 00100100 Numero de Corrimiento: 6
                8122TEO Salida = 00000000 Entrada = 00100100 Numero de Corrimiento: 6
                8122REA Salida = 00000000 Entrada = 00100100 Numero de Corrimiento: 6
                8123TEO Salida = 00000000 Entrada = 00100100 Numero de Corrimiento: 6
                8123REA Salida = 11010010 Entrada = 00100100 Numero de Corrimiento: 6
                8124TEO Salida = 00000000 Entrada = 00100100 Numero de Corrimiento: 6
                8124REA Salida = 10010000 Entrada = 00100100 Numero de Corrimiento: 6
                8200REA Salida = 10010000 Entrada = 00100100 Numero de Corrimiento: 7
                8202TEO Salida = 00000000 Entrada = 00100100 Numero de Corrimiento: 7
                8202REA Salida = 11011000 Entrada = 00100100 Numero de Corrimiento: 7
                8203TEO Salida = 00000000 Entrada = 00100100 Numero de Corrimiento: 7
                8203REA Salida = 01001000 Entrada = 00100100 Numero de Corrimiento: 7
                8280REA Salida = 01001000 Entrada = 00100100 Numero de Corrimiento: 0
                8281TEO Salida = 00100100 Entrada = 00100100 Numero de Corrimiento: 0
                8281REA Salida = 11111111 Entrada = 00100100 Numero de Corrimiento: 0
                8282TEO Salida = 00100100 Entrada = 00100100 Numero de Corrimiento: 0
                8282REA Salida = 00000000 Entrada = 00100100 Numero de Corrimiento: 0
                8284TEO Salida = 00100100 Entrada = 00100100 Numero de Corrimiento: 0
                8284REA Salida = 00100100 Entrada = 00100100 Numero de Corrimiento: 0
                8360REA Salida = 00100100 Entrada = 00100100 Numero de Corrimiento: 1
                8362TEO Salida = 00010010 Entrada = 00100100 Numero de Corrimiento: 1
                8362REA Salida = 00110110 Entrada = 00100100 Numero de Corrimiento: 1
                8363TEO Salida = 00010010 Entrada = 00100100 Numero de Corrimiento: 1
                8363REA Salida = 00010010 Entrada = 00100100 Numero de Corrimiento: 1
                8440REA Salida = 00010010 Entrada = 00100100 Numero de Corrimiento: 2
                8442TEO Salida = 00001001 Entrada = 00100100 Numero de Corrimiento: 2
                8442REA Salida = 00000000 Entrada = 00100100 Numero de Corrimiento: 2
                8443TEO Salida = 00001001 Entrada = 00100100 Numero de Corrimiento: 2
                8443REA Salida = 00101101 Entrada = 00100100 Numero de Corrimiento: 2
                8444TEO Salida = 00001001 Entrada = 00100100 Numero de Corrimiento: 2
                8444REA Salida = 00001001 Entrada = 00100100 Numero de Corrimiento: 2
                8520REA Salida = 00001001 Entrada = 00100100 Numero de Corrimiento: 3
                8522TEO Salida = 00000100 Entrada = 00100100 Numero de Corrimiento: 3
                8522REA Salida = 10001101 Entrada = 00100100 Numero de Corrimiento: 3
                8523TEO Salida = 00000100 Entrada = 00100100 Numero de Corrimiento: 3
                8523REA Salida = 10000100 Entrada = 00100100 Numero de Corrimiento: 3
                8600REA Salida = 10000100 Entrada = 00100100 Numero de Corrimiento: 4
                8601TEO Salida = 00000010 Entrada = 00100100 Numero de Corrimiento: 4
                8601REA Salida = 00000000 Entrada = 00100100 Numero de Corrimiento: 4
                8604TEO Salida = 00000010 Entrada = 00100100 Numero de Corrimiento: 4
                8604REA Salida = 01000010 Entrada = 00100100 Numero de Corrimiento: 4
                8680REA Salida = 01000010 Entrada = 00100100 Numero de Corrimiento: 5
                8682TEO Salida = 00000001 Entrada = 00100100 Numero de Corrimiento: 5
                8682REA Salida = 01100011 Entrada = 00100100 Numero de Corrimiento: 5
                8683TEO Salida = 00000001 Entrada = 00100100 Numero de Corrimiento: 5
                8683REA Salida = 00100001 Entrada = 00100100 Numero de Corrimiento: 5
                8760REA Salida = 00100001 Entrada = 00100100 Numero de Corrimiento: 6
                8762TEO Salida = 00000000 Entrada = 00100100 Numero de Corrimiento: 6
                8762REA Salida = 00000000 Entrada = 00100100 Numero de Corrimiento: 6
                8763TEO Salida = 00000000 Entrada = 00100100 Numero de Corrimiento: 6
                8763REA Salida = 11010010 Entrada = 00100100 Numero de Corrimiento: 6
                8764TEO Salida = 00000000 Entrada = 00100100 Numero de Corrimiento: 6
                8764REA Salida = 10010000 Entrada = 00100100 Numero de Corrimiento: 6
                8840REA Salida = 10010000 Entrada = 00100100 Numero de Corrimiento: 7
                8842TEO Salida = 00000000 Entrada = 00100100 Numero de Corrimiento: 7
                8842REA Salida = 11011000 Entrada = 00100100 Numero de Corrimiento: 7
                8843TEO Salida = 00000000 Entrada = 00100100 Numero de Corrimiento: 7
                8843REA Salida = 01001000 Entrada = 00100100 Numero de Corrimiento: 7
                8920REA Salida = 01001000 Entrada = 00100100 Numero de Corrimiento: 0
                8921TEO Salida = 00100100 Entrada = 00100100 Numero de Corrimiento: 0
                8921REA Salida = 11111111 Entrada = 00100100 Numero de Corrimiento: 0
                8922TEO Salida = 00100100 Entrada = 00100100 Numero de Corrimiento: 0
                8922REA Salida = 00000000 Entrada = 00100100 Numero de Corrimiento: 0
                8924TEO Salida = 00100100 Entrada = 00100100 Numero de Corrimiento: 0
                8924REA Salida = 00100100 Entrada = 00100100 Numero de Corrimiento: 0
                9000REA Salida = 00100100 Entrada = 00100100 Numero de Corrimiento: 1
                9002TEO Salida = 00010010 Entrada = 00100100 Numero de Corrimiento: 1
                9002REA Salida = 00110110 Entrada = 00100100 Numero de Corrimiento: 1
                9003TEO Salida = 00010010 Entrada = 00100100 Numero de Corrimiento: 1
                9003REA Salida = 00010010 Entrada = 00100100 Numero de Corrimiento: 1
                9080REA Salida = 00010010 Entrada = 00100100 Numero de Corrimiento: 2
                9082TEO Salida = 00001001 Entrada = 00100100 Numero de Corrimiento: 2
                9082REA Salida = 00000000 Entrada = 00100100 Numero de Corrimiento: 2
                9083TEO Salida = 00001001 Entrada = 00100100 Numero de Corrimiento: 2
                9083REA Salida = 00101101 Entrada = 00100100 Numero de Corrimiento: 2
                9084TEO Salida = 00001001 Entrada = 00100100 Numero de Corrimiento: 2
                9084REA Salida = 00001001 Entrada = 00100100 Numero de Corrimiento: 2
                9160REA Salida = 00001001 Entrada = 00100100 Numero de Corrimiento: 3
                9162TEO Salida = 00000100 Entrada = 00100100 Numero de Corrimiento: 3
                9162REA Salida = 10001101 Entrada = 00100100 Numero de Corrimiento: 3
                9163TEO Salida = 00000100 Entrada = 00100100 Numero de Corrimiento: 3
                9163REA Salida = 10000100 Entrada = 00100100 Numero de Corrimiento: 3
                9240REA Salida = 10000100 Entrada = 00100100 Numero de Corrimiento: 4
                9241TEO Salida = 00000010 Entrada = 00100100 Numero de Corrimiento: 4
                9241REA Salida = 00000000 Entrada = 00100100 Numero de Corrimiento: 4
                9244TEO Salida = 00000010 Entrada = 00100100 Numero de Corrimiento: 4
                9244REA Salida = 01000010 Entrada = 00100100 Numero de Corrimiento: 4
                9320REA Salida = 01000010 Entrada = 00100100 Numero de Corrimiento: 5
                9322TEO Salida = 00000001 Entrada = 00100100 Numero de Corrimiento: 5
                9322REA Salida = 01100011 Entrada = 00100100 Numero de Corrimiento: 5
                9323TEO Salida = 00000001 Entrada = 00100100 Numero de Corrimiento: 5
                9323REA Salida = 00100001 Entrada = 00100100 Numero de Corrimiento: 5
                9400REA Salida = 00100001 Entrada = 00100100 Numero de Corrimiento: 6
                9402TEO Salida = 00000000 Entrada = 00100100 Numero de Corrimiento: 6
                9402REA Salida = 00000000 Entrada = 00100100 Numero de Corrimiento: 6
                9403TEO Salida = 00000000 Entrada = 00100100 Numero de Corrimiento: 6
                9403REA Salida = 11010010 Entrada = 00100100 Numero de Corrimiento: 6
                9404TEO Salida = 00000000 Entrada = 00100100 Numero de Corrimiento: 6
                9404REA Salida = 10010000 Entrada = 00100100 Numero de Corrimiento: 6
                9480REA Salida = 10010000 Entrada = 00100100 Numero de Corrimiento: 7
                9482TEO Salida = 00000000 Entrada = 00100100 Numero de Corrimiento: 7
                9482REA Salida = 11011000 Entrada = 00100100 Numero de Corrimiento: 7
                9483TEO Salida = 00000000 Entrada = 00100100 Numero de Corrimiento: 7
                9483REA Salida = 01001000 Entrada = 00100100 Numero de Corrimiento: 7
                9560REA Salida = 01001000 Entrada = 00100100 Numero de Corrimiento: 0
                9561TEO Salida = 00100100 Entrada = 00100100 Numero de Corrimiento: 0
                9561REA Salida = 11111111 Entrada = 00100100 Numero de Corrimiento: 0
                9562TEO Salida = 00100100 Entrada = 00100100 Numero de Corrimiento: 0
                9562REA Salida = 00000000 Entrada = 00100100 Numero de Corrimiento: 0
                9564TEO Salida = 00100100 Entrada = 00100100 Numero de Corrimiento: 0
                9564REA Salida = 00100100 Entrada = 00100100 Numero de Corrimiento: 0
                9640REA Salida = 00100100 Entrada = 00100100 Numero de Corrimiento: 1
                9642TEO Salida = 00010010 Entrada = 00100100 Numero de Corrimiento: 1
                9642REA Salida = 00110110 Entrada = 00100100 Numero de Corrimiento: 1
                9643TEO Salida = 00010010 Entrada = 00100100 Numero de Corrimiento: 1
                9643REA Salida = 00010010 Entrada = 00100100 Numero de Corrimiento: 1
                9720REA Salida = 00010010 Entrada = 00100100 Numero de Corrimiento: 2
                9722TEO Salida = 00001001 Entrada = 00100100 Numero de Corrimiento: 2
                9722REA Salida = 00000000 Entrada = 00100100 Numero de Corrimiento: 2
                9723TEO Salida = 00001001 Entrada = 00100100 Numero de Corrimiento: 2
                9723REA Salida = 00101101 Entrada = 00100100 Numero de Corrimiento: 2
                9724TEO Salida = 00001001 Entrada = 00100100 Numero de Corrimiento: 2
                9724REA Salida = 00001001 Entrada = 00100100 Numero de Corrimiento: 2
                9800REA Salida = 00001001 Entrada = 00100100 Numero de Corrimiento: 3
                9802TEO Salida = 00000100 Entrada = 00100100 Numero de Corrimiento: 3
                9802REA Salida = 10001101 Entrada = 00100100 Numero de Corrimiento: 3
                9803TEO Salida = 00000100 Entrada = 00100100 Numero de Corrimiento: 3
                9803REA Salida = 10000100 Entrada = 00100100 Numero de Corrimiento: 3
                9880REA Salida = 10000100 Entrada = 00100100 Numero de Corrimiento: 4
                9881TEO Salida = 00000010 Entrada = 00100100 Numero de Corrimiento: 4
                9881REA Salida = 00000000 Entrada = 00100100 Numero de Corrimiento: 4
                9884TEO Salida = 00000010 Entrada = 00100100 Numero de Corrimiento: 4
                9884REA Salida = 01000010 Entrada = 00100100 Numero de Corrimiento: 4
                9960REA Salida = 01000010 Entrada = 00100100 Numero de Corrimiento: 5
                9962TEO Salida = 00000001 Entrada = 00100100 Numero de Corrimiento: 5
                9962REA Salida = 01100011 Entrada = 00100100 Numero de Corrimiento: 5
                9963TEO Salida = 00000001 Entrada = 00100100 Numero de Corrimiento: 5
                9963REA Salida = 00100001 Entrada = 00100100 Numero de Corrimiento: 5
               10040REA Salida = 00100001 Entrada = 00100100 Numero de Corrimiento: 6
               10042TEO Salida = 00000000 Entrada = 00100100 Numero de Corrimiento: 6
               10042REA Salida = 00000000 Entrada = 00100100 Numero de Corrimiento: 6
               10043TEO Salida = 00000000 Entrada = 00100100 Numero de Corrimiento: 6
               10043REA Salida = 11010010 Entrada = 00100100 Numero de Corrimiento: 6
               10044TEO Salida = 00000000 Entrada = 00100100 Numero de Corrimiento: 6
               10044REA Salida = 10010000 Entrada = 00100100 Numero de Corrimiento: 6
               10120REA Salida = 10010000 Entrada = 00100100 Numero de Corrimiento: 7
               10122TEO Salida = 00000000 Entrada = 00100100 Numero de Corrimiento: 7
               10122REA Salida = 11011000 Entrada = 00100100 Numero de Corrimiento: 7
               10123TEO Salida = 00000000 Entrada = 00100100 Numero de Corrimiento: 7
               10123REA Salida = 01001000 Entrada = 00100100 Numero de Corrimiento: 7
               10200REA Salida = 01001000 Entrada = 00100100 Numero de Corrimiento: 0
               10201TEO Salida = 00100100 Entrada = 00100100 Numero de Corrimiento: 0
               10201REA Salida = 11111111 Entrada = 00100100 Numero de Corrimiento: 0
               10202TEO Salida = 00100100 Entrada = 00100100 Numero de Corrimiento: 0
               10202REA Salida = 00000000 Entrada = 00100100 Numero de Corrimiento: 0
               10204TEO Salida = 00100100 Entrada = 00100100 Numero de Corrimiento: 0
               10204REA Salida = 00100100 Entrada = 00100100 Numero de Corrimiento: 0
$finish called from file "Testbench_DW_Barrel.v", line 83.
$finish at simulation time             10240000
Simulation complete, time is 10240000 ps.
gui/dve/libraries/syn/generic.sdb'
8 drivers (8 possibly active statements) found for signal: Testbench_Barrel_Shifter.N_mant_o[7:0]
---------------------------------------------

The tool has just exited abnormally:


Release = 'K-2015.09-SP2-3_Full64'  Architecture = 'amd64'  Program = 'DVE'

'33112193 33149386 33151267 244953864890'

---------------------------------------------
=======================DVE Context and Call Stack=========================
Command line: /mnt/vol_NFS_Zener/tools/synopsys/apps/vcs-mx/K-2015.09-SP2-3//gui/dve/linux64/bin/dve.exe -full64 -ucliplatform=linux64 -toolargs "-ucligui -toolexe simv +v2k +lint=all -a log_name +define+SINGLE  -pid 12411" -toolin /tmp/vcs_20161012022344_12410_jsequeira..stdin -toolout /tmp/vcs_20161012022344_12410_jsequeira..stdout

--- Stack trace follows:
[New LWP 13264]
[New LWP 12986]
[Thread debugging using libthread_db enabled]
Using host libthread_db library "/lib64/libthread_db.so.1".
0x00000039086ac7fd in waitpid () from /lib64/libc.so.6

Thread 3 (Thread 0x7fa6d8adb700 (LWP 12986)):
#0  0x0000003908e0ba5e in pthread_cond_timedwait@@GLIBC_2.3.2 () from /lib64/libpthread.so.0
#1  0x00000000028c517b in ?? ()
#2  0x00000000028c560e in QThread::msleep(unsigned long) ()
#3  0x00000000010dcf76 in ag::dveXThread::run() ()
#4  0x00000000028c530a in QThreadInstance::start(void*) ()
#5  0x0000003908e07aa1 in start_thread () from /lib64/libpthread.so.0
#6  0x00000039086e8aad in clone () from /lib64/libc.so.6

Thread 2 (Thread 0x7fa6d4ada700 (LWP 13264)):
#0  0x0000003908e0f06d in open64 () from /lib64/libpthread.so.0
#1  0x00000000011f57e3 in ag::dveSmlSocket::run() ()
#2  0x00000000028c530a in QThreadInstance::start(void*) ()
#3  0x0000003908e07aa1 in start_thread () from /lib64/libpthread.so.0
#4  0x00000039086e8aad in clone () from /lib64/libc.so.6

Thread 1 (Thread 0x7fa6d986e800 (LWP 12425)):
#0  0x00000039086ac7fd in waitpid () from /lib64/libc.so.6
#1  0x000000390863e5c9 in do_system () from /lib64/libc.so.6
#2  0x000000390863e900 in system () from /lib64/libc.so.6
#3  0x00007fa6db3b2318 in SNPSle_10ee25eff68cd8461c9146fa1d0b35e87067f3c8015b313e639d2928478c79b3f673f99203bcf8be64600612100082236bffb2007f1e0ef9 () from /mnt/vol_NFS_Zener/tools/synopsys/apps/vcs-mx/K-2015.09-SP2-3//linux64/lib/liberrorinf.so
#4  0x00007fa6db3b28ad in SNPSle_10ee25eff68cd8461c9146fa1d0b35e87067f3c8015b313e81c34e9ac4c8988ef4a6e067b3aa9271e9f15440f9e8f69ebc77e2fd65860faa () from /mnt/vol_NFS_Zener/tools/synopsys/apps/vcs-mx/K-2015.09-SP2-3//linux64/lib/liberrorinf.so
#5  0x00007fa6db3b3bbb in SNPSle_10ee25eff68cd8461c9146fa1d0b35e87067f3c8015b313efba706aab251478fa49e66610e453774633a6c152e7ef778f2202cda681f3d4e () from /mnt/vol_NFS_Zener/tools/synopsys/apps/vcs-mx/K-2015.09-SP2-3//linux64/lib/liberrorinf.so
#6  0x00007fa6db3ac9a5 in SNPSle_d35ca1ff70d465c2b9b1a72eee90a506fdd009d3de3db1de () from /mnt/vol_NFS_Zener/tools/synopsys/apps/vcs-mx/K-2015.09-SP2-3//linux64/lib/liberrorinf.so
#7  0x0000000001f9d175 in ag::logErrorMessage(ag::errorType, QString const&, bool) ()
#8  0x0000000001f9d923 in ?? ()
#9  0x0000003908635aba in exit () from /lib64/libc.so.6
#10 0x000000000111fc96 in VCS_EXIT ()
#11 0x00000000011df4b2 in SigHandler ()
#12 <signal handler called>
#13 0x00000039086e1523 in select () from /lib64/libc.so.6
#14 0x000000000288e28c in QEventLoop::processEvents(unsigned int) ()
#15 0x000000000111e9f1 in ag::ovaEventLoop::processEvents(unsigned int) ()
#16 0x00000000028dbab9 in QEventLoop::enterLoop() ()
#17 0x00000000028dba1a in QEventLoop::exec() ()
#18 0x000000000111e35f in run_cci_event_loop ()
#19 0x00000000010ddb44 in ag::ovaAppInst::enterEventLoop(int, char**) ()
#20 0x0000000000de6a69 in main ()
No context available
==========================================================================
