13:58:44    105 --> ...                      [tcl] ucliGUI::connect -toolargs -ucligui -toolexe simv +v2k +lint=all -a log_name +define+SINGLE +define+KOA1_SINGLE +neg_tchk +sdfverbose -pid 11206 -toolin /tmp/vcs_20161113195841_11205_jsequeira..stdin -toolout /tmp/vcs_20161113195841_11205_jsequeira..stdout  
13:58:44    106 --> ...                          [tcl] set ucliGUI::state
13:58:44    107 --> ...                              [tcl] set dveMisc::dve_log_file 1
13:58:44    108 --> ...                                  [tcl] gui_update_simulator_buttons
13:58:45    109 --> ...                                      [tcl] set ucliGUI::state
13:58:45    110 --> ...                                          [tcl] ucliCore::getToolPID
13:58:45    111 --> ...                                              [tcl] synopsys::env hasTB
13:58:45    112 --> ...                                                  [tcl] trigger_hier_stack_context_switch 0
13:58:45    113 --> ...                                                      [tcl] synUtils::setDVEInitPhase 1
13:58:45    114 --> ...                                                          [tcl] gui_get_env SIMSETUP::SIMVPD
13:58:45    115 --> ...                                                              [tcl] synopsys::dump -type VPD -file /mnt/vol_NFS_Zener/WD_ESPEC/jsequeira/Documents/Dise-o-ASIC-FPGA-FPU/ASIC_FLOW/ASIC_fpu/integracion_fisica/simulacion_logica_sintesis/MULT_KOA1/SINGLE/inter.vpd -locking
13:58:45    116 --> ...                                                                  [tcl] synopsys::dump -autoflush on -fid VPD0
13:58:45    117 --> ...                                                                      [tcl] set ::dve_fid VPD0
13:58:45    118 --> ...                                                                          [tcl] synUtils::setDVEInitPhase 0
13:58:45    119 --> ...                                                                              [tcl] ucliCore::getToolPID
13:58:45    120 --> ...                                                                                  [tcl] synUtils::sendTool -active _icl_setToolSocket /tmp/smlnp4rcTkA
13:58:45    121 --> ...                                                                                      [tcl] synUtils::sendTool -active {_icl_start_rpc -version "K-2015.09-SP2-3_Full64" -sync_file /tmp/vcs_dve_rpc.jsequeira.11206}
13:58:46    122 --> ...                                                                                          [tcl] synUtils::sendTool -active {_icl_createSharedMemory /tmp/vcs_dve_general.jsequeira.11206}
13:58:46    123 --> ...                                                                                              [tcl] dveMisc::vbusExpand Testbench_FPU_Mark2
13:58:46    124 --> ...                                                                                                  [tcl] config endofsim noexit
13:58:46    125 --> ...  [tcl] config onfail enable all
13:58:46    126 --> ...      [tcl] config syscaddplainmembers
13:58:46    127 --> ...          [tcl] config syscaddsourcenames
13:58:46    128 --> ...              [tcl] config syscaddstructtypes
13:58:46    129 --> ...                  [tcl] synopsys::listing -disable
13:58:46    130 --> ...                      [tcl] ucliGUI::getSignalValues -scope Testbench_FPU_Mark2 -radix {symbolic symbolic symbolic symbolic binary binary binary binary binary hexadecimal binary binary binary binary binary hexadecimal hexadecimal hexadecimal hexadecimal hexadecimal binary hexadecimal hexadecimal decimal decimal decimal decimal } -list {{PIPE[31:0]} {contador[31:0]} {FileSaveData[31:0]} {FileSaveData_FLOAT[31:0]} overflow_flag underflow_flag operation_ready zero_flag NaN_flag {op_result[31:0]} busy clk rst begin_operation ack_operation {operation[2:0]} {Data_1[31:0]} {Data_2[31:0]} {region_flag[1:0]} {r_mode[1:0]} add_subt Array_IN_1 Array_IN_2 PERIOD W EW SW }
13:58:57    131 --> ...                          [tcl] synopsys::dump -add {Testbench_FPU_Mark2} -scope "." -depth 1 -fid VPD0
13:58:57    132 --> ...                              [tcl] synopsys::dump -add {Testbench_FPU_Mark2.Array_IN_1 Testbench_FPU_Mark2.Array_IN_2 } -aggregates  -fid VPD0
13:59:00    133 --> ...                                  [tcl] synopsys::run
13:59:00    134 --> ...                                      [tcl] set ucliGUI::state
13:59:00    135 --> ...                                          [tcl] set ucliGUI::state
13:59:00    136 --> ...                                              [tcl] gui_update_simulator_buttons
13:59:03    137 --> ...                                                  [tcl] set synopsys::env(time) 52037328
13:59:06    138 --> ...                                                      [tcl] set synopsys::env(time) 103392479
13:59:06    139 --> ...                                                          [tcl] set ucliGUI::state
13:59:06    140 --> ...                                                              [tcl] set ucliGUI::state
13:59:06    141 --> ...                                                                  [tcl] catch {senv activeDomain} dveMisc::result 
13:59:06    142 --> ...                                                                      [tcl] set dveMisc::result
13:59:06    143 --> ...                                                                          [tcl] gui_update_simulator_buttons
13:59:06    144 --> ...                                                                              [tcl] ucliGUI::getSignalValues -scope Testbench_FPU_Mark2 -radix {symbolic symbolic symbolic symbolic binary binary binary binary binary hexadecimal binary binary binary binary binary hexadecimal hexadecimal hexadecimal hexadecimal hexadecimal binary hexadecimal hexadecimal decimal decimal decimal decimal decimal decimal } -list {{PIPE[31:0]} {contador[31:0]} {FileSaveData[31:0]} {FileSaveData_FLOAT[31:0]} overflow_flag underflow_flag operation_ready zero_flag NaN_flag {op_result[31:0]} busy clk rst begin_operation ack_operation {operation[2:0]} {Data_1[31:0]} {Data_2[31:0]} {region_flag[1:0]} {r_mode[1:0]} add_subt Array_IN_1 Array_IN_2 PERIOD W EW SW SWR EWR }
14:00:01    145 --> ...                                                                                  [tcl] if [catch {gui_sim_terminate}] {gui_sim_terminate -kill}
14:00:01    146 --> ...                                                                                      [tcl] synopsys::finish
14:00:01    147 --> ...                                                                                          [tcl] set ucliGUI::state
14:00:02    148 --> ...                                                                                              [tcl] set ucliGUI::state
14:00:02    149 --> ...                                                                                                  [tcl] catch {senv activeDomain} dveMisc::result 
14:00:02    150 --> ...  [tcl] set dveMisc::result
14:00:02    151 --> ...      [tcl] gui_update_simulator_buttons
14:00:02    152 --> ...          [tcl] catch {senv activeDomain} dveMisc::result 
14:00:02    153 --> ...              [tcl] set dveMisc::result
14:00:02    154 --> ...                  [tcl] ucli_exit
