ucliGUI::start /mnt/vol_NFS_Zener/WD_ESPEC/jsequeira/Documents/Dise-o-ASIC-FPGA-FPU/ASIC_FLOW/ASIC_fpu/integracion_fisica/simulacion_logica_sintesis/MULT_DW1/SINGLE/simv -ucligui +v2k +lint=all -l log_name +define+SINGLE +define+DW1_SINGLE +neg_tchk +sdfverbose
set ucliGUI::state
set ucliGUI::state
ucliCore::getToolPID
synopsys::env hasTB
trigger_hier_stack_context_switch 0
synUtils::setDVEInitPhase 1
synopsys::dump -type VPD -file /mnt/vol_NFS_Zener/WD_ESPEC/jsequeira/Documents/Dise-o-ASIC-FPGA-FPU/ASIC_FLOW/ASIC_fpu/integracion_fisica/simulacion_logica_sintesis/MULT_DW1/SINGLE/inter.vpd -locking
synopsys::dump -autoflush on -fid VPD2
set ::dve_fid VPD2
synUtils::setDVEInitPhase 0
ucliCore::getToolPID
synUtils::sendTool -active _icl_setToolSocket /tmp/smlnpeVxUKJ
synUtils::sendTool -active {_icl_start_rpc -version "K-2015.09-SP2-3_Full64" -sync_file /tmp/vcs_dve_rpc.jsequeira.21316}
synUtils::sendTool -active {_icl_createSharedMemory /tmp/vcs_dve_general.jsequeira.21316}
config endofsim noexit
config onfail enable all
config syscaddplainmembers
config syscaddsourcenames
config syscaddstructtypes
synopsys::listing -disable
# Begin_DVE_Session_Save_Info
# DVE restart session
# Saved on Sun Nov 13 12:35:36 2016
# Designs open: 1
#   Sim: /mnt/vol_NFS_Zener/WD_ESPEC/jsequeira/Documents/Dise-o-ASIC-FPGA-FPU/ASIC_FLOW/ASIC_fpu/integracion_fisica/simulacion_logica_sintesis/MULT_DW1/SINGLE/simv
# Toplevel windows open: 1
# 	TopLevel.1
#   Wave.1: 41 signals
#   Source.1: Testbench_FPU_Mark2
#   Group count = 1
#   Group Testbench_FPU_Mark2 signal count = 41
# End_DVE_Session_Save_Info
# DVE version: K-2015.09-SP2-3_Full64
# DVE build date: Jun 15 2016 22:18:13
#<Session mode="Restart" path=".restartSimSession.tcl" type="Debug">
# Application preferences
#<WindowLayout>
# DVE top-level session
# Create and position top-level window: TopLevel.1
set TopLevel.1 TopLevel.1
# Docked window settings
# MDI window settings
set Console.1 Console.1
set HSPane.1 HSPane.1
set Hier.1 Hier.1
set DLPane.1 DLPane.1
set Data.1 Data.1
set Wave.1 Wave.1
set Source.1 Source.1
# End MDI window settings
#</WindowLayout>
#<Database>
#</Database>
# DVE Global setting session:
# Global: Breakpoints
# Global: Bus
# Global: Expressions
# Global: Signal Time Shift
# Global: Signal Compare
# Global: Signal Groups
synopsys::dump -add {Testbench_FPU_Mark2} -scope "." -depth 1 -fid VPD2
set _session_group_1 Testbench_FPU_Mark2
set Testbench_FPU_Mark2 "$_session_group_1"
# Global: Highlighting
# Global: Stack
# Post database loading setting...
# Save global setting...
# Wave/List view global setting
# Close all empty TopLevel windows
foreach __top [gui_ekki_get_window_ids -type TopLevel] {     if { [llength [gui_ekki_get_window_ids -parent $__top]] == 0} {         gui_close_window -window $__top     } }
# DVE View/pane content session:
# Hier 'Hier.1'
catch {gui_list_select -id ${Hier.1} {Testbench_FPU_Mark2}}
ucliGUI::getSignalValues -scope Testbench_FPU_Mark2 -radix {hexadecimal decimal symbolic symbolic hexadecimal hexadecimal decimal hexadecimal decimal binary decimal decimal binary symbolic symbolic binary decimal binary decimal hexadecimal hexadecimal binary decimal binary decimal decimal binary hexadecimal } -list {{Data_1[31:0]} EW {contador[31:0]} {FileSaveData_FLOAT[31:0]} {Data_2[31:0]} Array_IN_1 FPSEN Array_IN_2 II begin_operation SW FPSUB underflow_flag {PIPE[31:0]} {FileSaveData[31:0]} ack_operation SWR operation_ready PERIOD {op_result[31:0]} {region_flag[1:0]} add_subt EWR NaN_flag ROUNDING_MODE_POS_INF W busy {operation[2:0]} }
# Data 'Data.1'
# View 'Wave.1'
set groupExD [gui_get_pref_value -category Wave -key exclusiveSG]
set origWaveHeight [gui_get_pref_value -category Wave -key waveRowHeight]
set origGroupCreationState [gui_list_create_group_when_add -wave]
synopsys::dump -add {Testbench_FPU_Mark2.Array_IN_1 Testbench_FPU_Mark2.Array_IN_2 } -aggregates  -fid VPD2
if {$origGroupCreationState} { 	gui_list_create_group_when_add -wave -enable }
if { $groupExD } {  gui_msg_report -code DVWW028 }
# Source 'Source.1'
ucliGUI::getSignalValues -scope Testbench_FPU_Mark2 -radix {binary binary hexadecimal binary binary decimal decimal decimal decimal decimal decimal decimal decimal } -list {clk rst {r_mode[1:0]} overflow_flag zero_flag FPADD FPCOS FPMULT IoIV1 III IoIV2 ROUNDING_MODE_TRUNCT ROUNDING_MODE_NEG_INF }
# Restore toplevel window zorder
# The toplevel window could be closed if it has no view/pane
if {[gui_exist_window -window ${TopLevel.1}]} { 	gui_set_active_window -window ${TopLevel.1} 	gui_set_active_window -window ${Console.1} }
#</Session>
synopsys::run
set ucliGUI::state
set ucliGUI::state
set ucliGUI::state
set ucliGUI::state
ucliGUI::getSignalValues -scope Testbench_FPU_Mark2 -radix {hexadecimal decimal symbolic symbolic hexadecimal hexadecimal decimal hexadecimal decimal binary decimal decimal binary symbolic symbolic binary decimal binary decimal hexadecimal hexadecimal binary decimal binary decimal decimal binary hexadecimal binary } -list {{Data_1[31:0]} EW {contador[31:0]} {FileSaveData_FLOAT[31:0]} {Data_2[31:0]} Array_IN_1 FPSEN Array_IN_2 II begin_operation SW FPSUB underflow_flag {PIPE[31:0]} {FileSaveData[31:0]} ack_operation SWR operation_ready PERIOD {op_result[31:0]} {region_flag[1:0]} add_subt EWR NaN_flag ROUNDING_MODE_POS_INF W busy {operation[2:0]} clk }
ucliGUI::getSignalValues -scope Testbench_FPU_Mark2 -radix {binary hexadecimal binary binary decimal decimal decimal decimal decimal decimal decimal decimal } -list {rst {r_mode[1:0]} overflow_flag zero_flag FPADD FPCOS FPMULT IoIV1 III IoIV2 ROUNDING_MODE_TRUNCT ROUNDING_MODE_NEG_INF }
# DVE Simulation Rebuild/Restart Options
# Saved on Sun Nov 13 12:38:15 2016
set SIMSETUP::REBUILDOPTION 0
set SIMSETUP::REBUILDCMD {}
set SIMSETUP::REBUILDDIR {}
set SIMSETUP::RESTOREBP 1
set SIMSETUP::RESTOREDUMP 1
set SIMSETUP::RESTOREFORCE 1
set SIMSETUP::RESTORESPECMAN 0
# DVE Simulation Rebuild/Restart Options
# Saved on Sun Nov 13 12:38:15 2016
set SIMSETUP::REBUILDOPTION 0
set SIMSETUP::REBUILDCMD {}
set SIMSETUP::REBUILDDIR {}
set SIMSETUP::RESTOREBP 1
set SIMSETUP::RESTOREDUMP 1
set SIMSETUP::RESTOREFORCE 1
set SIMSETUP::RESTORESPECMAN 0
synopsys::finish
set ucliGUI::state
set ucliGUI::state
# DVE Simulation Rebuild/Restart Options
# Saved on Sun Nov 13 12:38:15 2016
set SIMSETUP::REBUILDOPTION 0
set SIMSETUP::REBUILDCMD {}
set SIMSETUP::REBUILDDIR {}
set SIMSETUP::RESTOREBP 1
set SIMSETUP::RESTOREDUMP 1
set SIMSETUP::RESTOREFORCE 1
set SIMSETUP::RESTORESPECMAN 0
