19:20:53    268 --> ...                                                                          [tcl] ucliGUI::start /mnt/vol_NFS_Zener/WD_ESPEC/jsequeira/Documents/Dise-o-ASIC-FPGA-FPU/ASIC_FLOW/ASIC_fpu/integracion_fisica/simulacion_logica_sintesis/MULT_DW1/SINGLE/simv  +v2k +lint=all -a log_name +define+SINGLE +define+DW1_SINGLE +neg_tchk +sdfverbose -ucligui
19:20:53    269 --> ...                                                                              [tcl] set ucliGUI::state
19:20:53    270 --> ...                                                                                  [tcl] gui_update_simulator_buttons
19:20:54    271 --> ...                                                                                      [tcl] set ucliGUI::state
19:20:54    272 --> ...                                                                                          [tcl] ucliCore::getToolPID
19:20:54    273 --> ...                                                                                              [tcl] synopsys::env hasTB
19:20:54    274 --> ...                                                                                                  [tcl] trigger_hier_stack_context_switch 0
19:20:54    275 --> ...  [tcl] synUtils::setDVEInitPhase 1
19:20:54    276 --> ...      [tcl] gui_get_env SIMSETUP::SIMVPD
19:20:54    277 --> ...          [tcl] synopsys::dump -type VPD -file /mnt/vol_NFS_Zener/WD_ESPEC/jsequeira/Documents/Dise-o-ASIC-FPGA-FPU/ASIC_FLOW/ASIC_fpu/integracion_fisica/simulacion_logica_sintesis/MULT_DW1/SINGLE/inter.vpd -locking
19:20:54    278 --> ...              [tcl] synopsys::dump -autoflush on -fid VPD1
19:20:54    279 --> ...                  [tcl] set ::dve_fid VPD1
19:20:54    280 --> ...                      [tcl] synUtils::setDVEInitPhase 0
19:20:54    281 --> ...                          [tcl] ucliCore::getToolPID
19:20:54    282 --> ...                              [tcl] synUtils::sendTool -active _icl_setToolSocket /tmp/smlnprHaFUz
19:20:54    283 --> ...                                  [tcl] synUtils::sendTool -active {_icl_start_rpc -version "K-2015.09-SP2-3_Full64" -sync_file /tmp/vcs_dve_rpc.jsequeira.10721}
19:20:54    284 --> ...                                      [tcl] synUtils::sendTool -active {_icl_createSharedMemory /tmp/vcs_dve_general.jsequeira.10721}
19:20:54    285 --> ...                                          [tcl] config endofsim noexit
19:20:54    286 --> ...                                              [tcl] config onfail enable all
19:20:54    287 --> ...                                                  [tcl] config syscaddplainmembers
19:20:54    288 --> ...                                                      [tcl] config syscaddsourcenames
19:20:54    289 --> ...                                                          [tcl] config syscaddstructtypes
19:20:54    290 --> ...                                                              [tcl] synopsys::listing -disable
19:20:54    291 --> ...                                                                  [tcl] if { ![gui_sim_state -check active] } {error "Simulator did not start correctly" error}
19:20:54    292 --> ...                                                                      [tcl] gui_set_precision 1ps
19:20:54    293 --> ...                                                                          [tcl] gui_set_time_units 1ps
19:20:54    294 --> ...                                                                              [tcl] #</Database>
19:20:54    295 --> ...                                                                                  [tcl] # DVE Global setting session:
19:20:54    296 --> ...                                                                                      [tcl] # Global: Breakpoints
19:20:54    297 --> ...                                                                                          [tcl] # Global: Bus
19:20:54    298 --> ...                                                                                              [tcl] # Global: Expressions
19:20:54    299 --> ...                                                                                                  [tcl] # Global: Signal Time Shift
19:20:54    300 --> ...  [tcl] # Global: Signal Compare
19:20:54    301 --> ...      [tcl] # Global: Signal Groups
19:20:54    302 --> ...          [tcl] gui_load_child_values {Testbench_FPU_Mark2}
19:20:54    303 --> ...              [tcl] synopsys::dump -add {Testbench_FPU_Mark2} -scope "." -depth 1 -fid VPD1
19:20:54    304 --> ...                  [tcl] set _session_group_1 Testbench_FPU_Mark2
19:20:54    305 --> ...                      [tcl] gui_sg_create "$_session_group_1"
19:20:54    306 --> ...                          [tcl] set Testbench_FPU_Mark2 "$_session_group_1"
19:20:54    307 --> ...                              [tcl] gui_sg_addsignal -group "$_session_group_1" { Testbench_FPU_Mark2.EW Testbench_FPU_Mark2.Data_1 Testbench_FPU_Mark2.Data_2 Testbench_FPU_Mark2.FileSaveData_FLOAT Testbench_FPU_Mark2.contador Testbench_FPU_Mark2.FPSEN Testbench_FPU_Mark2.Array_IN_1 Testbench_FPU_Mark2.II Testbench_FPU_Mark2.Array_IN_2 Testbench_FPU_Mark2.FPSUB Testbench_FPU_Mark2.SW Testbench_FPU_Mark2.begin_operation Testbench_FPU_Mark2.underflow_flag Testbench_FPU_Mark2.FileSaveData Testbench_FPU_Mark2.PIPE Testbench_FPU_Mark2.ack_operation Testbench_FPU_Mark2.SWR Testbench_FPU_Mark2.operation_ready Testbench_FPU_Mark2.PERIOD Testbench_FPU_Mark2.region_flag Testbench_FPU_Mark2.op_result Testbench_FPU_Mark2.add_subt Testbench_FPU_Mark2.EWR Testbench_FPU_Mark2.NaN_flag Testbench_FPU_Mark2.ROUNDING_MODE_POS_INF Testbench_FPU_Mark2.W Testbench_FPU_Mark2.busy Testbench_FPU_Mark2.operation Testbench_FPU_Mark2.III Testbench_FPU_Mark2.FPMULT Testbench_FPU_Mark2.clk Testbench_FPU_Mark2.r_mode Testbench_FPU_Mark2.overflow_flag Testbench_FPU_Mark2.IoIV1 Testbench_FPU_Mark2.zero_flag Testbench_FPU_Mark2.IoIV2 Testbench_FPU_Mark2.FPCOS Testbench_FPU_Mark2.FPADD Testbench_FPU_Mark2.ROUNDING_MODE_TRUNCT Testbench_FPU_Mark2.rst Testbench_FPU_Mark2.ROUNDING_MODE_NEG_INF }
19:20:54    308 --> ...                                  [tcl] gui_set_radix -radix {decimal} -signals {Sim:Testbench_FPU_Mark2.EW}
19:20:54    309 --> ...                                      [tcl] gui_set_radix -radix {twosComplement} -signals {Sim:Testbench_FPU_Mark2.EW}
19:20:54    310 --> ...                                          [tcl] gui_set_radix -radix {decimal} -signals {Sim:Testbench_FPU_Mark2.FPSEN}
19:20:54    311 --> ...                                              [tcl] gui_set_radix -radix {unsigned} -signals {Sim:Testbench_FPU_Mark2.FPSEN}
19:20:54    312 --> ...                                                  [tcl] gui_set_radix -radix {decimal} -signals {Sim:Testbench_FPU_Mark2.II}
19:20:54    313 --> ...                                                      [tcl] gui_set_radix -radix {unsigned} -signals {Sim:Testbench_FPU_Mark2.II}
19:20:54    314 --> ...                                                          [tcl] gui_set_radix -radix {decimal} -signals {Sim:Testbench_FPU_Mark2.FPSUB}
19:20:54    315 --> ...                                                              [tcl] gui_set_radix -radix {unsigned} -signals {Sim:Testbench_FPU_Mark2.FPSUB}
19:20:54    316 --> ...                                                                  [tcl] gui_set_radix -radix {decimal} -signals {Sim:Testbench_FPU_Mark2.SW}
19:20:54    317 --> ...                                                                      [tcl] gui_set_radix -radix {twosComplement} -signals {Sim:Testbench_FPU_Mark2.SW}
19:20:54    318 --> ...                                                                          [tcl] gui_set_radix -radix {decimal} -signals {Sim:Testbench_FPU_Mark2.SWR}
19:20:54    319 --> ...                                                                              [tcl] gui_set_radix -radix {twosComplement} -signals {Sim:Testbench_FPU_Mark2.SWR}
19:20:54    320 --> ...                                                                                  [tcl] gui_set_radix -radix {decimal} -signals {Sim:Testbench_FPU_Mark2.PERIOD}
19:20:54    321 --> ...                                                                                      [tcl] gui_set_radix -radix {twosComplement} -signals {Sim:Testbench_FPU_Mark2.PERIOD}
19:20:54    322 --> ...                                                                                          [tcl] gui_set_radix -radix {decimal} -signals {Sim:Testbench_FPU_Mark2.EWR}
19:20:54    323 --> ...                                                                                              [tcl] gui_set_radix -radix {twosComplement} -signals {Sim:Testbench_FPU_Mark2.EWR}
19:20:54    324 --> ...                                                                                                  [tcl] gui_set_radix -radix {decimal} -signals {Sim:Testbench_FPU_Mark2.ROUNDING_MODE_POS_INF}
19:20:54    325 --> ...  [tcl] gui_set_radix -radix {unsigned} -signals {Sim:Testbench_FPU_Mark2.ROUNDING_MODE_POS_INF}
19:20:54    326 --> ...      [tcl] gui_set_radix -radix {decimal} -signals {Sim:Testbench_FPU_Mark2.W}
19:20:54    327 --> ...          [tcl] gui_set_radix -radix {twosComplement} -signals {Sim:Testbench_FPU_Mark2.W}
19:20:54    328 --> ...              [tcl] gui_set_radix -radix {decimal} -signals {Sim:Testbench_FPU_Mark2.III}
19:20:54    329 --> ...                  [tcl] gui_set_radix -radix {unsigned} -signals {Sim:Testbench_FPU_Mark2.III}
19:20:54    330 --> ...                      [tcl] gui_set_radix -radix {decimal} -signals {Sim:Testbench_FPU_Mark2.FPMULT}
19:20:54    331 --> ...                          [tcl] gui_set_radix -radix {unsigned} -signals {Sim:Testbench_FPU_Mark2.FPMULT}
19:20:54    332 --> ...                              [tcl] gui_set_radix -radix {decimal} -signals {Sim:Testbench_FPU_Mark2.IoIV1}
19:20:54    333 --> ...                                  [tcl] gui_set_radix -radix {unsigned} -signals {Sim:Testbench_FPU_Mark2.IoIV1}
19:20:54    334 --> ...                                      [tcl] gui_set_radix -radix {decimal} -signals {Sim:Testbench_FPU_Mark2.IoIV2}
19:20:54    335 --> ...                                          [tcl] gui_set_radix -radix {unsigned} -signals {Sim:Testbench_FPU_Mark2.IoIV2}
19:20:54    336 --> ...                                              [tcl] gui_set_radix -radix {decimal} -signals {Sim:Testbench_FPU_Mark2.FPCOS}
19:20:54    337 --> ...                                                  [tcl] gui_set_radix -radix {unsigned} -signals {Sim:Testbench_FPU_Mark2.FPCOS}
19:20:54    338 --> ...                                                      [tcl] gui_set_radix -radix {decimal} -signals {Sim:Testbench_FPU_Mark2.FPADD}
19:20:54    339 --> ...                                                          [tcl] gui_set_radix -radix {unsigned} -signals {Sim:Testbench_FPU_Mark2.FPADD}
19:20:54    340 --> ...                                                              [tcl] gui_set_radix -radix {decimal} -signals {Sim:Testbench_FPU_Mark2.ROUNDING_MODE_TRUNCT}
19:20:54    341 --> ...                                                                  [tcl] gui_set_radix -radix {unsigned} -signals {Sim:Testbench_FPU_Mark2.ROUNDING_MODE_TRUNCT}
19:20:54    342 --> ...                                                                      [tcl] gui_set_radix -radix {decimal} -signals {Sim:Testbench_FPU_Mark2.ROUNDING_MODE_NEG_INF}
19:20:54    343 --> ...                                                                          [tcl] gui_set_radix -radix {unsigned} -signals {Sim:Testbench_FPU_Mark2.ROUNDING_MODE_NEG_INF}
19:20:54    344 --> ...                                                                              [tcl] # Global: Highlighting
19:20:54    345 --> ...                                                                                  [tcl] # Global: Stack
19:20:54    346 --> ...                                                                                      [tcl] gui_change_stack_mode -mode list
19:20:54    347 --> ...                                                                                          [tcl] synopsys::xml {set_only_active_frame <data value="1" />}
19:20:54    348 --> ...                                                                                              [tcl] # Post database loading setting...
19:20:54    349 --> ...                                                                                                  [tcl] # Restore C1 time
19:20:54    350 --> ...  [tcl] gui_set_time -C1_only 112840000
19:20:54    351 --> ...      [tcl] # Save global setting...
19:20:54    352 --> ...          [tcl] # Wave/List view global setting
19:20:54    353 --> ...              [tcl] gui_cov_show_value -switch false
19:20:54    354 --> ...                  [tcl] # Close all empty TopLevel windows
19:20:54    355 --> ...                      [tcl] foreach __top [gui_ekki_get_window_ids -type TopLevel] {     if { [llength [gui_ekki_get_window_ids -parent $__top]] == 0} {         gui_close_window -window $__top     } }
19:20:54    356 --> ...                          [tcl] gui_set_loading_session_type noSession
19:20:54    357 --> ...                              [tcl] # DVE View/pane content session:
19:20:54    358 --> ...                                  [tcl] # Hier 'Hier.1'
19:20:54    359 --> ...                                      [tcl] gui_show_window -window ${Hier.1}
19:20:54    360 --> ...                                          [tcl] gui_list_set_filter -id ${Hier.1} -list { {Package 1} {All 0} {Process 1} {VirtPowSwitch 0} {UnnamedProcess 1} {UDP 0} {Function 1} {Block 1} {SrsnAndSpaCell 0} {OVA Unit 1} {LeafScCell 1} {LeafVlgCell 1} {Interface 1} {LeafVhdCell 1} {$unit 1} {NamedBlock 1} {Task 1} {VlgPackage 1} {ClassDef 1} {VirtIsoCell 0} }
19:20:54    361 --> ...                                              [tcl] gui_list_set_filter -id ${Hier.1} -text {*}
19:20:54    362 --> ...                                                  [tcl] gui_hier_list_init -id ${Hier.1}
19:20:54    363 --> ...                                                      [tcl] gui_change_design -id ${Hier.1} -design Sim
19:20:54    364 --> ...                                                          [tcl] catch {gui_list_select -id ${Hier.1} {Testbench_FPU_Mark2}}
19:20:54    365 --> ...                                                              [tcl] dveMisc::vbusExpand Testbench_FPU_Mark2
19:20:54    366 --> ...                                                                  [tcl] synopsys::dump -add {Testbench_FPU_Mark2.Array_IN_1} -aggregates  -fid VPD1
19:20:54    367 --> ...                                                                      [tcl] synopsys::dump -add {Testbench_FPU_Mark2.Array_IN_2} -aggregates  -fid VPD1
19:20:54    368 --> ...                                                                          [tcl] gui_view_scroll -id ${Hier.1} -vertical -set 0
19:20:54    369 --> ...                                                                              [tcl] gui_view_scroll -id ${Hier.1} -horizontal -set 0
19:20:54    370 --> ...                                                                                  [tcl] # Data 'Data.1'
19:20:54    371 --> ...                                                                                      [tcl] gui_list_set_filter -id ${Data.1} -list { {Buffer 1} {Input 1} {Others 1} {Linkage 1} {Output 1} {LowPower 1} {Parameter 1} {All 1} {Aggregate 1} {LibBaseMember 1} {Event 1} {Assertion 1} {Constant 1} {Interface 1} {BaseMembers 1} {Signal 1} {$unit 1} {Inout 1} {Variable 1} }
19:20:54    372 --> ...                                                                                          [tcl] gui_list_set_filter -id ${Data.1} -text {*}
19:20:54    373 --> ...                                                                                              [tcl] gui_list_show_data -id ${Data.1} {Testbench_FPU_Mark2}
19:20:54    374 --> ...                                                                                                  [tcl] gui_view_scroll -id ${Data.1} -vertical -set 0
19:20:54    375 --> ...  [tcl] gui_view_scroll -id ${Data.1} -horizontal -set 0
19:20:54    376 --> ...      [tcl] gui_view_scroll -id ${Hier.1} -vertical -set 0
19:20:54    377 --> ...          [tcl] gui_view_scroll -id ${Hier.1} -horizontal -set 0
19:20:54    378 --> ...              [tcl] # View 'Wave.1'
19:20:54    379 --> ...                  [tcl] gui_wv_sync -id ${Wave.1} -switch false
19:20:54    380 --> ...                      [tcl] set groupExD [gui_get_pref_value -category Wave -key exclusiveSG]
19:20:54    381 --> ...                          [tcl] gui_set_pref_value -category Wave -key exclusiveSG -value {false}
19:20:54    382 --> ...                              [tcl] set origWaveHeight [gui_get_pref_value -category Wave -key waveRowHeight]
19:20:54    383 --> ...                                  [tcl] gui_list_set_height -id Wave -height 17
19:20:54    384 --> ...                                      [tcl] set origGroupCreationState [gui_list_create_group_when_add -wave]
19:20:54    385 --> ...                                          [tcl] gui_list_create_group_when_add -wave -disable
19:20:54    386 --> ...                                              [tcl] gui_marker_set_ref -id ${Wave.1}  C1
19:20:54    387 --> ...                                                  [tcl] gui_wv_zoom_timerange -id ${Wave.1} 112839867 112840118
19:20:54    388 --> ...                                                      [tcl] gui_list_add_group -id ${Wave.1} -after {New Group} {Testbench_FPU_Mark2}
19:20:54    389 --> ...                                                          [tcl] gui_list_select -id ${Wave.1} {Testbench_FPU_Mark2.operation }
19:20:55    390 --> ...                                                              [tcl] gui_seek_criteria -id ${Wave.1} {Any Edge}
19:20:55    391 --> ...                                                                  [tcl] gui_set_env TOGGLE::DEFAULT_WAVE_WINDOW ${Wave.1}
19:20:55    392 --> ...                                                                      [tcl] gui_set_pref_value -category Wave -key exclusiveSG -value $groupExD
19:20:55    393 --> ...                                                                          [tcl] gui_list_set_height -id Wave -height $origWaveHeight
19:20:55    394 --> ...                                                                              [tcl] if {$origGroupCreationState} { 	gui_list_create_group_when_add -wave -enable }
19:20:55    395 --> ...                                                                                  [tcl] if { $groupExD } {  gui_msg_report -code DVWW028 }
19:20:55    396 --> ...                                                                                      [tcl] gui_list_set_filter -id ${Wave.1} -list { {Buffer 1} {Input 1} {Others 1} {Linkage 1} {Output 1} {Parameter 1} {All 1} {Aggregate 1} {LibBaseMember 1} {Event 1} {Assertion 1} {Constant 1} {Interface 1} {BaseMembers 1} {Signal 1} {$unit 1} {Inout 1} {Variable 1} }
19:20:55    397 --> ...                                                                                          [tcl] gui_list_set_filter -id ${Wave.1} -text {*}
19:20:55    398 --> ...                                                                                              [tcl] gui_list_set_insertion_bar  -id ${Wave.1} -group Testbench_FPU_Mark2  -position in
19:20:55    399 --> ...                                                                                                  [tcl] gui_marker_move -id ${Wave.1} {C1} 112840000
19:20:55    400 --> ...  [tcl] gui_view_scroll -id ${Wave.1} -vertical -set 150
19:20:55    401 --> ...      [tcl] gui_show_grid -id ${Wave.1} -enable false
19:20:55    402 --> ...          [tcl] # Source 'Source.1'
19:20:55    403 --> ...              [tcl] gui_src_value_annotate -id ${Source.1} -switch false
19:20:55    404 --> ...                  [tcl] gui_set_env TOGGLE::VALUEANNOTATE 0
19:20:55    405 --> ...                      [tcl] gui_open_source -id ${Source.1}  -replace -active Testbench_FPU_Mark2 /mnt/vol_NFS_Zener/WD_ESPEC/jsequeira/Documents/Dise-o-ASIC-FPGA-FPU/ASIC_FLOW/ASIC_fpu/integracion_fisica/simulacion_logica_sintesis/MULT_DW1/SINGLE/./Testbench_all_operators.v
19:20:55    406 --> ...                          [tcl] gui_src_value_annotate -id ${Source.1} -switch true
19:20:55    407 --> ...                              [tcl] gui_set_env TOGGLE::VALUEANNOTATE 1
19:20:55    408 --> ...                                  [tcl] gui_view_scroll -id ${Source.1} -vertical -set 7470
19:20:55    409 --> ...                                      [tcl] gui_src_set_reusable -id ${Source.1}
19:20:55    410 --> ...                                          [tcl] # Restore toplevel window zorder
19:20:55    411 --> ...                                              [tcl] # The toplevel window could be closed if it has no view/pane
19:20:55    412 --> ...                                                  [tcl] if {[gui_exist_window -window ${TopLevel.1}]} { 	gui_set_active_window -window ${TopLevel.1} 	gui_set_active_window -window ${Console.1} }
19:20:55    413 --> ...                                                      [tcl] #</Session>
19:20:55    414 --> ...                                                          [tcl] synopsys::run
19:20:55    415 --> ...                                                              [tcl] set ucliGUI::state
19:20:55    416 --> ...                                                                  [tcl] set ucliGUI::state
19:20:56    417 --> ...                                                                      [tcl] gui_update_simulator_buttons
19:20:58    418 --> ...                                                                          [tcl] set ucliGUI::state
19:20:58    419 --> ...                                                                              [tcl] set ucliGUI::state
19:20:58    420 --> ...                                                                                  [tcl] catch {senv activeDomain} dveMisc::result 
19:20:58    421 --> ...                                                                                      [tcl] set dveMisc::result
19:20:58    422 --> ...                                                                                          [tcl] gui_update_simulator_buttons
19:20:58    423 --> ...                                                                                              [tcl] ucliGUI::getSignalValues -scope Testbench_FPU_Mark2 -radix {hexadecimal decimal symbolic symbolic hexadecimal hexadecimal decimal hexadecimal decimal binary decimal decimal binary symbolic symbolic binary decimal binary decimal hexadecimal hexadecimal binary decimal binary decimal decimal binary hexadecimal } -list {{Data_1[31:0]} EW {contador[31:0]} {FileSaveData_FLOAT[31:0]} {Data_2[31:0]} Array_IN_1 FPSEN Array_IN_2 II begin_operation SW FPSUB underflow_flag {PIPE[31:0]} {FileSaveData[31:0]} ack_operation SWR operation_ready PERIOD {op_result[31:0]} {region_flag[1:0]} add_subt EWR NaN_flag ROUNDING_MODE_POS_INF W busy {operation[2:0]} }
19:23:10    424 --> ...                                                                                                  [tcl] if [catch {gui_sim_terminate}] {gui_sim_terminate -kill}
19:23:10    425 --> ...  [tcl] synopsys::finish
19:23:10    426 --> ...      [tcl] set ucliGUI::state
19:23:10    427 --> ...          [tcl] set ucliGUI::state
19:23:10    428 --> ...              [tcl] catch {senv activeDomain} dveMisc::result 
19:23:10    429 --> ...                  [tcl] set dveMisc::result
19:23:10    430 --> ...                      [tcl] gui_update_simulator_buttons
19:23:10    431 --> ...                          [tcl] catch {senv activeDomain} dveMisc::result 
19:23:10    432 --> ...                              [tcl] set dveMisc::result
19:23:10    433 --> ...                                  [tcl] ucli_exit
