Chronologic VCS simulator copyright 1991-2015
Contains Synopsys proprietary information.
Compiler version K-2015.09-SP2-3_Full64; Runtime version K-2015.09-SP2-3_Full64;  Nov 12 19:20 2016
Doing SDF annotation ...... Done
VCD+ Writer K-2015.09-SP2-3_Full64 Copyright (c) 1991-2015 by Synopsys Inc.
The file '/mnt/vol_NFS_Zener/WD_ESPEC/jsequeira/Documents/Dise-o-ASIC-FPGA-FPU/ASIC_FLOW/ASIC_fpu/integracion_fisica/simulacion_logica_sintesis/MULT_DW1/SINGLE/inter.vpd' was opened successfully.
           V C S   S i m u l a t i o n   R e p o r t 
Time: 0 ps
CPU Time:      0.130 seconds;       Data structure size:   1.3Mb
Sat Nov 12 19:20:52 2016
Chronologic VCS simulator copyright 1991-2015
Contains Synopsys proprietary information.
Compiler version K-2015.09-SP2-3_Full64; Runtime version K-2015.09-SP2-3_Full64;  Nov 12 19:20 2016
Doing SDF annotation ...... Done
VCD+ Writer K-2015.09-SP2-3_Full64 Copyright (c) 1991-2015 by Synopsys Inc.
The file '/mnt/vol_NFS_Zener/WD_ESPEC/jsequeira/Documents/Dise-o-ASIC-FPGA-FPU/ASIC_FLOW/ASIC_fpu/integracion_fisica/simulacion_logica_sintesis/MULT_DW1/SINGLE/inter.vpd' was opened successfully.
------------------------OP--------------------------
------------------------    --------------------------
------------------------OP--------------------------
00000000

0.000000

3d0be6cb

0.034156

3d6d2188

0.057893

3cd64a3e

0.026158

bf249ce7

-0.643019

3b093a8c

0.002094

3e839918

0.257027

3b3e59d9

0.002905

bdb1580a

-0.086594

3dcdd5c9

0.100505

3e96e4bd

0.294714

c0c83070

-6.255913

bf84b94d

-1.036905

bf2907f8

-0.660278

3e7c1a3a

0.246194

3d8594c9

0.065225

4193577b

18.417715

40191c74

2.392362

c093e4eb

-4.621694

3d191586

0.037374

bee4ca26

-0.446855

410686a3

8.407870

411b633f

9.711730

c14b7072

-12.714952

bfdc8451

-1.722788

3ca5b3e4

0.020227

c307c60a

-135.773590

408cba3d

4.397734

3efa5cb3

0.488988

41702a30

15.010300

42566661

53.599979

401348a6

2.301309

c09bce40

-4.868927

c192422f

-18.282316

c300f32f

-128.949936

40094c2d

2.145274

420a552b

34.583172

c05640c9

-3.347704

41e4a291

28.579378

c147c2a5

-12.485021

c2e0b988

-112.362366

422dd3f8

43.457001

3f2dbdd3

0.678678

410d9493

8.848773

c1a6b151

-20.836580

be0c3e4d

-0.136956

4198f910

19.121613

be4b155e

-0.198324

4227dde5

41.966694

4157cebf

13.487975

43bfb97b

383.449066

3ffd520d

1.979066

c260e8eb

-56.227459

44174e48

605.223145

c1acd4e2

-21.603947

c2a2dc76

-81.430588

4321fb43

161.981491

43234f1c

163.309021

429e35be

79.104965

4318307b

152.189377

c1a8a167

-21.078810

3f0fcfab

0.561763

c2b07d34

-88.244537

c15d925a

-13.848230

c18b489d

-17.410456

c38e1449

-284.158478

c358aa9c

-216.666443

c26e236d

-59.534595

c1d59869

-26.699419

c2b877df

-92.234123

c201274d

-32.288380

c0abdacd

-5.370459

432db0fa

173.691315

c1b50ddf

-22.631773

c0c878d0

-6.264748

c14f013c

-12.937801

44362d46

728.707397

415b411e

13.703398

3faec02d

1.365240

c12a2a00

-10.635254

42572dec

53.794846

4211b4de

36.426628

c39ff00d

-319.875397

42b94724

92.638947

419b29f1

19.395479

3fbd4368

1.478620

43b1988b

355.191742

c2c9eb42

-100.959488

41db5faa

27.421711

c18e5b47

-17.794569

c3b7a320

-367.274414

44073cfd

540.952942

427f51a6

63.829735

c388b072

-273.378479

3d497438

0.049183

4313b574

147.708801

42b0eaf3

88.458885

c44e3931

-824.893616

422c6db7

43.107143

42fdd26a

126.910965

4281e58d

64.948341

429ded89

78.963936

c2b2bd05

-89.369179

423e37a2

47.554329

428e1abd

71.052223

4463666e

909.600464

4028754d

2.632159

c30d0c15

-141.047195

4381c258

259.518311

c217faea

-37.995033

c31c3316

-156.199554

436e3e93

238.244431

43720559

242.020889

c21e6273

-39.596142

4203aecb

32.920696

44979399

1212.612427

c3271865

-167.095291

43cf49af

414.575653

c230d975

-44.212360

c3fa3b11

-500.461456

c05329fe

-3.299438

43cc1312

408.148987

4410c15b

579.021179

42a842d9

84.130562

422b450c

42.817429

c34195c0

-193.584961

41cafc54

25.373207

4434be76

722.975952

c4726325

-969.549133

4362223e

226.133759

c4363ae5

-728.920227

c4b60d54

-1456.416504

be7c3976

-0.246313

43443090

196.189697

43c39067

391.128143

418a80b1

17.312838

c47ac35b

-1003.052429

c35abc71

-218.736099

421ae0e0

38.719604

c481d3f7

-1038.623901

c3534798

-211.279663

c41be905

-623.640930

42e55ea7

114.684868

43dfd846

447.689636

439411ee

296.140076

c42ab339

-682.800354

4228896c

42.134201

c339b70b

-185.715012

c32e8b3e

-174.543915

443d8561

758.084045

4493d13b

1182.538452

43e15fa2

450.747131

42193250

38.299133

42acdfff

86.437492

44d1b4a7

1677.645386

45b49cf6

5779.620117

4227c0ef

41.938412

44443118

784.767090

bf42639f

-0.759333

c18a3039

-17.273546

45269169

2665.088135

4588a9d3

4373.228027

c3774db0

-247.303467

c41638c0

-600.886719

c392476b

-292.557953

c2ceccfe

-103.400375

4419c861

615.130920

425888a7

54.133450

4300bc1a

128.734772

42fe8a02

127.269547

c379c50b

-249.769699

c4da3b94

-1745.861816

c403e97a

-527.648071

c2512ca3

-52.293591

c2bce759

-94.451851

42bf0201

95.503914

c59b03bf

-4960.468262

4482606a

1043.012939

c2ef315b

-119.596397

c5384b28

-2948.697266

44806fa2

1027.488525

c3cb935e

-407.151306

452e5246

2789.142090

c3324766

-178.278900

c59f6d3a

-5101.653320

44a22c67

1297.387573

c54d4fec

-3284.995117

bf058e99

-0.521707

c357f3c2

-215.952179

3fe608c1

1.797142

401d5800

2.458496

c2c3ea99

-97.958199

c271e9a6

-60.478172

c2e3ac7b

-113.836876

c2378eb1

-45.889347

c2cfcf40

-103.904785

42fa7979

125.237251

c3b09178

-353.136475

44feac87

2037.391479

44504434

833.065674

c2c15419

-96.664253

43e7b80a

463.437805

c5317808

-2839.501953

432378cc

163.471863

c56d5842

-3797.516113

41e660e0

28.797302

44470f18

796.235840

453bdcfc

3005.811523

c41861b7

-609.526794

4388b00a

273.375305

c4641504

-912.328369

422fe2d9

43.971531

44405ae4

769.420166

c31d58cb

-157.346848

c2773775

-61.804157

c4807e8b

-1027.954468

436f67f8

239.406128

4234f9e2

45.244026

43b564a8

362.786377

c3aec873

-349.566010

44d08cac

1668.395996

450bf10d

2239.065674

c48466fc

-1059.218262

c2ae8463

-87.258568

c17c60b1

-15.773606

c5d3e27b

-6780.310059

c26717fc

-57.773422

c4086fa9

-545.744690

c49fa660

-1277.199219

c6301a1b

-11270.526367

c4120d7c

-584.210693

428a7b05

69.240273

44844a24

1058.316895

459f36cd

5094.850098

c263e2a6

-56.971336

c45376df

-845.857361

c326b276

-166.697113

421dbfcf

39.437313

c2c948b4

-100.641998

435deb59

221.919327

45d39a0a

6771.254883

433ec0da

190.753326

c4170bf3

-604.186707

464d885d

13154.090820

c48fe543

-1151.164429

c60b5b7c

-8918.871094

c1556791

-13.337785

c58a2500

-4420.625000

c28f0a15

-71.519691

4402c826

523.127319

c2dd1867

-110.547661

44dd32bf

1769.585815

c405985b

-534.380554

c5c85e1d

-6411.764160

431350cf

147.315659

c2843cc2

-66.118668

43e93303

466.398529

c4b544b3

-1450.146851

c17de4c8

-15.868355

42801a4c

64.051361

c3dcc978

-441.573975

c3e159f3

-450.702728

455e2a42

3554.641113

c4004689

-513.102112

437a93cb

250.577316

c25eecd6

-55.731285

c32ab619

-170.711319

42296961

42.352909

c4a61ec3

-1328.961304

43c70f25

398.118317

42cb9bc1

101.804207

c4ec2bdf

-1889.370972

c3d7407f

-430.503876

c41c3ba4

-624.931885

42d50b48

106.522034

44e9ad65

1869.418579

c3674ddd

-231.304153

44636775

909.616516

c45bddaf

-879.463806

c3818da6

-259.106628

c634dc7b

-11575.120117

c45e3de2

-888.966919

c6203b7d

-10254.872070

43f030e6

480.382019

c5a4c4e4

-5272.611328

44fe8ad5

2036.338501

c30a9c04

-138.609436

c34aefa8

-202.936157

45133f42

2355.953613

450463d7

2118.239990

c3ef9f3c

-479.244019

c4f8d7b6

-1990.740967

44bfb71f

1533.722534

c5d4a9ca

-6805.223633

43be961f

381.172821

4590d3fa

4634.497070

4619e50d

9849.262695

c3088ea8

-136.557251

c5183c6c

-2435.776367

c3e6bc33

-461.470306

c5c7aa70

-6389.304688

c3d0726f

-416.894012

c62c3fd2

-11023.955078

40c9db5f

6.308029

c4159b71

-598.428772

c5959af1

-4787.367676

c6866c09

-17206.017578

c4e7688e

-1851.267334

45f3f5c9

7806.723145

c5aa24f6

-5444.620117

45f65bc2

7883.469727

42fec48c

127.383881

c659305b

-13900.088867

443e50e5

761.263977

3eaad409

0.333649

4376db86

246.857513

c1781714

-15.505634

42642a8c

57.041550

42c8fbbc

100.491669

c55cb8c4

-3531.547852

c48264c5

-1043.149048

c3034dd9

-131.304092

45c7ba3e

6391.280273

44246067

657.506287

c2c4df20

-98.435791

c31340b4

-147.252747

c453d893

-847.383972

c4c4785c

-1571.761230

44d32758

1689.229492

45000573

2048.340576

44894bbe

1098.366943

c60ea605

-9129.504883

4408d1c7

547.277771

44ba440d

1490.126587

c3e0f7a7

-449.934784

4306e82a

134.906891

3ff5805f

1.917980

42142a06

37.041039

c622fec5

-10431.692383

c1db0acc

-27.380272

c5a1706a

-5166.051758

c5047723

-2119.446045

4381ead5

259.834625

42d89c5e

108.305405

c2841d58

-66.057312

42f61bcf

123.054314

c3f0cfbf

-481.623016

c367475a

-231.278717

c4db8e96

-1756.455811

c5356204

-2902.125977

c3a93c94

-338.473267

45b4cfe4

5785.986328

c55fd8ae

-3581.542480

44b5c0e4

1454.027832

448443ac

1058.114746

c5a090fd

-5138.123535

4505f24d

2143.143799

4623cd60

10483.343750

c4e64375

-1842.108032

c1c9d38d

-25.228296

c508a66d

-2186.401611

45092c7c

2194.780273

4461dcff

903.453064

461ed96f

10166.358398

c338ab2a

-184.668610

4627e710

10745.765625

42fb1bcd

125.554298

4611a858

9322.085938

42152f8d

37.296436

c5636ad4

-3638.676758

c58dae86

-4533.815430

c49e3468

-1265.637695

c456b870

-858.881836

c59304a3

-4704.579590

44778f23

990.236511

440596bc

534.355225

c5813b47

-4135.409668

44a7da02

1342.812744

46aff870

22524.218750

c538a81b

-2954.506592

46c00ce5

24582.447266

45ecb05f

7574.046387

46ed6c5b

30390.177734

c38b782c

-278.938843

4602b1d9

8364.461914

46c81a26

25613.074219

42c5d6b7

98.919365

45ba457c

5960.685547

c4239533

-654.331238

c48abd45

-1109.914673

c55d2b18

-3538.693359

c23906f7

-46.256802

46b2c3ca

22881.894531

46416b6b

12378.854492

c03fea30

-2.998669

427f27b8

63.788788

c40c60cd

-561.512512

45a960a1

5420.078613

43e3a7ca

455.310852

c5149599

-2377.349854

43db25ce

438.295349

c635be5d

-11631.590820

c2a0e0bc

-80.438934

441697d9

602.372620

4697d63c

19435.117188

461b1535

9925.301758

443acae9

747.170471

c5160dd9

-2400.865479

455cfa99

3535.662354

46316bcd

11354.950195

c4615fa4

-901.494385

c5118c32

-2328.762207

c25cee11

-55.232487

c41c2ec6

-624.730835

c58f875e

-4592.920898

c59ea3d1

-5076.477051

456616d7

3681.427490

45a7f435

5374.525879

436f7d7d

239.490189

42b9eef7

92.966728

c50f4756

-2292.458496

c3943d07

-296.476776

4680182a

16396.082031

c20b99d2

-34.900215

4585c08a

4280.067383

3ea2ce87

0.317982

c02200b8

-2.531294

42b1622b

88.691734

c5d33d7c

-6759.685547

c5b7a096

-5876.073242

c50ca739

-2250.451416

c6c89751

-25675.658203

4370ef43

240.934616

c4831eb3

-1048.959351

410a175d

8.630704

4072f58e

3.796237

45611981

3601.593994

460e19e6

9094.474609

c4840105

-1056.031860

46cd1731

26251.595703

452e0dda

2784.865723

45c22e11

6213.758301

449b465a

1242.198486

454a9945

3241.579346

45b641ea

5832.239258

44f3ff8b

1951.985718

451d4776

2516.466309

c4a2d176

-1302.545654

45ae42c3

5576.345215

458d124b

4514.286621

459baff7

4981.995605

c5ce011c

-6592.138672

44afcb73

1406.357788

42a65ab5

83.177162

c6920cc7

-18694.388672

46b54e35

23207.103516

461474b9

9501.180664

45c1a3b3

6196.462402

4233bc5d

44.933949

45c2aff4

6229.994141

45cbe576

6524.682617

446fe5a1

959.587952

43b586f4

363.054321

45ad1c64

5539.548828

41383e96

11.515280

c707e0fe

-34784.992188

c5f8c7d7

-7960.979980

c5b6d6be

-5850.842773

45400dcb

3072.862061

c599aef5

-4917.869629

c540a23c

-3082.139648

c6478e75

-12771.614258

c611c5f3

-9329.487305

45b21c18

5699.511719

43794d9d

249.303177

c2056218

-33.345795

44567c65

857.943665

44516d7e

837.710815

445267b0

841.620117

c4c48f1a

-1572.471924

44784576

993.085327

c5112dfb

-2322.873779

46792bf3

15946.987305

459bbffb

4983.997559

c62aa418

-10921.023438

c58fa5cb

-4596.724121

c627c17d

-10736.372070

c38a6d5c

-276.854370

44f149ab

1930.302124

c5f2f338

-7774.402344

c593a6e9

-4724.863770

c22b52c6

-42.830833

400ac069

2.167994

c3ca1a78

-404.206787

c520b71c

-2571.444336

c66a8776

-15009.865234

42908c49

72.273994

46783f71

15887.860352

c702ad9d

-33453.613281

4537ca6e

2940.651855

43d85928

432.696533

45f2b5ea

7766.739258

c4b2bf29

-1429.973755

4568f11c

3727.069336

44ae46eb

1394.216187

459849e2

4873.235352

c41ea8d7

-634.638123

46201f09

10247.758789

c40676e3

-537.857605

44414fee

773.248901

43c2c7f3

389.562103

429fa200

79.816406

c704f587

-34037.527344

c592fa04

-4703.251953

44b0b786

1413.735107

44406670

769.600586

c69fb328

-20441.578125

c41909d4

-612.153564

46eb6ca5

30134.322266

c546fbf3

-3183.746826

c3c62acd

-396.334381

45b5ca3e

5817.280273

430aecc8

138.924927

452ecdd1

2796.863525

c596f098

-4830.074219

c38f8e2e

-287.110779

c716ac83

-38572.511719

46421630

12421.546875

44f36c2b

1947.380249

452a6e29

2726.885010

424786c4

49.881607

c67fbea0

-16367.656250

c404c967

-531.146912

c51fd59d

-2557.350830

452f75ef

2807.370850

46b99e63

23759.193359

46bf73fd

24505.994141

c4dc6890

-1763.267578

c65f7f30

-14303.796875

43caf9bc

405.951050

459aa7f3

4948.993652

460b4ab9

8914.680664

c6677937

-14814.303711

43041bac

132.108093

c3c6f006

-397.875183

4502625a

2086.146973

46a9f9d6

21756.917969

46418203

12384.502930

456f211a

3826.068848

c5e6d58c

-7386.693359

457ce619

4046.381104

c6315dcc

-11351.449219

c601dbc6

-8310.943359

c38a3894

-276.442017

45a7b054

5366.041016

458d8820

4529.015625

c75e1c66

-56860.398438

c530e63d

-2830.389893

465ba8c9

14058.196289

42226b79

40.604954

c6a01006

-20488.011719

414cda78

12.803337

c62c2fd7

-11019.959961

c275518e

-61.329643

432724d0

167.143799

c4bbb367

-1501.606323

c12205ce

-10.126417

c63ff75f

-12285.842773

c5edc5ba

-7608.715820

45da2e28

6981.769531

c6a22ed9

-20759.423828

43bcf13c

377.884644

471f7291

40818.566406

455fd6cc

3581.424805

c6b675ec

-23354.960938

45165733

2405.449951

c309e7fa

-137.906158

c604071a

-8449.775391

c1cdc2a5

-25.720041

4547cf35

3196.950439

47312f8a

45359.539062

c6aee2e6

-22385.449219

4657c51d

13809.278320

456957eb

3733.494873

46887ebb

17471.365234

c4c177af

-1547.740112

45d85e6b

6923.802246

c6e27c4d

-28990.150391

c6783f19

-15887.774414

c47ae91f

-1003.642517

c557e337

-3454.200928

44e8db3e

1862.851318

4590dfbb

4635.966309

45a00eef

5121.866699

c21fdd64

-39.966202

c62cab58

-11050.835938

c56d754f

-3799.331787

41a7d4bb

20.978872

471fc690

40902.562500

c6e19cc4

-28878.382812

44d573c2

1707.617432

448646a7

1074.207886

448b7c84

1115.891113

454f34bc

3315.295898

461a49d8

9874.460938

46c6fc24

25470.070312

c6ba9ae4

-23885.445312

c675114a

-15684.322266

4515c2e9

2396.181885

46215655

10325.583008

46f9a85a

31956.175781

4609db25

8822.786133

c550d8fc

-3341.561523

c42da5e4

-694.592041

46c95640

25771.125000

45898b22

4401.391602

43200d61

160.052261

45362f14

2914.942383

c3df5add

-446.709869

c5bd53f7

-6058.495605

4698395b

19484.677734

c46ca012

-946.501099

46696ac3

14938.690430

462d317a

11084.369141

c53a918a

-2985.096191

45e50000

7328.000000

4493f466

1183.637451

45aa8fec

5457.990234

46f32d13

31126.537109

4553bb0d

3387.690674

c68a607d

-17712.244141

c43b9d26

-750.455444

c6039c24

-8423.035156

c4b31460

-1432.636719

46a133fe

20633.996094

c301fc82

-129.986359

45e08445

7184.533691

45d5b6bc

6838.841797

c7215be3

-41307.886719

46481da9

12807.415039

4698be20

19551.062500

c6305528

-11285.289062

4336ea41

182.915054

429235e5

73.105263

c1ce8a2a

-25.817463

469b475a

19875.675781

c6d66d35

-27446.603516

4591ff0c

4671.880859

c62e24e7

-11145.225586

456c1f47

3777.954834

c7679590

-59285.562500

447632d5

984.794250

41398fbb

11.597590

45a4d17f

5274.187012

c617772b

-9693.791992

c6f54498

-31394.296875

45912673

4644.806152

462a1d0d

10887.262695

c284368f

-66.106560

c659e247

-13944.569336

4699acdf

19670.435547

c5c99e4e

-6451.788086

c22fbd06

-43.934593

449f429c

1274.081543

c4cd95e5

-1644.684204

4753e79a

54247.601562

c486a618

-1077.190430

c6b894b1

-23626.345703

4230d9e3

44.212780

465ab264

13996.597656

459bfb73

4991.431152

45b5e170

5820.179688

47aa7a69

87284.820312

46c07f30

24639.593750

c45536df

-852.857361

c69c33c2

-19993.878906

423c4b52

47.073555

c1d363dc

-26.423759

c6b888f4

-23620.476562

4589e0fb

4412.122559

c5c14ff6

-6185.995117

46890596

17538.792969

c68b33b7

-17817.857422

c6f44d46

-31270.636719

c6c2a674

-24915.226562

c733dde8

-46045.906250

c61f2dac

-10187.417969

c62ec585

-11185.379883

c53bf1ad

-3007.104736

46109f24

9255.785156

4515f609

2399.377197

c60711d2

-8644.455078

c795eb1c

-76758.218750

45768dab

3944.854248

c734d7ea

-46295.914062

44312c0a

708.688110

c61cece4

-10043.222656

459a7304

4942.376953

44e653b3

1842.615601

45a85630

5386.773438

c5d82e8f

-6917.819824

43f06ae2

480.835022

c48a1de7

-1104.934448

4443d793

783.368347

43f7936e

495.151794

460c778e

8989.888672

4308e505

136.894608

4703f6d6

33782.835938

425ee609

55.724644

459b5aa5

4971.330566

c56fdb87

-3837.720459

c6fa9e30

-32079.093750

c54f42e8

-3316.181641

47a40f1f

83998.242188

c5bbc20e

-6008.256836

4652b2f6

13484.740234

c75eedd7

-57069.839844

c531858e

-2840.347168

c5360af1

-2912.683838

47722ef2

61998.945312

46514883

13394.127930

c21dafe0

-39.421753

439bcfd6

311.623718

c581686a

-4141.051758

c66501b4

-14656.425781

c4523ed6

-840.981812

448f0849

1144.258911

46d1ebdc

26869.929688

462dffc9

11135.946289

461eb6ae

10157.669922

c5741c55

-3905.770752

434210b8

194.065308

c50af7f0

-2223.496094

c68cdc07

-18030.013672

4087176f

4.221611

c5d874ec

-6926.615234

c1dafbd4

-27.372963

c2d0e075

-104.438393

45ea7834

7503.025391

456b7e8c

3767.909180

c5bbf476

-6014.557617

45e79449

7410.535645

c559c5aa

-3484.354004

47194977

39241.464844

47749b96

62619.585938

c60b993f

-8934.311523

c6013241

-8268.563477

c537d287

-2941.157959

c4ecc8de

-1894.277100

c5181c2b

-2433.760498

c5d19500

-6706.625000

46b63e14

23327.039062

c76a4231

-59970.191406

bf9451b7

-1.158744

45069c03

2153.750732

45f1070e

7712.881836

4554ba6b

3403.651123

c7c6a6a2

-101709.265625

44805b19

1026.846802

43be4cdd

380.600494

c76ec8b4

-61128.703125

c6e62f59

-29463.673828

c676eb46

-15802.818359

c6e71ace

-29581.402344

c4118f48

-582.238770

c5fe37c0

-8134.968750

462a3ec2

10895.689453

c5aa345e

-5446.545898

46d699c1

27468.876953

c6a0ac72

-20566.222656

45075c39

2165.763916

468fd520

18410.562500

c7571999

-55065.597656

c738fc00

-47356.000000

4526427d

2660.155518

c7219c9f

-41372.621094

c6b6a96c

-23380.710938

c565d1c1

-3677.109619

45c7dab0

6395.335938

467bad86

16107.380859

46635a4d

14550.575195

4648dba6

12854.912109

40f389df

7.610580

44274f9c

669.243896

c6a2c4bd

-20834.369141

463dd8cf

12150.202148

c5812189

-4132.191895

c80b74a3

-142802.546875

4661eee3

14459.721680

c6950872

-19076.222656

c5c22d1d

-6213.639160

c795bae4

-76661.781250

c5ec21d9

-7556.230957

44c46ae1

1571.339966

c4b48d64

-1444.418457

c37d77c5

-253.467850

44257054

661.755127

4465c727

919.111755

c66699d8

-14758.460938

c73f9aa0

-49050.625000

45b8fce9

5919.613770

459498c5

4755.096191

c3546d85

-212.427811

452ee53d

2798.327393

44aa3c4a

1361.884033

c43619cf

-728.403259

c72904f1

-43268.941406

c4dcd3b6

-1766.615967

c5083420

-2179.257812

463419a7

11526.413086

c59487fb

-4752.997559

44ac4799

1378.237427

43c9ed3d

403.853424

435dcc38

221.797729

c6c7a523

-25554.568359

46f5748f

31418.279297

c2546696

-53.100182

44aaafb5

1365.490845

c693af6e

-18903.714844

c5621b65

-3617.712158

c6aa8070

-21824.218750

c66ccde2

-15155.470703

c4fbeacd

-2015.337524

4269beb4

58.436234

c705261d

-34086.113281

c56019d7

-3585.614990

42298367

42.378323

453e9275

3049.153564

464193bb

12388.932617

c3868c74

-269.097290

45c7062c

6368.771484

4585fa8c

4287.318359

c48d9143

-1132.539429

c525fa4a

-2655.643066

4776e650

63206.312500

c7818c77

-66328.929688

c7951113

-76322.148438

c4649151

-914.270569

460ff8c0

9214.187500

c526869c

-2664.413086

45fd0911

8097.133301

c3ae96b1

-349.177277

c512ece7

-2350.806396

46ffd26d

32745.212891

c51fde41

-2557.890869

c4e0703c

-1795.507324

c5ec8523

-7568.642090

44a952a3

1354.582397

456335d8

3635.365234

461ea774

10153.863281

c80833e8

-139471.625000

c81015c9

-147543.140625

c72fcd02

-45005.007812

c61d34ee

-10061.232422

47500be6

53259.898438

469a53da

19753.925781

c4d0a1ea

-1669.059814

410eadab

8.917399

4361f7a5

225.967361

c68970da

-17592.425781

c46d5865

-949.381165

c6ec3b32

-30237.597656

473b45a8

47941.656250

c6a519a3

-21132.818359

45297c9a

2711.787598

c51a2a90

-2466.660156

42d89d55

108.307289

47cbd992

104371.140625

472db3a9

44467.660156

c70822ea

-34850.914062

45a994fd

5426.623535

44236ef8

653.733887

47a33a96

83573.171875

c6128e81

-9379.625977

474fb3bf

53171.746094

c6caf84c

-25980.148438

c65199d0

-13414.453125

4705d58f

34261.558594

4413d96a

591.397095

46b85586

23594.761719

c3281572

-168.083771

46fa8f75

32071.728516

4488b285

1093.578735

c784d879

-68016.945312

46a64799

21283.798828

c5f4e1ff

-7836.249512

434e8452

206.516876

4590c6f3

4632.868652

c573b68e

-3899.409668

447e645c

1017.568115

c48a207d

-1105.015259

c61f5baf

-10198.920898

46789b8e

15910.888672

c5c7c422

-6392.516602

4697c1bf

19424.873047

43f9b8e6

499.444519

c0654e28

-3.582895

c835fbad

-186350.703125

474a0c06

51724.023438

47be312c

97378.343750

c6307137

-11292.303711

c28f03a9

-71.507149

4746265e

50726.367188

43dd396e

442.448669

c5917a8c

-4655.318359

c61f5e9d

-10199.653320

c5a69ea7

-5331.831543

46a91ff4

21647.976562

c70f8c35

-36748.207031

c660c91a

-14386.275391

c66d4d3c

-15187.308594

c5bf098b

-6113.192871

c79ba9b8

-79699.437500

c70f264f

-36646.308594

45825094

4170.072266

c7cf20fb

-106049.960938

c642ec17

-12475.022461

45965396

4810.448242

450151c4

2069.110352

c5836d81

-4205.687988

c425dea7

-663.478943

4488fdac

1095.927246

432c003e

172.000946

44adab85

1389.359985

46b96941

23732.626953

c6f66dfb

-31542.990234

c7c6fc02

-101880.015625

46e49b6b

29261.708984

4757d3b6

55251.710938

46a22a40

20757.125000

44a28b65

1300.356079

c5dbacb6

-7029.588867

c8088f79

-139837.890625

c54fa650

-3322.394531

45be9ded

6099.740723

c758b4e5

-55476.894531

c67b4cc4

-16083.191406

c6225568

-10389.351562

c4c7b914

-1597.783691

c653d75c

-13557.839844

c2a382a8

-81.755188

c5d913b9

-6946.465332

c593907f

-4722.062012

c5c600a2

-6336.079102

4489f167

1103.543823

c6759789

-15717.883789

45633ec2

3635.922363

44c5e699

1583.206177

c6b177d9

-22715.923828

c58d38c8

-4519.097656

c38c7f94

-280.996704

c389d71b

-275.680511

44cc4730

1634.224609

c5690f21

-3728.945557

c70c1fb9

-35871.722656

46d9933f

27849.623047

4667b8f6

14830.240234

46ac33eb

22041.958984

c6104aa3

-9234.659180

c711af52

-37295.320312

481971d4

157127.312500

4694261a

18963.050781

c65f5f28

-14295.789062

462a7eb5

10911.676758

41dc935e

27.571957

4832f6d5

183259.328125

c7acf0a5

-88545.289062

47a4cdf6

84379.921875

456ee274

3822.153320

c5a13be4

-5159.486328

c1a74195

-20.907022

477c1b72

64539.445312

c7820733

-66574.398438

46c4ba0d

25181.025391

42ba596d

93.174660

c69e6163

-20272.693359

4701266e

33062.429688

4600435e

8208.841797

c2ec889e

-118.266830

c654afcc

-13611.949219

c53f504e

-3061.019043

c483b6d4

-1053.713379

c6256ee2

-10587.720703

c5a8b16b

-5398.177246

44a75040

1338.507812

458a69ea

4429.239258

c655d72f

-13685.795898

c742a900

-49833.000000

c66e22a9

-15240.665039

c2fbbacd

-125.864845

448c1f6c

1120.981934

45b72327

5860.394043

48056960

136613.500000

c41856a5

-609.353821

463c843e

12065.060547

c8548279

-217609.890625

c605db63

-8566.846680

c8c89a72

-410835.562500

c531f21e

-2847.132324

4681e253

16625.162109

463ba556

12009.333984

c5d83431

-6918.523926

43091049

137.063614

c599feeb

-4927.864746

c418f26b

-611.787781

47b8f882

94705.015625

478dbec4

72573.531250

c402bcc4

-522.949463

c5d2b8d4

-6743.103516

c5c5a241

-6324.281738

45b6f00a

5854.004883

47b7a5fd

94027.976562

444eb905

826.890930

451bf332

2495.199707

4731cc1c

45516.109375

469bda8e

19949.277344

c5a02d99

-5125.699707

c7ba7027

-95456.304688

c7043501

-33845.003906

4719728f

39282.558594

450e20dc

2274.053711

c835966f

-185945.734375

459662a0

4812.328125

471cf744

40183.265625

$finish called from file "./Testbench_all_operators.v", line 477.
$finish at simulation time            112840000
Simulation complete, time is 112840000 ps.
           V C S   S i m u l a t i o n   R e p o r t 
Time: 112840000 ps
CPU Time:      2.880 seconds;       Data structure size:   1.3Mb
Sat Nov 12 19:23:10 2016
