set ucliGUI::state
set ucliGUI::state
ucliCore::getToolPID
synopsys::env hasTB
trigger_hier_stack_context_switch 0
synUtils::setDVEInitPhase 1
synopsys::dump -type VPD -file /home/local/ESTUDIANTES/jsequeira/Documents/Dise-o-ASIC-FPGA-FPU/ASIC_FLOW/ASIC_fpaddsub_arch2/integracion_fisica/simulacion_logica_sintesis/SINGLE/inter.vpd -locking
synopsys::dump -autoflush on -fid VPD0
set ::dve_fid VPD0
synUtils::setDVEInitPhase 0
ucliCore::getToolPID
synUtils::sendTool -active _icl_setToolSocket /tmp/smlnpiTgtzW
synUtils::sendTool -active {_icl_start_rpc -version "K-2015.09-SP2-3_Full64" -sync_file /tmp/vcs_dve_rpc.jsequeira.1460}
synUtils::sendTool -active {_icl_createSharedMemory /tmp/vcs_dve_general.jsequeira.1460}
config endofsim noexit
config onfail enable all
config syscaddplainmembers
config syscaddsourcenames
config syscaddstructtypes
synopsys::listing -disable
synopsys::dump -add {Testbench_FPU_Add_Subt} -scope "." -depth 1 -fid VPD0
synopsys::dump -add {Testbench_FPU_Add_Subt.Array_IN Testbench_FPU_Add_Subt.Array_IN_2 } -aggregates  -fid VPD0
synopsys::run
set ucliGUI::state
set ucliGUI::state
set synopsys::env(time) 25482400000
set synopsys::env(time) 51006035000
set synopsys::env(time) 75659800000
set synopsys::env(time) 101134255000
set synopsys::env(time) 126273745000
set synopsys::env(time) 151572540000
set synopsys::env(time) 175944525000
set synopsys::env(time) 201098345000
set synopsys::env(time) 226532425000
set synopsys::env(time) 251279045000
set synopsys::env(time) 277283355000
set synopsys::env(time) 302590170000
set synopsys::env(time) 326898530000
ucliCore::getToolPID
ucliCore::stopTool -no_signal
set ucliGUI::state
set ucliGUI::state
