Warning : License for product VCSRuntime_Net(725) will expire within 22 days, on: 10-nov-2016.
If you would like to temporarily disable this message, set 
 the VCS_LIC_EXPIRE_WARNING environment variable to the number of days
before expiration that you want this message to start (the minimum is 0).
Chronologic VCS simulator copyright 1991-2015
Contains Synopsys proprietary information.
Compiler version K-2015.09-SP2-3_Full64; Runtime version K-2015.09-SP2-3_Full64;  Oct 20 10:59 2016
Doing SDF annotation ...... Done
VCD+ Writer K-2015.09-SP2-3_Full64 Copyright (c) 1991-2015 by Synopsys Inc.
The file '/home/local/ESTUDIANTES/jsequeira/Documents/Dise-o-ASIC-FPGA-FPU/ASIC_FLOW/ASIC_fpaddsub_arch2/integracion_fisica/simulacion_logica_sintesis/SINGLE/inter.vpd' was opened successfully.

"ibm13rflpvt.v", 23343: Timing violation in Testbench_FPU_Add_Subt.uut.Barrel_Shifter_module_Mux_Array_Mid_Reg_Q_reg_18_
    $hold( posedge CK &&& (flag == 1'b1):205000, posedge D:205000, limit: 500 );


"ibm13rflpvt.v", 23344: Timing violation in Testbench_FPU_Add_Subt.uut.Barrel_Shifter_module_Mux_Array_Mid_Reg_Q_reg_12_
    $hold( posedge CK &&& (flag == 1'b1):215000, negedge D:215000, limit: 500 );

"ibm13rflpvt.v", 23344: Timing violation in Testbench_FPU_Add_Subt.uut.Barrel_Shifter_module_Mux_Array_Mid_Reg_Q_reg_14_
    $hold( posedge CK &&& (flag == 1'b1):215000, negedge D:215000, limit: 500 );

"ibm13rflpvt.v", 23344: Timing violation in Testbench_FPU_Add_Subt.uut.Barrel_Shifter_module_Mux_Array_Mid_Reg_Q_reg_23_
    $hold( posedge CK &&& (flag == 1'b1):215000, negedge D:215000, limit: 500 );

"ibm13rflpvt.v", 23344: Timing violation in Testbench_FPU_Add_Subt.uut.Barrel_Shifter_module_Mux_Array_Mid_Reg_Q_reg_5_
    $hold( posedge CK &&& (flag == 1'b1):215000, negedge D:215000, limit: 500 );

"ibm13rflpvt.v", 23344: Timing violation in Testbench_FPU_Add_Subt.uut.Barrel_Shifter_module_Mux_Array_Mid_Reg_Q_reg_8_
    $hold( posedge CK &&& (flag == 1'b1):215000, negedge D:215000, limit: 500 );

"ibm13rflpvt.v", 23344: Timing violation in Testbench_FPU_Add_Subt.uut.Barrel_Shifter_module_Mux_Array_Mid_Reg_Q_reg_24_
    $hold( posedge CK &&& (flag == 1'b1):215000, negedge D:215000, limit: 500 );


"ibm13rflpvt.v", 23343: Timing violation in Testbench_FPU_Add_Subt.uut.Barrel_Shifter_module_Output_Reg_Q_reg_20_
    $hold( posedge CK &&& (flag == 1'b1):235000, posedge D:235000, limit: 500 );

"ibm13rflpvt.v", 23343: Timing violation in Testbench_FPU_Add_Subt.uut.Barrel_Shifter_module_Output_Reg_Q_reg_17_
    $hold( posedge CK &&& (flag == 1'b1):235000, posedge D:235000, limit: 500 );

"ibm13rflpvt.v", 23343: Timing violation in Testbench_FPU_Add_Subt.uut.Barrel_Shifter_module_Output_Reg_Q_reg_11_
    $hold( posedge CK &&& (flag == 1'b1):235000, posedge D:235000, limit: 500 );

"ibm13rflpvt.v", 23343: Timing violation in Testbench_FPU_Add_Subt.uut.Barrel_Shifter_module_Output_Reg_Q_reg_2_
    $hold( posedge CK &&& (flag == 1'b1):235000, posedge D:235000, limit: 500 );

"ibm13rflpvt.v", 23343: Timing violation in Testbench_FPU_Add_Subt.uut.Barrel_Shifter_module_Mux_Array_Mid_Reg_Q_reg_12_
    $hold( posedge CK &&& (flag == 1'b1):235000, posedge D:235000, limit: 500 );

"ibm13rflpvt.v", 23343: Timing violation in Testbench_FPU_Add_Subt.uut.Barrel_Shifter_module_Mux_Array_Mid_Reg_Q_reg_14_
    $hold( posedge CK &&& (flag == 1'b1):235000, posedge D:235000, limit: 500 );

"ibm13rflpvt.v", 23343: Timing violation in Testbench_FPU_Add_Subt.uut.Barrel_Shifter_module_Mux_Array_Mid_Reg_Q_reg_23_
    $hold( posedge CK &&& (flag == 1'b1):235000, posedge D:235000, limit: 500 );

"ibm13rflpvt.v", 23343: Timing violation in Testbench_FPU_Add_Subt.uut.Barrel_Shifter_module_Mux_Array_Mid_Reg_Q_reg_0_
    $hold( posedge CK &&& (flag == 1'b1):235000, posedge D:235000, limit: 500 );

"ibm13rflpvt.v", 23343: Timing violation in Testbench_FPU_Add_Subt.uut.Barrel_Shifter_module_Mux_Array_Mid_Reg_Q_reg_4_
    $hold( posedge CK &&& (flag == 1'b1):235000, posedge D:235000, limit: 500 );

"ibm13rflpvt.v", 23343: Timing violation in Testbench_FPU_Add_Subt.uut.Barrel_Shifter_module_Mux_Array_Mid_Reg_Q_reg_5_
    $hold( posedge CK &&& (flag == 1'b1):235000, posedge D:235000, limit: 500 );

"ibm13rflpvt.v", 23343: Timing violation in Testbench_FPU_Add_Subt.uut.Barrel_Shifter_module_Mux_Array_Mid_Reg_Q_reg_6_
    $hold( posedge CK &&& (flag == 1'b1):235000, posedge D:235000, limit: 500 );

"ibm13rflpvt.v", 23343: Timing violation in Testbench_FPU_Add_Subt.uut.Barrel_Shifter_module_Mux_Array_Mid_Reg_Q_reg_8_
    $hold( posedge CK &&& (flag == 1'b1):235000, posedge D:235000, limit: 500 );

"ibm13rflpvt.v", 23343: Timing violation in Testbench_FPU_Add_Subt.uut.Barrel_Shifter_module_Mux_Array_Mid_Reg_Q_reg_18_
    $hold( posedge CK &&& (flag == 1'b1):235000, posedge D:235000, limit: 500 );

"ibm13rflpvt.v", 23343: Timing violation in Testbench_FPU_Add_Subt.uut.Barrel_Shifter_module_Mux_Array_Mid_Reg_Q_reg_24_
    $hold( posedge CK &&& (flag == 1'b1):235000, posedge D:235000, limit: 500 );

"ibm13rflpvt.v", 23343: Timing violation in Testbench_FPU_Add_Subt.uut.Barrel_Shifter_module_Mux_Array_Mid_Reg_Q_reg_22_
    $hold( posedge CK &&& (flag == 1'b1):235000, posedge D:235000, limit: 500 );


"ibm13rflpvt.v", 23344: Timing violation in Testbench_FPU_Add_Subt.uut.Barrel_Shifter_module_Mux_Array_Mid_Reg_Q_reg_23_
    $hold( posedge CK &&& (flag == 1'b1):275000, negedge D:275000, limit: 500 );

"ibm13rflpvt.v", 23343: Timing violation in Testbench_FPU_Add_Subt.uut.Barrel_Shifter_module_Mux_Array_Mid_Reg_Q_reg_2_
    $hold( posedge CK &&& (flag == 1'b1):275000, posedge D:275000, limit: 500 );

"ibm13rflpvt.v", 23343: Timing violation in Testbench_FPU_Add_Subt.uut.Barrel_Shifter_module_Mux_Array_Mid_Reg_Q_reg_3_
    $hold( posedge CK &&& (flag == 1'b1):275000, posedge D:275000, limit: 500 );

"ibm13rflpvt.v", 23343: Timing violation in Testbench_FPU_Add_Subt.uut.Barrel_Shifter_module_Mux_Array_Mid_Reg_Q_reg_4_
    $hold( posedge CK &&& (flag == 1'b1):275000, posedge D:275000, limit: 500 );

"ibm13rflpvt.v", 23343: Timing violation in Testbench_FPU_Add_Subt.uut.Barrel_Shifter_module_Mux_Array_Mid_Reg_Q_reg_5_
    $hold( posedge CK &&& (flag == 1'b1):275000, posedge D:275000, limit: 500 );

"ibm13rflpvt.v", 23343: Timing violation in Testbench_FPU_Add_Subt.uut.Barrel_Shifter_module_Mux_Array_Mid_Reg_Q_reg_6_
    $hold( posedge CK &&& (flag == 1'b1):275000, posedge D:275000, limit: 500 );

"ibm13rflpvt.v", 23343: Timing violation in Testbench_FPU_Add_Subt.uut.Barrel_Shifter_module_Mux_Array_Mid_Reg_Q_reg_7_
    $hold( posedge CK &&& (flag == 1'b1):275000, posedge D:275000, limit: 500 );

"ibm13rflpvt.v", 23343: Timing violation in Testbench_FPU_Add_Subt.uut.Barrel_Shifter_module_Mux_Array_Mid_Reg_Q_reg_8_
    $hold( posedge CK &&& (flag == 1'b1):275000, posedge D:275000, limit: 500 );

"ibm13rflpvt.v", 23343: Timing violation in Testbench_FPU_Add_Subt.uut.Barrel_Shifter_module_Mux_Array_Mid_Reg_Q_reg_10_
    $hold( posedge CK &&& (flag == 1'b1):275000, posedge D:275000, limit: 500 );

"ibm13rflpvt.v", 23343: Timing violation in Testbench_FPU_Add_Subt.uut.Barrel_Shifter_module_Mux_Array_Mid_Reg_Q_reg_11_
    $hold( posedge CK &&& (flag == 1'b1):275000, posedge D:275000, limit: 500 );

"ibm13rflpvt.v", 23343: Timing violation in Testbench_FPU_Add_Subt.uut.Barrel_Shifter_module_Mux_Array_Mid_Reg_Q_reg_12_
    $hold( posedge CK &&& (flag == 1'b1):275000, posedge D:275000, limit: 500 );

"ibm13rflpvt.v", 23343: Timing violation in Testbench_FPU_Add_Subt.uut.Barrel_Shifter_module_Mux_Array_Mid_Reg_Q_reg_13_
    $hold( posedge CK &&& (flag == 1'b1):275000, posedge D:275000, limit: 500 );

"ibm13rflpvt.v", 23343: Timing violation in Testbench_FPU_Add_Subt.uut.Barrel_Shifter_module_Mux_Array_Mid_Reg_Q_reg_14_
    $hold( posedge CK &&& (flag == 1'b1):275000, posedge D:275000, limit: 500 );

"ibm13rflpvt.v", 23343: Timing violation in Testbench_FPU_Add_Subt.uut.Barrel_Shifter_module_Mux_Array_Mid_Reg_Q_reg_15_
    $hold( posedge CK &&& (flag == 1'b1):275000, posedge D:275000, limit: 500 );

"ibm13rflpvt.v", 23343: Timing violation in Testbench_FPU_Add_Subt.uut.Barrel_Shifter_module_Mux_Array_Mid_Reg_Q_reg_17_
    $hold( posedge CK &&& (flag == 1'b1):275000, posedge D:275000, limit: 500 );

"ibm13rflpvt.v", 23343: Timing violation in Testbench_FPU_Add_Subt.uut.Barrel_Shifter_module_Mux_Array_Mid_Reg_Q_reg_16_
    $hold( posedge CK &&& (flag == 1'b1):275000, posedge D:275000, limit: 500 );

"ibm13rflpvt.v", 23343: Timing violation in Testbench_FPU_Add_Subt.uut.Barrel_Shifter_module_Mux_Array_Mid_Reg_Q_reg_0_
    $hold( posedge CK &&& (flag == 1'b1):275000, posedge D:275000, limit: 500 );

"ibm13rflpvt.v", 23343: Timing violation in Testbench_FPU_Add_Subt.uut.Barrel_Shifter_module_Mux_Array_Mid_Reg_Q_reg_9_
    $hold( posedge CK &&& (flag == 1'b1):275000, posedge D:275000, limit: 500 );


"ibm13rflpvt.v", 23344: Timing violation in Testbench_FPU_Add_Subt.uut.Exp_Operation_Module_exp_result_Q_reg_6_
    $hold( posedge CK &&& (flag == 1'b1):335000, negedge D:335000, limit: 500 );

"ibm13rflpvt.v", 23343: Timing violation in Testbench_FPU_Add_Subt.uut.Exp_Operation_Module_exp_result_Q_reg_7_
    $hold( posedge CK &&& (flag == 1'b1):335000, posedge D:335000, limit: 500 );


"ibm13rflpvt.v", 23344: Timing violation in Testbench_FPU_Add_Subt.uut.Add_Subt_Sgf_module_Add_Subt_Result_Q_reg_18_
    $hold( posedge CK &&& (flag == 1'b1):365000, negedge D:365000, limit: 500 );

"ibm13rflpvt.v", 23344: Timing violation in Testbench_FPU_Add_Subt.uut.Add_Subt_Sgf_module_Add_Subt_Result_Q_reg_19_
    $hold( posedge CK &&& (flag == 1'b1):365000, negedge D:365000, limit: 500 );


"ibm13rflpvt.v", 23343: Timing violation in Testbench_FPU_Add_Subt.uut.Barrel_Shifter_module_Mux_Array_Mid_Reg_Q_reg_23_
    $hold( posedge CK &&& (flag == 1'b1):385000, posedge D:385000, limit: 500 );

"ibm13rflpvt.v", 23344: Timing violation in Testbench_FPU_Add_Subt.uut.Barrel_Shifter_module_Mux_Array_Mid_Reg_Q_reg_6_
    $hold( posedge CK &&& (flag == 1'b1):385000, negedge D:385000, limit: 500 );

"ibm13rflpvt.v", 23344: Timing violation in Testbench_FPU_Add_Subt.uut.Barrel_Shifter_module_Mux_Array_Mid_Reg_Q_reg_2_
    $hold( posedge CK &&& (flag == 1'b1):385000, negedge D:385000, limit: 500 );

"ibm13rflpvt.v", 23344: Timing violation in Testbench_FPU_Add_Subt.uut.Barrel_Shifter_module_Mux_Array_Mid_Reg_Q_reg_22_
    $hold( posedge CK &&& (flag == 1'b1):385000, negedge D:385000, limit: 500 );


"ibm13rflpvt.v", 23343: Timing violation in Testbench_FPU_Add_Subt.uut.Barrel_Shifter_module_Output_Reg_Q_reg_3_
    $hold( posedge CK &&& (flag == 1'b1):405000, posedge D:405000, limit: 500 );

"ibm13rflpvt.v", 23343: Timing violation in Testbench_FPU_Add_Subt.uut.Barrel_Shifter_module_Output_Reg_Q_reg_19_
    $hold( posedge CK &&& (flag == 1'b1):405000, posedge D:405000, limit: 500 );

"ibm13rflpvt.v", 23343: Timing violation in Testbench_FPU_Add_Subt.uut.Barrel_Shifter_module_Output_Reg_Q_reg_18_
    $hold( posedge CK &&& (flag == 1'b1):405000, posedge D:405000, limit: 500 );

"ibm13rflpvt.v", 23343: Timing violation in Testbench_FPU_Add_Subt.uut.Barrel_Shifter_module_Output_Reg_Q_reg_23_
    $hold( posedge CK &&& (flag == 1'b1):405000, posedge D:405000, limit: 500 );

"ibm13rflpvt.v", 23343: Timing violation in Testbench_FPU_Add_Subt.uut.Barrel_Shifter_module_Output_Reg_Q_reg_16_
    $hold( posedge CK &&& (flag == 1'b1):405000, posedge D:405000, limit: 500 );

"ibm13rflpvt.v", 23344: Timing violation in Testbench_FPU_Add_Subt.uut.Barrel_Shifter_module_Mux_Array_Mid_Reg_Q_reg_23_
    $hold( posedge CK &&& (flag == 1'b1):405000, negedge D:405000, limit: 500 );

"ibm13rflpvt.v", 23343: Timing violation in Testbench_FPU_Add_Subt.uut.Barrel_Shifter_module_Mux_Array_Mid_Reg_Q_reg_12_
    $hold( posedge CK &&& (flag == 1'b1):405000, posedge D:405000, limit: 500 );

"ibm13rflpvt.v", 23343: Timing violation in Testbench_FPU_Add_Subt.uut.Barrel_Shifter_module_Mux_Array_Mid_Reg_Q_reg_13_
    $hold( posedge CK &&& (flag == 1'b1):405000, posedge D:405000, limit: 500 );

"ibm13rflpvt.v", 23343: Timing violation in Testbench_FPU_Add_Subt.uut.Barrel_Shifter_module_Mux_Array_Mid_Reg_Q_reg_1_
    $hold( posedge CK &&& (flag == 1'b1):405000, posedge D:405000, limit: 500 );

"ibm13rflpvt.v", 23343: Timing violation in Testbench_FPU_Add_Subt.uut.Barrel_Shifter_module_Mux_Array_Mid_Reg_Q_reg_5_
    $hold( posedge CK &&& (flag == 1'b1):405000, posedge D:405000, limit: 500 );

"ibm13rflpvt.v", 23343: Timing violation in Testbench_FPU_Add_Subt.uut.Barrel_Shifter_module_Mux_Array_Mid_Reg_Q_reg_6_
    $hold( posedge CK &&& (flag == 1'b1):405000, posedge D:405000, limit: 500 );

"ibm13rflpvt.v", 23343: Timing violation in Testbench_FPU_Add_Subt.uut.Barrel_Shifter_module_Mux_Array_Mid_Reg_Q_reg_18_
    $hold( posedge CK &&& (flag == 1'b1):405000, posedge D:405000, limit: 500 );

"ibm13rflpvt.v", 23343: Timing violation in Testbench_FPU_Add_Subt.uut.Barrel_Shifter_module_Mux_Array_Mid_Reg_Q_reg_2_
    $hold( posedge CK &&& (flag == 1'b1):405000, posedge D:405000, limit: 500 );

"ibm13rflpvt.v", 23343: Timing violation in Testbench_FPU_Add_Subt.uut.Barrel_Shifter_module_Mux_Array_Mid_Reg_Q_reg_22_
    $hold( posedge CK &&& (flag == 1'b1):405000, posedge D:405000, limit: 500 );


"ibm13rflpvt.v", 23343: Timing violation in Testbench_FPU_Add_Subt.uut.Barrel_Shifter_module_Mux_Array_Mid_Reg_Q_reg_1_
    $hold( posedge CK &&& (flag == 1'b1):445000, posedge D:445000, limit: 500 );

"ibm13rflpvt.v", 23343: Timing violation in Testbench_FPU_Add_Subt.uut.Barrel_Shifter_module_Mux_Array_Mid_Reg_Q_reg_4_
    $hold( posedge CK &&& (flag == 1'b1):445000, posedge D:445000, limit: 500 );

"ibm13rflpvt.v", 23343: Timing violation in Testbench_FPU_Add_Subt.uut.Barrel_Shifter_module_Mux_Array_Mid_Reg_Q_reg_5_
    $hold( posedge CK &&& (flag == 1'b1):445000, posedge D:445000, limit: 500 );

"ibm13rflpvt.v", 23343: Timing violation in Testbench_FPU_Add_Subt.uut.Barrel_Shifter_module_Mux_Array_Mid_Reg_Q_reg_6_
    $hold( posedge CK &&& (flag == 1'b1):445000, posedge D:445000, limit: 500 );

"ibm13rflpvt.v", 23343: Timing violation in Testbench_FPU_Add_Subt.uut.Barrel_Shifter_module_Mux_Array_Mid_Reg_Q_reg_7_
    $hold( posedge CK &&& (flag == 1'b1):445000, posedge D:445000, limit: 500 );

"ibm13rflpvt.v", 23343: Timing violation in Testbench_FPU_Add_Subt.uut.Barrel_Shifter_module_Mux_Array_Mid_Reg_Q_reg_8_
    $hold( posedge CK &&& (flag == 1'b1):445000, posedge D:445000, limit: 500 );

"ibm13rflpvt.v", 23343: Timing violation in Testbench_FPU_Add_Subt.uut.Barrel_Shifter_module_Mux_Array_Mid_Reg_Q_reg_10_
    $hold( posedge CK &&& (flag == 1'b1):445000, posedge D:445000, limit: 500 );

"ibm13rflpvt.v", 23343: Timing violation in Testbench_FPU_Add_Subt.uut.Barrel_Shifter_module_Mux_Array_Mid_Reg_Q_reg_0_
    $hold( posedge CK &&& (flag == 1'b1):445000, posedge D:445000, limit: 500 );

"ibm13rflpvt.v", 23343: Timing violation in Testbench_FPU_Add_Subt.uut.Barrel_Shifter_module_Mux_Array_Mid_Reg_Q_reg_11_
    $hold( posedge CK &&& (flag == 1'b1):445000, posedge D:445000, limit: 500 );

"ibm13rflpvt.v", 23343: Timing violation in Testbench_FPU_Add_Subt.uut.Barrel_Shifter_module_Mux_Array_Mid_Reg_Q_reg_12_
    $hold( posedge CK &&& (flag == 1'b1):445000, posedge D:445000, limit: 500 );

"ibm13rflpvt.v", 23343: Timing violation in Testbench_FPU_Add_Subt.uut.Barrel_Shifter_module_Mux_Array_Mid_Reg_Q_reg_17_
    $hold( posedge CK &&& (flag == 1'b1):445000, posedge D:445000, limit: 500 );

"ibm13rflpvt.v", 23343: Timing violation in Testbench_FPU_Add_Subt.uut.Barrel_Shifter_module_Mux_Array_Mid_Reg_Q_reg_19_
    $hold( posedge CK &&& (flag == 1'b1):445000, posedge D:445000, limit: 500 );


"ibm13rflpvt.v", 23344: Timing violation in Testbench_FPU_Add_Subt.uut.Oper_Start_in_module_mRegister_Q_reg_10_
    $hold( posedge CK &&& (flag == 1'b1):495000, negedge D:495000, limit: 500 );

"ibm13rflpvt.v", 23344: Timing violation in Testbench_FPU_Add_Subt.uut.Oper_Start_in_module_mRegister_Q_reg_14_
    $hold( posedge CK &&& (flag == 1'b1):495000, negedge D:495000, limit: 500 );

"ibm13rflpvt.v", 23344: Timing violation in Testbench_FPU_Add_Subt.uut.Oper_Start_in_module_mRegister_Q_reg_15_
    $hold( posedge CK &&& (flag == 1'b1):495000, negedge D:495000, limit: 500 );

"ibm13rflpvt.v", 23344: Timing violation in Testbench_FPU_Add_Subt.uut.Oper_Start_in_module_mRegister_Q_reg_4_
    $hold( posedge CK &&& (flag == 1'b1):495000, negedge D:495000, limit: 500 );

"ibm13rflpvt.v", 23344: Timing violation in Testbench_FPU_Add_Subt.uut.Oper_Start_in_module_mRegister_Q_reg_8_
    $hold( posedge CK &&& (flag == 1'b1):495000, negedge D:495000, limit: 500 );

"ibm13rflpvt.v", 23344: Timing violation in Testbench_FPU_Add_Subt.uut.Oper_Start_in_module_mRegister_Q_reg_25_
    $hold( posedge CK &&& (flag == 1'b1):495000, negedge D:495000, limit: 500 );

"ibm13rflpvt.v", 23344: Timing violation in Testbench_FPU_Add_Subt.uut.Oper_Start_in_module_mRegister_Q_reg_21_
    $hold( posedge CK &&& (flag == 1'b1):495000, negedge D:495000, limit: 500 );

"ibm13rflpvt.v", 23344: Timing violation in Testbench_FPU_Add_Subt.uut.Oper_Start_in_module_mRegister_Q_reg_17_
    $hold( posedge CK &&& (flag == 1'b1):495000, negedge D:495000, limit: 500 );

"ibm13rflpvt.v", 23344: Timing violation in Testbench_FPU_Add_Subt.uut.Oper_Start_in_module_MRegister_Q_reg_3_
    $hold( posedge CK &&& (flag == 1'b1):495000, negedge D:495000, limit: 500 );

"ibm13rflpvt.v", 23344: Timing violation in Testbench_FPU_Add_Subt.uut.Oper_Start_in_module_MRegister_Q_reg_22_
    $hold( posedge CK &&& (flag == 1'b1):495000, negedge D:495000, limit: 500 );

"ibm13rflpvt.v", 23344: Timing violation in Testbench_FPU_Add_Subt.uut.Oper_Start_in_module_MRegister_Q_reg_5_
    $hold( posedge CK &&& (flag == 1'b1):495000, negedge D:495000, limit: 500 );

"ibm13rflpvt.v", 23343: Timing violation in Testbench_FPU_Add_Subt.uut.Oper_Start_in_module_mRegister_Q_reg_3_
    $hold( posedge CK &&& (flag == 1'b1):495000, posedge D:495000, limit: 500 );

"ibm13rflpvt.v", 23343: Timing violation in Testbench_FPU_Add_Subt.uut.Oper_Start_in_module_mRegister_Q_reg_5_
    $hold( posedge CK &&& (flag == 1'b1):495000, posedge D:495000, limit: 500 );

"ibm13rflpvt.v", 23343: Timing violation in Testbench_FPU_Add_Subt.uut.Oper_Start_in_module_mRegister_Q_reg_22_
    $hold( posedge CK &&& (flag == 1'b1):495000, posedge D:495000, limit: 500 );

"ibm13rflpvt.v", 23343: Timing violation in Testbench_FPU_Add_Subt.uut.Oper_Start_in_module_mRegister_Q_reg_16_
    $hold( posedge CK &&& (flag == 1'b1):495000, posedge D:495000, limit: 500 );

"ibm13rflpvt.v", 23343: Timing violation in Testbench_FPU_Add_Subt.uut.Oper_Start_in_module_MRegister_Q_reg_10_
    $hold( posedge CK &&& (flag == 1'b1):495000, posedge D:495000, limit: 500 );

"ibm13rflpvt.v", 23343: Timing violation in Testbench_FPU_Add_Subt.uut.Oper_Start_in_module_MRegister_Q_reg_18_
    $hold( posedge CK &&& (flag == 1'b1):495000, posedge D:495000, limit: 500 );

"ibm13rflpvt.v", 23343: Timing violation in Testbench_FPU_Add_Subt.uut.Oper_Start_in_module_MRegister_Q_reg_14_
    $hold( posedge CK &&& (flag == 1'b1):495000, posedge D:495000, limit: 500 );

"ibm13rflpvt.v", 23343: Timing violation in Testbench_FPU_Add_Subt.uut.Oper_Start_in_module_MRegister_Q_reg_11_
    $hold( posedge CK &&& (flag == 1'b1):495000, posedge D:495000, limit: 500 );

"ibm13rflpvt.v", 23343: Timing violation in Testbench_FPU_Add_Subt.uut.Oper_Start_in_module_MRegister_Q_reg_17_
    $hold( posedge CK &&& (flag == 1'b1):495000, posedge D:495000, limit: 500 );

"ibm13rflpvt.v", 23343: Timing violation in Testbench_FPU_Add_Subt.uut.Oper_Start_in_module_MRegister_Q_reg_15_
    $hold( posedge CK &&& (flag == 1'b1):495000, posedge D:495000, limit: 500 );

"ibm13rflpvt.v", 23343: Timing violation in Testbench_FPU_Add_Subt.uut.Oper_Start_in_module_MRegister_Q_reg_13_
    $hold( posedge CK &&& (flag == 1'b1):495000, posedge D:495000, limit: 500 );

"ibm13rflpvt.v", 23343: Timing violation in Testbench_FPU_Add_Subt.uut.Oper_Start_in_module_MRegister_Q_reg_28_
    $hold( posedge CK &&& (flag == 1'b1):495000, posedge D:495000, limit: 500 );

"ibm13rflpvt.v", 23343: Timing violation in Testbench_FPU_Add_Subt.uut.Oper_Start_in_module_MRegister_Q_reg_24_
    $hold( posedge CK &&& (flag == 1'b1):495000, posedge D:495000, limit: 500 );

"ibm13rflpvt.v", 23343: Timing violation in Testbench_FPU_Add_Subt.uut.Oper_Start_in_module_MRegister_Q_reg_27_
    $hold( posedge CK &&& (flag == 1'b1):495000, posedge D:495000, limit: 500 );

"ibm13rflpvt.v", 23343: Timing violation in Testbench_FPU_Add_Subt.uut.Oper_Start_in_module_MRegister_Q_reg_25_
    $hold( posedge CK &&& (flag == 1'b1):495000, posedge D:495000, limit: 500 );

"ibm13rflpvt.v", 23343: Timing violation in Testbench_FPU_Add_Subt.uut.Oper_Start_in_module_MRegister_Q_reg_26_
    $hold( posedge CK &&& (flag == 1'b1):495000, posedge D:495000, limit: 500 );

"ibm13rflpvt.v", 23343: Timing violation in Testbench_FPU_Add_Subt.uut.Oper_Start_in_module_MRegister_Q_reg_21_
    $hold( posedge CK &&& (flag == 1'b1):495000, posedge D:495000, limit: 500 );

"ibm13rflpvt.v", 23343: Timing violation in Testbench_FPU_Add_Subt.uut.Oper_Start_in_module_MRegister_Q_reg_29_
    $hold( posedge CK &&& (flag == 1'b1):495000, posedge D:495000, limit: 500 );

"ibm13rflpvt.v", 23343: Timing violation in Testbench_FPU_Add_Subt.uut.Oper_Start_in_module_MRegister_Q_reg_8_
    $hold( posedge CK &&& (flag == 1'b1):495000, posedge D:495000, limit: 500 );

"ibm13rflpvt.v", 23343: Timing violation in Testbench_FPU_Add_Subt.uut.Oper_Start_in_module_MRegister_Q_reg_4_
    $hold( posedge CK &&& (flag == 1'b1):495000, posedge D:495000, limit: 500 );

"ibm13rflpvt.v", 23343: Timing violation in Testbench_FPU_Add_Subt.uut.Oper_Start_in_module_MRegister_Q_reg_2_
    $hold( posedge CK &&& (flag == 1'b1):495000, posedge D:495000, limit: 500 );


"ibm13rflpvt.v", 23343: Timing violation in Testbench_FPU_Add_Subt.uut.Barrel_Shifter_module_Output_Reg_Q_reg_7_
    $hold( posedge CK &&& (flag == 1'b1):525000, posedge D:525000, limit: 500 );

"ibm13rflpvt.v", 23343: Timing violation in Testbench_FPU_Add_Subt.uut.Barrel_Shifter_module_Output_Reg_Q_reg_6_
    $hold( posedge CK &&& (flag == 1'b1):525000, posedge D:525000, limit: 500 );

"ibm13rflpvt.v", 23343: Timing violation in Testbench_FPU_Add_Subt.uut.Barrel_Shifter_module_Output_Reg_Q_reg_5_
    $hold( posedge CK &&& (flag == 1'b1):525000, posedge D:525000, limit: 500 );

"ibm13rflpvt.v", 23343: Timing violation in Testbench_FPU_Add_Subt.uut.Barrel_Shifter_module_Output_Reg_Q_reg_4_
    $hold( posedge CK &&& (flag == 1'b1):525000, posedge D:525000, limit: 500 );

"ibm13rflpvt.v", 23343: Timing violation in Testbench_FPU_Add_Subt.uut.Barrel_Shifter_module_Output_Reg_Q_reg_3_
    $hold( posedge CK &&& (flag == 1'b1):525000, posedge D:525000, limit: 500 );

"ibm13rflpvt.v", 23343: Timing violation in Testbench_FPU_Add_Subt.uut.Barrel_Shifter_module_Output_Reg_Q_reg_2_
    $hold( posedge CK &&& (flag == 1'b1):525000, posedge D:525000, limit: 500 );


"ibm13rflpvt.v", 23344: Timing violation in Testbench_FPU_Add_Subt.uut.Barrel_Shifter_module_Mux_Array_Mid_Reg_Q_reg_4_
    $hold( posedge CK &&& (flag == 1'b1):555000, negedge D:555000, limit: 500 );


"ibm13rflpvt.v", 23343: Timing violation in Testbench_FPU_Add_Subt.uut.Barrel_Shifter_module_Output_Reg_Q_reg_22_
    $hold( posedge CK &&& (flag == 1'b1):575000, posedge D:575000, limit: 500 );

"ibm13rflpvt.v", 23343: Timing violation in Testbench_FPU_Add_Subt.uut.Barrel_Shifter_module_Mux_Array_Mid_Reg_Q_reg_10_
    $hold( posedge CK &&& (flag == 1'b1):575000, posedge D:575000, limit: 500 );

"ibm13rflpvt.v", 23343: Timing violation in Testbench_FPU_Add_Subt.uut.Barrel_Shifter_module_Mux_Array_Mid_Reg_Q_reg_11_
    $hold( posedge CK &&& (flag == 1'b1):575000, posedge D:575000, limit: 500 );

"ibm13rflpvt.v", 23343: Timing violation in Testbench_FPU_Add_Subt.uut.Barrel_Shifter_module_Mux_Array_Mid_Reg_Q_reg_12_
    $hold( posedge CK &&& (flag == 1'b1):575000, posedge D:575000, limit: 500 );

"ibm13rflpvt.v", 23343: Timing violation in Testbench_FPU_Add_Subt.uut.Barrel_Shifter_module_Mux_Array_Mid_Reg_Q_reg_13_
    $hold( posedge CK &&& (flag == 1'b1):575000, posedge D:575000, limit: 500 );

"ibm13rflpvt.v", 23343: Timing violation in Testbench_FPU_Add_Subt.uut.Barrel_Shifter_module_Mux_Array_Mid_Reg_Q_reg_14_
    $hold( posedge CK &&& (flag == 1'b1):575000, posedge D:575000, limit: 500 );

"ibm13rflpvt.v", 23343: Timing violation in Testbench_FPU_Add_Subt.uut.Barrel_Shifter_module_Mux_Array_Mid_Reg_Q_reg_15_
    $hold( posedge CK &&& (flag == 1'b1):575000, posedge D:575000, limit: 500 );

"ibm13rflpvt.v", 23343: Timing violation in Testbench_FPU_Add_Subt.uut.Barrel_Shifter_module_Mux_Array_Mid_Reg_Q_reg_0_
    $hold( posedge CK &&& (flag == 1'b1):575000, posedge D:575000, limit: 500 );

"ibm13rflpvt.v", 23343: Timing violation in Testbench_FPU_Add_Subt.uut.Barrel_Shifter_module_Mux_Array_Mid_Reg_Q_reg_1_
    $hold( posedge CK &&& (flag == 1'b1):575000, posedge D:575000, limit: 500 );

"ibm13rflpvt.v", 23343: Timing violation in Testbench_FPU_Add_Subt.uut.Barrel_Shifter_module_Mux_Array_Mid_Reg_Q_reg_4_
    $hold( posedge CK &&& (flag == 1'b1):575000, posedge D:575000, limit: 500 );

"ibm13rflpvt.v", 23343: Timing violation in Testbench_FPU_Add_Subt.uut.Barrel_Shifter_module_Mux_Array_Mid_Reg_Q_reg_5_
    $hold( posedge CK &&& (flag == 1'b1):575000, posedge D:575000, limit: 500 );

"ibm13rflpvt.v", 23343: Timing violation in Testbench_FPU_Add_Subt.uut.Barrel_Shifter_module_Mux_Array_Mid_Reg_Q_reg_6_
    $hold( posedge CK &&& (flag == 1'b1):575000, posedge D:575000, limit: 500 );

"ibm13rflpvt.v", 23343: Timing violation in Testbench_FPU_Add_Subt.uut.Barrel_Shifter_module_Mux_Array_Mid_Reg_Q_reg_8_
    $hold( posedge CK &&& (flag == 1'b1):575000, posedge D:575000, limit: 500 );

"ibm13rflpvt.v", 23343: Timing violation in Testbench_FPU_Add_Subt.uut.Barrel_Shifter_module_Mux_Array_Mid_Reg_Q_reg_18_
    $hold( posedge CK &&& (flag == 1'b1):575000, posedge D:575000, limit: 500 );

"ibm13rflpvt.v", 23343: Timing violation in Testbench_FPU_Add_Subt.uut.Barrel_Shifter_module_Mux_Array_Mid_Reg_Q_reg_2_
    $hold( posedge CK &&& (flag == 1'b1):575000, posedge D:575000, limit: 500 );


"ibm13rflpvt.v", 23344: Timing violation in Testbench_FPU_Add_Subt.uut.Exp_Operation_Module_exp_result_Q_reg_7_
    $hold( posedge CK &&& (flag == 1'b1):675000, negedge D:675000, limit: 500 );


"ibm13rflpvt.v", 23344: Timing violation in Testbench_FPU_Add_Subt.uut.Add_Subt_Sgf_module_Add_Subt_Result_Q_reg_10_
    $hold( posedge CK &&& (flag == 1'b1):705000, negedge D:705000, limit: 500 );


"ibm13rflpvt.v", 23344: Timing violation in Testbench_FPU_Add_Subt.uut.Barrel_Shifter_module_Mux_Array_Mid_Reg_Q_reg_10_
    $hold( posedge CK &&& (flag == 1'b1):725000, negedge D:725000, limit: 500 );

"ibm13rflpvt.v", 23344: Timing violation in Testbench_FPU_Add_Subt.uut.Barrel_Shifter_module_Mux_Array_Mid_Reg_Q_reg_13_
    $hold( posedge CK &&& (flag == 1'b1):725000, negedge D:725000, limit: 500 );

"ibm13rflpvt.v", 23344: Timing violation in Testbench_FPU_Add_Subt.uut.Barrel_Shifter_module_Mux_Array_Mid_Reg_Q_reg_14_
    $hold( posedge CK &&& (flag == 1'b1):725000, negedge D:725000, limit: 500 );

"ibm13rflpvt.v", 23344: Timing violation in Testbench_FPU_Add_Subt.uut.Barrel_Shifter_module_Mux_Array_Mid_Reg_Q_reg_4_
    $hold( posedge CK &&& (flag == 1'b1):725000, negedge D:725000, limit: 500 );

"ibm13rflpvt.v", 23344: Timing violation in Testbench_FPU_Add_Subt.uut.Barrel_Shifter_module_Mux_Array_Mid_Reg_Q_reg_24_
    $hold( posedge CK &&& (flag == 1'b1):725000, negedge D:725000, limit: 500 );


"ibm13rflpvt.v", 23343: Timing violation in Testbench_FPU_Add_Subt.uut.Barrel_Shifter_module_Output_Reg_Q_reg_12_
    $hold( posedge CK &&& (flag == 1'b1):745000, posedge D:745000, limit: 500 );

"ibm13rflpvt.v", 23343: Timing violation in Testbench_FPU_Add_Subt.uut.Barrel_Shifter_module_Output_Reg_Q_reg_11_
    $hold( posedge CK &&& (flag == 1'b1):745000, posedge D:745000, limit: 500 );

"ibm13rflpvt.v", 23343: Timing violation in Testbench_FPU_Add_Subt.uut.Barrel_Shifter_module_Output_Reg_Q_reg_6_
    $hold( posedge CK &&& (flag == 1'b1):745000, posedge D:745000, limit: 500 );

"ibm13rflpvt.v", 23343: Timing violation in Testbench_FPU_Add_Subt.uut.Barrel_Shifter_module_Output_Reg_Q_reg_22_
    $hold( posedge CK &&& (flag == 1'b1):745000, posedge D:745000, limit: 500 );

"ibm13rflpvt.v", 23343: Timing violation in Testbench_FPU_Add_Subt.uut.Barrel_Shifter_module_Output_Reg_Q_reg_21_
    $hold( posedge CK &&& (flag == 1'b1):745000, posedge D:745000, limit: 500 );

"ibm13rflpvt.v", 23343: Timing violation in Testbench_FPU_Add_Subt.uut.Barrel_Shifter_module_Mux_Array_Mid_Reg_Q_reg_10_
    $hold( posedge CK &&& (flag == 1'b1):745000, posedge D:745000, limit: 500 );

"ibm13rflpvt.v", 23343: Timing violation in Testbench_FPU_Add_Subt.uut.Barrel_Shifter_module_Mux_Array_Mid_Reg_Q_reg_11_
    $hold( posedge CK &&& (flag == 1'b1):745000, posedge D:745000, limit: 500 );

"ibm13rflpvt.v", 23343: Timing violation in Testbench_FPU_Add_Subt.uut.Barrel_Shifter_module_Mux_Array_Mid_Reg_Q_reg_13_
    $hold( posedge CK &&& (flag == 1'b1):745000, posedge D:745000, limit: 500 );

"ibm13rflpvt.v", 23343: Timing violation in Testbench_FPU_Add_Subt.uut.Barrel_Shifter_module_Mux_Array_Mid_Reg_Q_reg_14_
    $hold( posedge CK &&& (flag == 1'b1):745000, posedge D:745000, limit: 500 );

"ibm13rflpvt.v", 23343: Timing violation in Testbench_FPU_Add_Subt.uut.Barrel_Shifter_module_Mux_Array_Mid_Reg_Q_reg_4_
    $hold( posedge CK &&& (flag == 1'b1):745000, posedge D:745000, limit: 500 );

"ibm13rflpvt.v", 23343: Timing violation in Testbench_FPU_Add_Subt.uut.Barrel_Shifter_module_Mux_Array_Mid_Reg_Q_reg_5_
    $hold( posedge CK &&& (flag == 1'b1):745000, posedge D:745000, limit: 500 );

"ibm13rflpvt.v", 23343: Timing violation in Testbench_FPU_Add_Subt.uut.Barrel_Shifter_module_Mux_Array_Mid_Reg_Q_reg_24_
    $hold( posedge CK &&& (flag == 1'b1):745000, posedge D:745000, limit: 500 );


"ibm13rflpvt.v", 23344: Timing violation in Testbench_FPU_Add_Subt.uut.Barrel_Shifter_module_Mux_Array_Mid_Reg_Q_reg_23_
    $hold( posedge CK &&& (flag == 1'b1):785000, negedge D:785000, limit: 500 );

"ibm13rflpvt.v", 23344: Timing violation in Testbench_FPU_Add_Subt.uut.Barrel_Shifter_module_Mux_Array_Mid_Reg_Q_reg_18_
    $hold( posedge CK &&& (flag == 1'b1):785000, negedge D:785000, limit: 500 );

"ibm13rflpvt.v", 23343: Timing violation in Testbench_FPU_Add_Subt.uut.Barrel_Shifter_module_Mux_Array_Mid_Reg_Q_reg_1_
    $hold( posedge CK &&& (flag == 1'b1):785000, posedge D:785000, limit: 500 );

"ibm13rflpvt.v", 23343: Timing violation in Testbench_FPU_Add_Subt.uut.Barrel_Shifter_module_Mux_Array_Mid_Reg_Q_reg_2_
    $hold( posedge CK &&& (flag == 1'b1):785000, posedge D:785000, limit: 500 );

"ibm13rflpvt.v", 23343: Timing violation in Testbench_FPU_Add_Subt.uut.Barrel_Shifter_module_Mux_Array_Mid_Reg_Q_reg_3_
    $hold( posedge CK &&& (flag == 1'b1):785000, posedge D:785000, limit: 500 );

"ibm13rflpvt.v", 23343: Timing violation in Testbench_FPU_Add_Subt.uut.Barrel_Shifter_module_Mux_Array_Mid_Reg_Q_reg_4_
    $hold( posedge CK &&& (flag == 1'b1):785000, posedge D:785000, limit: 500 );

"ibm13rflpvt.v", 23343: Timing violation in Testbench_FPU_Add_Subt.uut.Barrel_Shifter_module_Mux_Array_Mid_Reg_Q_reg_6_
    $hold( posedge CK &&& (flag == 1'b1):785000, posedge D:785000, limit: 500 );

"ibm13rflpvt.v", 23343: Timing violation in Testbench_FPU_Add_Subt.uut.Barrel_Shifter_module_Mux_Array_Mid_Reg_Q_reg_7_
    $hold( posedge CK &&& (flag == 1'b1):785000, posedge D:785000, limit: 500 );

"ibm13rflpvt.v", 23343: Timing violation in Testbench_FPU_Add_Subt.uut.Barrel_Shifter_module_Mux_Array_Mid_Reg_Q_reg_8_
    $hold( posedge CK &&& (flag == 1'b1):785000, posedge D:785000, limit: 500 );

"ibm13rflpvt.v", 23343: Timing violation in Testbench_FPU_Add_Subt.uut.Barrel_Shifter_module_Mux_Array_Mid_Reg_Q_reg_9_
    $hold( posedge CK &&& (flag == 1'b1):785000, posedge D:785000, limit: 500 );

"ibm13rflpvt.v", 23343: Timing violation in Testbench_FPU_Add_Subt.uut.Barrel_Shifter_module_Mux_Array_Mid_Reg_Q_reg_10_
    $hold( posedge CK &&& (flag == 1'b1):785000, posedge D:785000, limit: 500 );

"ibm13rflpvt.v", 23343: Timing violation in Testbench_FPU_Add_Subt.uut.Barrel_Shifter_module_Mux_Array_Mid_Reg_Q_reg_12_
    $hold( posedge CK &&& (flag == 1'b1):785000, posedge D:785000, limit: 500 );

"ibm13rflpvt.v", 23343: Timing violation in Testbench_FPU_Add_Subt.uut.Barrel_Shifter_module_Mux_Array_Mid_Reg_Q_reg_13_
    $hold( posedge CK &&& (flag == 1'b1):785000, posedge D:785000, limit: 500 );

"ibm13rflpvt.v", 23343: Timing violation in Testbench_FPU_Add_Subt.uut.Barrel_Shifter_module_Mux_Array_Mid_Reg_Q_reg_14_
    $hold( posedge CK &&& (flag == 1'b1):785000, posedge D:785000, limit: 500 );

"ibm13rflpvt.v", 23343: Timing violation in Testbench_FPU_Add_Subt.uut.Barrel_Shifter_module_Mux_Array_Mid_Reg_Q_reg_15_
    $hold( posedge CK &&& (flag == 1'b1):785000, posedge D:785000, limit: 500 );

"ibm13rflpvt.v", 23343: Timing violation in Testbench_FPU_Add_Subt.uut.Barrel_Shifter_module_Mux_Array_Mid_Reg_Q_reg_19_
    $hold( posedge CK &&& (flag == 1'b1):785000, posedge D:785000, limit: 500 );

"ibm13rflpvt.v", 23343: Timing violation in Testbench_FPU_Add_Subt.uut.Barrel_Shifter_module_Mux_Array_Mid_Reg_Q_reg_16_
    $hold( posedge CK &&& (flag == 1'b1):785000, posedge D:785000, limit: 500 );

"ibm13rflpvt.v", 23343: Timing violation in Testbench_FPU_Add_Subt.uut.Barrel_Shifter_module_Mux_Array_Mid_Reg_Q_reg_0_
    $hold( posedge CK &&& (flag == 1'b1):785000, posedge D:785000, limit: 500 );


"ibm13rflpvt.v", 23343: Timing violation in Testbench_FPU_Add_Subt.uut.Oper_Start_in_module_mRegister_Q_reg_25_
    $hold( posedge CK &&& (flag == 1'b1):835000, posedge D:835000, limit: 500 );

"ibm13rflpvt.v", 23343: Timing violation in Testbench_FPU_Add_Subt.uut.Oper_Start_in_module_mRegister_Q_reg_20_
    $hold( posedge CK &&& (flag == 1'b1):835000, posedge D:835000, limit: 500 );

"ibm13rflpvt.v", 23343: Timing violation in Testbench_FPU_Add_Subt.uut.Oper_Start_in_module_MRegister_Q_reg_1_
    $hold( posedge CK &&& (flag == 1'b1):835000, posedge D:835000, limit: 500 );

"ibm13rflpvt.v", 23344: Timing violation in Testbench_FPU_Add_Subt.uut.Oper_Start_in_module_mRegister_Q_reg_1_
    $hold( posedge CK &&& (flag == 1'b1):835000, negedge D:835000, limit: 500 );

"ibm13rflpvt.v", 23344: Timing violation in Testbench_FPU_Add_Subt.uut.Oper_Start_in_module_mRegister_Q_reg_8_
    $hold( posedge CK &&& (flag == 1'b1):835000, negedge D:835000, limit: 500 );

"ibm13rflpvt.v", 23344: Timing violation in Testbench_FPU_Add_Subt.uut.Oper_Start_in_module_mRegister_Q_reg_24_
    $hold( posedge CK &&& (flag == 1'b1):835000, negedge D:835000, limit: 500 );

"ibm13rflpvt.v", 23344: Timing violation in Testbench_FPU_Add_Subt.uut.Oper_Start_in_module_mRegister_Q_reg_21_
    $hold( posedge CK &&& (flag == 1'b1):835000, negedge D:835000, limit: 500 );

"ibm13rflpvt.v", 23344: Timing violation in Testbench_FPU_Add_Subt.uut.Oper_Start_in_module_mRegister_Q_reg_11_
    $hold( posedge CK &&& (flag == 1'b1):835000, negedge D:835000, limit: 500 );

"ibm13rflpvt.v", 23344: Timing violation in Testbench_FPU_Add_Subt.uut.Oper_Start_in_module_mRegister_Q_reg_12_
    $hold( posedge CK &&& (flag == 1'b1):835000, negedge D:835000, limit: 500 );

"ibm13rflpvt.v", 23343: Timing violation in Testbench_FPU_Add_Subt.uut.Oper_Start_in_module_mRegister_Q_reg_18_
    $hold( posedge CK &&& (flag == 1'b1):835000, posedge D:835000, limit: 500 );

"ibm13rflpvt.v", 23343: Timing violation in Testbench_FPU_Add_Subt.uut.Oper_Start_in_module_mRegister_Q_reg_17_
    $hold( posedge CK &&& (flag == 1'b1):835000, posedge D:835000, limit: 500 );

"ibm13rflpvt.v", 23343: Timing violation in Testbench_FPU_Add_Subt.uut.Oper_Start_in_module_mRegister_Q_reg_15_
    $hold( posedge CK &&& (flag == 1'b1):835000, posedge D:835000, limit: 500 );

"ibm13rflpvt.v", 23344: Timing violation in Testbench_FPU_Add_Subt.uut.Oper_Start_in_module_mRegister_Q_reg_2_
    $hold( posedge CK &&& (flag == 1'b1):835000, negedge D:835000, limit: 500 );

"ibm13rflpvt.v", 23344: Timing violation in Testbench_FPU_Add_Subt.uut.Oper_Start_in_module_MRegister_Q_reg_21_
    $hold( posedge CK &&& (flag == 1'b1):835000, negedge D:835000, limit: 500 );

"ibm13rflpvt.v", 23344: Timing violation in Testbench_FPU_Add_Subt.uut.Oper_Start_in_module_MRegister_Q_reg_8_
    $hold( posedge CK &&& (flag == 1'b1):835000, negedge D:835000, limit: 500 );

"ibm13rflpvt.v", 23344: Timing violation in Testbench_FPU_Add_Subt.uut.Oper_Start_in_module_MRegister_Q_reg_24_
    $hold( posedge CK &&& (flag == 1'b1):835000, negedge D:835000, limit: 500 );

"ibm13rflpvt.v", 23344: Timing violation in Testbench_FPU_Add_Subt.uut.Oper_Start_in_module_MRegister_Q_reg_15_
    $hold( posedge CK &&& (flag == 1'b1):835000, negedge D:835000, limit: 500 );

"ibm13rflpvt.v", 23344: Timing violation in Testbench_FPU_Add_Subt.uut.Oper_Start_in_module_MRegister_Q_reg_12_
    $hold( posedge CK &&& (flag == 1'b1):835000, negedge D:835000, limit: 500 );

"ibm13rflpvt.v", 23344: Timing violation in Testbench_FPU_Add_Subt.uut.Oper_Start_in_module_MRegister_Q_reg_17_
    $hold( posedge CK &&& (flag == 1'b1):835000, negedge D:835000, limit: 500 );

"ibm13rflpvt.v", 23344: Timing violation in Testbench_FPU_Add_Subt.uut.Oper_Start_in_module_MRegister_Q_reg_11_
    $hold( posedge CK &&& (flag == 1'b1):835000, negedge D:835000, limit: 500 );

"ibm13rflpvt.v", 23344: Timing violation in Testbench_FPU_Add_Subt.uut.Oper_Start_in_module_MRegister_Q_reg_18_
    $hold( posedge CK &&& (flag == 1'b1):835000, negedge D:835000, limit: 500 );

"ibm13rflpvt.v", 23343: Timing violation in Testbench_FPU_Add_Subt.uut.Oper_Start_in_module_SignRegister_Q_reg_0_
    $hold( posedge CK &&& (flag == 1'b1):835000, posedge D:835000, limit: 500 );


"ibm13rflpvt.v", 23343: Timing violation in Testbench_FPU_Add_Subt.uut.Exp_Operation_Module_exp_result_Q_reg_7_
    $hold( posedge CK &&& (flag == 1'b1):845000, posedge D:845000, limit: 500 );


"ibm13rflpvt.v", 23343: Timing violation in Testbench_FPU_Add_Subt.uut.Barrel_Shifter_module_Output_Reg_Q_reg_7_
    $hold( posedge CK &&& (flag == 1'b1):865000, posedge D:865000, limit: 500 );

"ibm13rflpvt.v", 23343: Timing violation in Testbench_FPU_Add_Subt.uut.Barrel_Shifter_module_Output_Reg_Q_reg_6_
    $hold( posedge CK &&& (flag == 1'b1):865000, posedge D:865000, limit: 500 );

"ibm13rflpvt.v", 23343: Timing violation in Testbench_FPU_Add_Subt.uut.Barrel_Shifter_module_Output_Reg_Q_reg_5_
    $hold( posedge CK &&& (flag == 1'b1):865000, posedge D:865000, limit: 500 );

"ibm13rflpvt.v", 23343: Timing violation in Testbench_FPU_Add_Subt.uut.Barrel_Shifter_module_Output_Reg_Q_reg_4_
    $hold( posedge CK &&& (flag == 1'b1):865000, posedge D:865000, limit: 500 );

"ibm13rflpvt.v", 23343: Timing violation in Testbench_FPU_Add_Subt.uut.Barrel_Shifter_module_Output_Reg_Q_reg_3_
    $hold( posedge CK &&& (flag == 1'b1):865000, posedge D:865000, limit: 500 );

"ibm13rflpvt.v", 23343: Timing violation in Testbench_FPU_Add_Subt.uut.Barrel_Shifter_module_Output_Reg_Q_reg_2_
    $hold( posedge CK &&& (flag == 1'b1):865000, posedge D:865000, limit: 500 );


"ibm13rflpvt.v", 23343: Timing violation in Testbench_FPU_Add_Subt.uut.Barrel_Shifter_module_Mux_Array_Mid_Reg_Q_reg_24_
    $hold( posedge CK &&& (flag == 1'b1):895000, posedge D:895000, limit: 500 );

"ibm13rflpvt.v", 23344: Timing violation in Testbench_FPU_Add_Subt.uut.Barrel_Shifter_module_Mux_Array_Mid_Reg_Q_reg_1_
    $hold( posedge CK &&& (flag == 1'b1):895000, negedge D:895000, limit: 500 );

"ibm13rflpvt.v", 23344: Timing violation in Testbench_FPU_Add_Subt.uut.Exp_Operation_Module_Overflow_Q_reg_0_
    $hold( posedge CK &&& (flag == 1'b1):895000, negedge D:895000, limit: 500 );

"ibm13rflpvt.v", 23344: Timing violation in Testbench_FPU_Add_Subt.uut.Barrel_Shifter_module_Mux_Array_Mid_Reg_Q_reg_22_
    $hold( posedge CK &&& (flag == 1'b1):895000, negedge D:895000, limit: 500 );


"ibm13rflpvt.v", 23343: Timing violation in Testbench_FPU_Add_Subt.uut.Barrel_Shifter_module_Output_Reg_Q_reg_3_
    $hold( posedge CK &&& (flag == 1'b1):915000, posedge D:915000, limit: 500 );

"ibm13rflpvt.v", 23343: Timing violation in Testbench_FPU_Add_Subt.uut.Barrel_Shifter_module_Output_Reg_Q_reg_4_
    $hold( posedge CK &&& (flag == 1'b1):915000, posedge D:915000, limit: 500 );

"ibm13rflpvt.v", 23344: Timing violation in Testbench_FPU_Add_Subt.uut.Barrel_Shifter_module_Mux_Array_Mid_Reg_Q_reg_24_
    $hold( posedge CK &&& (flag == 1'b1):915000, negedge D:915000, limit: 500 );

"ibm13rflpvt.v", 23343: Timing violation in Testbench_FPU_Add_Subt.uut.Barrel_Shifter_module_Mux_Array_Mid_Reg_Q_reg_10_
    $hold( posedge CK &&& (flag == 1'b1):915000, posedge D:915000, limit: 500 );

"ibm13rflpvt.v", 23343: Timing violation in Testbench_FPU_Add_Subt.uut.Barrel_Shifter_module_Mux_Array_Mid_Reg_Q_reg_11_
    $hold( posedge CK &&& (flag == 1'b1):915000, posedge D:915000, limit: 500 );

"ibm13rflpvt.v", 23343: Timing violation in Testbench_FPU_Add_Subt.uut.Barrel_Shifter_module_Mux_Array_Mid_Reg_Q_reg_12_
    $hold( posedge CK &&& (flag == 1'b1):915000, posedge D:915000, limit: 500 );

"ibm13rflpvt.v", 23343: Timing violation in Testbench_FPU_Add_Subt.uut.Barrel_Shifter_module_Mux_Array_Mid_Reg_Q_reg_13_
    $hold( posedge CK &&& (flag == 1'b1):915000, posedge D:915000, limit: 500 );

"ibm13rflpvt.v", 23343: Timing violation in Testbench_FPU_Add_Subt.uut.Barrel_Shifter_module_Mux_Array_Mid_Reg_Q_reg_14_
    $hold( posedge CK &&& (flag == 1'b1):915000, posedge D:915000, limit: 500 );

"ibm13rflpvt.v", 23343: Timing violation in Testbench_FPU_Add_Subt.uut.Barrel_Shifter_module_Mux_Array_Mid_Reg_Q_reg_15_
    $hold( posedge CK &&& (flag == 1'b1):915000, posedge D:915000, limit: 500 );

"ibm13rflpvt.v", 23343: Timing violation in Testbench_FPU_Add_Subt.uut.Barrel_Shifter_module_Mux_Array_Mid_Reg_Q_reg_0_
    $hold( posedge CK &&& (flag == 1'b1):915000, posedge D:915000, limit: 500 );

"ibm13rflpvt.v", 23343: Timing violation in Testbench_FPU_Add_Subt.uut.Barrel_Shifter_module_Mux_Array_Mid_Reg_Q_reg_1_
    $hold( posedge CK &&& (flag == 1'b1):915000, posedge D:915000, limit: 500 );

"ibm13rflpvt.v", 23343: Timing violation in Testbench_FPU_Add_Subt.uut.Barrel_Shifter_module_Mux_Array_Mid_Reg_Q_reg_4_
    $hold( posedge CK &&& (flag == 1'b1):915000, posedge D:915000, limit: 500 );

"ibm13rflpvt.v", 23343: Timing violation in Testbench_FPU_Add_Subt.uut.Barrel_Shifter_module_Mux_Array_Mid_Reg_Q_reg_5_
    $hold( posedge CK &&& (flag == 1'b1):915000, posedge D:915000, limit: 500 );

"ibm13rflpvt.v", 23343: Timing violation in Testbench_FPU_Add_Subt.uut.Barrel_Shifter_module_Mux_Array_Mid_Reg_Q_reg_6_
    $hold( posedge CK &&& (flag == 1'b1):915000, posedge D:915000, limit: 500 );

"ibm13rflpvt.v", 23343: Timing violation in Testbench_FPU_Add_Subt.uut.Barrel_Shifter_module_Mux_Array_Mid_Reg_Q_reg_8_
    $hold( posedge CK &&& (flag == 1'b1):915000, posedge D:915000, limit: 500 );

"ibm13rflpvt.v", 23343: Timing violation in Testbench_FPU_Add_Subt.uut.Barrel_Shifter_module_Mux_Array_Mid_Reg_Q_reg_18_
    $hold( posedge CK &&& (flag == 1'b1):915000, posedge D:915000, limit: 500 );

"ibm13rflpvt.v", 23343: Timing violation in Testbench_FPU_Add_Subt.uut.Barrel_Shifter_module_Mux_Array_Mid_Reg_Q_reg_2_
    $hold( posedge CK &&& (flag == 1'b1):915000, posedge D:915000, limit: 500 );

"ibm13rflpvt.v", 23343: Timing violation in Testbench_FPU_Add_Subt.uut.Barrel_Shifter_module_Mux_Array_Mid_Reg_Q_reg_22_
    $hold( posedge CK &&& (flag == 1'b1):915000, posedge D:915000, limit: 500 );


"ibm13rflpvt.v", 23343: Timing violation in Testbench_FPU_Add_Subt.uut.Barrel_Shifter_module_Mux_Array_Mid_Reg_Q_reg_24_
    $hold( posedge CK &&& (flag == 1'b1):925000, posedge D:925000, limit: 500 );

"ibm13rflpvt.v", 23344: Timing violation in Testbench_FPU_Add_Subt.uut.Barrel_Shifter_module_Mux_Array_Mid_Reg_Q_reg_22_
    $hold( posedge CK &&& (flag == 1'b1):925000, negedge D:925000, limit: 500 );


"ibm13rflpvt.v", 23343: Timing violation in Testbench_FPU_Add_Subt.uut.Exp_Operation_Module_Underflow_Q_reg_0_
    $hold( posedge CK &&& (flag == 1'b1):935000, posedge D:935000, limit: 500 );

---------------------------------------------

The tool has just exited abnormally:


Release = 'K-2015.09-SP2-3_Full64'  Architecture = 'amd64'  Program = 'DVE'

'33112193 33149386 33151267 244953864890'

---------------------------------------------
=======================DVE Context and Call Stack=========================
Command line: /mnt/vol_NFS_Zener/tools/synopsys/apps/vcs-mx/K-2015.09-SP2-3//gui/dve/linux64/bin/dve.exe -full64 -ucliplatform=linux64 -toolargs "-ucligui -toolexe simv +v2k +lint=all -a log_name +define+SINGLE  -pid 1460" -toolin /tmp/vcs_20161020165945_1459_jsequeira..stdin -toolout /tmp/vcs_20161020165945_1459_jsequeira..stdout

--- Stack trace follows:
[New LWP 2550]
[New LWP 2304]
[Thread debugging using libthread_db enabled]
Using host libthread_db library "/lib64/libthread_db.so.1".
0x00000039086ac7fd in waitpid () from /lib64/libc.so.6

Thread 3 (Thread 0x7f2cb0139700 (LWP 2304)):
#0  0x0000003908e0ba5e in pthread_cond_timedwait@@GLIBC_2.3.2 () from /lib64/libpthread.so.0
#1  0x00000000028c517b in ?? ()
#2  0x00000000028c560e in QThread::msleep(unsigned long) ()
#3  0x00000000010dcf76 in ag::dveXThread::run() ()
#4  0x00000000028c530a in QThreadInstance::start(void*) ()
#5  0x0000003908e07aa1 in start_thread () from /lib64/libpthread.so.0
#6  0x00000039086e8aad in clone () from /lib64/libc.so.6

Thread 2 (Thread 0x7f2cac138700 (LWP 2550)):
#0  0x00000039086db68d in read () from /lib64/libc.so.6
#1  0x0000003908671ca8 in _IO_new_file_underflow () from /lib64/libc.so.6
#2  0x00000039086737ae in _IO_default_uflow_internal () from /lib64/libc.so.6
#3  0x0000003908667e8a in _IO_getline_info_internal () from /lib64/libc.so.6
#4  0x0000003908666ce9 in fgets () from /lib64/libc.so.6
#5  0x00000000011f5963 in ag::dveSmlSocket::run() ()
#6  0x00000000028c530a in QThreadInstance::start(void*) ()
#7  0x0000003908e07aa1 in start_thread () from /lib64/libpthread.so.0
#8  0x00000039086e8aad in clone () from /lib64/libc.so.6

Thread 1 (Thread 0x7f2cb0ecc800 (LWP 1474)):
#0  0x00000039086ac7fd in waitpid () from /lib64/libc.so.6
#1  0x000000390863e5c9 in do_system () from /lib64/libc.so.6
#2  0x000000390863e900 in system () from /lib64/libc.so.6
#3  0x00007f2cb2a10318 in SNPSle_10ee25eff68cd8461c9146fa1d0b35e87067f3c8015b313e639d2928478c79b3f673f99203bcf8be64600612100082236bffb2007f1e0ef9 () from /mnt/vol_NFS_Zener/tools/synopsys/apps/vcs-mx/K-2015.09-SP2-3//linux64/lib/liberrorinf.so
#4  0x00007f2cb2a108ad in SNPSle_10ee25eff68cd8461c9146fa1d0b35e87067f3c8015b313e81c34e9ac4c8988ef4a6e067b3aa9271e9f15440f9e8f69ebc77e2fd65860faa () from /mnt/vol_NFS_Zener/tools/synopsys/apps/vcs-mx/K-2015.09-SP2-3//linux64/lib/liberrorinf.so
#5  0x00007f2cb2a11bbb in SNPSle_10ee25eff68cd8461c9146fa1d0b35e87067f3c8015b313efba706aab251478fa49e66610e453774633a6c152e7ef778f2202cda681f3d4e () from /mnt/vol_NFS_Zener/tools/synopsys/apps/vcs-mx/K-2015.09-SP2-3//linux64/lib/liberrorinf.so
#6  0x00007f2cb2a0a9a5 in SNPSle_d35ca1ff70d465c2b9b1a72eee90a506fdd009d3de3db1de () from /mnt/vol_NFS_Zener/tools/synopsys/apps/vcs-mx/K-2015.09-SP2-3//linux64/lib/liberrorinf.so
#7  0x0000000001f9d175 in ag::logErrorMessage(ag::errorType, QString const&, bool) ()
#8  0x0000000001f9d923 in ?? ()
#9  0x0000003908635aba in exit () from /lib64/libc.so.6
#10 0x0000000002870f0c in ?? ()
#11 0x000000390ba447fe in _XIOError () from /usr/lib64/libX11.so.6
#12 0x000000390ba4365d in _XEventsQueued () from /usr/lib64/libX11.so.6
#13 0x000000390ba43f05 in _XGetRequest () from /usr/lib64/libX11.so.6
#14 0x000000390ba21b3c in XDefineCursor () from /usr/lib64/libX11.so.6
#15 0x000000000287308e in QApplication::setOverrideCursor(QCursor const&, bool) ()
#16 0x0000000001fdcd64 in ag::baseAppInst::setBusyCursor(bool) ()
#17 0x00000000010e0244 in ag::ovaAppInst::loadValues(bool) ()
#18 0x00000000019a04e1 in ag::waveListView::evaluateVisibleItems() ()
#19 0x000000000199651f in ag::waveListView::processViewportChanged() ()
#20 0x00000000019aaf38 in ag::waveListView::drawContentsOffset(QPainter*, int, int, int, int, int, int) ()
#21 0x00000000029f43b9 in QScrollView::viewportPaintEvent(QPaintEvent*) ()
#22 0x00000000029f8766 in QScrollView::eventFilter(QObject*, QEvent*) ()
#23 0x00000000029d80b6 in QListView::eventFilter(QObject*, QEvent*) ()
#24 0x00000000018b2ab2 in ag::baseListView::eventFilter(QObject*, QEvent*) ()
#25 0x00000000019a76d3 in ag::waveListView::eventFilter(QObject*, QEvent*) ()
#26 0x00000000029170f0 in QObject::activate_filters(QEvent*) ()
#27 0x0000000002917179 in QObject::event(QEvent*) ()
#28 0x0000000002942faa in QWidget::event(QEvent*) ()
#29 0x00000000028cb8c5 in QApplication::internalNotify(QObject*, QEvent*) ()
#30 0x00000000028cbacf in QApplication::notify(QObject*, QEvent*) ()
#31 0x0000000002010c66 in EkExtQtApp::notify(QObject*, QEvent*) ()
#32 0x0000000001fe32cd in ag::baseQtApp::notify(QObject*, QEvent*) ()
#33 0x00000000028a9605 in QWidget::repaint(int, int, int, int, bool) ()
#34 0x00000000028a9a03 in QWidget::scroll(int, int, QRect const&) ()
#35 0x00000000028a9bad in QWidget::scroll(int, int) ()
#36 0x00000000029f6530 in QScrollView::moveContents(int, int) ()
#37 0x00000000029f659b in QScrollView::vslide(int) ()
#38 0x0000000002b9c670 in QScrollView::qt_invoke(int, QUObject*) ()
#39 0x0000000002517427 in QIvgListView::qt_invoke(int, QUObject*) ()
#40 0x0000000001a78062 in ag::baseListView::qt_invoke(int, QUObject*) ()
#41 0x0000000001a7fa74 in ag::metaListView::qt_invoke(int, QUObject*) ()
#42 0x0000000001a7a651 in ag::dataView::qt_invoke(int, QUObject*) ()
#43 0x0000000001a81ffc in ag::waveListView::qt_invoke(int, QUObject*) ()
#44 0x0000000002918f0c in QObject::activate_signal(QConnectionList*, QUObject*) ()
#45 0x0000000002919140 in QObject::activate_signal(int, int) ()
#46 0x00000000029f27b0 in QScrollBar::wheelEvent(QWheelEvent*) ()
#47 0x00000000029430d0 in QWidget::event(QEvent*) ()
#48 0x00000000028cb8c5 in QApplication::internalNotify(QObject*, QEvent*) ()
#49 0x00000000028cbe34 in QApplication::notify(QObject*, QEvent*) ()
#50 0x0000000002010c66 in EkExtQtApp::notify(QObject*, QEvent*) ()
#51 0x0000000001fe32cd in ag::baseQtApp::notify(QObject*, QEvent*) ()
#52 0x00000000029f4e48 in QScrollView::wheelEvent(QWheelEvent*) ()
#53 0x00000000029430d0 in QWidget::event(QEvent*) ()
#54 0x000000000189b068 in ag::baseListView::event(QEvent*) ()
#55 0x00000000028cb8c5 in QApplication::internalNotify(QObject*, QEvent*) ()
#56 0x00000000028cbe34 in QApplication::notify(QObject*, QEvent*) ()
#57 0x0000000002010c66 in EkExtQtApp::notify(QObject*, QEvent*) ()
#58 0x0000000001fe32cd in ag::baseQtApp::notify(QObject*, QEvent*) ()
#59 0x0000000002874131 in QETWidget::translateWheelEvent(int, int, int, int, Qt::Orientation) ()
#60 0x000000000288174b in QETWidget::translateMouseEvent(_XEvent const*) ()
#61 0x000000000287ffc0 in QApplication::x11ProcessEvent(_XEvent*) ()
#62 0x000000000288e14a in QEventLoop::processEvents(unsigned int) ()
#63 0x000000000111e9f1 in ag::ovaEventLoop::processEvents(unsigned int) ()
#64 0x00000000028dbab9 in QEventLoop::enterLoop() ()
#65 0x00000000028dba1a in QEventLoop::exec() ()
#66 0x000000000111e35f in run_cci_event_loop ()
#67 0x00000000010ddb44 in ag::ovaAppInst::enterEventLoop(int, char**) ()
#68 0x0000000000de6a69 in main ()
No context available
==========================================================================
