15:09:24    16 -->                                                             [tcl] ucliGUI::connect -toolargs -ucligui -toolexe simv +v2k +lint=all -a log_name +define+SYN_SINGLE -pid 26879 -toolin /tmp/vcs_20161017210921_26878_jsequeira..stdin -toolout /tmp/vcs_20161017210921_26878_jsequeira..stdout  
15:09:24    17 -->                                                                 [tcl] set ucliGUI::state
15:09:24    18 -->                                                                     [tcl] set dveMisc::dve_log_file 1
15:09:24    19 -->                                                                         [tcl] gui_update_simulator_buttons
15:09:25    20 -->                                                                             [tcl] set ucliGUI::state
15:09:25    21 -->                                                                                 [tcl] ucliCore::getToolPID
15:09:25    22 -->                                                                                     [tcl] synopsys::env hasTB
15:09:25    23 -->                                                                                         [tcl] trigger_hier_stack_context_switch 0
15:09:25    24 -->                                                                                             [tcl] synUtils::setDVEInitPhase 1
15:09:25    25 --> ...  [tcl] gui_get_env SIMSETUP::SIMVPD
15:09:25    26 --> ...      [tcl] synopsys::dump -type VPD -file /home/local/ESTUDIANTES/jsequeira/Documents/Dise-o-ASIC-FPGA-FPU/ASIC_FLOW/ASIC_fpaddsub_arch2/integracion_fisica/simulacion_logica_sintesis/SINGLE/BARREL_SHIFTER/inter.vpd -locking
15:09:25    27 --> ...          [tcl] synopsys::dump -autoflush on -fid VPD0
15:09:25    28 --> ...              [tcl] set ::dve_fid VPD0
15:09:25    29 --> ...                  [tcl] synUtils::setDVEInitPhase 0
15:09:25    30 --> ...                      [tcl] ucliCore::getToolPID
15:09:25    31 --> ...                          [tcl] synUtils::sendTool -active _icl_setToolSocket /tmp/smlnpe9yV25
15:09:25    32 --> ...                              [tcl] synUtils::sendTool -active {_icl_start_rpc -version "K-2015.09-SP2-3_Full64" -sync_file /tmp/vcs_dve_rpc.jsequeira.26879}
15:09:25    33 --> ...                                  [tcl] synUtils::sendTool -active {_icl_createSharedMemory /tmp/vcs_dve_general.jsequeira.26879}
15:09:25    34 --> ...                                      [tcl] dveMisc::vbusExpand Testbench_Barrel_Shifter
15:09:26    35 --> ...                                          [tcl] config endofsim noexit
15:09:26    36 --> ...                                              [tcl] config onfail enable all
15:09:26    37 --> ...                                                  [tcl] config syscaddplainmembers
15:09:26    38 --> ...                                                      [tcl] config syscaddsourcenames
15:09:26    39 --> ...                                                          [tcl] config syscaddstructtypes
15:09:26    40 --> ...                                                              [tcl] synopsys::listing -disable
15:09:53    41 --> ...                                                                  [tcl] synopsys::dump -add {Testbench_Barrel_Shifter} -scope "." -depth 1 -fid VPD0
15:09:57    42 --> ...                                                                      [tcl] synopsys::run
15:09:57    43 --> ...                                                                          [tcl] set ucliGUI::state
15:09:57    44 --> ...                                                                              [tcl] set ucliGUI::state
15:09:57    45 --> ...                                                                                  [tcl] set ucliGUI::state
15:09:57    46 --> ...                                                                                      [tcl] set ucliGUI::state
15:09:57    47 --> ...                                                                                          [tcl] catch {senv activeDomain} dveMisc::result 
15:09:57    48 --> ...                                                                                              [tcl] set dveMisc::result
15:09:57    49 --> ...                                                                                                  [tcl] gui_update_simulator_buttons
