12:01:14    168 --> ...                                                                          [tcl] ucliGUI::start /home/local/ESTUDIANTES/jsequeira/Documents/Dise-o-ASIC-FPGA-FPU/ASIC_FLOW/ASIC_fpu/integracion_fisica/simulacion_logica_behavioral/DOUBLE/simv -ucligui +v2k +lint=all -l log_name +define+DOUBLE +neg_tchk +sdfverbose
12:01:14    169 --> ...                                                                              [tcl] set ucliGUI::state
12:01:15    170 --> ...                                                                                  [tcl] set dveMisc::dve_log_file 1
12:01:15    171 --> ...                                                                                      [tcl] gui_update_simulator_buttons
12:01:16    172 --> ...                                                                                          [tcl] set ucliGUI::state
12:01:16    173 --> ...                                                                                              [tcl] ucliCore::getToolPID
12:01:16    174 --> ...                                                                                                  [tcl] synopsys::env hasTB
12:01:16    175 --> ...  [tcl] trigger_hier_stack_context_switch 0
12:01:16    176 --> ...      [tcl] synUtils::setDVEInitPhase 1
12:01:16    177 --> ...          [tcl] gui_get_env SIMSETUP::SIMVPD
12:01:16    178 --> ...              [tcl] synopsys::dump -type VPD -file /home/local/ESTUDIANTES/jsequeira/Documents/Dise-o-ASIC-FPGA-FPU/ASIC_FLOW/ASIC_fpu/integracion_fisica/simulacion_logica_behavioral/DOUBLE/inter.vpd -locking
12:01:16    179 --> ...                  [tcl] synopsys::dump -autoflush on -fid VPD1
12:01:16    180 --> ...                      [tcl] set ::dve_fid VPD1
12:01:16    181 --> ...                          [tcl] synUtils::setDVEInitPhase 0
12:01:16    182 --> ...                              [tcl] ucliCore::getToolPID
12:01:16    183 --> ...                                  [tcl] synUtils::sendTool -active _icl_setToolSocket /tmp/smlnp82A5h1
12:01:16    184 --> ...                                      [tcl] synUtils::sendTool -active {_icl_start_rpc -version "K-2015.09-SP2-3_Full64" -sync_file /tmp/vcs_dve_rpc.jsequeira.10742}
12:01:16    185 --> ...                                          [tcl] synUtils::sendTool -active {_icl_createSharedMemory /tmp/vcs_dve_general.jsequeira.10742}
12:01:16    186 --> ...                                              [tcl] config endofsim noexit
12:01:16    187 --> ...                                                  [tcl] config onfail enable all
12:01:16    188 --> ...                                                      [tcl] config syscaddplainmembers
12:01:16    189 --> ...                                                          [tcl] config syscaddsourcenames
12:01:16    190 --> ...                                                              [tcl] config syscaddstructtypes
12:01:16    191 --> ...                                                                  [tcl] synopsys::listing -disable
12:01:16    192 --> ...                                                                      [tcl] # Begin_DVE_Session_Save_Info
12:01:16    193 --> ...                                                                          [tcl] # DVE restart session
12:01:16    194 --> ...                                                                              [tcl] # Saved on Mon Oct 31 12:01:14 2016
12:01:16    195 --> ...                                                                                  [tcl] # Designs open: 1
12:01:16    196 --> ...                                                                                      [tcl] #   Sim: /home/local/ESTUDIANTES/jsequeira/Documents/Dise-o-ASIC-FPGA-FPU/ASIC_FLOW/ASIC_fpu/integracion_fisica/simulacion_logica_behavioral/DOUBLE/simv
12:01:16    197 --> ...                                                                                          [tcl] # Toplevel windows open: 1
12:01:16    198 --> ...                                                                                              [tcl] # 	TopLevel.1
12:01:16    199 --> ...                                                                                                  [tcl] #   Source.1: WRecursiveKOA
12:01:16    200 --> ...  [tcl] #   Wave.1: 38 signals
12:01:16    201 --> ...      [tcl] #   Group count = 1
12:01:16    202 --> ...          [tcl] #   Group Testbench_FPU_Mark2 signal count = 38
12:01:16    203 --> ...              [tcl] # End_DVE_Session_Save_Info
12:01:16    204 --> ...                  [tcl] # DVE version: K-2015.09-SP2-3_Full64
12:01:16    205 --> ...                      [tcl] # DVE build date: Jun 15 2016 22:18:13
12:01:16    206 --> ...                          [tcl] #<Session mode="Restart" path=".restartSimSession.tcl" type="Debug">
12:01:16    207 --> ...                              [tcl] gui_set_loading_session_type Restart
12:01:16    208 --> ...                                  [tcl] gui_continuetime_set
12:01:16    209 --> ...                                      [tcl] gui_clear_window -type Wave
12:01:16    210 --> ...                                          [tcl] gui_clear_window -type List
12:01:16    211 --> ...                                              [tcl] # Application preferences
12:01:16    212 --> ...                                                  [tcl] gui_set_pref_value -key app_default_font -value {Helvetica,10,-1,5,50,0,0,0,0,0}
12:01:16    213 --> ...                                                      [tcl] gui_src_preferences -tabstop 8 -maxbits 24 -windownumber 1
12:01:16    214 --> ...                                                          [tcl] #<WindowLayout>
12:01:16    215 --> ...                                                              [tcl] # DVE top-level session
12:01:16    216 --> ...                                                                  [tcl] # Create and position top-level window: TopLevel.1
12:01:16    217 --> ...                                                                      [tcl] set TopLevel.1 TopLevel.1
12:01:16    218 --> ...                                                                          [tcl] # Docked window settings
12:01:16    219 --> ...                                                                              [tcl] gui_sync_global -id ${TopLevel.1} -option true
12:01:16    220 --> ...                                                                                  [tcl] # MDI window settings
12:01:16    221 --> ...                                                                                      [tcl] set Console.1 Console.1
12:01:16    222 --> ...                                                                                          [tcl] gui_update_layout -id ${Console.1} {{show_state maximized} {dock_state undocked} {dock_on_new_line false}}
12:01:16    223 --> ...                                                                                              [tcl] set HSPane.1 HSPane.1
12:01:16    224 --> ...                                                                                                  [tcl] set Hier.1 Hier.1
12:01:16    225 --> ...  [tcl] gui_update_layout -id ${HSPane.1} {{show_state maximized} {dock_state undocked} {dock_on_new_line false} {child_hier_colhier 748} {child_hier_coltype 272} {child_hier_colpd 0} {child_hier_col1 0} {child_hier_col2 1} {child_hier_col3 -1}}
12:01:16    226 --> ...      [tcl] set DLPane.1 DLPane.1
12:01:16    227 --> ...          [tcl] set Data.1 Data.1
12:01:16    228 --> ...              [tcl] gui_update_layout -id ${DLPane.1} {{show_state maximized} {dock_state undocked} {dock_on_new_line false} {child_data_colvariable 343} {child_data_colvalue 464} {child_data_coltype 197} {child_data_col1 0} {child_data_col2 1} {child_data_col3 2}}
12:01:16    229 --> ...                  [tcl] set Wave.1 Wave.1
12:01:16    230 --> ...                      [tcl] gui_update_layout -id ${Wave.1} {{show_state maximized} {dock_state undocked} {dock_on_new_line false} {child_wave_left 465} {child_wave_right 553} {child_wave_colname 300} {child_wave_colvalue 160} {child_wave_col1 0} {child_wave_col2 1}}
12:01:16    231 --> ...                          [tcl] set Source.1 Source.1
12:01:16    232 --> ...                              [tcl] gui_update_layout -id ${Source.1} {{show_state maximized} {dock_state undocked} {dock_on_new_line false}}
12:01:16    233 --> ...                                  [tcl] # End MDI window settings
12:01:16    234 --> ...                                      [tcl] #</WindowLayout>
12:01:16    235 --> ...                                          [tcl] #<Database>
12:01:16    236 --> ...                                              [tcl] gui_set_precision 1ps
12:01:16    237 --> ...                                                  [tcl] gui_set_time_units 1ps
12:01:16    238 --> ...                                                      [tcl] #</Database>
12:01:16    239 --> ...                                                          [tcl] # DVE Global setting session:
12:01:16    240 --> ...                                                              [tcl] # Global: Breakpoints
12:01:16    241 --> ...                                                                  [tcl] # Global: Bus
12:01:16    242 --> ...                                                                      [tcl] # Global: Expressions
12:01:16    243 --> ...                                                                          [tcl] # Global: Signal Time Shift
12:01:16    244 --> ...                                                                              [tcl] # Global: Signal Compare
12:01:16    245 --> ...                                                                                  [tcl] # Global: Signal Groups
12:01:16    246 --> ...                                                                                      [tcl] gui_load_child_values {Testbench_FPU_Mark2}
12:01:16    247 --> ...                                                                                          [tcl] synopsys::dump -add {Testbench_FPU_Mark2} -scope "." -depth 1 -fid VPD1
12:01:16    248 --> ...                                                                                              [tcl] set _session_group_1 Testbench_FPU_Mark2
12:01:16    249 --> ...                                                                                                  [tcl] gui_sg_create "$_session_group_1"
12:01:16    250 --> ...  [tcl] set Testbench_FPU_Mark2 "$_session_group_1"
12:01:16    251 --> ...      [tcl] gui_sg_addsignal -group "$_session_group_1" { Testbench_FPU_Mark2.EW Testbench_FPU_Mark2.Data_1 Testbench_FPU_Mark2.Data_2 Testbench_FPU_Mark2.FileSaveData_FLOAT Testbench_FPU_Mark2.contador Testbench_FPU_Mark2.FPSEN Testbench_FPU_Mark2.Array_IN_1 Testbench_FPU_Mark2.II Testbench_FPU_Mark2.Array_IN_2 Testbench_FPU_Mark2.FPSUB Testbench_FPU_Mark2.SW Testbench_FPU_Mark2.begin_operation Testbench_FPU_Mark2.underflow_flag Testbench_FPU_Mark2.FileSaveData Testbench_FPU_Mark2.ack_operation Testbench_FPU_Mark2.SWR Testbench_FPU_Mark2.operation_ready Testbench_FPU_Mark2.PERIOD Testbench_FPU_Mark2.region_flag Testbench_FPU_Mark2.op_result Testbench_FPU_Mark2.EWR Testbench_FPU_Mark2.NaN_flag Testbench_FPU_Mark2.ROUNDING_MODE_POS_INF Testbench_FPU_Mark2.W Testbench_FPU_Mark2.busy Testbench_FPU_Mark2.operation Testbench_FPU_Mark2.III Testbench_FPU_Mark2.FPMULT Testbench_FPU_Mark2.clk Testbench_FPU_Mark2.r_mode Testbench_FPU_Mark2.overflow_flag Testbench_FPU_Mark2.IoIV1 Testbench_FPU_Mark2.IoIV2 Testbench_FPU_Mark2.FPCOS Testbench_FPU_Mark2.FPADD Testbench_FPU_Mark2.ROUNDING_MODE_TRUNCT Testbench_FPU_Mark2.rst Testbench_FPU_Mark2.ROUNDING_MODE_NEG_INF }
12:01:16    252 --> ...          [tcl] gui_set_radix -radix {decimal} -signals {Sim:Testbench_FPU_Mark2.EW}
12:01:16    253 --> ...              [tcl] gui_set_radix -radix {twosComplement} -signals {Sim:Testbench_FPU_Mark2.EW}
12:01:16    254 --> ...                  [tcl] gui_set_radix -radix {decimal} -signals {Sim:Testbench_FPU_Mark2.FileSaveData_FLOAT}
12:01:16    255 --> ...                      [tcl] gui_set_radix -radix {twosComplement} -signals {Sim:Testbench_FPU_Mark2.FileSaveData_FLOAT}
12:01:16    256 --> ...                          [tcl] gui_set_radix -radix {decimal} -signals {Sim:Testbench_FPU_Mark2.contador}
12:01:16    257 --> ...                              [tcl] gui_set_radix -radix {twosComplement} -signals {Sim:Testbench_FPU_Mark2.contador}
12:01:16    258 --> ...                                  [tcl] gui_set_radix -radix {decimal} -signals {Sim:Testbench_FPU_Mark2.FPSEN}
12:01:16    259 --> ...                                      [tcl] gui_set_radix -radix {unsigned} -signals {Sim:Testbench_FPU_Mark2.FPSEN}
12:01:16    260 --> ...                                          [tcl] gui_set_radix -radix enum -signals {Sim:Testbench_FPU_Mark2.Array_IN_1}
12:01:16    261 --> ...                                              [tcl] synopsys::dump -add {Testbench_FPU_Mark2.Array_IN_1} -aggregates  -fid VPD1
12:01:16    262 --> ...                                                  [tcl] gui_set_radix -radix {decimal} -signals {Sim:Testbench_FPU_Mark2.II}
12:01:16    263 --> ...                                                      [tcl] gui_set_radix -radix {unsigned} -signals {Sim:Testbench_FPU_Mark2.II}
12:01:16    264 --> ...                                                          [tcl] gui_set_radix -radix enum -signals {Sim:Testbench_FPU_Mark2.Array_IN_2}
12:01:16    265 --> ...                                                              [tcl] synopsys::dump -add {Testbench_FPU_Mark2.Array_IN_2} -aggregates  -fid VPD1
12:01:16    266 --> ...                                                                  [tcl] gui_set_radix -radix {decimal} -signals {Sim:Testbench_FPU_Mark2.FPSUB}
12:01:16    267 --> ...                                                                      [tcl] gui_set_radix -radix {unsigned} -signals {Sim:Testbench_FPU_Mark2.FPSUB}
12:01:16    268 --> ...                                                                          [tcl] gui_set_radix -radix {decimal} -signals {Sim:Testbench_FPU_Mark2.SW}
12:01:16    269 --> ...                                                                              [tcl] gui_set_radix -radix {twosComplement} -signals {Sim:Testbench_FPU_Mark2.SW}
12:01:16    270 --> ...                                                                                  [tcl] gui_set_radix -radix {decimal} -signals {Sim:Testbench_FPU_Mark2.FileSaveData}
12:01:16    271 --> ...                                                                                      [tcl] gui_set_radix -radix {twosComplement} -signals {Sim:Testbench_FPU_Mark2.FileSaveData}
12:01:16    272 --> ...                                                                                          [tcl] gui_set_radix -radix {decimal} -signals {Sim:Testbench_FPU_Mark2.SWR}
12:01:16    273 --> ...                                                                                              [tcl] gui_set_radix -radix {twosComplement} -signals {Sim:Testbench_FPU_Mark2.SWR}
12:01:16    274 --> ...                                                                                                  [tcl] gui_set_radix -radix {decimal} -signals {Sim:Testbench_FPU_Mark2.PERIOD}
12:01:16    275 --> ...  [tcl] gui_set_radix -radix {twosComplement} -signals {Sim:Testbench_FPU_Mark2.PERIOD}
12:01:16    276 --> ...      [tcl] gui_set_radix -radix {decimal} -signals {Sim:Testbench_FPU_Mark2.EWR}
12:01:16    277 --> ...          [tcl] gui_set_radix -radix {twosComplement} -signals {Sim:Testbench_FPU_Mark2.EWR}
12:01:16    278 --> ...              [tcl] gui_set_radix -radix {decimal} -signals {Sim:Testbench_FPU_Mark2.ROUNDING_MODE_POS_INF}
12:01:16    279 --> ...                  [tcl] gui_set_radix -radix {unsigned} -signals {Sim:Testbench_FPU_Mark2.ROUNDING_MODE_POS_INF}
12:01:16    280 --> ...                      [tcl] gui_set_radix -radix {decimal} -signals {Sim:Testbench_FPU_Mark2.W}
12:01:16    281 --> ...                          [tcl] gui_set_radix -radix {twosComplement} -signals {Sim:Testbench_FPU_Mark2.W}
12:01:16    282 --> ...                              [tcl] gui_set_radix -radix {decimal} -signals {Sim:Testbench_FPU_Mark2.III}
12:01:16    283 --> ...                                  [tcl] gui_set_radix -radix {unsigned} -signals {Sim:Testbench_FPU_Mark2.III}
12:01:16    284 --> ...                                      [tcl] gui_set_radix -radix {decimal} -signals {Sim:Testbench_FPU_Mark2.FPMULT}
12:01:16    285 --> ...                                          [tcl] gui_set_radix -radix {unsigned} -signals {Sim:Testbench_FPU_Mark2.FPMULT}
12:01:16    286 --> ...                                              [tcl] gui_set_radix -radix {decimal} -signals {Sim:Testbench_FPU_Mark2.IoIV1}
12:01:16    287 --> ...                                                  [tcl] gui_set_radix -radix {unsigned} -signals {Sim:Testbench_FPU_Mark2.IoIV1}
12:01:16    288 --> ...                                                      [tcl] gui_set_radix -radix {decimal} -signals {Sim:Testbench_FPU_Mark2.IoIV2}
12:01:16    289 --> ...                                                          [tcl] gui_set_radix -radix {unsigned} -signals {Sim:Testbench_FPU_Mark2.IoIV2}
12:01:16    290 --> ...                                                              [tcl] gui_set_radix -radix {decimal} -signals {Sim:Testbench_FPU_Mark2.FPCOS}
12:01:16    291 --> ...                                                                  [tcl] gui_set_radix -radix {unsigned} -signals {Sim:Testbench_FPU_Mark2.FPCOS}
12:01:16    292 --> ...                                                                      [tcl] gui_set_radix -radix {decimal} -signals {Sim:Testbench_FPU_Mark2.FPADD}
12:01:16    293 --> ...                                                                          [tcl] gui_set_radix -radix {unsigned} -signals {Sim:Testbench_FPU_Mark2.FPADD}
12:01:16    294 --> ...                                                                              [tcl] gui_set_radix -radix {decimal} -signals {Sim:Testbench_FPU_Mark2.ROUNDING_MODE_TRUNCT}
12:01:16    295 --> ...                                                                                  [tcl] gui_set_radix -radix {unsigned} -signals {Sim:Testbench_FPU_Mark2.ROUNDING_MODE_TRUNCT}
12:01:16    296 --> ...                                                                                      [tcl] gui_set_radix -radix {decimal} -signals {Sim:Testbench_FPU_Mark2.ROUNDING_MODE_NEG_INF}
12:01:16    297 --> ...                                                                                          [tcl] gui_set_radix -radix {unsigned} -signals {Sim:Testbench_FPU_Mark2.ROUNDING_MODE_NEG_INF}
12:01:16    298 --> ...                                                                                              [tcl] # Global: Highlighting
12:01:16    299 --> ...                                                                                                  [tcl] # Global: Stack
12:01:16    300 --> ...  [tcl] gui_change_stack_mode -mode list
12:01:16    301 --> ...      [tcl] synopsys::xml {set_only_active_frame <data value="1" />}
12:01:16    302 --> ...          [tcl] # Post database loading setting...
12:01:16    303 --> ...              [tcl] # Save global setting...
12:01:16    304 --> ...                  [tcl] # Wave/List view global setting
12:01:16    305 --> ...                      [tcl] gui_cov_show_value -switch false
12:01:16    306 --> ...                          [tcl] # Close all empty TopLevel windows
12:01:16    307 --> ...                              [tcl] foreach __top [gui_ekki_get_window_ids -type TopLevel] {     if { [llength [gui_ekki_get_window_ids -parent $__top]] == 0} {         gui_close_window -window $__top     } }
12:01:16    308 --> ...                                  [tcl] gui_set_loading_session_type noSession
12:01:16    309 --> ...                                      [tcl] # DVE View/pane content session:
12:01:16    310 --> ...                                          [tcl] # Hier 'Hier.1'
12:01:16    311 --> ...                                              [tcl] gui_show_window -window ${Hier.1}
12:01:16    312 --> ...                                                  [tcl] gui_list_set_filter -id ${Hier.1} -list { {Package 1} {All 0} {Process 1} {VirtPowSwitch 0} {UnnamedProcess 1} {UDP 0} {Function 1} {Block 1} {SrsnAndSpaCell 0} {OVA Unit 1} {LeafScCell 1} {LeafVlgCell 1} {Interface 1} {LeafVhdCell 1} {$unit 1} {NamedBlock 1} {Task 1} {VlgPackage 1} {ClassDef 1} {VirtIsoCell 0} }
12:01:16    313 --> ...                                                      [tcl] gui_list_set_filter -id ${Hier.1} -text {*}
12:01:16    314 --> ...                                                          [tcl] gui_change_design -id ${Hier.1} -design Sim
12:01:16    315 --> ...                                                              [tcl] catch {gui_list_select -id ${Hier.1} {Testbench_FPU_Mark2}}
12:01:16    316 --> ...                                                                  [tcl] dveMisc::vbusExpand Testbench_FPU_Mark2
12:01:16    317 --> ...                                                                      [tcl] ucliGUI::getSignalValues -scope Testbench_FPU_Mark2 -radix {hexadecimal decimal symbolic symbolic hexadecimal hexadecimal decimal hexadecimal decimal binary decimal decimal binary symbolic binary decimal binary decimal hexadecimal hexadecimal decimal binary decimal decimal binary hexadecimal binary } -list {{Data_1[63:0]} EW {contador[31:0]} {FileSaveData_FLOAT[31:0]} {Data_2[63:0]} Array_IN_1 FPSEN Array_IN_2 II begin_operation SW FPSUB underflow_flag {FileSaveData[31:0]} ack_operation SWR operation_ready PERIOD {op_result[63:0]} {region_flag[1:0]} EWR NaN_flag ROUNDING_MODE_POS_INF W busy {operation[2:0]} clk }
12:01:17    318 --> ...                                                                          [tcl] gui_view_scroll -id ${Hier.1} -vertical -set 0
12:01:17    319 --> ...                                                                              [tcl] gui_view_scroll -id ${Hier.1} -horizontal -set 0
12:01:17    320 --> ...                                                                                  [tcl] # Data 'Data.1'
12:01:17    321 --> ...                                                                                      [tcl] gui_list_set_filter -id ${Data.1} -list { {Buffer 1} {Input 1} {Others 1} {Linkage 1} {Output 1} {LowPower 1} {Parameter 1} {All 1} {Aggregate 1} {LibBaseMember 1} {Event 1} {Assertion 1} {Constant 1} {Interface 1} {BaseMembers 1} {Signal 1} {$unit 1} {Inout 1} {Variable 1} }
12:01:17    322 --> ...                                                                                          [tcl] gui_list_set_filter -id ${Data.1} -text {*}
12:01:17    323 --> ...                                                                                              [tcl] gui_list_show_data -id ${Data.1} {Testbench_FPU_Mark2}
12:01:17    324 --> ...                                                                                                  [tcl] gui_view_scroll -id ${Data.1} -vertical -set 0
12:01:17    325 --> ...  [tcl] gui_view_scroll -id ${Data.1} -horizontal -set 0
12:01:17    326 --> ...      [tcl] gui_view_scroll -id ${Hier.1} -vertical -set 0
12:01:17    327 --> ...          [tcl] gui_view_scroll -id ${Hier.1} -horizontal -set 0
12:01:17    328 --> ...              [tcl] # View 'Wave.1'
12:01:17    329 --> ...                  [tcl] gui_wv_sync -id ${Wave.1} -switch false
12:01:17    330 --> ...                      [tcl] set groupExD [gui_get_pref_value -category Wave -key exclusiveSG]
12:01:17    331 --> ...                          [tcl] gui_set_pref_value -category Wave -key exclusiveSG -value {false}
12:01:17    332 --> ...                              [tcl] set origWaveHeight [gui_get_pref_value -category Wave -key waveRowHeight]
12:01:17    333 --> ...                                  [tcl] gui_list_set_height -id Wave -height 17
12:01:17    334 --> ...                                      [tcl] set origGroupCreationState [gui_list_create_group_when_add -wave]
12:01:17    335 --> ...                                          [tcl] gui_list_create_group_when_add -wave -disable
12:01:17    336 --> ...                                              [tcl] gui_wv_zoom_timerange -id ${Wave.1} 5151139911 5151140088
12:01:17    337 --> ...                                                  [tcl] gui_list_add_group -id ${Wave.1} -after {New Group} {Testbench_FPU_Mark2}
12:01:17    338 --> ...                                                      [tcl] gui_seek_criteria -id ${Wave.1} {Any Edge}
12:01:17    339 --> ...                                                          [tcl] gui_set_env TOGGLE::DEFAULT_WAVE_WINDOW ${Wave.1}
12:01:17    340 --> ...                                                              [tcl] gui_set_pref_value -category Wave -key exclusiveSG -value $groupExD
12:01:17    341 --> ...                                                                  [tcl] gui_list_set_height -id Wave -height $origWaveHeight
12:01:17    342 --> ...                                                                      [tcl] if {$origGroupCreationState} { 	gui_list_create_group_when_add -wave -enable }
12:01:17    343 --> ...                                                                          [tcl] if { $groupExD } {  gui_msg_report -code DVWW028 }
12:01:17    344 --> ...                                                                              [tcl] gui_list_set_filter -id ${Wave.1} -list { {Buffer 1} {Input 1} {Others 1} {Linkage 1} {Output 1} {Parameter 1} {All 1} {Aggregate 1} {LibBaseMember 1} {Event 1} {Assertion 1} {Constant 1} {Interface 1} {BaseMembers 1} {Signal 1} {$unit 1} {Inout 1} {Variable 1} }
12:01:17    345 --> ...                                                                                  [tcl] gui_list_set_filter -id ${Wave.1} -text {*}
12:01:17    346 --> ...                                                                                      [tcl] gui_list_set_insertion_bar  -id ${Wave.1} -group Testbench_FPU_Mark2  -position in
12:01:17    347 --> ...                                                                                          [tcl] gui_view_scroll -id ${Wave.1} -vertical -set 0
12:01:17    348 --> ...                                                                                              [tcl] gui_show_grid -id ${Wave.1} -enable false
12:01:17    349 --> ...                                                                                                  [tcl] # Source 'Source.1'
12:01:17    350 --> ...  [tcl] gui_src_value_annotate -id ${Source.1} -switch false
12:01:17    351 --> ...      [tcl] gui_set_env TOGGLE::VALUEANNOTATE 0
12:01:17    352 --> ...          [tcl] gui_open_source -id ${Source.1}  -replace -active WRecursiveKOA /home/local/ESTUDIANTES/jsequeira/Documents/Dise-o-ASIC-FPGA-FPU/ASIC_FLOW/ASIC_fpu/integracion_fisica/simulacion_logica_behavioral/DOUBLE/../../front_end/source/RecursiveKOA_Weighted.v
12:01:17    353 --> ...              [tcl] gui_src_value_annotate -id ${Source.1} -switch true
12:01:17    354 --> ...                  [tcl] ucliGUI::getSignalValues -scope WRecursiveKOA -radix {decimal binary binary binary hexadecimal hexadecimal hexadecimal hexadecimal hexadecimal hexadecimal hexadecimal hexadecimal hexadecimal hexadecimal hexadecimal decimal } -list {SW clk rst load_b_i {Data_A_i[23:0]} {Data_B_i[23:0]} {sgf_result_o[47:0]} {zero1[1:0]} {zero2[3:0]} {rightside1[11:0]} {rightside2[12:0]} {leftside1[9:0]} {leftside2[8:0]} {Result[50:0]} {sgf_r[47:0]} half }
12:01:17    355 --> ...                      [tcl] gui_set_env TOGGLE::VALUEANNOTATE 1
12:01:17    356 --> ...                          [tcl] gui_view_scroll -id ${Source.1} -vertical -set 675
12:01:17    357 --> ...                              [tcl] gui_src_set_reusable -id ${Source.1}
12:01:17    358 --> ...                                  [tcl] # Restore toplevel window zorder
12:01:17    359 --> ...                                      [tcl] # The toplevel window could be closed if it has no view/pane
12:01:17    360 --> ...                                          [tcl] if {[gui_exist_window -window ${TopLevel.1}]} { 	gui_set_active_window -window ${TopLevel.1} 	gui_set_active_window -window ${DLPane.1} }
12:01:17    361 --> ...                                              [tcl] #</Session>
12:01:18    362 --> ...                                                  [tcl] synopsys::run
12:01:18    363 --> ...                                                      [tcl] set ucliGUI::state
12:01:18    364 --> ...                                                          [tcl] set ucliGUI::state
12:01:18    365 --> ...                                                              [tcl] gui_update_simulator_buttons
12:01:21    366 --> ...                                                                  [tcl] set synopsys::env(time) 931675000
12:01:24    367 --> ...                                                                      [tcl] ucliCore::getToolPID
12:01:24    368 --> ...                                                                          [tcl] ucliCore::stopTool -no_signal
12:01:24    369 --> ...                                                                              [tcl] set ucliGUI::state
12:01:24    370 --> ...                                                                                  [tcl] set ucliGUI::state
12:01:24    371 --> ...                                                                                      [tcl] catch {senv activeDomain} dveMisc::result 
12:01:24    372 --> ...                                                                                          [tcl] set dveMisc::result
12:01:24    373 --> ...                                                                                              [tcl] gui_update_simulator_buttons
12:01:24    374 --> ...                                                                                                  [tcl] ucliGUI::getSignalValues -scope Testbench_FPU_Mark2 -radix {hexadecimal decimal symbolic symbolic hexadecimal hexadecimal decimal hexadecimal decimal binary decimal decimal binary symbolic binary decimal binary decimal hexadecimal hexadecimal decimal binary decimal decimal binary hexadecimal binary decimal } -list {{Data_1[63:0]} EW {contador[31:0]} {FileSaveData_FLOAT[31:0]} {Data_2[63:0]} Array_IN_1 FPSEN Array_IN_2 II begin_operation SW FPSUB underflow_flag {FileSaveData[31:0]} ack_operation SWR operation_ready PERIOD {op_result[63:0]} {region_flag[1:0]} EWR NaN_flag ROUNDING_MODE_POS_INF W busy {operation[2:0]} clk FPMULT }
12:01:26    375 --> ...  [tcl] # DVE Simulation Rebuild/Restart Options
12:01:26    376 --> ...      [tcl] # Saved on Mon Oct 31 12:00:05 2016
12:01:26    377 --> ...          [tcl] set SIMSETUP::REBUILDOPTION 0
12:01:26    378 --> ...              [tcl] set SIMSETUP::REBUILDCMD {}
12:01:26    379 --> ...                  [tcl] set SIMSETUP::REBUILDDIR {}
12:01:26    380 --> ...                      [tcl] set SIMSETUP::RESTOREBP 1
12:01:26    381 --> ...                          [tcl] set SIMSETUP::RESTOREDUMP 1
12:01:26    382 --> ...                              [tcl] set SIMSETUP::RESTOREFORCE 1
12:01:26    383 --> ...                                  [tcl] set SIMSETUP::RESTORESPECMAN 0
12:01:26    384 --> ...                                      [tcl] # DVE Simulation Rebuild/Restart Options
12:01:26    385 --> ...                                          [tcl] # Saved on Mon Oct 31 12:00:05 2016
12:01:26    386 --> ...                                              [tcl] set SIMSETUP::REBUILDOPTION 0
12:01:26    387 --> ...                                                  [tcl] set SIMSETUP::REBUILDCMD {}
12:01:26    388 --> ...                                                      [tcl] set SIMSETUP::REBUILDDIR {}
12:01:26    389 --> ...                                                          [tcl] set SIMSETUP::RESTOREBP 1
12:01:26    390 --> ...                                                              [tcl] set SIMSETUP::RESTOREDUMP 1
12:01:26    391 --> ...                                                                  [tcl] set SIMSETUP::RESTOREFORCE 1
12:01:26    392 --> ...                                                                      [tcl] set SIMSETUP::RESTORESPECMAN 0
12:01:27    393 --> ...                                                                          [tcl] # DVE Simulation Rebuild/Restart Options
12:01:27    394 --> ...                                                                              [tcl] # Saved on Mon Oct 31 12:01:27 2016
12:01:27    395 --> ...                                                                                  [tcl] set SIMSETUP::REBUILDOPTION 0
12:01:27    396 --> ...                                                                                      [tcl] set SIMSETUP::REBUILDCMD {}
12:01:27    397 --> ...                                                                                          [tcl] set SIMSETUP::REBUILDDIR {}
12:01:27    398 --> ...                                                                                              [tcl] set SIMSETUP::RESTOREBP 1
12:01:27    399 --> ...                                                                                                  [tcl] set SIMSETUP::RESTOREDUMP 1
12:01:27    400 --> ...  [tcl] set SIMSETUP::RESTOREFORCE 1
12:01:27    401 --> ...      [tcl] set SIMSETUP::RESTORESPECMAN 0
12:01:27    402 --> ...          [tcl] # DVE Simulation Rebuild/Restart Options
12:01:27    403 --> ...              [tcl] # Saved on Mon Oct 31 12:01:27 2016
12:01:27    404 --> ...                  [tcl] set SIMSETUP::REBUILDOPTION 0
12:01:27    405 --> ...                      [tcl] set SIMSETUP::REBUILDCMD {}
12:01:27    406 --> ...                          [tcl] set SIMSETUP::REBUILDDIR {}
12:01:27    407 --> ...                              [tcl] set SIMSETUP::RESTOREBP 1
12:01:27    408 --> ...                                  [tcl] set SIMSETUP::RESTOREDUMP 1
12:01:27    409 --> ...                                      [tcl] set SIMSETUP::RESTOREFORCE 1
12:01:27    410 --> ...                                          [tcl] set SIMSETUP::RESTORESPECMAN 0
12:01:27    411 --> ...                                              [tcl] synopsys::finish
12:01:27    412 --> ...                                                  [tcl] set ucliGUI::state
12:01:28    413 --> ...                                                      [tcl] set ucliGUI::state
12:01:28    414 --> ...                                                          [tcl] catch {senv activeDomain} dveMisc::result 
12:01:28    415 --> ...                                                              [tcl] set dveMisc::result
12:01:28    416 --> ...                                                                  [tcl] gui_update_simulator_buttons
12:01:28    417 --> ...                                                                      [tcl] # DVE Simulation Rebuild/Restart Options
12:01:28    418 --> ...                                                                          [tcl] # Saved on Mon Oct 31 12:01:27 2016
12:01:28    419 --> ...                                                                              [tcl] set SIMSETUP::REBUILDOPTION 0
12:01:28    420 --> ...                                                                                  [tcl] set SIMSETUP::REBUILDCMD {}
12:01:28    421 --> ...                                                                                      [tcl] set SIMSETUP::REBUILDDIR {}
12:01:28    422 --> ...                                                                                          [tcl] set SIMSETUP::RESTOREBP 1
12:01:28    423 --> ...                                                                                              [tcl] set SIMSETUP::RESTOREDUMP 1
12:01:28    424 --> ...                                                                                                  [tcl] set SIMSETUP::RESTOREFORCE 1
12:01:28    425 --> ...  [tcl] set SIMSETUP::RESTORESPECMAN 0
12:03:12    426 --> ...      [tcl] if [catch {gui_sim_terminate}] {gui_sim_terminate -kill}
12:03:13    427 --> ...          [tcl] ucli_exit
