set ucliGUI::state
set ucliGUI::state
ucliCore::getToolPID
synopsys::env hasTB
trigger_hier_stack_context_switch 0
synUtils::setDVEInitPhase 1
synopsys::dump -type VPD -file /home/local/ESTUDIANTES/jsequeira/Documents/Dise-o-ASIC-FPGA-FPU/ASIC_FLOW/ASIC_fpaddsub_arch2/integracion_fisica/simulacion_logica_behavioral/BARREL_SHIFTER/inter.vpd -locking
synopsys::dump -autoflush on -fid VPD0
set ::dve_fid VPD0
synUtils::setDVEInitPhase 0
ucliCore::getToolPID
synUtils::sendTool -active _icl_setToolSocket /tmp/smlnpiVWRUQ
synUtils::sendTool -active {_icl_start_rpc -version "K-2015.09-SP2-3_Full64" -sync_file /tmp/vcs_dve_rpc.jsequeira.3638}
synUtils::sendTool -active {_icl_createSharedMemory /tmp/vcs_dve_general.jsequeira.3638}
config endofsim noexit
config onfail enable all
config syscaddplainmembers
config syscaddsourcenames
config syscaddstructtypes
synopsys::listing -disable
uplevel #0 source /home/local/ESTUDIANTES/jsequeira/Documents/Dise-o-ASIC-FPGA-FPU/ASIC_FLOW/ASIC_fpaddsub_arch2/integracion_fisica/simulacion_logica_behavioral/BARREL_SHIFTER/session.inter.vpd.tcl
# Begin_DVE_Session_Save_Info
# DVE view(Wave.1 ) session
# Saved on Tue Oct 11 15:03:16 2016
# Toplevel windows open: 2
# 	TopLevel.1
# 	TopLevel.2
#   Wave.1: 12 signals
# End_DVE_Session_Save_Info
# DVE version: K-2015.09-SP2-3_Full64
# DVE build date: Jun 15 2016 22:18:13
#<Session mode="View" path="/home/local/ESTUDIANTES/jsequeira/Documents/Dise-o-ASIC-FPGA-FPU/ASIC_FLOW/ASIC_fpaddsub_arch2/integracion_fisica/simulacion_logica_behavioral/BARREL_SHIFTER/session.inter.vpd.tcl" type="Debug">
#<Database>
#</Database>
# DVE View/pane content session:
# Begin_DVE_Session_Save_Info (Wave.1)
# DVE wave signals session
# Saved on Tue Oct 11 15:03:16 2016
# 12 signals
# End_DVE_Session_Save_Info
# DVE version: K-2015.09-SP2-3_Full64
# DVE build date: Jun 15 2016 22:18:13
#Add ncecessay scopes
synopsys::dump -add {Testbench_Barrel_Shifter} -scope "." -depth 1 -fid VPD0
set _wave_session_group_1 Testbench_Barrel_Shifter
if {[gui_sg_is_group -name "$_wave_session_group_1"]} {     set _wave_session_group_1 [gui_sg_generate_new_name] }
set Group1 "$_wave_session_group_1"
ucliGUI::getSignalValues -scope Testbench_Barrel_Shifter -radix {symbolic } -list {{Contador_shiftvalue[31:0]} }
ucliGUI::getSignalValues -scope Testbench_Barrel_Shifter -radix {symbolic } -list {{Contador_shiftvalue[31:0]} }
ucliGUI::getSignalValues -scope Testbench_Barrel_Shifter -radix {binary } -list {{Shift_Data_i[25:0]} }
ucliGUI::getSignalValues -scope Testbench_Barrel_Shifter -radix {binary } -list {{Shift_Data_i[25:0]} }
ucliGUI::getSignalValues -scope Testbench_Barrel_Shifter -radix {binary } -list {{N_mant_o[25:0]} }
ucliGUI::getSignalValues -scope Testbench_Barrel_Shifter -radix {binary } -list {{N_mant_o[25:0]} }
if {![info exists useOldWindow]} {  	set useOldWindow true }
if {$useOldWindow && [string first "Wave" [gui_get_current_window -view]]==0} {  	set Wave.1 [gui_get_current_window -view]  } else { 	set Wave.1 [lindex [gui_get_window_ids -type Wave] 0] if {[string first "Wave" ${Wave.1}]!=0} { gui_open_window Wave set Wave.1 [ gui_get_current_window -view ] } }
set groupExD [gui_get_pref_value -category Wave -key exclusiveSG]
set origWaveHeight [gui_get_pref_value -category Wave -key waveRowHeight]
set origGroupCreationState [gui_list_create_group_when_add -wave]
if {$origGroupCreationState} { 	gui_list_create_group_when_add -wave -enable }
if { $groupExD } {  gui_msg_report -code DVWW028 }
#</Session>
synopsys::run
set ucliGUI::state
set ucliGUI::state
set ucliGUI::state
set ucliGUI::state
if [catch {gui_sim_terminate}] {gui_sim_terminate -kill}
synopsys::finish
set ucliGUI::state
set ucliGUI::state
ucli_exit
