# Preference setting overrides
gui_create_pref_key -category {Globals} -key {load_detail_for_funcov} -value_type {bool} -value {false}
gui_create_pref_category -category {schem_obj_name}
gui_create_pref_key -category {schem_obj_name} -key {show_cell_and_pin_with_symbol_name} -value_type {bool} -value {false}
gui_create_pref_key -category {schem_pin_hc} -key {textExtFont} -value_type {string} -value {Helvetica,10,-1,5,50,0,0,0,0,0}

# State setting overrides
gui_state_default_create -off -ini
gui_set_state_value -category Globals -key recent_databases -value {{gui_open_db -file /home/local/ESTUDIANTES/jsequeira/Documents/Dise-o-ASIC-FPGA-FPU/ASIC_FLOW/ASIC_fpaddsub_arch2/integracion_fisica/simulacion_logica_behavioral/SINGLE/inter.vpd -design V1}}
gui_set_state_value -category Globals -key recent_sessions -value {{gui_load_session -ignore_errors -file /home/local/ESTUDIANTES/jsequeira/Documents/Dise-o-ASIC-FPGA-FPU/ASIC_FLOW/ASIC_fpaddsub_arch2/integracion_fisica/simulacion_logica_behavioral/SINGLE/session.inter.vpd.tcl}}
gui_set_state_value -category Globals -key recent_tcl_scripts -value {{gui_dve_source -global /home/local/ESTUDIANTES/jsequeira/Documents/Dise-o-ASIC-FPGA-FPU/ASIC_FLOW/ASIC_fpaddsub_arch2/integracion_fisica/simulacion_logica_behavioral/SINGLE/session.inter.vpd.tcl}}
gui_set_state_value -category Layout -key child_console_size_x -value 1358
gui_set_state_value -category Layout -key child_console_size_y -value 165
gui_set_state_value -category Layout -key child_data_coltype -value 15
gui_set_state_value -category Layout -key child_data_colvalue -value 10
gui_set_state_value -category Layout -key child_data_colvariable -value 203
gui_set_state_value -category Layout -key child_data_docknewline -value false
gui_set_state_value -category Layout -key child_data_dockstate -value undocked
gui_set_state_value -category Layout -key child_data_size_x -value 364
gui_set_state_value -category Layout -key child_data_size_y -value 299
gui_set_state_value -category Layout -key child_hier_col3 -value {-1}
gui_set_state_value -category Layout -key child_hier_colhier -value 258
gui_set_state_value -category Layout -key child_hier_colpd -value 0
gui_set_state_value -category Layout -key child_hier_coltype -value 10
gui_set_state_value -category Layout -key child_hier_size_x -value 252
gui_set_state_value -category Layout -key child_hier_size_y -value 589
gui_set_state_value -category Layout -key child_schematic_docknewline -value false
gui_set_state_value -category Layout -key child_schematic_pos_x -value {-2}
gui_set_state_value -category Layout -key child_schematic_pos_y -value {-20}
gui_set_state_value -category Layout -key child_schematic_size_x -value 1364
gui_set_state_value -category Layout -key child_schematic_size_y -value 613
gui_set_state_value -category Layout -key child_source_docknewline -value false
gui_set_state_value -category Layout -key child_source_pos_x -value 2
gui_set_state_value -category Layout -key child_source_pos_y -value 2
gui_set_state_value -category Layout -key child_source_showstate -value normal
gui_set_state_value -category Layout -key child_source_size_x -value 734
gui_set_state_value -category Layout -key child_source_size_y -value 280
gui_set_state_value -category Layout -key child_wave_colname -value 194
gui_set_state_value -category Layout -key child_wave_colvalue -value 195
gui_set_state_value -category Layout -key child_wave_docknewline -value false
gui_set_state_value -category Layout -key child_wave_left -value 393
gui_set_state_value -category Layout -key child_wave_pos_x -value {-2}
gui_set_state_value -category Layout -key child_wave_pos_y -value {-20}
gui_set_state_value -category Layout -key child_wave_right -value 959
gui_set_state_value -category Layout -key child_wave_size_x -value 856
gui_set_state_value -category Layout -key child_wave_size_y -value 613
gui_set_state_value -category Layout -key main_pos_x -value 0
gui_set_state_value -category Layout -key main_pos_y -value 52
gui_set_state_value -category Layout -key main_size_x -value 1358
gui_set_state_value -category Layout -key main_size_y -value 767
gui_set_state_value -category Layout -key stand_wave_child_docknewline -value false
gui_set_state_value -category Layout -key stand_wave_child_pos_x -value {-2}
gui_set_state_value -category Layout -key stand_wave_child_pos_y -value {-20}
gui_set_state_value -category Layout -key stand_wave_child_size_x -value 1362
gui_set_state_value -category Layout -key stand_wave_child_size_y -value 556
gui_set_state_value -category Layout -key stand_wave_top_pos_x -value 0
gui_set_state_value -category Layout -key stand_wave_top_pos_y -value 80
gui_set_state_value -category Layout -key stand_wave_top_size_x -value 1357
gui_set_state_value -category Layout -key stand_wave_top_size_y -value 766
gui_create_state_key -category FindDialog -key m_pMatchCase -value_type bool -value false
gui_create_state_key -category FindDialog -key m_pMatchWord -value_type bool -value false
gui_create_state_key -category FindDialog -key m_pUseCombo -value_type string -value {}
gui_create_state_key -category FindDialog -key m_pWrapAround -value_type bool -value true
gui_create_state_key -category Widget_History -key {dlgSimSetup|m_setupTab|tab pages|SimTab|m_VPDCombo} -value_type string -value inter.vpd
gui_create_state_key -category Widget_History -key {dlgSimSetup|m_setupTab|tab pages|SimTab|m_curDirCombo} -value_type string -value /home/local/ESTUDIANTES/jsequeira/detector/integracion_fisica/simulacion_logica_sintesis
gui_create_state_key -category Widget_History -key {dlgSimSetup|m_setupTab|tab pages|SimTab|m_exeCombo} -value_type string -value simv
gui_state_default_create -off

# Begin command logging
gui_sim_run Ucli -exe simv -args {-ucligui  +v2k +lint=all -a log_name +define+SINGLE} -dir .
gui_list_select -id Hier.1 -current_item_name Testbench_Barrel_Shifter -current_item_type Scope  -selected  { Testbench_Barrel_Shifter   }
gui_dve_source -global /home/local/ESTUDIANTES/jsequeira/Documents/Dise-o-ASIC-FPGA-FPU/ASIC_FLOW/ASIC_fpaddsub_arch2/integracion_fisica/simulacion_logica_behavioral/BARREL_SHIFTER/session.inter.vpd.tcl
gui_sim_continue  
gui_view_port_history -window Wave.1 -previous
gui_marker_move -id  Wave.1 C1 610000
gui_marker_select -id  Wave.1 { C1 }
gui_marker_move -id  Wave.1 C1 620000
gui_marker_move -id  Wave.1 C1 620000
gui_marker_move -id  Wave.1 C1 610000
gui_close_window -window TopLevel.2
