15:26:42    16 -->                                                             [tcl] ucliGUI::connect -toolargs -ucligui -toolexe simv +v2k +lint=all -a log_name +define+SINGLE -pid 3638 -toolin /tmp/vcs_20161011212638_3637_jsequeira..stdin -toolout /tmp/vcs_20161011212638_3637_jsequeira..stdout  
15:26:42    17 -->                                                                 [tcl] set ucliGUI::state
15:26:42    18 -->                                                                     [tcl] set dveMisc::dve_log_file 1
15:26:42    19 -->                                                                         [tcl] gui_update_simulator_buttons
15:26:43    20 -->                                                                             [tcl] set ucliGUI::state
15:26:43    21 -->                                                                                 [tcl] ucliCore::getToolPID
15:26:43    22 -->                                                                                     [tcl] synopsys::env hasTB
15:26:43    23 -->                                                                                         [tcl] trigger_hier_stack_context_switch 0
15:26:43    24 -->                                                                                             [tcl] synUtils::setDVEInitPhase 1
15:26:43    25 --> ...  [tcl] gui_get_env SIMSETUP::SIMVPD
15:26:43    26 --> ...      [tcl] synopsys::dump -type VPD -file /home/local/ESTUDIANTES/jsequeira/Documents/Dise-o-ASIC-FPGA-FPU/ASIC_FLOW/ASIC_fpaddsub_arch2/integracion_fisica/simulacion_logica_behavioral/BARREL_SHIFTER/inter.vpd -locking
15:26:43    27 --> ...          [tcl] synopsys::dump -autoflush on -fid VPD0
15:26:43    28 --> ...              [tcl] set ::dve_fid VPD0
15:26:43    29 --> ...                  [tcl] synUtils::setDVEInitPhase 0
15:26:43    30 --> ...                      [tcl] ucliCore::getToolPID
15:26:43    31 --> ...                          [tcl] synUtils::sendTool -active _icl_setToolSocket /tmp/smlnpiVWRUQ
15:26:43    32 --> ...                              [tcl] synUtils::sendTool -active {_icl_start_rpc -version "K-2015.09-SP2-3_Full64" -sync_file /tmp/vcs_dve_rpc.jsequeira.3638}
15:26:43    33 --> ...                                  [tcl] synUtils::sendTool -active {_icl_createSharedMemory /tmp/vcs_dve_general.jsequeira.3638}
15:26:43    34 --> ...                                      [tcl] dveMisc::vbusExpand FPU_Add_Subtract_Function
15:26:43    35 --> ...                                          [tcl] config endofsim noexit
15:26:43    36 --> ...                                              [tcl] config onfail enable all
15:26:43    37 --> ...                                                  [tcl] config syscaddplainmembers
15:26:43    38 --> ...                                                      [tcl] config syscaddsourcenames
15:26:43    39 --> ...                                                          [tcl] config syscaddstructtypes
15:26:43    40 --> ...                                                              [tcl] synopsys::listing -disable
15:26:55    41 --> ...                                                                  [tcl] dveMisc::vbusExpand Testbench_Barrel_Shifter
15:27:03    42 --> ...                                                                      [tcl] uplevel #0 source /home/local/ESTUDIANTES/jsequeira/Documents/Dise-o-ASIC-FPGA-FPU/ASIC_FLOW/ASIC_fpaddsub_arch2/integracion_fisica/simulacion_logica_behavioral/BARREL_SHIFTER/session.inter.vpd.tcl
15:27:03    43 --> ...                                                                          [tcl] # Begin_DVE_Session_Save_Info
15:27:03    44 --> ...                                                                              [tcl] # DVE view(Wave.1 ) session
15:27:03    45 --> ...                                                                                  [tcl] # Saved on Tue Oct 11 15:03:16 2016
15:27:03    46 --> ...                                                                                      [tcl] # Toplevel windows open: 2
15:27:03    47 --> ...                                                                                          [tcl] # 	TopLevel.1
15:27:03    48 --> ...                                                                                              [tcl] # 	TopLevel.2
15:27:03    49 --> ...                                                                                                  [tcl] #   Wave.1: 12 signals
15:27:03    50 --> ...  [tcl] # End_DVE_Session_Save_Info
15:27:03    51 --> ...      [tcl] # DVE version: K-2015.09-SP2-3_Full64
15:27:03    52 --> ...          [tcl] # DVE build date: Jun 15 2016 22:18:13
15:27:03    53 --> ...              [tcl] #<Session mode="View" path="/home/local/ESTUDIANTES/jsequeira/Documents/Dise-o-ASIC-FPGA-FPU/ASIC_FLOW/ASIC_fpaddsub_arch2/integracion_fisica/simulacion_logica_behavioral/BARREL_SHIFTER/session.inter.vpd.tcl" type="Debug">
15:27:03    54 --> ...                  [tcl] #<Database>
15:27:03    55 --> ...                      [tcl] gui_set_time_units 1ps
15:27:03    56 --> ...                          [tcl] #</Database>
15:27:03    57 --> ...                              [tcl] # DVE View/pane content session:
15:27:03    58 --> ...                                  [tcl] # Begin_DVE_Session_Save_Info (Wave.1)
15:27:03    59 --> ...                                      [tcl] # DVE wave signals session
15:27:03    60 --> ...                                          [tcl] # Saved on Tue Oct 11 15:03:16 2016
15:27:03    61 --> ...                                              [tcl] # 12 signals
15:27:03    62 --> ...                                                  [tcl] # End_DVE_Session_Save_Info
15:27:03    63 --> ...                                                      [tcl] # DVE version: K-2015.09-SP2-3_Full64
15:27:03    64 --> ...                                                          [tcl] # DVE build date: Jun 15 2016 22:18:13
15:27:03    65 --> ...                                                              [tcl] #Add ncecessay scopes
15:27:03    66 --> ...                                                                  [tcl] gui_load_child_values {Testbench_Barrel_Shifter}
15:27:03    67 --> ...                                                                      [tcl] synopsys::dump -add {Testbench_Barrel_Shifter} -scope "." -depth 1 -fid VPD0
15:27:03    68 --> ...                                                                          [tcl] gui_set_time_units 1ps
15:27:03    69 --> ...                                                                              [tcl] set _wave_session_group_1 Testbench_Barrel_Shifter
15:27:03    70 --> ...                                                                                  [tcl] if {[gui_sg_is_group -name "$_wave_session_group_1"]} {     set _wave_session_group_1 [gui_sg_generate_new_name] }
15:27:03    71 --> ...                                                                                      [tcl] set Group1 "$_wave_session_group_1"
15:27:03    72 --> ...                                                                                          [tcl] gui_sg_addsignal -group "$_wave_session_group_1" { {Sim:Testbench_Barrel_Shifter.Contador_shiftvalue} {Sim:Testbench_Barrel_Shifter.load_i} {Sim:Testbench_Barrel_Shifter.Shift_Data_i} {Sim:Testbench_Barrel_Shifter.Shift_Value_i} {Sim:Testbench_Barrel_Shifter.SWR} {Sim:Testbench_Barrel_Shifter.PERIOD} {Sim:Testbench_Barrel_Shifter.Left_Right_i} {Sim:Testbench_Barrel_Shifter.EWR} {Sim:Testbench_Barrel_Shifter.clk} {Sim:Testbench_Barrel_Shifter.N_mant_o} {Sim:Testbench_Barrel_Shifter.rst} {Sim:Testbench_Barrel_Shifter.Bit_Shift_i} }
15:27:03    73 --> ...                                                                                              [tcl] gui_set_radix -radix {decimal} -signals {Sim:Testbench_Barrel_Shifter.Contador_shiftvalue}
15:27:03    74 --> ...                                                                                                  [tcl] ucliGUI::getSignalValues -scope Testbench_Barrel_Shifter -radix {symbolic } -list {{Contador_shiftvalue[31:0]} }
15:27:03    75 --> ...  [tcl] gui_set_radix -radix {twosComplement} -signals {Sim:Testbench_Barrel_Shifter.Contador_shiftvalue}
15:27:03    76 --> ...      [tcl] ucliGUI::getSignalValues -scope Testbench_Barrel_Shifter -radix {symbolic } -list {{Contador_shiftvalue[31:0]} }
15:27:03    77 --> ...          [tcl] gui_set_radix -radix {binary} -signals {Sim:Testbench_Barrel_Shifter.Shift_Data_i}
15:27:03    78 --> ...              [tcl] ucliGUI::getSignalValues -scope Testbench_Barrel_Shifter -radix {binary } -list {{Shift_Data_i[25:0]} }
15:27:03    79 --> ...                  [tcl] gui_set_radix -radix {unsigned} -signals {Sim:Testbench_Barrel_Shifter.Shift_Data_i}
15:27:03    80 --> ...                      [tcl] ucliGUI::getSignalValues -scope Testbench_Barrel_Shifter -radix {binary } -list {{Shift_Data_i[25:0]} }
15:27:03    81 --> ...                          [tcl] gui_set_radix -radix {decimal} -signals {Sim:Testbench_Barrel_Shifter.SWR}
15:27:03    82 --> ...                              [tcl] gui_set_radix -radix {twosComplement} -signals {Sim:Testbench_Barrel_Shifter.SWR}
15:27:03    83 --> ...                                  [tcl] gui_set_radix -radix {decimal} -signals {Sim:Testbench_Barrel_Shifter.PERIOD}
15:27:03    84 --> ...                                      [tcl] gui_set_radix -radix {twosComplement} -signals {Sim:Testbench_Barrel_Shifter.PERIOD}
15:27:03    85 --> ...                                          [tcl] gui_set_radix -radix {decimal} -signals {Sim:Testbench_Barrel_Shifter.EWR}
15:27:03    86 --> ...                                              [tcl] gui_set_radix -radix {twosComplement} -signals {Sim:Testbench_Barrel_Shifter.EWR}
15:27:03    87 --> ...                                                  [tcl] gui_set_radix -radix {binary} -signals {Sim:Testbench_Barrel_Shifter.N_mant_o}
15:27:03    88 --> ...                                                      [tcl] ucliGUI::getSignalValues -scope Testbench_Barrel_Shifter -radix {binary } -list {{N_mant_o[25:0]} }
15:27:03    89 --> ...                                                          [tcl] gui_set_radix -radix {unsigned} -signals {Sim:Testbench_Barrel_Shifter.N_mant_o}
15:27:03    90 --> ...                                                              [tcl] ucliGUI::getSignalValues -scope Testbench_Barrel_Shifter -radix {binary } -list {{N_mant_o[25:0]} }
15:27:03    91 --> ...                                                                  [tcl] if {![info exists useOldWindow]} {  	set useOldWindow true }
15:27:03    92 --> ...                                                                      [tcl] if {$useOldWindow && [string first "Wave" [gui_get_current_window -view]]==0} {  	set Wave.1 [gui_get_current_window -view]  } else { 	set Wave.1 [lindex [gui_get_window_ids -type Wave] 0] if {[string first "Wave" ${Wave.1}]!=0} { gui_open_window Wave set Wave.1 [ gui_get_current_window -view ] } }
15:27:03    93 --> ...                                                                          [tcl] set groupExD [gui_get_pref_value -category Wave -key exclusiveSG]
15:27:03    94 --> ...                                                                              [tcl] gui_set_pref_value -category Wave -key exclusiveSG -value {false}
15:27:03    95 --> ...                                                                                  [tcl] set origWaveHeight [gui_get_pref_value -category Wave -key waveRowHeight]
15:27:03    96 --> ...                                                                                      [tcl] gui_list_set_height -id Wave -height 25
15:27:03    97 --> ...                                                                                          [tcl] set origGroupCreationState [gui_list_create_group_when_add -wave]
15:27:03    98 --> ...                                                                                              [tcl] gui_list_create_group_when_add -wave -disable
15:27:03    99 --> ...                                                                                                  [tcl] gui_marker_set_ref -id ${Wave.1}  C1
15:27:03    100 --> ...  [tcl] gui_wv_zoom_timerange -id ${Wave.1} 0 1724859
15:27:03    101 --> ...      [tcl] gui_list_add_group -id ${Wave.1} -after {New Group} [list ${Group1}]
15:27:03    102 --> ...          [tcl] gui_list_select -id ${Wave.1} {Testbench_Barrel_Shifter.Shift_Value_i }
15:27:03    103 --> ...              [tcl] gui_seek_criteria -id ${Wave.1} {Any Edge}
15:27:03    104 --> ...                  [tcl] gui_set_pref_value -category Wave -key exclusiveSG -value $groupExD
15:27:03    105 --> ...                      [tcl] gui_list_set_height -id Wave -height $origWaveHeight
15:27:03    106 --> ...                          [tcl] if {$origGroupCreationState} { 	gui_list_create_group_when_add -wave -enable }
15:27:03    107 --> ...                              [tcl] if { $groupExD } {  gui_msg_report -code DVWW028 }
15:27:03    108 --> ...                                  [tcl] gui_list_set_filter -id ${Wave.1} -list { {Buffer 1} {Input 1} {Others 1} {Linkage 1} {Output 1} {Parameter 1} {All 1} {Aggregate 1} {LibBaseMember 1} {Event 1} {Assertion 1} {Constant 1} {Interface 1} {BaseMembers 1} {Signal 1} {$unit 1} {Inout 1} {Variable 1} }
15:27:03    109 --> ...                                      [tcl] gui_list_set_filter -id ${Wave.1} -text {*}
15:27:03    110 --> ...                                          [tcl] gui_list_set_insertion_bar  -id ${Wave.1} -group ${Group1}  -position in
15:27:03    111 --> ...                                              [tcl] gui_marker_move -id ${Wave.1} {C1} 144962
15:27:03    112 --> ...                                                  [tcl] gui_view_scroll -id ${Wave.1} -vertical -set 0
15:27:03    113 --> ...                                                      [tcl] gui_show_grid -id ${Wave.1} -enable false
15:27:03    114 --> ...                                                          [tcl] #</Session>
15:27:06    115 --> ...                                                              [tcl] synopsys::run
15:27:06    116 --> ...                                                                  [tcl] set ucliGUI::state
15:27:06    117 --> ...                                                                      [tcl] set ucliGUI::state
15:27:06    118 --> ...                                                                          [tcl] set ucliGUI::state
15:27:06    119 --> ...                                                                              [tcl] set ucliGUI::state
15:27:06    120 --> ...                                                                                  [tcl] catch {senv activeDomain} dveMisc::result 
15:27:06    121 --> ...                                                                                      [tcl] set dveMisc::result
15:27:06    122 --> ...                                                                                          [tcl] gui_update_simulator_buttons
15:31:15    123 --> ...                                                                                              [tcl] if [catch {gui_sim_terminate}] {gui_sim_terminate -kill}
15:31:15    124 --> ...                                                                                                  [tcl] synopsys::finish
15:31:15    125 --> ...  [tcl] set ucliGUI::state
15:31:15    126 --> ...      [tcl] set ucliGUI::state
15:31:15    127 --> ...          [tcl] catch {senv activeDomain} dveMisc::result 
15:31:15    128 --> ...              [tcl] set dveMisc::result
15:31:15    129 --> ...                  [tcl] gui_update_simulator_buttons
15:31:15    130 --> ...                      [tcl] catch {senv activeDomain} dveMisc::result 
15:31:15    131 --> ...                          [tcl] set dveMisc::result
15:31:15    132 --> ...                              [tcl] ucli_exit
