Chronologic VCS simulator copyright 1991-2015
Contains Synopsys proprietary information.
Compiler version K-2015.09-SP2-3_Full64; Runtime version K-2015.09-SP2-3_Full64;  Oct 11 15:26 2016
VCD+ Writer K-2015.09-SP2-3_Full64 Copyright (c) 1991-2015 by Synopsys Inc.
The file '/home/local/ESTUDIANTES/jsequeira/Documents/Dise-o-ASIC-FPGA-FPU/ASIC_FLOW/ASIC_fpaddsub_arch2/integracion_fisica/simulacion_logica_behavioral/BARREL_SHIFTER/inter.vpd' was opened successfully.
                   0TEO Salida = 10000101010011010100100100 Entrada = 10000101010011010100100100 Numero de Corrimiento:  0
                   0REA Salida = 00000000000000000000000000 Entrada = 10000101010011010100100100 Numero de Corrimiento:  0
                  40REA Salida = 00000000000000000000000000 Entrada = 10000101010011010100100100 Numero de Corrimiento:  1
                  50TEO Salida = 01000010101001101010010010 Entrada = 10000101010011010100100100 Numero de Corrimiento:  1
                  50REA Salida = 10000101010011010100100100 Entrada = 10000101010011010100100100 Numero de Corrimiento:  1
                  60TEO Salida = 01000010101001101010010010 Entrada = 10000101010011010100100100 Numero de Corrimiento:  1
                  60REA Salida = 01000010101001101010010010 Entrada = 10000101010011010100100100 Numero de Corrimiento:  1
                 120REA Salida = 01000010101001101010010010 Entrada = 10000101010011010100100100 Numero de Corrimiento:  2
                 200REA Salida = 01000010101001101010010010 Entrada = 10000101010011010100100100 Numero de Corrimiento:  3
                 220TEO Salida = 00010000101010011010100100 Entrada = 10000101010011010100100100 Numero de Corrimiento:  3
                 220REA Salida = 00100001010100110101001001 Entrada = 10000101010011010100100100 Numero de Corrimiento:  3
                 280REA Salida = 00100001010100110101001001 Entrada = 10000101010011010100100100 Numero de Corrimiento:  4
                 300TEO Salida = 00001000010101001101010010 Entrada = 10000101010011010100100100 Numero de Corrimiento:  4
                 300REA Salida = 01000010101001101010010010 Entrada = 10000101010011010100100100 Numero de Corrimiento:  4
                 360REA Salida = 01000010101001101010010010 Entrada = 10000101010011010100100100 Numero de Corrimiento:  5
                 380TEO Salida = 00000100001010100110101001 Entrada = 10000101010011010100100100 Numero de Corrimiento:  5
                 380REA Salida = 00100001010100110101001001 Entrada = 10000101010011010100100100 Numero de Corrimiento:  5
                 440REA Salida = 00100001010100110101001001 Entrada = 10000101010011010100100100 Numero de Corrimiento:  6
                 520REA Salida = 00100001010100110101001001 Entrada = 10000101010011010100100100 Numero de Corrimiento:  7
                 540TEO Salida = 00000001000010101001101010 Entrada = 10000101010011010100100100 Numero de Corrimiento:  7
                 540REA Salida = 00010000101010011010100100 Entrada = 10000101010011010100100100 Numero de Corrimiento:  7
                 600REA Salida = 00010000101010011010100100 Entrada = 10000101010011010100100100 Numero de Corrimiento:  8
                 610TEO Salida = 00000000100001010100110101 Entrada = 10000101010011010100100100 Numero de Corrimiento:  8
                 610REA Salida = 00001000010101001101010010 Entrada = 10000101010011010100100100 Numero de Corrimiento:  8
                 620TEO Salida = 00000000100001010100110101 Entrada = 10000101010011010100100100 Numero de Corrimiento:  8
                 620REA Salida = 01000010101001101010010010 Entrada = 10000101010011010100100100 Numero de Corrimiento:  8
                 680REA Salida = 01000010101001101010010010 Entrada = 10000101010011010100100100 Numero de Corrimiento:  9
                 700TEO Salida = 00000000010000101010011010 Entrada = 10000101010011010100100100 Numero de Corrimiento:  9
                 700REA Salida = 00100001010100110101001001 Entrada = 10000101010011010100100100 Numero de Corrimiento:  9
                 760REA Salida = 00100001010100110101001001 Entrada = 10000101010011010100100100 Numero de Corrimiento: 10
                 840REA Salida = 00100001010100110101001001 Entrada = 10000101010011010100100100 Numero de Corrimiento: 11
                 860TEO Salida = 00000000000100001010100110 Entrada = 10000101010011010100100100 Numero de Corrimiento: 11
                 860REA Salida = 00010000101010011010100100 Entrada = 10000101010011010100100100 Numero de Corrimiento: 11
                 920REA Salida = 00010000101010011010100100 Entrada = 10000101010011010100100100 Numero de Corrimiento: 12
                 940TEO Salida = 00000000000010000101010011 Entrada = 10000101010011010100100100 Numero de Corrimiento: 12
                 940REA Salida = 00100001010100110101001001 Entrada = 10000101010011010100100100 Numero de Corrimiento: 12
                1000REA Salida = 00100001010100110101001001 Entrada = 10000101010011010100100100 Numero de Corrimiento: 13
                1020TEO Salida = 00000000000001000010101001 Entrada = 10000101010011010100100100 Numero de Corrimiento: 13
                1020REA Salida = 00010000101010011010100100 Entrada = 10000101010011010100100100 Numero de Corrimiento: 13
                1080REA Salida = 00010000101010011010100100 Entrada = 10000101010011010100100100 Numero de Corrimiento: 14
                1160REA Salida = 00010000101010011010100100 Entrada = 10000101010011010100100100 Numero de Corrimiento: 15
                1180TEO Salida = 00000000000000010000101010 Entrada = 10000101010011010100100100 Numero de Corrimiento: 15
                1180REA Salida = 00001000010101001101010010 Entrada = 10000101010011010100100100 Numero de Corrimiento: 15
                1240REA Salida = 00001000010101001101010010 Entrada = 10000101010011010100100100 Numero de Corrimiento: 16
                1260TEO Salida = 00000000000000001000010101 Entrada = 10000101010011010100100100 Numero de Corrimiento: 16
                1260REA Salida = 01000010101001101010010010 Entrada = 10000101010011010100100100 Numero de Corrimiento: 16
                1320REA Salida = 01000010101001101010010010 Entrada = 10000101010011010100100100 Numero de Corrimiento: 17
                1340TEO Salida = 00000000000000000100001010 Entrada = 10000101010011010100100100 Numero de Corrimiento: 17
                1340REA Salida = 00100001010100110101001001 Entrada = 10000101010011010100100100 Numero de Corrimiento: 17
                1400REA Salida = 00100001010100110101001001 Entrada = 10000101010011010100100100 Numero de Corrimiento: 18
                1480REA Salida = 00100001010100110101001001 Entrada = 10000101010011010100100100 Numero de Corrimiento: 19
                1500TEO Salida = 00000000000000000001000010 Entrada = 10000101010011010100100100 Numero de Corrimiento: 19
                1500REA Salida = 00010000101010011010100100 Entrada = 10000101010011010100100100 Numero de Corrimiento: 19
                1560REA Salida = 00010000101010011010100100 Entrada = 10000101010011010100100100 Numero de Corrimiento: 20
                1580TEO Salida = 00000000000000000000100001 Entrada = 10000101010011010100100100 Numero de Corrimiento: 20
                1580REA Salida = 00100001010100110101001001 Entrada = 10000101010011010100100100 Numero de Corrimiento: 20
                1640REA Salida = 00100001010100110101001001 Entrada = 10000101010011010100100100 Numero de Corrimiento: 21
                1660TEO Salida = 00000000000000000000010000 Entrada = 10000101010011010100100100 Numero de Corrimiento: 21
                1660REA Salida = 00010000101010011010100100 Entrada = 10000101010011010100100100 Numero de Corrimiento: 21
                1720REA Salida = 00010000101010011010100100 Entrada = 10000101010011010100100100 Numero de Corrimiento: 22
                1800REA Salida = 00010000101010011010100100 Entrada = 10000101010011010100100100 Numero de Corrimiento: 23
                1820TEO Salida = 00000000000000000000000100 Entrada = 10000101010011010100100100 Numero de Corrimiento: 23
                1820REA Salida = 00001000010101001101010010 Entrada = 10000101010011010100100100 Numero de Corrimiento: 23
                1880REA Salida = 00001000010101001101010010 Entrada = 10000101010011010100100100 Numero de Corrimiento: 24
                1890TEO Salida = 00000000000000000000000010 Entrada = 10000101010011010100100100 Numero de Corrimiento: 24
                1890REA Salida = 00000100001010100110101001 Entrada = 10000101010011010100100100 Numero de Corrimiento: 24
                1900TEO Salida = 00000000000000000000000010 Entrada = 10000101010011010100100100 Numero de Corrimiento: 24
                1900REA Salida = 00100001010100110101001001 Entrada = 10000101010011010100100100 Numero de Corrimiento: 24
                1960REA Salida = 00100001010100110101001001 Entrada = 10000101010011010100100100 Numero de Corrimiento: 25
                1980TEO Salida = 00000000000000000000000001 Entrada = 10000101010011010100100100 Numero de Corrimiento: 25
                1980REA Salida = 00010000101010011010100100 Entrada = 10000101010011010100100100 Numero de Corrimiento: 25
                2040REA Salida = 00010000101010011010100100 Entrada = 10000101010011010100100100 Numero de Corrimiento: 26
                2120REA Salida = 00010000101010011010100100 Entrada = 10000101010011010100100100 Numero de Corrimiento: 27
                2140TEO Salida = 00000000000000000000000000 Entrada = 10000101010011010100100100 Numero de Corrimiento: 27
                2140REA Salida = 00001000010101001101010010 Entrada = 10000101010011010100100100 Numero de Corrimiento: 27
                2200REA Salida = 00001000010101001101010010 Entrada = 10000101010011010100100100 Numero de Corrimiento: 28
                2220TEO Salida = 00000000000000000000000000 Entrada = 10000101010011010100100100 Numero de Corrimiento: 28
                2220REA Salida = 00010000101010011010100100 Entrada = 10000101010011010100100100 Numero de Corrimiento: 28
                2280REA Salida = 00010000101010011010100100 Entrada = 10000101010011010100100100 Numero de Corrimiento: 29
                2300TEO Salida = 00000000000000000000000000 Entrada = 10000101010011010100100100 Numero de Corrimiento: 29
                2300REA Salida = 00001000010101001101010010 Entrada = 10000101010011010100100100 Numero de Corrimiento: 29
                2360REA Salida = 00001000010101001101010010 Entrada = 10000101010011010100100100 Numero de Corrimiento: 30
                2440REA Salida = 00001000010101001101010010 Entrada = 10000101010011010100100100 Numero de Corrimiento: 31
                2460TEO Salida = 00000000000000000000000000 Entrada = 10000101010011010100100100 Numero de Corrimiento: 31
                2460REA Salida = 00000100001010100110101001 Entrada = 10000101010011010100100100 Numero de Corrimiento: 31
                2520REA Salida = 00000100001010100110101001 Entrada = 10000101010011010100100100 Numero de Corrimiento:  0
                2530TEO Salida = 10000101010011010100100100 Entrada = 10000101010011010100100100 Numero de Corrimiento:  0
                2530REA Salida = 00010000101010011010100100 Entrada = 10000101010011010100100100 Numero de Corrimiento:  0
                2540TEO Salida = 10000101010011010100100100 Entrada = 10000101010011010100100100 Numero de Corrimiento:  0
                2540REA Salida = 10000101010011010100100100 Entrada = 10000101010011010100100100 Numero de Corrimiento:  0
                2600REA Salida = 10000101010011010100100100 Entrada = 10000101010011010100100100 Numero de Corrimiento:  1
                2620TEO Salida = 01000010101001101010010010 Entrada = 10000101010011010100100100 Numero de Corrimiento:  1
                2620REA Salida = 01000010101001101010010010 Entrada = 10000101010011010100100100 Numero de Corrimiento:  1
                2680REA Salida = 01000010101001101010010010 Entrada = 10000101010011010100100100 Numero de Corrimiento:  2
                2760REA Salida = 01000010101001101010010010 Entrada = 10000101010011010100100100 Numero de Corrimiento:  3
                2780TEO Salida = 00010000101010011010100100 Entrada = 10000101010011010100100100 Numero de Corrimiento:  3
                2780REA Salida = 00100001010100110101001001 Entrada = 10000101010011010100100100 Numero de Corrimiento:  3
                2840REA Salida = 00100001010100110101001001 Entrada = 10000101010011010100100100 Numero de Corrimiento:  4
                2860TEO Salida = 00001000010101001101010010 Entrada = 10000101010011010100100100 Numero de Corrimiento:  4
                2860REA Salida = 01000010101001101010010010 Entrada = 10000101010011010100100100 Numero de Corrimiento:  4
                2920REA Salida = 01000010101001101010010010 Entrada = 10000101010011010100100100 Numero de Corrimiento:  5
                2940TEO Salida = 00000100001010100110101001 Entrada = 10000101010011010100100100 Numero de Corrimiento:  5
                2940REA Salida = 00100001010100110101001001 Entrada = 10000101010011010100100100 Numero de Corrimiento:  5
                3000REA Salida = 00100001010100110101001001 Entrada = 10000101010011010100100100 Numero de Corrimiento:  6
                3080REA Salida = 00100001010100110101001001 Entrada = 10000101010011010100100100 Numero de Corrimiento:  7
                3100TEO Salida = 00000001000010101001101010 Entrada = 10000101010011010100100100 Numero de Corrimiento:  7
                3100REA Salida = 00010000101010011010100100 Entrada = 10000101010011010100100100 Numero de Corrimiento:  7
                3160REA Salida = 00010000101010011010100100 Entrada = 10000101010011010100100100 Numero de Corrimiento:  8
                3170TEO Salida = 00000000100001010100110101 Entrada = 10000101010011010100100100 Numero de Corrimiento:  8
                3170REA Salida = 00001000010101001101010010 Entrada = 10000101010011010100100100 Numero de Corrimiento:  8
                3180TEO Salida = 00000000100001010100110101 Entrada = 10000101010011010100100100 Numero de Corrimiento:  8
                3180REA Salida = 01000010101001101010010010 Entrada = 10000101010011010100100100 Numero de Corrimiento:  8
                3240REA Salida = 01000010101001101010010010 Entrada = 10000101010011010100100100 Numero de Corrimiento:  9
                3260TEO Salida = 00000000010000101010011010 Entrada = 10000101010011010100100100 Numero de Corrimiento:  9
                3260REA Salida = 00100001010100110101001001 Entrada = 10000101010011010100100100 Numero de Corrimiento:  9
                3320REA Salida = 00100001010100110101001001 Entrada = 10000101010011010100100100 Numero de Corrimiento: 10
                3400REA Salida = 00100001010100110101001001 Entrada = 10000101010011010100100100 Numero de Corrimiento: 11
                3420TEO Salida = 00000000000100001010100110 Entrada = 10000101010011010100100100 Numero de Corrimiento: 11
                3420REA Salida = 00010000101010011010100100 Entrada = 10000101010011010100100100 Numero de Corrimiento: 11
                3480REA Salida = 00010000101010011010100100 Entrada = 10000101010011010100100100 Numero de Corrimiento: 12
                3500TEO Salida = 00000000000010000101010011 Entrada = 10000101010011010100100100 Numero de Corrimiento: 12
                3500REA Salida = 00100001010100110101001001 Entrada = 10000101010011010100100100 Numero de Corrimiento: 12
                3560REA Salida = 00100001010100110101001001 Entrada = 10000101010011010100100100 Numero de Corrimiento: 13
                3580TEO Salida = 00000000000001000010101001 Entrada = 10000101010011010100100100 Numero de Corrimiento: 13
                3580REA Salida = 00010000101010011010100100 Entrada = 10000101010011010100100100 Numero de Corrimiento: 13
                3640REA Salida = 00010000101010011010100100 Entrada = 10000101010011010100100100 Numero de Corrimiento: 14
                3720REA Salida = 00010000101010011010100100 Entrada = 10000101010011010100100100 Numero de Corrimiento: 15
                3740TEO Salida = 00000000000000010000101010 Entrada = 10000101010011010100100100 Numero de Corrimiento: 15
                3740REA Salida = 00001000010101001101010010 Entrada = 10000101010011010100100100 Numero de Corrimiento: 15
                3800REA Salida = 00001000010101001101010010 Entrada = 10000101010011010100100100 Numero de Corrimiento: 16
                3820TEO Salida = 00000000000000001000010101 Entrada = 10000101010011010100100100 Numero de Corrimiento: 16
                3820REA Salida = 01000010101001101010010010 Entrada = 10000101010011010100100100 Numero de Corrimiento: 16
                3880REA Salida = 01000010101001101010010010 Entrada = 10000101010011010100100100 Numero de Corrimiento: 17
                3900TEO Salida = 00000000000000000100001010 Entrada = 10000101010011010100100100 Numero de Corrimiento: 17
                3900REA Salida = 00100001010100110101001001 Entrada = 10000101010011010100100100 Numero de Corrimiento: 17
                3960REA Salida = 00100001010100110101001001 Entrada = 10000101010011010100100100 Numero de Corrimiento: 18
                4040REA Salida = 00100001010100110101001001 Entrada = 10000101010011010100100100 Numero de Corrimiento: 19
                4060TEO Salida = 00000000000000000001000010 Entrada = 10000101010011010100100100 Numero de Corrimiento: 19
                4060REA Salida = 00010000101010011010100100 Entrada = 10000101010011010100100100 Numero de Corrimiento: 19
                4120REA Salida = 00010000101010011010100100 Entrada = 10000101010011010100100100 Numero de Corrimiento: 20
                4140TEO Salida = 00000000000000000000100001 Entrada = 10000101010011010100100100 Numero de Corrimiento: 20
                4140REA Salida = 00100001010100110101001001 Entrada = 10000101010011010100100100 Numero de Corrimiento: 20
                4200REA Salida = 00100001010100110101001001 Entrada = 10000101010011010100100100 Numero de Corrimiento: 21
                4220TEO Salida = 00000000000000000000010000 Entrada = 10000101010011010100100100 Numero de Corrimiento: 21
                4220REA Salida = 00010000101010011010100100 Entrada = 10000101010011010100100100 Numero de Corrimiento: 21
                4280REA Salida = 00010000101010011010100100 Entrada = 10000101010011010100100100 Numero de Corrimiento: 22
                4360REA Salida = 00010000101010011010100100 Entrada = 10000101010011010100100100 Numero de Corrimiento: 23
                4380TEO Salida = 00000000000000000000000100 Entrada = 10000101010011010100100100 Numero de Corrimiento: 23
                4380REA Salida = 00001000010101001101010010 Entrada = 10000101010011010100100100 Numero de Corrimiento: 23
                4440REA Salida = 00001000010101001101010010 Entrada = 10000101010011010100100100 Numero de Corrimiento: 24
                4450TEO Salida = 00000000000000000000000010 Entrada = 10000101010011010100100100 Numero de Corrimiento: 24
                4450REA Salida = 00000100001010100110101001 Entrada = 10000101010011010100100100 Numero de Corrimiento: 24
                4460TEO Salida = 00000000000000000000000010 Entrada = 10000101010011010100100100 Numero de Corrimiento: 24
                4460REA Salida = 00100001010100110101001001 Entrada = 10000101010011010100100100 Numero de Corrimiento: 24
                4520REA Salida = 00100001010100110101001001 Entrada = 10000101010011010100100100 Numero de Corrimiento: 25
                4540TEO Salida = 00000000000000000000000001 Entrada = 10000101010011010100100100 Numero de Corrimiento: 25
                4540REA Salida = 00010000101010011010100100 Entrada = 10000101010011010100100100 Numero de Corrimiento: 25
                4600REA Salida = 00010000101010011010100100 Entrada = 10000101010011010100100100 Numero de Corrimiento: 26
                4680REA Salida = 00010000101010011010100100 Entrada = 10000101010011010100100100 Numero de Corrimiento: 27
                4700TEO Salida = 00000000000000000000000000 Entrada = 10000101010011010100100100 Numero de Corrimiento: 27
                4700REA Salida = 00001000010101001101010010 Entrada = 10000101010011010100100100 Numero de Corrimiento: 27
                4760REA Salida = 00001000010101001101010010 Entrada = 10000101010011010100100100 Numero de Corrimiento: 28
                4780TEO Salida = 00000000000000000000000000 Entrada = 10000101010011010100100100 Numero de Corrimiento: 28
                4780REA Salida = 00010000101010011010100100 Entrada = 10000101010011010100100100 Numero de Corrimiento: 28
                4840REA Salida = 00010000101010011010100100 Entrada = 10000101010011010100100100 Numero de Corrimiento: 29
                4860TEO Salida = 00000000000000000000000000 Entrada = 10000101010011010100100100 Numero de Corrimiento: 29
                4860REA Salida = 00001000010101001101010010 Entrada = 10000101010011010100100100 Numero de Corrimiento: 29
                4920REA Salida = 00001000010101001101010010 Entrada = 10000101010011010100100100 Numero de Corrimiento: 30
                5000REA Salida = 00001000010101001101010010 Entrada = 10000101010011010100100100 Numero de Corrimiento: 31
                5020TEO Salida = 00000000000000000000000000 Entrada = 10000101010011010100100100 Numero de Corrimiento: 31
                5020REA Salida = 00000100001010100110101001 Entrada = 10000101010011010100100100 Numero de Corrimiento: 31
                5080REA Salida = 00000100001010100110101001 Entrada = 10000101010011010100100100 Numero de Corrimiento:  0
                5090TEO Salida = 10000101010011010100100100 Entrada = 10000101010011010100100100 Numero de Corrimiento:  0
                5090REA Salida = 00010000101010011010100100 Entrada = 10000101010011010100100100 Numero de Corrimiento:  0
                5100TEO Salida = 10000101010011010100100100 Entrada = 10000101010011010100100100 Numero de Corrimiento:  0
                5100REA Salida = 10000101010011010100100100 Entrada = 10000101010011010100100100 Numero de Corrimiento:  0
                5160REA Salida = 10000101010011010100100100 Entrada = 10000101010011010100100100 Numero de Corrimiento:  1
                5180TEO Salida = 01000010101001101010010010 Entrada = 10000101010011010100100100 Numero de Corrimiento:  1
                5180REA Salida = 01000010101001101010010010 Entrada = 10000101010011010100100100 Numero de Corrimiento:  1
                5240REA Salida = 01000010101001101010010010 Entrada = 10000101010011010100100100 Numero de Corrimiento:  2
                5320REA Salida = 01000010101001101010010010 Entrada = 10000101010011010100100100 Numero de Corrimiento:  3
                5340TEO Salida = 00010000101010011010100100 Entrada = 10000101010011010100100100 Numero de Corrimiento:  3
                5340REA Salida = 00100001010100110101001001 Entrada = 10000101010011010100100100 Numero de Corrimiento:  3
                5400REA Salida = 00100001010100110101001001 Entrada = 10000101010011010100100100 Numero de Corrimiento:  4
                5420TEO Salida = 00001000010101001101010010 Entrada = 10000101010011010100100100 Numero de Corrimiento:  4
                5420REA Salida = 01000010101001101010010010 Entrada = 10000101010011010100100100 Numero de Corrimiento:  4
                5480REA Salida = 01000010101001101010010010 Entrada = 10000101010011010100100100 Numero de Corrimiento:  5
                5500TEO Salida = 00000100001010100110101001 Entrada = 10000101010011010100100100 Numero de Corrimiento:  5
                5500REA Salida = 00100001010100110101001001 Entrada = 10000101010011010100100100 Numero de Corrimiento:  5
                5560REA Salida = 00100001010100110101001001 Entrada = 10000101010011010100100100 Numero de Corrimiento:  6
                5640REA Salida = 00100001010100110101001001 Entrada = 10000101010011010100100100 Numero de Corrimiento:  7
                5660TEO Salida = 00000001000010101001101010 Entrada = 10000101010011010100100100 Numero de Corrimiento:  7
                5660REA Salida = 00010000101010011010100100 Entrada = 10000101010011010100100100 Numero de Corrimiento:  7
                5720REA Salida = 00010000101010011010100100 Entrada = 10000101010011010100100100 Numero de Corrimiento:  8
                5730TEO Salida = 00000000100001010100110101 Entrada = 10000101010011010100100100 Numero de Corrimiento:  8
                5730REA Salida = 00001000010101001101010010 Entrada = 10000101010011010100100100 Numero de Corrimiento:  8
                5740TEO Salida = 00000000100001010100110101 Entrada = 10000101010011010100100100 Numero de Corrimiento:  8
                5740REA Salida = 01000010101001101010010010 Entrada = 10000101010011010100100100 Numero de Corrimiento:  8
                5800REA Salida = 01000010101001101010010010 Entrada = 10000101010011010100100100 Numero de Corrimiento:  9
                5820TEO Salida = 00000000010000101010011010 Entrada = 10000101010011010100100100 Numero de Corrimiento:  9
                5820REA Salida = 00100001010100110101001001 Entrada = 10000101010011010100100100 Numero de Corrimiento:  9
                5880REA Salida = 00100001010100110101001001 Entrada = 10000101010011010100100100 Numero de Corrimiento: 10
                5960REA Salida = 00100001010100110101001001 Entrada = 10000101010011010100100100 Numero de Corrimiento: 11
                5980TEO Salida = 00000000000100001010100110 Entrada = 10000101010011010100100100 Numero de Corrimiento: 11
                5980REA Salida = 00010000101010011010100100 Entrada = 10000101010011010100100100 Numero de Corrimiento: 11
                6040REA Salida = 00010000101010011010100100 Entrada = 10000101010011010100100100 Numero de Corrimiento: 12
                6060TEO Salida = 00000000000010000101010011 Entrada = 10000101010011010100100100 Numero de Corrimiento: 12
                6060REA Salida = 00100001010100110101001001 Entrada = 10000101010011010100100100 Numero de Corrimiento: 12
                6120REA Salida = 00100001010100110101001001 Entrada = 10000101010011010100100100 Numero de Corrimiento: 13
                6140TEO Salida = 00000000000001000010101001 Entrada = 10000101010011010100100100 Numero de Corrimiento: 13
                6140REA Salida = 00010000101010011010100100 Entrada = 10000101010011010100100100 Numero de Corrimiento: 13
                6200REA Salida = 00010000101010011010100100 Entrada = 10000101010011010100100100 Numero de Corrimiento: 14
                6280REA Salida = 00010000101010011010100100 Entrada = 10000101010011010100100100 Numero de Corrimiento: 15
                6300TEO Salida = 00000000000000010000101010 Entrada = 10000101010011010100100100 Numero de Corrimiento: 15
                6300REA Salida = 00001000010101001101010010 Entrada = 10000101010011010100100100 Numero de Corrimiento: 15
                6360REA Salida = 00001000010101001101010010 Entrada = 10000101010011010100100100 Numero de Corrimiento: 16
                6380TEO Salida = 00000000000000001000010101 Entrada = 10000101010011010100100100 Numero de Corrimiento: 16
                6380REA Salida = 01000010101001101010010010 Entrada = 10000101010011010100100100 Numero de Corrimiento: 16
                6440REA Salida = 01000010101001101010010010 Entrada = 10000101010011010100100100 Numero de Corrimiento: 17
                6460TEO Salida = 00000000000000000100001010 Entrada = 10000101010011010100100100 Numero de Corrimiento: 17
                6460REA Salida = 00100001010100110101001001 Entrada = 10000101010011010100100100 Numero de Corrimiento: 17
                6520REA Salida = 00100001010100110101001001 Entrada = 10000101010011010100100100 Numero de Corrimiento: 18
                6600REA Salida = 00100001010100110101001001 Entrada = 10000101010011010100100100 Numero de Corrimiento: 19
                6620TEO Salida = 00000000000000000001000010 Entrada = 10000101010011010100100100 Numero de Corrimiento: 19
                6620REA Salida = 00010000101010011010100100 Entrada = 10000101010011010100100100 Numero de Corrimiento: 19
                6680REA Salida = 00010000101010011010100100 Entrada = 10000101010011010100100100 Numero de Corrimiento: 20
                6700TEO Salida = 00000000000000000000100001 Entrada = 10000101010011010100100100 Numero de Corrimiento: 20
                6700REA Salida = 00100001010100110101001001 Entrada = 10000101010011010100100100 Numero de Corrimiento: 20
                6760REA Salida = 00100001010100110101001001 Entrada = 10000101010011010100100100 Numero de Corrimiento: 21
                6780TEO Salida = 00000000000000000000010000 Entrada = 10000101010011010100100100 Numero de Corrimiento: 21
                6780REA Salida = 00010000101010011010100100 Entrada = 10000101010011010100100100 Numero de Corrimiento: 21
                6840REA Salida = 00010000101010011010100100 Entrada = 10000101010011010100100100 Numero de Corrimiento: 22
                6920REA Salida = 00010000101010011010100100 Entrada = 10000101010011010100100100 Numero de Corrimiento: 23
                6940TEO Salida = 00000000000000000000000100 Entrada = 10000101010011010100100100 Numero de Corrimiento: 23
                6940REA Salida = 00001000010101001101010010 Entrada = 10000101010011010100100100 Numero de Corrimiento: 23
                7000REA Salida = 00001000010101001101010010 Entrada = 10000101010011010100100100 Numero de Corrimiento: 24
                7010TEO Salida = 00000000000000000000000010 Entrada = 10000101010011010100100100 Numero de Corrimiento: 24
                7010REA Salida = 00000100001010100110101001 Entrada = 10000101010011010100100100 Numero de Corrimiento: 24
                7020TEO Salida = 00000000000000000000000010 Entrada = 10000101010011010100100100 Numero de Corrimiento: 24
                7020REA Salida = 00100001010100110101001001 Entrada = 10000101010011010100100100 Numero de Corrimiento: 24
                7080REA Salida = 00100001010100110101001001 Entrada = 10000101010011010100100100 Numero de Corrimiento: 25
                7100TEO Salida = 00000000000000000000000001 Entrada = 10000101010011010100100100 Numero de Corrimiento: 25
                7100REA Salida = 00010000101010011010100100 Entrada = 10000101010011010100100100 Numero de Corrimiento: 25
                7160REA Salida = 00010000101010011010100100 Entrada = 10000101010011010100100100 Numero de Corrimiento: 26
                7240REA Salida = 00010000101010011010100100 Entrada = 10000101010011010100100100 Numero de Corrimiento: 27
                7260TEO Salida = 00000000000000000000000000 Entrada = 10000101010011010100100100 Numero de Corrimiento: 27
                7260REA Salida = 00001000010101001101010010 Entrada = 10000101010011010100100100 Numero de Corrimiento: 27
                7320REA Salida = 00001000010101001101010010 Entrada = 10000101010011010100100100 Numero de Corrimiento: 28
                7340TEO Salida = 00000000000000000000000000 Entrada = 10000101010011010100100100 Numero de Corrimiento: 28
                7340REA Salida = 00010000101010011010100100 Entrada = 10000101010011010100100100 Numero de Corrimiento: 28
                7400REA Salida = 00010000101010011010100100 Entrada = 10000101010011010100100100 Numero de Corrimiento: 29
                7420TEO Salida = 00000000000000000000000000 Entrada = 10000101010011010100100100 Numero de Corrimiento: 29
                7420REA Salida = 00001000010101001101010010 Entrada = 10000101010011010100100100 Numero de Corrimiento: 29
                7480REA Salida = 00001000010101001101010010 Entrada = 10000101010011010100100100 Numero de Corrimiento: 30
                7560REA Salida = 00001000010101001101010010 Entrada = 10000101010011010100100100 Numero de Corrimiento: 31
                7580TEO Salida = 00000000000000000000000000 Entrada = 10000101010011010100100100 Numero de Corrimiento: 31
                7580REA Salida = 00000100001010100110101001 Entrada = 10000101010011010100100100 Numero de Corrimiento: 31
                7640REA Salida = 00000100001010100110101001 Entrada = 10000101010011010100100100 Numero de Corrimiento:  0
                7650TEO Salida = 10000101010011010100100100 Entrada = 10000101010011010100100100 Numero de Corrimiento:  0
                7650REA Salida = 00010000101010011010100100 Entrada = 10000101010011010100100100 Numero de Corrimiento:  0
                7660TEO Salida = 10000101010011010100100100 Entrada = 10000101010011010100100100 Numero de Corrimiento:  0
                7660REA Salida = 10000101010011010100100100 Entrada = 10000101010011010100100100 Numero de Corrimiento:  0
                7720REA Salida = 10000101010011010100100100 Entrada = 10000101010011010100100100 Numero de Corrimiento:  1
                7740TEO Salida = 01000010101001101010010010 Entrada = 10000101010011010100100100 Numero de Corrimiento:  1
                7740REA Salida = 01000010101001101010010010 Entrada = 10000101010011010100100100 Numero de Corrimiento:  1
                7800REA Salida = 01000010101001101010010010 Entrada = 10000101010011010100100100 Numero de Corrimiento:  2
                7880REA Salida = 01000010101001101010010010 Entrada = 10000101010011010100100100 Numero de Corrimiento:  3
                7900TEO Salida = 00010000101010011010100100 Entrada = 10000101010011010100100100 Numero de Corrimiento:  3
                7900REA Salida = 00100001010100110101001001 Entrada = 10000101010011010100100100 Numero de Corrimiento:  3
                7960REA Salida = 00100001010100110101001001 Entrada = 10000101010011010100100100 Numero de Corrimiento:  4
                7980TEO Salida = 00001000010101001101010010 Entrada = 10000101010011010100100100 Numero de Corrimiento:  4
                7980REA Salida = 01000010101001101010010010 Entrada = 10000101010011010100100100 Numero de Corrimiento:  4
                8040REA Salida = 01000010101001101010010010 Entrada = 10000101010011010100100100 Numero de Corrimiento:  5
                8060TEO Salida = 00000100001010100110101001 Entrada = 10000101010011010100100100 Numero de Corrimiento:  5
                8060REA Salida = 00100001010100110101001001 Entrada = 10000101010011010100100100 Numero de Corrimiento:  5
                8120REA Salida = 00100001010100110101001001 Entrada = 10000101010011010100100100 Numero de Corrimiento:  6
                8200REA Salida = 00100001010100110101001001 Entrada = 10000101010011010100100100 Numero de Corrimiento:  7
                8220TEO Salida = 00000001000010101001101010 Entrada = 10000101010011010100100100 Numero de Corrimiento:  7
                8220REA Salida = 00010000101010011010100100 Entrada = 10000101010011010100100100 Numero de Corrimiento:  7
                8280REA Salida = 00010000101010011010100100 Entrada = 10000101010011010100100100 Numero de Corrimiento:  8
                8290TEO Salida = 00000000100001010100110101 Entrada = 10000101010011010100100100 Numero de Corrimiento:  8
                8290REA Salida = 00001000010101001101010010 Entrada = 10000101010011010100100100 Numero de Corrimiento:  8
                8300TEO Salida = 00000000100001010100110101 Entrada = 10000101010011010100100100 Numero de Corrimiento:  8
                8300REA Salida = 01000010101001101010010010 Entrada = 10000101010011010100100100 Numero de Corrimiento:  8
                8360REA Salida = 01000010101001101010010010 Entrada = 10000101010011010100100100 Numero de Corrimiento:  9
                8380TEO Salida = 00000000010000101010011010 Entrada = 10000101010011010100100100 Numero de Corrimiento:  9
                8380REA Salida = 00100001010100110101001001 Entrada = 10000101010011010100100100 Numero de Corrimiento:  9
                8440REA Salida = 00100001010100110101001001 Entrada = 10000101010011010100100100 Numero de Corrimiento: 10
                8520REA Salida = 00100001010100110101001001 Entrada = 10000101010011010100100100 Numero de Corrimiento: 11
                8540TEO Salida = 00000000000100001010100110 Entrada = 10000101010011010100100100 Numero de Corrimiento: 11
                8540REA Salida = 00010000101010011010100100 Entrada = 10000101010011010100100100 Numero de Corrimiento: 11
                8600REA Salida = 00010000101010011010100100 Entrada = 10000101010011010100100100 Numero de Corrimiento: 12
                8620TEO Salida = 00000000000010000101010011 Entrada = 10000101010011010100100100 Numero de Corrimiento: 12
                8620REA Salida = 00100001010100110101001001 Entrada = 10000101010011010100100100 Numero de Corrimiento: 12
                8680REA Salida = 00100001010100110101001001 Entrada = 10000101010011010100100100 Numero de Corrimiento: 13
                8700TEO Salida = 00000000000001000010101001 Entrada = 10000101010011010100100100 Numero de Corrimiento: 13
                8700REA Salida = 00010000101010011010100100 Entrada = 10000101010011010100100100 Numero de Corrimiento: 13
                8760REA Salida = 00010000101010011010100100 Entrada = 10000101010011010100100100 Numero de Corrimiento: 14
                8840REA Salida = 00010000101010011010100100 Entrada = 10000101010011010100100100 Numero de Corrimiento: 15
                8860TEO Salida = 00000000000000010000101010 Entrada = 10000101010011010100100100 Numero de Corrimiento: 15
                8860REA Salida = 00001000010101001101010010 Entrada = 10000101010011010100100100 Numero de Corrimiento: 15
                8920REA Salida = 00001000010101001101010010 Entrada = 10000101010011010100100100 Numero de Corrimiento: 16
                8940TEO Salida = 00000000000000001000010101 Entrada = 10000101010011010100100100 Numero de Corrimiento: 16
                8940REA Salida = 01000010101001101010010010 Entrada = 10000101010011010100100100 Numero de Corrimiento: 16
                9000REA Salida = 01000010101001101010010010 Entrada = 10000101010011010100100100 Numero de Corrimiento: 17
                9020TEO Salida = 00000000000000000100001010 Entrada = 10000101010011010100100100 Numero de Corrimiento: 17
                9020REA Salida = 00100001010100110101001001 Entrada = 10000101010011010100100100 Numero de Corrimiento: 17
                9080REA Salida = 00100001010100110101001001 Entrada = 10000101010011010100100100 Numero de Corrimiento: 18
                9160REA Salida = 00100001010100110101001001 Entrada = 10000101010011010100100100 Numero de Corrimiento: 19
                9180TEO Salida = 00000000000000000001000010 Entrada = 10000101010011010100100100 Numero de Corrimiento: 19
                9180REA Salida = 00010000101010011010100100 Entrada = 10000101010011010100100100 Numero de Corrimiento: 19
                9240REA Salida = 00010000101010011010100100 Entrada = 10000101010011010100100100 Numero de Corrimiento: 20
                9260TEO Salida = 00000000000000000000100001 Entrada = 10000101010011010100100100 Numero de Corrimiento: 20
                9260REA Salida = 00100001010100110101001001 Entrada = 10000101010011010100100100 Numero de Corrimiento: 20
                9320REA Salida = 00100001010100110101001001 Entrada = 10000101010011010100100100 Numero de Corrimiento: 21
                9340TEO Salida = 00000000000000000000010000 Entrada = 10000101010011010100100100 Numero de Corrimiento: 21
                9340REA Salida = 00010000101010011010100100 Entrada = 10000101010011010100100100 Numero de Corrimiento: 21
                9400REA Salida = 00010000101010011010100100 Entrada = 10000101010011010100100100 Numero de Corrimiento: 22
                9480REA Salida = 00010000101010011010100100 Entrada = 10000101010011010100100100 Numero de Corrimiento: 23
                9500TEO Salida = 00000000000000000000000100 Entrada = 10000101010011010100100100 Numero de Corrimiento: 23
                9500REA Salida = 00001000010101001101010010 Entrada = 10000101010011010100100100 Numero de Corrimiento: 23
                9560REA Salida = 00001000010101001101010010 Entrada = 10000101010011010100100100 Numero de Corrimiento: 24
                9570TEO Salida = 00000000000000000000000010 Entrada = 10000101010011010100100100 Numero de Corrimiento: 24
                9570REA Salida = 00000100001010100110101001 Entrada = 10000101010011010100100100 Numero de Corrimiento: 24
                9580TEO Salida = 00000000000000000000000010 Entrada = 10000101010011010100100100 Numero de Corrimiento: 24
                9580REA Salida = 00100001010100110101001001 Entrada = 10000101010011010100100100 Numero de Corrimiento: 24
                9640REA Salida = 00100001010100110101001001 Entrada = 10000101010011010100100100 Numero de Corrimiento: 25
                9660TEO Salida = 00000000000000000000000001 Entrada = 10000101010011010100100100 Numero de Corrimiento: 25
                9660REA Salida = 00010000101010011010100100 Entrada = 10000101010011010100100100 Numero de Corrimiento: 25
                9720REA Salida = 00010000101010011010100100 Entrada = 10000101010011010100100100 Numero de Corrimiento: 26
                9800REA Salida = 00010000101010011010100100 Entrada = 10000101010011010100100100 Numero de Corrimiento: 27
                9820TEO Salida = 00000000000000000000000000 Entrada = 10000101010011010100100100 Numero de Corrimiento: 27
                9820REA Salida = 00001000010101001101010010 Entrada = 10000101010011010100100100 Numero de Corrimiento: 27
                9880REA Salida = 00001000010101001101010010 Entrada = 10000101010011010100100100 Numero de Corrimiento: 28
                9900TEO Salida = 00000000000000000000000000 Entrada = 10000101010011010100100100 Numero de Corrimiento: 28
                9900REA Salida = 00010000101010011010100100 Entrada = 10000101010011010100100100 Numero de Corrimiento: 28
                9960REA Salida = 00010000101010011010100100 Entrada = 10000101010011010100100100 Numero de Corrimiento: 29
                9980TEO Salida = 00000000000000000000000000 Entrada = 10000101010011010100100100 Numero de Corrimiento: 29
                9980REA Salida = 00001000010101001101010010 Entrada = 10000101010011010100100100 Numero de Corrimiento: 29
               10040REA Salida = 00001000010101001101010010 Entrada = 10000101010011010100100100 Numero de Corrimiento: 30
               10120REA Salida = 00001000010101001101010010 Entrada = 10000101010011010100100100 Numero de Corrimiento: 31
               10140TEO Salida = 00000000000000000000000000 Entrada = 10000101010011010100100100 Numero de Corrimiento: 31
               10140REA Salida = 00000100001010100110101001 Entrada = 10000101010011010100100100 Numero de Corrimiento: 31
               10200REA Salida = 00000100001010100110101001 Entrada = 10000101010011010100100100 Numero de Corrimiento:  0
               10210TEO Salida = 10000101010011010100100100 Entrada = 10000101010011010100100100 Numero de Corrimiento:  0
               10210REA Salida = 00010000101010011010100100 Entrada = 10000101010011010100100100 Numero de Corrimiento:  0
               10220TEO Salida = 10000101010011010100100100 Entrada = 10000101010011010100100100 Numero de Corrimiento:  0
               10220REA Salida = 10000101010011010100100100 Entrada = 10000101010011010100100100 Numero de Corrimiento:  0
$finish called from file "Testbench_Barrel_Shifter.v", line 83.
$finish at simulation time             10240000
Simulation complete, time is 10240000 ps.
           V C S   S i m u l a t i o n   R e p o r t 
Time: 10240000 ps
CPU Time:      0.220 seconds;       Data structure size:   0.1Mb
Tue Oct 11 15:31:15 2016
