16:43:45    268 --> ...                                                                          [tcl] ucliGUI::start /home/local/ESTUDIANTES/jsequeira/Documents/Dise-o-ASIC-FPGA-FPU/ASIC_FLOW/KOA_FRANCIS/integracion_fisica/simulacion_logica_behavioral/SINGLE/simv  +v2k +lint=all -a log_name +define+SINGLE +neg_tchk +sdfverbose -ucligui
16:43:45    269 --> ...                                                                              [tcl] set ucliGUI::state
16:43:46    270 --> ...                                                                                  [tcl] gui_update_simulator_buttons
16:43:47    271 --> ...                                                                                      [tcl] set ucliGUI::state
16:43:47    272 --> ...                                                                                          [tcl] ucliCore::getToolPID
16:43:47    273 --> ...                                                                                              [tcl] synopsys::env hasTB
16:43:47    274 --> ...                                                                                                  [tcl] trigger_hier_stack_context_switch 0
16:43:47    275 --> ...  [tcl] synUtils::setDVEInitPhase 1
16:43:47    276 --> ...      [tcl] gui_get_env SIMSETUP::SIMVPD
16:43:47    277 --> ...          [tcl] synopsys::dump -type VPD -file /home/local/ESTUDIANTES/jsequeira/Documents/Dise-o-ASIC-FPGA-FPU/ASIC_FLOW/KOA_FRANCIS/integracion_fisica/simulacion_logica_behavioral/SINGLE/inter.vpd -locking
16:43:47    278 --> ...              [tcl] synopsys::dump -autoflush on -fid VPD1
16:43:47    279 --> ...                  [tcl] set ::dve_fid VPD1
16:43:47    280 --> ...                      [tcl] synUtils::setDVEInitPhase 0
16:43:47    281 --> ...                          [tcl] ucliCore::getToolPID
16:43:47    282 --> ...                              [tcl] synUtils::sendTool -active _icl_setToolSocket /tmp/smlnpOoca4w
16:43:47    283 --> ...                                  [tcl] synUtils::sendTool -active {_icl_start_rpc -version "K-2015.09-SP2-3_Full64" -sync_file /tmp/vcs_dve_rpc.jsequeira.6487}
16:43:47    284 --> ...                                      [tcl] synUtils::sendTool -active {_icl_createSharedMemory /tmp/vcs_dve_general.jsequeira.6487}
16:43:47    285 --> ...                                          [tcl] config endofsim noexit
16:43:47    286 --> ...                                              [tcl] config onfail enable all
16:43:47    287 --> ...                                                  [tcl] config syscaddplainmembers
16:43:47    288 --> ...                                                      [tcl] config syscaddsourcenames
16:43:47    289 --> ...                                                          [tcl] config syscaddstructtypes
16:43:47    290 --> ...                                                              [tcl] synopsys::listing -disable
16:43:47    291 --> ...                                                                  [tcl] if { ![gui_sim_state -check active] } {error "Simulator did not start correctly" error}
16:43:47    292 --> ...                                                                      [tcl] gui_set_precision 1ps
16:43:47    293 --> ...                                                                          [tcl] gui_set_time_units 1ps
16:43:47    294 --> ...                                                                              [tcl] #</Database>
16:43:47    295 --> ...                                                                                  [tcl] # DVE Global setting session:
16:43:47    296 --> ...                                                                                      [tcl] # Global: Breakpoints
16:43:47    297 --> ...                                                                                          [tcl] # Global: Bus
16:43:47    298 --> ...                                                                                              [tcl] # Global: Expressions
16:43:47    299 --> ...                                                                                                  [tcl] # Global: Signal Time Shift
16:43:47    300 --> ...  [tcl] # Global: Signal Compare
16:43:47    301 --> ...      [tcl] # Global: Signal Groups
16:43:47    302 --> ...          [tcl] gui_load_child_values {tb_multiplier}
16:43:47    303 --> ...              [tcl] synopsys::dump -add {tb_multiplier} -scope "." -depth 1 -fid VPD1
16:43:47    304 --> ...                  [tcl] set _session_group_2 tb_multiplier
16:43:47    305 --> ...                      [tcl] gui_sg_create "$_session_group_2"
16:43:47    306 --> ...                          [tcl] set tb_multiplier "$_session_group_2"
16:43:47    307 --> ...                              [tcl] gui_sg_addsignal -group "$_session_group_2" { tb_multiplier.SW tb_multiplier.a tb_multiplier.b tb_multiplier.i tb_multiplier.FKOARES tb_multiplier.clk tb_multiplier.cycles }
16:43:47    308 --> ...                                  [tcl] gui_set_radix -radix {decimal} -signals {Sim:tb_multiplier.SW}
16:43:47    309 --> ...                                      [tcl] gui_set_radix -radix {twosComplement} -signals {Sim:tb_multiplier.SW}
16:43:47    310 --> ...                                          [tcl] gui_set_radix -radix {decimal} -signals {Sim:tb_multiplier.i}
16:43:47    311 --> ...                                              [tcl] gui_set_radix -radix {twosComplement} -signals {Sim:tb_multiplier.i}
16:43:47    312 --> ...                                                  [tcl] gui_set_radix -radix {decimal} -signals {Sim:tb_multiplier.cycles}
16:43:47    313 --> ...                                                      [tcl] gui_set_radix -radix {twosComplement} -signals {Sim:tb_multiplier.cycles}
16:43:47    314 --> ...                                                          [tcl] # Global: Highlighting
16:43:47    315 --> ...                                                              [tcl] # Global: Stack
16:43:47    316 --> ...                                                                  [tcl] gui_change_stack_mode -mode list
16:43:47    317 --> ...                                                                      [tcl] synopsys::xml {set_only_active_frame <data value="1" />}
16:43:47    318 --> ...                                                                          [tcl] # Post database loading setting...
16:43:47    319 --> ...                                                                              [tcl] # Restore C1 time
16:43:47    320 --> ...                                                                                  [tcl] gui_set_time -C1_only 12127205
16:43:47    321 --> ...                                                                                      [tcl] # Save global setting...
16:43:47    322 --> ...                                                                                          [tcl] # Wave/List view global setting
16:43:47    323 --> ...                                                                                              [tcl] gui_cov_show_value -switch false
16:43:47    324 --> ...                                                                                                  [tcl] # Close all empty TopLevel windows
16:43:47    325 --> ...  [tcl] foreach __top [gui_ekki_get_window_ids -type TopLevel] {     if { [llength [gui_ekki_get_window_ids -parent $__top]] == 0} {         gui_close_window -window $__top     } }
16:43:47    326 --> ...      [tcl] gui_set_loading_session_type noSession
16:43:47    327 --> ...          [tcl] # DVE View/pane content session:
16:43:47    328 --> ...              [tcl] # Hier 'Hier.1'
16:43:47    329 --> ...                  [tcl] gui_show_window -window ${Hier.1}
16:43:47    330 --> ...                      [tcl] gui_list_set_filter -id ${Hier.1} -list { {Package 1} {All 0} {Process 1} {VirtPowSwitch 0} {UnnamedProcess 1} {UDP 0} {Function 1} {Block 1} {SrsnAndSpaCell 0} {OVA Unit 1} {LeafScCell 1} {LeafVlgCell 1} {Interface 1} {LeafVhdCell 1} {$unit 1} {NamedBlock 1} {Task 1} {VlgPackage 1} {ClassDef 1} {VirtIsoCell 0} }
16:43:47    331 --> ...                          [tcl] gui_list_set_filter -id ${Hier.1} -text {*}
16:43:47    332 --> ...                              [tcl] gui_hier_list_init -id ${Hier.1}
16:43:47    333 --> ...                                  [tcl] gui_change_design -id ${Hier.1} -design Sim
16:43:47    334 --> ...                                      [tcl] catch {gui_list_expand -id ${Hier.1} tb_multiplier}
16:43:47    335 --> ...                                          [tcl] catch {gui_list_select -id ${Hier.1} {tb_multiplier.inst_Sgf_Multiplication}}
16:43:47    336 --> ...                                              [tcl] dveMisc::vbusExpand tb_multiplier.inst_Sgf_Multiplication
16:43:47    337 --> ...                                                  [tcl] synopsys::dump -add {tb_multiplier.inst_Sgf_Multiplication} -scope "." -depth 1 -fid VPD1
16:43:47    338 --> ...                                                      [tcl] gui_view_scroll -id ${Hier.1} -vertical -set 0
16:43:47    339 --> ...                                                          [tcl] gui_view_scroll -id ${Hier.1} -horizontal -set 0
16:43:47    340 --> ...                                                              [tcl] # Data 'Data.1'
16:43:47    341 --> ...                                                                  [tcl] gui_list_set_filter -id ${Data.1} -list { {Buffer 1} {Input 1} {Others 1} {Linkage 1} {Output 1} {LowPower 1} {Parameter 1} {All 1} {Aggregate 1} {LibBaseMember 1} {Event 1} {Assertion 1} {Constant 1} {Interface 1} {BaseMembers 1} {Signal 1} {$unit 1} {Inout 1} {Variable 1} }
16:43:47    342 --> ...                                                                      [tcl] gui_list_set_filter -id ${Data.1} -text {*}
16:43:47    343 --> ...                                                                          [tcl] gui_list_show_data -id ${Data.1} {tb_multiplier.inst_Sgf_Multiplication}
16:43:47    344 --> ...                                                                              [tcl] gui_view_scroll -id ${Data.1} -vertical -set 0
16:43:47    345 --> ...                                                                                  [tcl] gui_view_scroll -id ${Data.1} -horizontal -set 0
16:43:47    346 --> ...                                                                                      [tcl] gui_view_scroll -id ${Hier.1} -vertical -set 0
16:43:47    347 --> ...                                                                                          [tcl] gui_view_scroll -id ${Hier.1} -horizontal -set 0
16:43:47    348 --> ...                                                                                              [tcl] # View 'Wave.1'
16:43:47    349 --> ...                                                                                                  [tcl] gui_wv_sync -id ${Wave.1} -switch false
16:43:47    350 --> ...  [tcl] set groupExD [gui_get_pref_value -category Wave -key exclusiveSG]
16:43:47    351 --> ...      [tcl] gui_set_pref_value -category Wave -key exclusiveSG -value {false}
16:43:47    352 --> ...          [tcl] set origWaveHeight [gui_get_pref_value -category Wave -key waveRowHeight]
16:43:47    353 --> ...              [tcl] gui_list_set_height -id Wave -height 15
16:43:47    354 --> ...                  [tcl] set origGroupCreationState [gui_list_create_group_when_add -wave]
16:43:47    355 --> ...                      [tcl] gui_list_create_group_when_add -wave -disable
16:43:47    356 --> ...                          [tcl] gui_marker_set_ref -id ${Wave.1}  C1
16:43:47    357 --> ...                              [tcl] gui_wv_zoom_timerange -id ${Wave.1} 0 51300000
16:43:47    358 --> ...                                  [tcl] gui_list_add_group -id ${Wave.1} -after {New Group} {tb_multiplier}
16:43:47    359 --> ...                                      [tcl] gui_list_select -id ${Wave.1} {tb_multiplier.FKOARES }
16:43:47    360 --> ...                                          [tcl] gui_seek_criteria -id ${Wave.1} {Any Edge}
16:43:47    361 --> ...                                              [tcl] gui_set_env TOGGLE::DEFAULT_WAVE_WINDOW ${Wave.1}
16:43:47    362 --> ...                                                  [tcl] gui_set_pref_value -category Wave -key exclusiveSG -value $groupExD
16:43:47    363 --> ...                                                      [tcl] gui_list_set_height -id Wave -height $origWaveHeight
16:43:47    364 --> ...                                                          [tcl] if {$origGroupCreationState} { 	gui_list_create_group_when_add -wave -enable }
16:43:47    365 --> ...                                                              [tcl] if { $groupExD } {  gui_msg_report -code DVWW028 }
16:43:47    366 --> ...                                                                  [tcl] gui_list_set_filter -id ${Wave.1} -list { {Buffer 1} {Input 1} {Others 1} {Linkage 1} {Output 1} {Parameter 1} {All 1} {Aggregate 1} {LibBaseMember 1} {Event 1} {Assertion 1} {Constant 1} {Interface 1} {BaseMembers 1} {Signal 1} {$unit 1} {Inout 1} {Variable 1} }
16:43:47    367 --> ...                                                                      [tcl] gui_list_set_filter -id ${Wave.1} -text {*}
16:43:47    368 --> ...                                                                          [tcl] gui_list_set_insertion_bar  -id ${Wave.1} -group tb_multiplier  -position in
16:43:47    369 --> ...                                                                              [tcl] gui_marker_move -id ${Wave.1} {C1} 12127205
16:43:47    370 --> ...                                                                                  [tcl] gui_view_scroll -id ${Wave.1} -vertical -set 0
16:43:47    371 --> ...                                                                                      [tcl] gui_show_grid -id ${Wave.1} -enable false
16:43:47    372 --> ...                                                                                          [tcl] # Source 'Source.1'
16:43:47    373 --> ...                                                                                              [tcl] gui_src_value_annotate -id ${Source.1} -switch false
16:43:47    374 --> ...                                                                                                  [tcl] gui_set_env TOGGLE::VALUEANNOTATE 0
16:43:47    375 --> ...  [tcl] gui_open_source -id ${Source.1}  -replace -active tb_multiplier.inst_Sgf_Multiplication /home/local/ESTUDIANTES/jsequeira/Documents/Dise-o-ASIC-FPGA-FPU/ASIC_FLOW/KOA_FRANCIS/integracion_fisica/simulacion_logica_behavioral/SINGLE/../../front_end/source/Sgf_Multiplication.v
16:43:47    376 --> ...      [tcl] gui_src_value_annotate -id ${Source.1} -switch true
16:43:47    377 --> ...          [tcl] gui_set_env TOGGLE::VALUEANNOTATE 1
16:43:47    378 --> ...              [tcl] gui_view_scroll -id ${Source.1} -vertical -set 405
16:43:47    379 --> ...                  [tcl] gui_src_set_reusable -id ${Source.1}
16:43:47    380 --> ...                      [tcl] # Restore toplevel window zorder
16:43:47    381 --> ...                          [tcl] # The toplevel window could be closed if it has no view/pane
16:43:47    382 --> ...                              [tcl] if {[gui_exist_window -window ${TopLevel.1}]} { 	gui_set_active_window -window ${TopLevel.1} 	gui_set_active_window -window ${Source.1} }
16:43:47    383 --> ...                                  [tcl] #</Session>
16:43:52    384 --> ...                                      [tcl] synopsys::run
16:43:52    385 --> ...                                          [tcl] set ucliGUI::state
16:43:52    386 --> ...                                              [tcl] set ucliGUI::state
16:43:52    387 --> ...                                                  [tcl] gui_update_simulator_buttons
16:43:52    388 --> ...                                                      [tcl] set ucliGUI::state
16:43:52    389 --> ...                                                          [tcl] set ucliGUI::state
16:43:52    390 --> ...                                                              [tcl] catch {senv activeDomain} dveMisc::result 
16:43:52    391 --> ...                                                                  [tcl] set dveMisc::result
16:43:52    392 --> ...                                                                      [tcl] gui_update_simulator_buttons
16:43:52    393 --> ...                                                                          [tcl] ucliGUI::getSignalValues -scope tb_multiplier.inst_Sgf_Multiplication -radix {binary binary binary hexadecimal hexadecimal hexadecimal hexadecimal hexadecimal hexadecimal hexadecimal hexadecimal hexadecimal hexadecimal hexadecimal hexadecimal hexadecimal hexadecimal hexadecimal hexadecimal decimal decimal } -list {clk rst load_b_i {Data_A_i[23:0]} {Data_B_i[23:0]} {sgf_result_o[47:0]} {result_A_adder[13:0]} {result_B_adder[13:0]} {Q_left[23:0]} {Q_right[25:0]} {Q_middle[27:0]} {S_A[27:0]} {S_B[27:0]} {Result[50:0]} {zero1[1:0]} {zero2[3:0]} {rightside1[11:0]} {rightside2[12:0]} {sgf_r[47:0]} SW half }
16:50:21    394 --> ...                                                                              [tcl] if [catch {gui_sim_terminate}] {gui_sim_terminate -kill}
16:50:21    395 --> ...                                                                                  [tcl] synopsys::finish
16:50:21    396 --> ...                                                                                      [tcl] set ucliGUI::state
16:50:21    397 --> ...                                                                                          [tcl] set ucliGUI::state
16:50:21    398 --> ...                                                                                              [tcl] catch {senv activeDomain} dveMisc::result 
16:50:21    399 --> ...                                                                                                  [tcl] set dveMisc::result
16:50:21    400 --> ...  [tcl] gui_update_simulator_buttons
16:50:21    401 --> ...      [tcl] catch {senv activeDomain} dveMisc::result 
16:50:21    402 --> ...          [tcl] set dveMisc::result
16:50:21    403 --> ...              [tcl] ucli_exit
