Vivado Simulator 2016.2
Time resolution is 1 ps
       1       1              1       1
       1       4              4       4
       2       6             12      12
       3       8             24      24
       4      10             40      40
       5      12             60      60
       6      14             84      84
       7      16            112     112
       8      18            144     144
       9      20            180     180
      10      22            220     220
      11      24            264     264
      12      26            312     312
      13      28            364     364
      14      30            420     420
      15      32            480     480
      16      34            544     544
      17      36            612     612
      18      38            684     684
      19      40            760     760
      20      42            840     840
      21      44            924     924
      22      46           1012    1012
      23      48           1104    1104
      24      50           1200    1200
      25      52           1300    1300
      26      54           1404    1404
      27      56           1512    1512
      28      58           1624    1624
      29      60           1740    1740
      30      62           1860    1860
      31      64           1984    1984
      32      66           2112    2112
      33      68           2244    2244
      34      70           2380    2380
      35      72           2520    2520
      36      74           2664    2664
      37      76           2812    2812
      38      78           2964    2964
      39      80           3120    3120
      40      82           3280    3280
      41      84           3444    3444
      42      86           3612    3612
      43      88           3784    3784
      44      90           3960    3960
      45      92           4140    4140
      46      94           4324    4324
      47      96           4512    4512
      48      98           4704    4704
      49     100           4900    4900
      50     102           5100    5100
      51     104           5304    5304
      52     106           5512    5512
      53     108           5724    5724
      54     110           5940    5940
      55     112           6160    6160
      56     114           6384    6384
      57     116           6612    6612
      58     118           6844    6844
      59     120           7080    7080
      60     122           7320    7320
      61     124           7564    7564
      62     126           7812    7812
      63     128           8064    8064
      64     130           8320    8320
      65     132           8580    8580
      66     134           8844    8844
      67     136           9112    9112
      68     138           9384    9384
      69     140           9660    9660
      70     142           9940    9940
      71     144          10224   10224
      72     146          10512   10512
      73     148          10804   10804
      74     150          11100   11100
      75     152          11400   11400
      76     154          11704   11704
      77     156          12012   12012
      78     158          12324   12324
      79     160          12640   12640
      80     162          12960   12960
      81     164          13284   13284
      82     166          13612   13612
      83     168          13944   13944
      84     170          14280   14280
      85     172          14620   14620
      86     174          14964   14964
      87     176          15312   15312
      88     178          15664   15664
      89     180          16020   16020
      90     182          16380   16380
      91     184          16744   16744
      92     186          17112   17112
      93     188          17484   17484
      94     190          17860   17860
      95     192          18240   18240
      96     194          18624   18624
      97     196          19012   19012
      98     198          19404   19404
      99     200          19800   19800
     100     202          20200   20200
     101     204          20604   20604
     102     206          21012   21012
     103     208          21424   21424
     104     210          21840   21840
     105     212          22260   22260
     106     214          22684   22684
     107     216          23112   23112
     108     218          23544   23544
     109     220          23980   23980
     110     222          24420   24420
     111     224          24864   24864
     112     226          25312   25312
     113     228          25764   25764
     114     230          26220   26220
     115     232          26680   26680
     116     234          27144   27144
     117     236          27612   27612
     118     238          28084   28084
     119     240          28560   28560
     120     242          29040   29040
     121     244          29524   29524
     122     246          30012   30012
     123     248          30504   30504
     124     250          31000   31000
     125     252          31500   31500
     126     254          32004   32004
     127     256          32512   32512
     128     258          33024   33024
     129     260          33540   33540
     130     262          34060   34060
     131     264          34584   34584
     132     266          35112   35112
     133     268          35644   35644
     134     270          36180   36180
     135     272          36720   36720
     136     274          37264   37264
     137     276          37812   37812
     138     278          38364   38364
     139     280          38920   38920
     140     282          39480   39480
     141     284          40044   40044
     142     286          40612   40612
     143     288          41184   41184
     144     290          41760   41760
     145     292          42340   42340
     146     294          42924   42924
     147     296          43512   43512
     148     298          44104   44104
     149     300          44700   44700
     150     302          45300   45300
     151     304          45904   45904
     152     306          46512   46512
     153     308          47124   47124
     154     310          47740   47740
     155     312          48360   48360
     156     314          48984   48984
     157     316          49612   49612
     158     318          50244   50244
     159     320          50880   50880
     160     322          51520   51520
     161     324          52164   52164
     162     326          52812   52812
     163     328          53464   53464
     164     330          54120   54120
     165     332          54780   54780
     166     334          55444   55444
     167     336          56112   56112
     168     338          56784   56784
     169     340          57460   57460
     170     342          58140   58140
     171     344          58824   58824
     172     346          59512   59512
     173     348          60204   60204
     174     350          60900   60900
     175     352          61600   61600
     176     354          62304   62304
     177     356          63012   63012
     178     358          63724   63724
     179     360          64440   64440
     180     362          65160   65160
     181     364          65884   65884
     182     366          66612   66612
     183     368          67344   67344
     184     370          68080   68080
     185     372          68820   68820
     186     374          69564   69564
     187     376          70312   70312
     188     378          71064   71064
     189     380          71820   71820
     190     382          72580   72580
     191     384          73344   73344
     192     386          74112   74112
     193     388          74884   74884
     194     390          75660   75660
     195     392          76440   76440
     196     394          77224   77224
     197     396          78012   78012
     198     398          78804   78804
     199     400          79600   79600
     200     402          80400   80400
     201     404          81204   81204
     202     406          82012   82012
     203     408          82824   82824
     204     410          83640   83640
     205     412          84460   84460
     206     414          85284   85284
     207     416          86112   86112
     208     418          86944   86944
     209     420          87780   87780
     210     422          88620   88620
     211     424          89464   89464
     212     426          90312   90312
     213     428          91164   91164
     214     430          92020   92020
     215     432          92880   92880
     216     434          93744   93744
     217     436          94612   94612
     218     438          95484   95484
     219     440          96360   96360
     220     442          97240   97240
     221     444          98124   98124
     222     446          99012   99012
     223     448          99904   99904
     224     450         100800  100800
     225     452         101700  101700
     226     454         102604  102604
     227     456         103512  103512
     228     458         104424  104424
     229     460         105340  105340
     230     462         106260  106260
     231     464         107184  107184
     232     466         108112  108112
     233     468         109044  109044
     234     470         109980  109980
     235     472         110920  110920
     236     474         111864  111864
     237     476         112812  112812
     238     478         113764  113764
     239     480         114720  114720
     240     482         115680  115680
     241     484         116644  116644
     242     486         117612  117612
     243     488         118584  118584
     244     490         119560  119560
     245     492         120540  120540
     246     494         121524  121524
     247     496         122512  122512
     248     498         123504  123504
     249     500         124500  124500
     250     502         125500  125500
     251     504         126504  126504
     252     506         127512  127512
     253     508         128524  128524
     254     510         129540  129540
     255     512         130560  130560
     256     514         131584  131584
     257     516         132612  132612
     258     518         133644  133644
     259     520         134680  134680
     260     522         135720  135720
     261     524         136764  136764
     262     526         137812  137812
     263     528         138864  138864
     264     530         139920  139920
     265     532         140980  140980
     266     534         142044  142044
     267     536         143112  143112
     268     538         144184  144184
     269     540         145260  145260
     270     542         146340  146340
     271     544         147424  147424
     272     546         148512  148512
     273     548         149604  149604
     274     550         150700  150700
     275     552         151800  151800
     276     554         152904  152904
     277     556         154012  154012
     278     558         155124  155124
     279     560         156240  156240
     280     562         157360  157360
     281     564         158484  158484
     282     566         159612  159612
     283     568         160744  160744
     284     570         161880  161880
     285     572         163020  163020
     286     574         164164  164164
     287     576         165312  165312
     288     578         166464  166464
     289     580         167620  167620
     290     582         168780  168780
     291     584         169944  169944
     292     586         171112  171112
     293     588         172284  172284
     294     590         173460  173460
     295     592         174640  174640
     296     594         175824  175824
     297     596         177012  177012
     298     598         178204  178204
     299     600         179400  179400
     300     602         180600  180600
     301     604         181804  181804
     302     606         183012  183012
     303     608         184224  184224
     304     610         185440  185440
     305     612         186660  186660
     306     614         187884  187884
     307     616         189112  189112
     308     618         190344  190344
     309     620         191580  191580
     310     622         192820  192820
     311     624         194064  194064
     312     626         195312  195312
     313     628         196564  196564
     314     630         197820  197820
     315     632         199080  199080
     316     634         200344  200344
     317     636         201612  201612
     318     638         202884  202884
     319     640         204160  204160
     320     642         205440  205440
     321     644         206724  206724
     322     646         208012  208012
     323     648         209304  209304
     324     650         210600  210600
     325     652         211900  211900
     326     654         213204  213204
     327     656         214512  214512
     328     658         215824  215824
     329     660         217140  217140
     330     662         218460  218460
     331     664         219784  219784
     332     666         221112  221112
     333     668         222444  222444
     334     670         223780  223780
     335     672         225120  225120
     336     674         226464  226464
     337     676         227812  227812
     338     678         229164  229164
     339     680         230520  230520
     340     682         231880  231880
     341     684         233244  233244
     342     686         234612  234612
     343     688         235984  235984
     344     690         237360  237360
     345     692         238740  238740
     346     694         240124  240124
     347     696         241512  241512
     348     698         242904  242904
     349     700         244300  244300
     350     702         245700  245700
     351     704         247104  247104
     352     706         248512  248512
     353     708         249924  249924
     354     710         251340  251340
     355     712         252760  252760
     356     714         254184  254184
     357     716         255612  255612
     358     718         257044  257044
     359     720         258480  258480
     360     722         259920  259920
     361     724         261364  261364
     362     726         262812  262812
     363     728         264264  264264
     364     730         265720  265720
     365     732         267180  267180
     366     734         268644  268644
     367     736         270112  270112
     368     738         271584  271584
     369     740         273060  273060
     370     742         274540  274540
     371     744         276024  276024
     372     746         277512  277512
     373     748         279004  279004
     374     750         280500  280500
     375     752         282000  282000
     376     754         283504  283504
     377     756         285012  285012
     378     758         286524  286524
     379     760         288040  288040
     380     762         289560  289560
     381     764         291084  291084
     382     766         292612  292612
     383     768         294144  294144
     384     770         295680  295680
     385     772         297220  297220
     386     774         298764  298764
     387     776         300312  300312
     388     778         301864  301864
     389     780         303420  303420
     390     782         304980  304980
     391     784         306544  306544
     392     786         308112  308112
     393     788         309684  309684
     394     790         311260  311260
     395     792         312840  312840
     396     794         314424  314424
     397     796         316012  316012
     398     798         317604  317604
     399     800         319200  319200
     400     802         320800  320800
     401     804         322404  322404
     402     806         324012  324012
     403     808         325624  325624
     404     810         327240  327240
     405     812         328860  328860
     406     814         330484  330484
     407     816         332112  332112
     408     818         333744  333744
     409     820         335380  335380
     410     822         337020  337020
     411     824         338664  338664
     412     826         340312  340312
     413     828         341964  341964
     414     830         343620  343620
     415     832         345280  345280
     416     834         346944  346944
     417     836         348612  348612
     418     838         350284  350284
     419     840         351960  351960
     420     842         353640  353640
     421     844         355324  355324
     422     846         357012  357012
     423     848         358704  358704
     424     850         360400  360400
     425     852         362100  362100
     426     854         363804  363804
     427     856         365512  365512
     428     858         367224  367224
     429     860         368940  368940
     430     862         370660  370660
     431     864         372384  372384
     432     866         374112  374112
     433     868         375844  375844
     434     870         377580  377580
     435     872         379320  379320
     436     874         381064  381064
     437     876         382812  382812
     438     878         384564  384564
     439     880         386320  386320
     440     882         388080  388080
     441     884         389844  389844
     442     886         391612  391612
     443     888         393384  393384
     444     890         395160  395160
     445     892         396940  396940
     446     894         398724  398724
     447     896         400512  400512
     448     898         402304  402304
     449     900         404100  404100
     450     902         405900  405900
     451     904         407704  407704
     452     906         409512  409512
     453     908         411324  411324
     454     910         413140  413140
     455     912         414960  414960
     456     914         416784  416784
     457     916         418612  418612
     458     918         420444  420444
     459     920         422280  422280
     460     922         424120  424120
     461     924         425964  425964
     462     926         427812  427812
     463     928         429664  429664
     464     930         431520  431520
     465     932         433380  433380
     466     934         435244  435244
     467     936         437112  437112
     468     938         438984  438984
     469     940         440860  440860
     470     942         442740  442740
     471     944         444624  444624
     472     946         446512  446512
     473     948         448404  448404
     474     950         450300  450300
     475     952         452200  452200
     476     954         454104  454104
     477     956         456012  456012
     478     958         457924  457924
     479     960         459840  459840
     480     962         461760  461760
     481     964         463684  463684
     482     966         465612  465612
     483     968         467544  467544
     484     970         469480  469480
     485     972         471420  471420
     486     974         473364  473364
     487     976         475312  475312
     488     978         477264  477264
     489     980         479220  479220
     490     982         481180  481180
     491     984         483144  483144
     492     986         485112  485112
     493     988         487084  487084
     494     990         489060  489060
     495     992         491040  491040
     496     994         493024  493024
     497     996         495012  495012
     498     998         497004  497004
     499    1000         499000  499000
     500    1002         501000  501000
     501    1004         503004  503004
     502    1006         505012  505012
     503    1008         507024  507024
     504    1010         509040  509040
     505    1012         511060  511060
     506    1014         513084  513084
     507    1016         515112  515112
     508    1018         517144  517144
     509    1020         519180  519180
     510    1022         521220  521220
     511    1024         523264  523264
     512    1026         525312  525312
     513    1028         527364  527364
     514    1030         529420  529420
     515    1032         531480  531480
     516    1034         533544  533544
     517    1036         535612  535612
     518    1038         537684  537684
     519    1040         539760  539760
     520    1042         541840  541840
     521    1044         543924  543924
     522    1046         546012  546012
     523    1048         548104  548104
     524    1050         550200  550200
     525    1052         552300  552300
     526    1054         554404  554404
     527    1056         556512  556512
     528    1058         558624  558624
     529    1060         560740  560740
     530    1062         562860  562860
     531    1064         564984  564984
     532    1066         567112  567112
     533    1068         569244  569244
     534    1070         571380  571380
     535    1072         573520  573520
     536    1074         575664  575664
     537    1076         577812  577812
     538    1078         579964  579964
     539    1080         582120  582120
     540    1082         584280  584280
     541    1084         586444  586444
     542    1086         588612  588612
     543    1088         590784  590784
     544    1090         592960  592960
     545    1092         595140  595140
     546    1094         597324  597324
     547    1096         599512  599512
     548    1098         601704  601704
     549    1100         603900  603900
     550    1102         606100  606100
     551    1104         608304  608304
     552    1106         610512  610512
     553    1108         612724  612724
     554    1110         614940  614940
     555    1112         617160  617160
     556    1114         619384  619384
     557    1116         621612  621612
     558    1118         623844  623844
     559    1120         626080  626080
     560    1122         628320  628320
     561    1124         630564  630564
     562    1126         632812  632812
     563    1128         635064  635064
     564    1130         637320  637320
     565    1132         639580  639580
     566    1134         641844  641844
     567    1136         644112  644112
     568    1138         646384  646384
     569    1140         648660  648660
     570    1142         650940  650940
     571    1144         653224  653224
     572    1146         655512  655512
     573    1148         657804  657804
     574    1150         660100  660100
     575    1152         662400  662400
     576    1154         664704  664704
     577    1156         667012  667012
     578    1158         669324  669324
     579    1160         671640  671640
     580    1162         673960  673960
     581    1164         676284  676284
     582    1166         678612  678612
     583    1168         680944  680944
     584    1170         683280  683280
     585    1172         685620  685620
     586    1174         687964  687964
     587    1176         690312  690312
     588    1178         692664  692664
     589    1180         695020  695020
     590    1182         697380  697380
     591    1184         699744  699744
     592    1186         702112  702112
     593    1188         704484  704484
     594    1190         706860  706860
     595    1192         709240  709240
     596    1194         711624  711624
     597    1196         714012  714012
     598    1198         716404  716404
     599    1200         718800  718800
     600    1202         721200  721200
     601    1204         723604  723604
     602    1206         726012  726012
     603    1208         728424  728424
     604    1210         730840  730840
     605    1212         733260  733260
     606    1214         735684  735684
     607    1216         738112  738112
     608    1218         740544  740544
     609    1220         742980  742980
     610    1222         745420  745420
     611    1224         747864  747864
     612    1226         750312  750312
     613    1228         752764  752764
     614    1230         755220  755220
     615    1232         757680  757680
     616    1234         760144  760144
     617    1236         762612  762612
     618    1238         765084  765084
     619    1240         767560  767560
     620    1242         770040  770040
     621    1244         772524  772524
     622    1246         775012  775012
     623    1248         777504  777504
     624    1250         780000  780000
     625    1252         782500  782500
     626    1254         785004  785004
     627    1256         787512  787512
     628    1258         790024  790024
     629    1260         792540  792540
     630    1262         795060  795060
     631    1264         797584  797584
     632    1266         800112  800112
     633    1268         802644  802644
     634    1270         805180  805180
     635    1272         807720  807720
     636    1274         810264  810264
     637    1276         812812  812812
     638    1278         815364  815364
     639    1280         817920  817920
     640    1282         820480  820480
     641    1284         823044  823044
     642    1286         825612  825612
     643    1288         828184  828184
     644    1290         830760  830760
     645    1292         833340  833340
     646    1294         835924  835924
     647    1296         838512  838512
     648    1298         841104  841104
     649    1300         843700  843700
     650    1302         846300  846300
     651    1304         848904  848904
     652    1306         851512  851512
     653    1308         854124  854124
     654    1310         856740  856740
     655    1312         859360  859360
     656    1314         861984  861984
     657    1316         864612  864612
     658    1318         867244  867244
     659    1320         869880  869880
     660    1322         872520  872520
     661    1324         875164  875164
     662    1326         877812  877812
     663    1328         880464  880464
     664    1330         883120  883120
     665    1332         885780  885780
     666    1334         888444  888444
     667    1336         891112  891112
     668    1338         893784  893784
     669    1340         896460  896460
     670    1342         899140  899140
     671    1344         901824  901824
     672    1346         904512  904512
     673    1348         907204  907204
     674    1350         909900  909900
     675    1352         912600  912600
     676    1354         915304  915304
     677    1356         918012  918012
     678    1358         920724  920724
     679    1360         923440  923440
     680    1362         926160  926160
     681    1364         928884  928884
     682    1366         931612  931612
     683    1368         934344  934344
     684    1370         937080  937080
     685    1372         939820  939820
     686    1374         942564  942564
     687    1376         945312  945312
     688    1378         948064  948064
     689    1380         950820  950820
     690    1382         953580  953580
     691    1384         956344  956344
     692    1386         959112  959112
     693    1388         961884  961884
     694    1390         964660  964660
     695    1392         967440  967440
     696    1394         970224  970224
     697    1396         973012  973012
     698    1398         975804  975804
     699    1400         978600  978600
     700    1402         981400  981400
     701    1404         984204  984204
     702    1406         987012  987012
     703    1408         989824  989824
     704    1410         992640  992640
     705    1412         995460  995460
     706    1414         998284  998284
     707    1416        1001112 1001112
     708    1418        1003944 1003944
     709    1420        1006780 1006780
     710    1422        1009620 1009620
     711    1424        1012464 1012464
     712    1426        1015312 1015312
     713    1428        1018164 1018164
     714    1430        1021020 1021020
     715    1432        1023880 1023880
     716    1434        1026744 1026744
     717    1436        1029612 1029612
     718    1438        1032484 1032484
     719    1440        1035360 1035360
     720    1442        1038240 1038240
     721    1444        1041124 1041124
     722    1446        1044012 1044012
     723    1448        1046904 1046904
     724    1450        1049800 1049800
     725    1452        1052700 1052700
     726    1454        1055604 1055604
     727    1456        1058512 1058512
     728    1458        1061424 1061424
     729    1460        1064340 1064340
     730    1462        1067260 1067260
     731    1464        1070184 1070184
     732    1466        1073112 1073112
     733    1468        1076044 1076044
     734    1470        1078980 1078980
     735    1472        1081920 1081920
     736    1474        1084864 1084864
     737    1476        1087812 1087812
     738    1478        1090764 1090764
     739    1480        1093720 1093720
     740    1482        1096680 1096680
     741    1484        1099644 1099644
     742    1486        1102612 1102612
     743    1488        1105584 1105584
     744    1490        1108560 1108560
     745    1492        1111540 1111540
     746    1494        1114524 1114524
     747    1496        1117512 1117512
     748    1498        1120504 1120504
     749    1500        1123500 1123500
     750    1502        1126500 1126500
     751    1504        1129504 1129504
     752    1506        1132512 1132512
     753    1508        1135524 1135524
     754    1510        1138540 1138540
     755    1512        1141560 1141560
     756    1514        1144584 1144584
     757    1516        1147612 1147612
     758    1518        1150644 1150644
     759    1520        1153680 1153680
     760    1522        1156720 1156720
     761    1524        1159764 1159764
     762    1526        1162812 1162812
     763    1528        1165864 1165864
     764    1530        1168920 1168920
     765    1532        1171980 1171980
     766    1534        1175044 1175044
     767    1536        1178112 1178112
     768    1538        1181184 1181184
     769    1540        1184260 1184260
     770    1542        1187340 1187340
     771    1544        1190424 1190424
     772    1546        1193512 1193512
     773    1548        1196604 1196604
     774    1550        1199700 1199700
     775    1552        1202800 1202800
     776    1554        1205904 1205904
     777    1556        1209012 1209012
     778    1558        1212124 1212124
     779    1560        1215240 1215240
     780    1562        1218360 1218360
     781    1564        1221484 1221484
     782    1566        1224612 1224612
     783    1568        1227744 1227744
     784    1570        1230880 1230880
     785    1572        1234020 1234020
     786    1574        1237164 1237164
     787    1576        1240312 1240312
     788    1578        1243464 1243464
     789    1580        1246620 1246620
     790    1582        1249780 1249780
     791    1584        1252944 1252944
     792    1586        1256112 1256112
     793    1588        1259284 1259284
     794    1590        1262460 1262460
     795    1592        1265640 1265640
     796    1594        1268824 1268824
     797    1596        1272012 1272012
     798    1598        1275204 1275204
     799    1600        1278400 1278400
     800    1602        1281600 1281600
     801    1604        1284804 1284804
     802    1606        1288012 1288012
     803    1608        1291224 1291224
     804    1610        1294440 1294440
     805    1612        1297660 1297660
     806    1614        1300884 1300884
     807    1616        1304112 1304112
     808    1618        1307344 1307344
     809    1620        1310580 1310580
     810    1622        1313820 1313820
     811    1624        1317064 1317064
     812    1626        1320312 1320312
     813    1628        1323564 1323564
     814    1630        1326820 1326820
     815    1632        1330080 1330080
     816    1634        1333344 1333344
     817    1636        1336612 1336612
     818    1638        1339884 1339884
     819    1640        1343160 1343160
     820    1642        1346440 1346440
     821    1644        1349724 1349724
     822    1646        1353012 1353012
     823    1648        1356304 1356304
     824    1650        1359600 1359600
     825    1652        1362900 1362900
     826    1654        1366204 1366204
     827    1656        1369512 1369512
     828    1658        1372824 1372824
     829    1660        1376140 1376140
     830    1662        1379460 1379460
     831    1664        1382784 1382784
     832    1666        1386112 1386112
     833    1668        1389444 1389444
     834    1670        1392780 1392780
     835    1672        1396120 1396120
     836    1674        1399464 1399464
     837    1676        1402812 1402812
     838    1678        1406164 1406164
     839    1680        1409520 1409520
     840    1682        1412880 1412880
     841    1684        1416244 1416244
     842    1686        1419612 1419612
     843    1688        1422984 1422984
     844    1690        1426360 1426360
     845    1692        1429740 1429740
     846    1694        1433124 1433124
     847    1696        1436512 1436512
     848    1698        1439904 1439904
     849    1700        1443300 1443300
     850    1702        1446700 1446700
     851    1704        1450104 1450104
     852    1706        1453512 1453512
     853    1708        1456924 1456924
     854    1710        1460340 1460340
     855    1712        1463760 1463760
     856    1714        1467184 1467184
     857    1716        1470612 1470612
     858    1718        1474044 1474044
     859    1720        1477480 1477480
     860    1722        1480920 1480920
     861    1724        1484364 1484364
     862    1726        1487812 1487812
     863    1728        1491264 1491264
     864    1730        1494720 1494720
     865    1732        1498180 1498180
     866    1734        1501644 1501644
     867    1736        1505112 1505112
     868    1738        1508584 1508584
     869    1740        1512060 1512060
     870    1742        1515540 1515540
     871    1744        1519024 1519024
     872    1746        1522512 1522512
     873    1748        1526004 1526004
     874    1750        1529500 1529500
     875    1752        1533000 1533000
     876    1754        1536504 1536504
     877    1756        1540012 1540012
     878    1758        1543524 1543524
     879    1760        1547040 1547040
     880    1762        1550560 1550560
     881    1764        1554084 1554084
     882    1766        1557612 1557612
     883    1768        1561144 1561144
     884    1770        1564680 1564680
     885    1772        1568220 1568220
     886    1774        1571764 1571764
     887    1776        1575312 1575312
     888    1778        1578864 1578864
     889    1780        1582420 1582420
     890    1782        1585980 1585980
     891    1784        1589544 1589544
     892    1786        1593112 1593112
     893    1788        1596684 1596684
     894    1790        1600260 1600260
     895    1792        1603840 1603840
     896    1794        1607424 1607424
     897    1796        1611012 1611012
     898    1798        1614604 1614604
     899    1800        1618200 1618200
     900    1802        1621800 1621800
     901    1804        1625404 1625404
     902    1806        1629012 1629012
     903    1808        1632624 1632624
     904    1810        1636240 1636240
     905    1812        1639860 1639860
     906    1814        1643484 1643484
     907    1816        1647112 1647112
     908    1818        1650744 1650744
     909    1820        1654380 1654380
     910    1822        1658020 1658020
     911    1824        1661664 1661664
     912    1826        1665312 1665312
     913    1828        1668964 1668964
     914    1830        1672620 1672620
     915    1832        1676280 1676280
     916    1834        1679944 1679944
     917    1836        1683612 1683612
     918    1838        1687284 1687284
     919    1840        1690960 1690960
     920    1842        1694640 1694640
     921    1844        1698324 1698324
     922    1846        1702012 1702012
     923    1848        1705704 1705704
     924    1850        1709400 1709400
     925    1852        1713100 1713100
     926    1854        1716804 1716804
     927    1856        1720512 1720512
     928    1858        1724224 1724224
     929    1860        1727940 1727940
     930    1862        1731660 1731660
     931    1864        1735384 1735384
     932    1866        1739112 1739112
     933    1868        1742844 1742844
     934    1870        1746580 1746580
     935    1872        1750320 1750320
     936    1874        1754064 1754064
     937    1876        1757812 1757812
     938    1878        1761564 1761564
     939    1880        1765320 1765320
     940    1882        1769080 1769080
     941    1884        1772844 1772844
     942    1886        1776612 1776612
     943    1888        1780384 1780384
     944    1890        1784160 1784160
     945    1892        1787940 1787940
     946    1894        1791724 1791724
     947    1896        1795512 1795512
     948    1898        1799304 1799304
     949    1900        1803100 1803100
     950    1902        1806900 1806900
     951    1904        1810704 1810704
     952    1906        1814512 1814512
     953    1908        1818324 1818324
     954    1910        1822140 1822140
     955    1912        1825960 1825960
     956    1914        1829784 1829784
     957    1916        1833612 1833612
     958    1918        1837444 1837444
     959    1920        1841280 1841280
     960    1922        1845120 1845120
     961    1924        1848964 1848964
     962    1926        1852812 1852812
     963    1928        1856664 1856664
     964    1930        1860520 1860520
     965    1932        1864380 1864380
     966    1934        1868244 1868244
     967    1936        1872112 1872112
     968    1938        1875984 1875984
     969    1940        1879860 1879860
     970    1942        1883740 1883740
     971    1944        1887624 1887624
     972    1946        1891512 1891512
     973    1948        1895404 1895404
     974    1950        1899300 1899300
     975    1952        1903200 1903200
     976    1954        1907104 1907104
     977    1956        1911012 1911012
     978    1958        1914924 1914924
     979    1960        1918840 1918840
     980    1962        1922760 1922760
     981    1964        1926684 1926684
     982    1966        1930612 1930612
     983    1968        1934544 1934544
     984    1970        1938480 1938480
     985    1972        1942420 1942420
     986    1974        1946364 1946364
     987    1976        1950312 1950312
     988    1978        1954264 1954264
     989    1980        1958220 1958220
     990    1982        1962180 1962180
     991    1984        1966144 1966144
     992    1986        1970112 1970112
     993    1988        1974084 1974084
     994    1990        1978060 1978060
     995    1992        1982040 1982040
     996    1994        1986024 1986024
     997    1996        1990012 1990012
     998    1998        1994004 1994004
     999    2000        1998000 1998000
    1000    2002        2002000 2002000
    1001    2004        2006004 2006004
    1002    2006        2010012 2010012
    1003    2008        2014024 2014024
    1004    2010        2018040 2018040
    1005    2012        2022060 2022060
    1006    2014        2026084 2026084
    1007    2016        2030112 2030112
    1008    2018        2034144 2034144
    1009    2020        2038180 2038180
    1010    2022        2042220 2042220
    1011    2024        2046264 2046264
    1012    2026        2050312 2050312
    1013    2028        2054364 2054364
    1014    2030        2058420 2058420
    1015    2032        2062480 2062480
    1016    2034        2066544 2066544
    1017    2036        2070612 2070612
    1018    2038        2074684 2074684
    1019    2040        2078760 2078760
    1020    2042        2082840 2082840
    1021    2044        2086924 2086924
    1022    2046        2091012 2091012
    1023    2048        2095104 2095104
    1024    2050        2099200 2099200
$finish called at time : 51300 ns : File "/home/jorge/Documents/1Proyectos_TesisdeGraduacion_ASIC/my_sourcefiles/Source_Files/Multipliers/Karatsubas/Karatsubas.srcs/KOA_RECURSIVE/imports/Multipliers/tb_Multipliers.v" Line 60
