18:03:38    288 --> ...                                                      [tcl] ucliGUI::start /home/local/ESTUDIANTES/jsequeira/Documents/Dise-o-ASIC-FPGA-FPU/ASIC_FLOW/ASIC_fpaddsub_arch3/integracion_fisica/simulacion_logica_sintesis/SINGLE/simv  +v2k +lint=all -a log_name +define+SINGLE +define+FRANCIS_LZD=1 +neg_tchk +sdfverbose -ucligui
18:03:38    289 --> ...                                                          [tcl] set ucliGUI::state
18:03:38    290 --> ...                                                              [tcl] gui_update_simulator_buttons
18:03:39    291 --> ...                                                                  [tcl] set ucliGUI::state
18:03:39    292 --> ...                                                                      [tcl] ucliCore::getToolPID
18:03:39    293 --> ...                                                                          [tcl] synopsys::env hasTB
18:03:39    294 --> ...                                                                              [tcl] trigger_hier_stack_context_switch 0
18:03:39    295 --> ...                                                                                  [tcl] synUtils::setDVEInitPhase 1
18:03:39    296 --> ...                                                                                      [tcl] gui_get_env SIMSETUP::SIMVPD
18:03:39    297 --> ...                                                                                          [tcl] synopsys::dump -type VPD -file /home/local/ESTUDIANTES/jsequeira/Documents/Dise-o-ASIC-FPGA-FPU/ASIC_FLOW/ASIC_fpaddsub_arch3/integracion_fisica/simulacion_logica_sintesis/SINGLE/inter.vpd -locking
18:03:39    298 --> ...                                                                                              [tcl] synopsys::dump -autoflush on -fid VPD1
18:03:39    299 --> ...                                                                                                  [tcl] set ::dve_fid VPD1
18:03:39    300 --> ...  [tcl] synUtils::setDVEInitPhase 0
18:03:39    301 --> ...      [tcl] ucliCore::getToolPID
18:03:39    302 --> ...          [tcl] synUtils::sendTool -active _icl_setToolSocket /tmp/smlnpBmlut2
18:03:39    303 --> ...              [tcl] synUtils::sendTool -active {_icl_start_rpc -version "K-2015.09-SP2-3_Full64" -sync_file /tmp/vcs_dve_rpc.jsequeira.22992}
18:03:39    304 --> ...                  [tcl] synUtils::sendTool -active {_icl_createSharedMemory /tmp/vcs_dve_general.jsequeira.22992}
18:03:39    305 --> ...                      [tcl] config endofsim noexit
18:03:39    306 --> ...                          [tcl] config onfail enable all
18:03:39    307 --> ...                              [tcl] config syscaddplainmembers
18:03:40    308 --> ...                                  [tcl] config syscaddsourcenames
18:03:40    309 --> ...                                      [tcl] config syscaddstructtypes
18:03:40    310 --> ...                                          [tcl] synopsys::listing -disable
18:03:40    311 --> ...                                              [tcl] if { ![gui_sim_state -check active] } {error "Simulator did not start correctly" error}
18:03:40    312 --> ...                                                  [tcl] gui_set_precision 1ps
18:03:40    313 --> ...                                                      [tcl] gui_set_time_units 1ns
18:03:40    314 --> ...                                                          [tcl] #</Database>
18:03:40    315 --> ...                                                              [tcl] # DVE Global setting session:
18:03:40    316 --> ...                                                                  [tcl] # Global: Breakpoints
18:03:40    317 --> ...                                                                      [tcl] # Global: Bus
18:03:40    318 --> ...                                                                          [tcl] # Global: Expressions
18:03:40    319 --> ...                                                                              [tcl] # Global: Signal Time Shift
18:03:40    320 --> ...                                                                                  [tcl] # Global: Signal Compare
18:03:40    321 --> ...                                                                                      [tcl] # Global: Signal Groups
18:03:40    322 --> ...                                                                                          [tcl] gui_load_child_values {tb_FPU_PIPELINED_FPADDSUB2_vector_testing.inst_uut}
18:03:40    323 --> ...                                                                                              [tcl] synopsys::dump -add {tb_FPU_PIPELINED_FPADDSUB2_vector_testing.inst_uut} -scope "." -depth 1 -fid VPD1
18:03:40    324 --> ...                                                                                                  [tcl] set _session_group_1 tb_FPU_PIPELINED_FPADDSUB2_vector_testing
18:03:40    325 --> ...  [tcl] gui_sg_create "$_session_group_1"
18:03:40    326 --> ...      [tcl] set tb_FPU_PIPELINED_FPADDSUB2_vector_testing "$_session_group_1"
18:03:40    327 --> ...          [tcl] gui_sg_addsignal -group "$_session_group_1" { tb_FPU_PIPELINED_FPADDSUB2_vector_testing.Cont_CLK tb_FPU_PIPELINED_FPADDSUB2_vector_testing.Data_X tb_FPU_PIPELINED_FPADDSUB2_vector_testing.Data_X_exp tb_FPU_PIPELINED_FPADDSUB2_vector_testing.Data_X_mant tb_FPU_PIPELINED_FPADDSUB2_vector_testing.Data_X_sign tb_FPU_PIPELINED_FPADDSUB2_vector_testing.Data_Y tb_FPU_PIPELINED_FPADDSUB2_vector_testing.Data_Y_exp tb_FPU_PIPELINED_FPADDSUB2_vector_testing.Data_Y_mant tb_FPU_PIPELINED_FPADDSUB2_vector_testing.Data_Y_sign tb_FPU_PIPELINED_FPADDSUB2_vector_testing.EWR tb_FPU_PIPELINED_FPADDSUB2_vector_testing.EW tb_FPU_PIPELINED_FPADDSUB2_vector_testing.FileSaveData tb_FPU_PIPELINED_FPADDSUB2_vector_testing.PERIOD tb_FPU_PIPELINED_FPADDSUB2_vector_testing.SWR tb_FPU_PIPELINED_FPADDSUB2_vector_testing.SW tb_FPU_PIPELINED_FPADDSUB2_vector_testing.Theoretical_result tb_FPU_PIPELINED_FPADDSUB2_vector_testing.Theoretical_result_exponent tb_FPU_PIPELINED_FPADDSUB2_vector_testing.Theoretical_result_mantissa tb_FPU_PIPELINED_FPADDSUB2_vector_testing.Theoretical_result_sign tb_FPU_PIPELINED_FPADDSUB2_vector_testing.W tb_FPU_PIPELINED_FPADDSUB2_vector_testing.add_subt tb_FPU_PIPELINED_FPADDSUB2_vector_testing.beg_OP tb_FPU_PIPELINED_FPADDSUB2_vector_testing.busy tb_FPU_PIPELINED_FPADDSUB2_vector_testing.clk tb_FPU_PIPELINED_FPADDSUB2_vector_testing.contador tb_FPU_PIPELINED_FPADDSUB2_vector_testing.final_result_ieee tb_FPU_PIPELINED_FPADDSUB2_vector_testing.final_result_ieee_exponent tb_FPU_PIPELINED_FPADDSUB2_vector_testing.final_result_ieee_mantissa tb_FPU_PIPELINED_FPADDSUB2_vector_testing.final_result_ieee_sign tb_FPU_PIPELINED_FPADDSUB2_vector_testing.logVectorReference tb_FPU_PIPELINED_FPADDSUB2_vector_testing.overflow_flag tb_FPU_PIPELINED_FPADDSUB2_vector_testing.ready tb_FPU_PIPELINED_FPADDSUB2_vector_testing.rst tb_FPU_PIPELINED_FPADDSUB2_vector_testing.underflow_flag tb_FPU_PIPELINED_FPADDSUB2_vector_testing.zero_flag tb_FPU_PIPELINED_FPADDSUB2_vector_testing.Data_X tb_FPU_PIPELINED_FPADDSUB2_vector_testing.Data_Y tb_FPU_PIPELINED_FPADDSUB2_vector_testing.Theoretical_result tb_FPU_PIPELINED_FPADDSUB2_vector_testing.final_result_ieee }
18:03:40    328 --> ...              [tcl] gui_set_radix -radix {decimal} -signals {Sim:tb_FPU_PIPELINED_FPADDSUB2_vector_testing.Cont_CLK}
18:03:40    329 --> ...                  [tcl] gui_set_radix -radix {twosComplement} -signals {Sim:tb_FPU_PIPELINED_FPADDSUB2_vector_testing.Cont_CLK}
18:03:40    330 --> ...                      [tcl] gui_set_radix -radix {Hex2Float_BigEndian} -signals {Sim:tb_FPU_PIPELINED_FPADDSUB2_vector_testing.Data_X}
18:03:40    331 --> ...                          [tcl] gui_set_radix -radix {Hex2Float_BigEndian} -signals {Sim:tb_FPU_PIPELINED_FPADDSUB2_vector_testing.Data_Y}
18:03:40    332 --> ...                              [tcl] gui_set_radix -radix {decimal} -signals {Sim:tb_FPU_PIPELINED_FPADDSUB2_vector_testing.EWR}
18:03:40    333 --> ...                                  [tcl] gui_set_radix -radix {twosComplement} -signals {Sim:tb_FPU_PIPELINED_FPADDSUB2_vector_testing.EWR}
18:03:40    334 --> ...                                      [tcl] gui_set_radix -radix {decimal} -signals {Sim:tb_FPU_PIPELINED_FPADDSUB2_vector_testing.EW}
18:03:40    335 --> ...                                          [tcl] gui_set_radix -radix {twosComplement} -signals {Sim:tb_FPU_PIPELINED_FPADDSUB2_vector_testing.EW}
18:03:40    336 --> ...                                              [tcl] gui_set_radix -radix {decimal} -signals {Sim:tb_FPU_PIPELINED_FPADDSUB2_vector_testing.FileSaveData}
18:03:40    337 --> ...                                                  [tcl] gui_set_radix -radix {twosComplement} -signals {Sim:tb_FPU_PIPELINED_FPADDSUB2_vector_testing.FileSaveData}
18:03:40    338 --> ...                                                      [tcl] gui_set_radix -radix {decimal} -signals {Sim:tb_FPU_PIPELINED_FPADDSUB2_vector_testing.PERIOD}
18:03:40    339 --> ...                                                          [tcl] gui_set_radix -radix {twosComplement} -signals {Sim:tb_FPU_PIPELINED_FPADDSUB2_vector_testing.PERIOD}
18:03:40    340 --> ...                                                              [tcl] gui_set_radix -radix {decimal} -signals {Sim:tb_FPU_PIPELINED_FPADDSUB2_vector_testing.SWR}
18:03:40    341 --> ...                                                                  [tcl] gui_set_radix -radix {twosComplement} -signals {Sim:tb_FPU_PIPELINED_FPADDSUB2_vector_testing.SWR}
18:03:40    342 --> ...                                                                      [tcl] gui_set_radix -radix {decimal} -signals {Sim:tb_FPU_PIPELINED_FPADDSUB2_vector_testing.SW}
18:03:40    343 --> ...                                                                          [tcl] gui_set_radix -radix {twosComplement} -signals {Sim:tb_FPU_PIPELINED_FPADDSUB2_vector_testing.SW}
18:03:40    344 --> ...                                                                              [tcl] gui_set_radix -radix {Hex2Float_BigEndian} -signals {Sim:tb_FPU_PIPELINED_FPADDSUB2_vector_testing.Theoretical_result}
18:03:40    345 --> ...                                                                                  [tcl] gui_set_radix -radix {decimal} -signals {Sim:tb_FPU_PIPELINED_FPADDSUB2_vector_testing.W}
18:03:40    346 --> ...                                                                                      [tcl] gui_set_radix -radix {twosComplement} -signals {Sim:tb_FPU_PIPELINED_FPADDSUB2_vector_testing.W}
18:03:40    347 --> ...                                                                                          [tcl] gui_set_radix -radix {decimal} -signals {Sim:tb_FPU_PIPELINED_FPADDSUB2_vector_testing.contador}
18:03:40    348 --> ...                                                                                              [tcl] gui_set_radix -radix {twosComplement} -signals {Sim:tb_FPU_PIPELINED_FPADDSUB2_vector_testing.contador}
18:03:40    349 --> ...                                                                                                  [tcl] gui_set_radix -radix {Hex2Float_BigEndian} -signals {Sim:tb_FPU_PIPELINED_FPADDSUB2_vector_testing.final_result_ieee}
18:03:40    350 --> ...  [tcl] gui_set_radix -radix {decimal} -signals {Sim:tb_FPU_PIPELINED_FPADDSUB2_vector_testing.logVectorReference}
18:03:40    351 --> ...      [tcl] gui_set_radix -radix {twosComplement} -signals {Sim:tb_FPU_PIPELINED_FPADDSUB2_vector_testing.logVectorReference}
18:03:40    352 --> ...          [tcl] gui_set_radix -radix {Hex2Float_BigEndian} -signals {Sim:tb_FPU_PIPELINED_FPADDSUB2_vector_testing.Data_X}
18:03:40    353 --> ...              [tcl] gui_set_radix -radix {Hex2Float_BigEndian} -signals {Sim:tb_FPU_PIPELINED_FPADDSUB2_vector_testing.Data_Y}
18:03:40    354 --> ...                  [tcl] gui_set_radix -radix {Hex2Float_BigEndian} -signals {Sim:tb_FPU_PIPELINED_FPADDSUB2_vector_testing.Theoretical_result}
18:03:40    355 --> ...                      [tcl] gui_set_radix -radix {Hex2Float_BigEndian} -signals {Sim:tb_FPU_PIPELINED_FPADDSUB2_vector_testing.final_result_ieee}
18:03:40    356 --> ...                          [tcl] set _session_group_2 Group1
18:03:40    357 --> ...                              [tcl] gui_sg_create "$_session_group_2"
18:03:40    358 --> ...                                  [tcl] set Group1 "$_session_group_2"
18:03:40    359 --> ...                                      [tcl] gui_sg_addsignal -group "$_session_group_2" { tb_FPU_PIPELINED_FPADDSUB2_vector_testing.Data_X tb_FPU_PIPELINED_FPADDSUB2_vector_testing.Data_Y tb_FPU_PIPELINED_FPADDSUB2_vector_testing.Theoretical_result tb_FPU_PIPELINED_FPADDSUB2_vector_testing.final_result_ieee }
18:03:40    360 --> ...                                          [tcl] gui_set_radix -radix {Hex2Float_BigEndian} -signals {Sim:tb_FPU_PIPELINED_FPADDSUB2_vector_testing.Data_X}
18:03:40    361 --> ...                                              [tcl] gui_set_radix -radix {Hex2Float_BigEndian} -signals {Sim:tb_FPU_PIPELINED_FPADDSUB2_vector_testing.Data_Y}
18:03:40    362 --> ...                                                  [tcl] gui_set_radix -radix {Hex2Float_BigEndian} -signals {Sim:tb_FPU_PIPELINED_FPADDSUB2_vector_testing.Theoretical_result}
18:03:40    363 --> ...                                                      [tcl] gui_set_radix -radix {Hex2Float_BigEndian} -signals {Sim:tb_FPU_PIPELINED_FPADDSUB2_vector_testing.final_result_ieee}
18:03:40    364 --> ...                                                          [tcl] set _session_group_3 {Drivers: Sim:tb_FPU_PIPELINED_FPADDSUB2_vector_testing.final_result_ieee[31:0]@3593}
18:03:40    365 --> ...                                                              [tcl] gui_sg_create "$_session_group_3"
18:03:40    366 --> ...                                                                  [tcl] set {Drivers: Sim:tb_FPU_PIPELINED_FPADDSUB2_vector_testing.final_result_ieee[31:0]@3593} "$_session_group_3"
18:03:40    367 --> ...                                                                      [tcl] gui_sg_addsignal -group "$_session_group_3" { tb_FPU_PIPELINED_FPADDSUB2_vector_testing.final_result_ieee tb_FPU_PIPELINED_FPADDSUB2_vector_testing.inst_uut.clk tb_FPU_PIPELINED_FPADDSUB2_vector_testing.inst_uut.n1893 tb_FPU_PIPELINED_FPADDSUB2_vector_testing.inst_uut.n579 }
18:03:40    368 --> ...                                                                          [tcl] gui_set_radix -radix {Hex2Float_BigEndian} -signals {Sim:tb_FPU_PIPELINED_FPADDSUB2_vector_testing.final_result_ieee}
18:03:40    369 --> ...                                                                              [tcl] # Global: Highlighting
18:03:40    370 --> ...                                                                                  [tcl] # Global: Stack
18:03:40    371 --> ...                                                                                      [tcl] gui_change_stack_mode -mode list
18:03:40    372 --> ...                                                                                          [tcl] synopsys::xml {set_only_active_frame <data value="1" />}
18:03:40    373 --> ...                                                                                              [tcl] # Global: Watch 'Watch'
18:03:40    374 --> ...                                                                                                  [tcl] gui_watch_page_delete -id Watch -all
18:03:40    375 --> ...  [tcl] gui_watch_page_add -id Watch
18:03:40    376 --> ...      [tcl] gui_watch_page_rename -id Watch -name {Watch 1}
18:03:40    377 --> ...          [tcl] gui_watch_list_add_expr -id Watch -expr {Data_X[31:0]} -meta tb_FPU_PIPELINED_FPADDSUB2_vector_testing.Data_X -type Reg -nonlocal -scope tb_FPU_PIPELINED_FPADDSUB2_vector_testing
18:03:40    378 --> ...              [tcl] ucliGUI::getSignalValues -scope tb_FPU_PIPELINED_FPADDSUB2_vector_testing -radix {hexadecimal } -list {{Data_X[31:0]} }
18:03:40    379 --> ...                  [tcl] gui_watch_list_add_expr -id Watch -expr {Data_Y[31:0]} -meta tb_FPU_PIPELINED_FPADDSUB2_vector_testing.Data_Y -type Reg -nonlocal -scope tb_FPU_PIPELINED_FPADDSUB2_vector_testing
18:03:40    380 --> ...                      [tcl] ucliGUI::getSignalValues -scope tb_FPU_PIPELINED_FPADDSUB2_vector_testing -radix {hexadecimal } -list {{Data_Y[31:0]} }
18:03:40    381 --> ...                          [tcl] gui_watch_list_add_expr -id Watch -expr {Theoretical_result[31:0]} -meta tb_FPU_PIPELINED_FPADDSUB2_vector_testing.Theoretical_result -type Reg -nonlocal -scope tb_FPU_PIPELINED_FPADDSUB2_vector_testing
18:03:40    382 --> ...                              [tcl] ucliGUI::getSignalValues -scope tb_FPU_PIPELINED_FPADDSUB2_vector_testing -radix {hexadecimal } -list {{Theoretical_result[31:0]} }
18:03:40    383 --> ...                                  [tcl] gui_watch_list_add_expr -id Watch -expr {final_result_ieee[31:0]} -meta tb_FPU_PIPELINED_FPADDSUB2_vector_testing.final_result_ieee -type Wire -nonlocal -scope tb_FPU_PIPELINED_FPADDSUB2_vector_testing
18:03:40    384 --> ...                                      [tcl] ucliGUI::getSignalValues -scope tb_FPU_PIPELINED_FPADDSUB2_vector_testing -radix {hexadecimal } -list {{final_result_ieee[31:0]} }
18:03:40    385 --> ...                                          [tcl] gui_watch_page_add -id Watch
18:03:40    386 --> ...                                              [tcl] gui_watch_page_rename -id Watch -name {Watch 2}
18:03:40    387 --> ...                                                  [tcl] gui_watch_page_add -id Watch
18:03:40    388 --> ...                                                      [tcl] gui_watch_page_rename -id Watch -name {Watch 3}
18:03:40    389 --> ...                                                          [tcl] # Post database loading setting...
18:03:40    390 --> ...                                                              [tcl] # Restore C1 time
18:03:40    391 --> ...                                                                  [tcl] gui_set_time -C1_only 188
18:03:40    392 --> ...                                                                      [tcl] ucliGUI::vpdAddHierarchy -scope tb_FPU_PIPELINED_FPADDSUB2_vector_testing -depth 2 -file /home/local/ESTUDIANTES/jsequeira/Documents/Dise-o-ASIC-FPGA-FPU/ASIC_FLOW/ASIC_fpaddsub_arch3/integracion_fisica/simulacion_logica_sintesis/SINGLE/inter.vpd; synopsys::dump -flush VPD1
18:03:40    393 --> ...                                                                          [tcl] synopsys::dump -add {tb_FPU_PIPELINED_FPADDSUB2_vector_testing.Data_X} -aggregates  -fid VPD1
18:03:40    394 --> ...                                                                              [tcl] synopsys::dump -add {tb_FPU_PIPELINED_FPADDSUB2_vector_testing.Data_Y} -aggregates  -fid VPD1
18:03:40    395 --> ...                                                                                  [tcl] synopsys::dump -add {tb_FPU_PIPELINED_FPADDSUB2_vector_testing.Theoretical_result} -aggregates  -fid VPD1
18:03:40    396 --> ...                                                                                      [tcl] synopsys::dump -add {tb_FPU_PIPELINED_FPADDSUB2_vector_testing.final_result_ieee} -aggregates  -fid VPD1
18:03:40    397 --> ...                                                                                          [tcl] # Save global setting...
18:03:40    398 --> ...                                                                                              [tcl] # Wave/List view global setting
18:03:40    399 --> ...                                                                                                  [tcl] gui_cov_show_value -switch false
18:03:40    400 --> ...  [tcl] # Close all empty TopLevel windows
18:03:40    401 --> ...      [tcl] foreach __top [gui_ekki_get_window_ids -type TopLevel] {     if { [llength [gui_ekki_get_window_ids -parent $__top]] == 0} {         gui_close_window -window $__top     } }
18:03:40    402 --> ...          [tcl] gui_set_loading_session_type noSession
18:03:40    403 --> ...              [tcl] # DVE View/pane content session:
18:03:40    404 --> ...                  [tcl] # Hier 'Hier.1'
18:03:40    405 --> ...                      [tcl] gui_show_window -window ${Hier.1}
18:03:40    406 --> ...                          [tcl] gui_list_set_filter -id ${Hier.1} -list { {Package 1} {All 0} {Process 1} {VirtPowSwitch 0} {UnnamedProcess 1} {UDP 0} {Function 1} {Block 1} {SrsnAndSpaCell 0} {OVA Unit 1} {LeafScCell 1} {LeafVlgCell 1} {Interface 1} {LeafVhdCell 1} {$unit 1} {NamedBlock 1} {Task 1} {VlgPackage 1} {ClassDef 1} {VirtIsoCell 0} }
18:03:40    407 --> ...                              [tcl] gui_list_set_filter -id ${Hier.1} -text {*}
18:03:40    408 --> ...                                  [tcl] gui_hier_list_init -id ${Hier.1}
18:03:40    409 --> ...                                      [tcl] gui_change_design -id ${Hier.1} -design Sim
18:03:40    410 --> ...                                          [tcl] catch {gui_list_select -id ${Hier.1} {tb_FPU_PIPELINED_FPADDSUB2_vector_testing}}
18:03:40    411 --> ...                                              [tcl] dveMisc::vbusExpand tb_FPU_PIPELINED_FPADDSUB2_vector_testing
18:03:40    412 --> ...                                                  [tcl] synopsys::dump -add {tb_FPU_PIPELINED_FPADDSUB2_vector_testing} -scope "." -depth 1 -fid VPD1
18:03:40    413 --> ...                                                      [tcl] gui_view_scroll -id ${Hier.1} -vertical -set 0
18:03:40    414 --> ...                                                          [tcl] gui_view_scroll -id ${Hier.1} -horizontal -set 0
18:03:40    415 --> ...                                                              [tcl] # Data 'Data.1'
18:03:40    416 --> ...                                                                  [tcl] gui_list_set_filter -id ${Data.1} -list { {Buffer 1} {Input 1} {Others 1} {Linkage 1} {Output 1} {LowPower 1} {Parameter 1} {All 1} {Aggregate 1} {LibBaseMember 1} {Event 1} {Assertion 1} {Constant 1} {Interface 1} {BaseMembers 1} {Signal 1} {$unit 1} {Inout 1} {Variable 1} }
18:03:40    417 --> ...                                                                      [tcl] gui_list_set_filter -id ${Data.1} -text {*}
18:03:40    418 --> ...                                                                          [tcl] gui_list_show_data -id ${Data.1} {tb_FPU_PIPELINED_FPADDSUB2_vector_testing}
18:03:40    419 --> ...                                                                              [tcl] gui_view_scroll -id ${Data.1} -vertical -set 0
18:03:40    420 --> ...                                                                                  [tcl] gui_view_scroll -id ${Data.1} -horizontal -set 0
18:03:40    421 --> ...                                                                                      [tcl] gui_view_scroll -id ${Hier.1} -vertical -set 0
18:03:40    422 --> ...                                                                                          [tcl] gui_view_scroll -id ${Hier.1} -horizontal -set 0
18:03:40    423 --> ...                                                                                              [tcl] # View 'Wave.1'
18:03:40    424 --> ...                                                                                                  [tcl] gui_wv_sync -id ${Wave.1} -switch false
18:03:40    425 --> ...  [tcl] set groupExD [gui_get_pref_value -category Wave -key exclusiveSG]
18:03:40    426 --> ...      [tcl] gui_set_pref_value -category Wave -key exclusiveSG -value {false}
18:03:40    427 --> ...          [tcl] set origWaveHeight [gui_get_pref_value -category Wave -key waveRowHeight]
18:03:40    428 --> ...              [tcl] gui_list_set_height -id Wave -height 15
18:03:40    429 --> ...                  [tcl] set origGroupCreationState [gui_list_create_group_when_add -wave]
18:03:40    430 --> ...                      [tcl] gui_list_create_group_when_add -wave -disable
18:03:40    431 --> ...                          [tcl] gui_marker_set_ref -id ${Wave.1}  C1
18:03:40    432 --> ...                              [tcl] gui_wv_zoom_timerange -id ${Wave.1} 181.441 288.476
18:03:40    433 --> ...                                  [tcl] gui_list_add_group -id ${Wave.1} -after {New Group} {tb_FPU_PIPELINED_FPADDSUB2_vector_testing}
18:03:40    434 --> ...                                      [tcl] gui_list_set_height -id ${Wave.1} -height 25 -name tb_FPU_PIPELINED_FPADDSUB2_vector_testing
18:03:40    435 --> ...                                          [tcl] gui_list_add_group -id ${Wave.1} -after {New Group} {{Drivers: Sim:tb_FPU_PIPELINED_FPADDSUB2_vector_testing.final_result_ieee[31:0]@3593}}
18:03:40    436 --> ...                                              [tcl] gui_list_set_height -id ${Wave.1} -height 25 -name {Drivers: Sim:tb_FPU_PIPELINED_FPADDSUB2_vector_testing.final_result_ieee[31:0]@3593}
18:03:40    437 --> ...                                                  [tcl] gui_list_select -id ${Wave.1} {tb_FPU_PIPELINED_FPADDSUB2_vector_testing.Data_X tb_FPU_PIPELINED_FPADDSUB2_vector_testing.Data_Y tb_FPU_PIPELINED_FPADDSUB2_vector_testing.Theoretical_result tb_FPU_PIPELINED_FPADDSUB2_vector_testing.final_result_ieee }
18:03:40    438 --> ...                                                      [tcl] gui_seek_criteria -id ${Wave.1} {Any Edge}
18:03:40    439 --> ...                                                          [tcl] gui_list_set_height -id ${Wave.1} -height 25  -name Sim:tb_FPU_PIPELINED_FPADDSUB2_vector_testing.Cont_CLK -occurrence 1 -group ${tb_FPU_PIPELINED_FPADDSUB2_vector_testing}
18:03:40    440 --> ...                                                              [tcl] gui_list_set_height -id ${Wave.1} -height 25  -name Sim:tb_FPU_PIPELINED_FPADDSUB2_vector_testing.Data_X -occurrence 1 -group ${tb_FPU_PIPELINED_FPADDSUB2_vector_testing}
18:03:40    441 --> ...                                                                  [tcl] gui_list_set_height -id ${Wave.1} -height 25  -name Sim:tb_FPU_PIPELINED_FPADDSUB2_vector_testing.Data_X_exp -occurrence 1 -group ${tb_FPU_PIPELINED_FPADDSUB2_vector_testing}
18:03:40    442 --> ...                                                                      [tcl] gui_list_set_height -id ${Wave.1} -height 25  -name Sim:tb_FPU_PIPELINED_FPADDSUB2_vector_testing.Data_X_mant -occurrence 1 -group ${tb_FPU_PIPELINED_FPADDSUB2_vector_testing}
18:03:40    443 --> ...                                                                          [tcl] gui_list_set_height -id ${Wave.1} -height 25  -name Sim:tb_FPU_PIPELINED_FPADDSUB2_vector_testing.Data_X_sign -occurrence 1 -group ${tb_FPU_PIPELINED_FPADDSUB2_vector_testing}
18:03:40    444 --> ...                                                                              [tcl] gui_list_set_height -id ${Wave.1} -height 25  -name Sim:tb_FPU_PIPELINED_FPADDSUB2_vector_testing.Data_Y -occurrence 1 -group ${tb_FPU_PIPELINED_FPADDSUB2_vector_testing}
18:03:40    445 --> ...                                                                                  [tcl] gui_list_set_height -id ${Wave.1} -height 25  -name Sim:tb_FPU_PIPELINED_FPADDSUB2_vector_testing.Data_Y_exp -occurrence 1 -group ${tb_FPU_PIPELINED_FPADDSUB2_vector_testing}
18:03:40    446 --> ...                                                                                      [tcl] gui_list_set_height -id ${Wave.1} -height 25  -name Sim:tb_FPU_PIPELINED_FPADDSUB2_vector_testing.Data_Y_mant -occurrence 1 -group ${tb_FPU_PIPELINED_FPADDSUB2_vector_testing}
18:03:40    447 --> ...                                                                                          [tcl] gui_list_set_height -id ${Wave.1} -height 25  -name Sim:tb_FPU_PIPELINED_FPADDSUB2_vector_testing.Data_Y_sign -occurrence 1 -group ${tb_FPU_PIPELINED_FPADDSUB2_vector_testing}
18:03:40    448 --> ...                                                                                              [tcl] gui_list_set_height -id ${Wave.1} -height 25  -name Sim:tb_FPU_PIPELINED_FPADDSUB2_vector_testing.EWR -occurrence 1 -group ${tb_FPU_PIPELINED_FPADDSUB2_vector_testing}
18:03:40    449 --> ...                                                                                                  [tcl] gui_list_set_height -id ${Wave.1} -height 25  -name Sim:tb_FPU_PIPELINED_FPADDSUB2_vector_testing.EW -occurrence 1 -group ${tb_FPU_PIPELINED_FPADDSUB2_vector_testing}
18:03:40    450 --> ...  [tcl] gui_list_set_height -id ${Wave.1} -height 25  -name Sim:tb_FPU_PIPELINED_FPADDSUB2_vector_testing.FileSaveData -occurrence 1 -group ${tb_FPU_PIPELINED_FPADDSUB2_vector_testing}
18:03:40    451 --> ...      [tcl] gui_list_set_height -id ${Wave.1} -height 25  -name Sim:tb_FPU_PIPELINED_FPADDSUB2_vector_testing.PERIOD -occurrence 1 -group ${tb_FPU_PIPELINED_FPADDSUB2_vector_testing}
18:03:40    452 --> ...          [tcl] gui_list_set_height -id ${Wave.1} -height 25  -name Sim:tb_FPU_PIPELINED_FPADDSUB2_vector_testing.SWR -occurrence 1 -group ${tb_FPU_PIPELINED_FPADDSUB2_vector_testing}
18:03:40    453 --> ...              [tcl] gui_list_set_height -id ${Wave.1} -height 25  -name Sim:tb_FPU_PIPELINED_FPADDSUB2_vector_testing.SW -occurrence 1 -group ${tb_FPU_PIPELINED_FPADDSUB2_vector_testing}
18:03:40    454 --> ...                  [tcl] gui_list_set_height -id ${Wave.1} -height 25  -name Sim:tb_FPU_PIPELINED_FPADDSUB2_vector_testing.Theoretical_result -occurrence 1 -group ${tb_FPU_PIPELINED_FPADDSUB2_vector_testing}
18:03:40    455 --> ...                      [tcl] gui_list_set_height -id ${Wave.1} -height 25  -name Sim:tb_FPU_PIPELINED_FPADDSUB2_vector_testing.Theoretical_result_exponent -occurrence 1 -group ${tb_FPU_PIPELINED_FPADDSUB2_vector_testing}
18:03:40    456 --> ...                          [tcl] gui_list_set_height -id ${Wave.1} -height 25  -name Sim:tb_FPU_PIPELINED_FPADDSUB2_vector_testing.Theoretical_result_mantissa -occurrence 1 -group ${tb_FPU_PIPELINED_FPADDSUB2_vector_testing}
18:03:40    457 --> ...                              [tcl] gui_list_set_height -id ${Wave.1} -height 25  -name Sim:tb_FPU_PIPELINED_FPADDSUB2_vector_testing.Theoretical_result_sign -occurrence 1 -group ${tb_FPU_PIPELINED_FPADDSUB2_vector_testing}
18:03:40    458 --> ...                                  [tcl] gui_list_set_height -id ${Wave.1} -height 25  -name Sim:tb_FPU_PIPELINED_FPADDSUB2_vector_testing.W -occurrence 1 -group ${tb_FPU_PIPELINED_FPADDSUB2_vector_testing}
18:03:40    459 --> ...                                      [tcl] gui_list_set_height -id ${Wave.1} -height 25  -name Sim:tb_FPU_PIPELINED_FPADDSUB2_vector_testing.add_subt -occurrence 1 -group ${tb_FPU_PIPELINED_FPADDSUB2_vector_testing}
18:03:40    460 --> ...                                          [tcl] gui_list_set_height -id ${Wave.1} -height 25  -name Sim:tb_FPU_PIPELINED_FPADDSUB2_vector_testing.beg_OP -occurrence 1 -group ${tb_FPU_PIPELINED_FPADDSUB2_vector_testing}
18:03:40    461 --> ...                                              [tcl] gui_list_set_height -id ${Wave.1} -height 25  -name Sim:tb_FPU_PIPELINED_FPADDSUB2_vector_testing.busy -occurrence 1 -group ${tb_FPU_PIPELINED_FPADDSUB2_vector_testing}
18:03:40    462 --> ...                                                  [tcl] gui_list_set_height -id ${Wave.1} -height 25  -name Sim:tb_FPU_PIPELINED_FPADDSUB2_vector_testing.clk -occurrence 1 -group ${tb_FPU_PIPELINED_FPADDSUB2_vector_testing}
18:03:40    463 --> ...                                                      [tcl] gui_list_set_height -id ${Wave.1} -height 25  -name Sim:tb_FPU_PIPELINED_FPADDSUB2_vector_testing.contador -occurrence 1 -group ${tb_FPU_PIPELINED_FPADDSUB2_vector_testing}
18:03:40    464 --> ...                                                          [tcl] gui_list_set_height -id ${Wave.1} -height 25  -name Sim:tb_FPU_PIPELINED_FPADDSUB2_vector_testing.final_result_ieee -occurrence 1 -group ${tb_FPU_PIPELINED_FPADDSUB2_vector_testing}
18:03:40    465 --> ...                                                              [tcl] gui_list_set_height -id ${Wave.1} -height 25  -name Sim:tb_FPU_PIPELINED_FPADDSUB2_vector_testing.final_result_ieee_exponent -occurrence 1 -group ${tb_FPU_PIPELINED_FPADDSUB2_vector_testing}
18:03:40    466 --> ...                                                                  [tcl] gui_list_set_height -id ${Wave.1} -height 25  -name Sim:tb_FPU_PIPELINED_FPADDSUB2_vector_testing.final_result_ieee_mantissa -occurrence 1 -group ${tb_FPU_PIPELINED_FPADDSUB2_vector_testing}
18:03:40    467 --> ...                                                                      [tcl] gui_list_set_height -id ${Wave.1} -height 25  -name Sim:tb_FPU_PIPELINED_FPADDSUB2_vector_testing.final_result_ieee_sign -occurrence 1 -group ${tb_FPU_PIPELINED_FPADDSUB2_vector_testing}
18:03:40    468 --> ...                                                                          [tcl] gui_list_set_height -id ${Wave.1} -height 25  -name Sim:tb_FPU_PIPELINED_FPADDSUB2_vector_testing.logVectorReference -occurrence 1 -group ${tb_FPU_PIPELINED_FPADDSUB2_vector_testing}
18:03:40    469 --> ...                                                                              [tcl] gui_list_set_height -id ${Wave.1} -height 25  -name Sim:tb_FPU_PIPELINED_FPADDSUB2_vector_testing.overflow_flag -occurrence 1 -group ${tb_FPU_PIPELINED_FPADDSUB2_vector_testing}
18:03:40    470 --> ...                                                                                  [tcl] gui_list_set_height -id ${Wave.1} -height 25  -name Sim:tb_FPU_PIPELINED_FPADDSUB2_vector_testing.ready -occurrence 1 -group ${tb_FPU_PIPELINED_FPADDSUB2_vector_testing}
18:03:40    471 --> ...                                                                                      [tcl] gui_list_set_height -id ${Wave.1} -height 25  -name Sim:tb_FPU_PIPELINED_FPADDSUB2_vector_testing.rst -occurrence 1 -group ${tb_FPU_PIPELINED_FPADDSUB2_vector_testing}
18:03:40    472 --> ...                                                                                          [tcl] gui_list_set_height -id ${Wave.1} -height 25  -name Sim:tb_FPU_PIPELINED_FPADDSUB2_vector_testing.underflow_flag -occurrence 1 -group ${tb_FPU_PIPELINED_FPADDSUB2_vector_testing}
18:03:40    473 --> ...                                                                                              [tcl] gui_list_set_height -id ${Wave.1} -height 25  -name Sim:tb_FPU_PIPELINED_FPADDSUB2_vector_testing.zero_flag -occurrence 1 -group ${tb_FPU_PIPELINED_FPADDSUB2_vector_testing}
18:03:40    474 --> ...                                                                                                  [tcl] gui_list_set_height -id ${Wave.1} -height 25  -name Sim:tb_FPU_PIPELINED_FPADDSUB2_vector_testing.Data_X -occurrence 2 -group ${tb_FPU_PIPELINED_FPADDSUB2_vector_testing}
18:03:40    475 --> ...  [tcl] gui_list_set_height -id ${Wave.1} -height 25  -name Sim:tb_FPU_PIPELINED_FPADDSUB2_vector_testing.Data_Y -occurrence 2 -group ${tb_FPU_PIPELINED_FPADDSUB2_vector_testing}
18:03:40    476 --> ...      [tcl] gui_list_set_height -id ${Wave.1} -height 25  -name Sim:tb_FPU_PIPELINED_FPADDSUB2_vector_testing.Theoretical_result -occurrence 2 -group ${tb_FPU_PIPELINED_FPADDSUB2_vector_testing}
18:03:40    477 --> ...          [tcl] gui_list_set_height -id ${Wave.1} -height 25  -name Sim:tb_FPU_PIPELINED_FPADDSUB2_vector_testing.final_result_ieee -occurrence 2 -group ${tb_FPU_PIPELINED_FPADDSUB2_vector_testing}
18:03:40    478 --> ...              [tcl] gui_list_set_height -id ${Wave.1} -height 25  -name Sim:tb_FPU_PIPELINED_FPADDSUB2_vector_testing.final_result_ieee -occurrence 1 -group ${Drivers: Sim:tb_FPU_PIPELINED_FPADDSUB2_vector_testing.final_result_ieee[31:0]@3593}
18:03:40    479 --> ...                  [tcl] gui_list_set_height -id ${Wave.1} -height 25  -name Sim:tb_FPU_PIPELINED_FPADDSUB2_vector_testing.inst_uut.clk -occurrence 1 -group ${Drivers: Sim:tb_FPU_PIPELINED_FPADDSUB2_vector_testing.final_result_ieee[31:0]@3593}
18:03:40    480 --> ...                      [tcl] gui_list_set_height -id ${Wave.1} -height 25  -name Sim:tb_FPU_PIPELINED_FPADDSUB2_vector_testing.inst_uut.n1893 -occurrence 1 -group ${Drivers: Sim:tb_FPU_PIPELINED_FPADDSUB2_vector_testing.final_result_ieee[31:0]@3593}
18:03:40    481 --> ...                          [tcl] gui_list_set_height -id ${Wave.1} -height 25  -name Sim:tb_FPU_PIPELINED_FPADDSUB2_vector_testing.inst_uut.n579 -occurrence 1 -group ${Drivers: Sim:tb_FPU_PIPELINED_FPADDSUB2_vector_testing.final_result_ieee[31:0]@3593}
18:03:40    482 --> ...                              [tcl] gui_set_env TOGGLE::DEFAULT_WAVE_WINDOW ${Wave.1}
18:03:40    483 --> ...                                  [tcl] gui_set_pref_value -category Wave -key exclusiveSG -value $groupExD
18:03:40    484 --> ...                                      [tcl] gui_list_set_height -id Wave -height $origWaveHeight
18:03:40    485 --> ...                                          [tcl] if {$origGroupCreationState} { 	gui_list_create_group_when_add -wave -enable }
18:03:40    486 --> ...                                              [tcl] if { $groupExD } {  gui_msg_report -code DVWW028 }
18:03:40    487 --> ...                                                  [tcl] gui_list_set_filter -id ${Wave.1} -list { {Buffer 1} {Input 1} {Others 1} {Linkage 1} {Output 1} {Parameter 1} {All 1} {Aggregate 1} {LibBaseMember 1} {Event 1} {Assertion 1} {Constant 1} {Interface 1} {BaseMembers 1} {Signal 1} {$unit 1} {Inout 1} {Variable 1} }
18:03:40    488 --> ...                                                      [tcl] gui_list_set_filter -id ${Wave.1} -text {*}
18:03:40    489 --> ...                                                          [tcl] gui_list_set_insertion_bar  -id ${Wave.1} -group tb_FPU_PIPELINED_FPADDSUB2_vector_testing  -position in
18:03:40    490 --> ...                                                              [tcl] gui_marker_move -id ${Wave.1} {C1} 188
18:03:40    491 --> ...                                                                  [tcl] gui_view_scroll -id ${Wave.1} -vertical -set 832
18:03:40    492 --> ...                                                                      [tcl] gui_show_grid -id ${Wave.1} -enable false
18:03:40    493 --> ...                                                                          [tcl] # Source 'Source.1'
18:03:40    494 --> ...                                                                              [tcl] gui_src_value_annotate -id ${Source.1} -switch false
18:03:40    495 --> ...                                                                                  [tcl] gui_set_env TOGGLE::VALUEANNOTATE 0
18:03:40    496 --> ...                                                                                      [tcl] gui_open_source -id ${Source.1}  -replace -active tb_FPU_PIPELINED_FPADDSUB2_vector_testing tb_FPU_PIPELINED_FPADDSUB2_vector_testing.v
18:03:40    497 --> ...                                                                                          [tcl] gui_src_value_annotate -id ${Source.1} -switch true
18:03:40    498 --> ...                                                                                              [tcl] gui_set_env TOGGLE::VALUEANNOTATE 1
18:03:40    499 --> ...                                                                                                  [tcl] gui_view_scroll -id ${Source.1} -vertical -set 1120
18:03:40    500 --> ...  [tcl] gui_src_set_reusable -id ${Source.1}
18:03:40    501 --> ...      [tcl] # View 'List.1'
18:03:40    502 --> ...          [tcl] gui_lst_add_group -id ${List.1} {{Group1} } -noupdate
18:03:40    503 --> ...              [tcl] gui_lst_set_strobing_period -id ${List.1} -start {0} -end {20695} -update -all
18:03:40    504 --> ...                  [tcl] gui_set_env TOGGLE::DEFAULT_LIST_WINDOW ${List.1}
18:03:40    505 --> ...                      [tcl] gui_view_scroll -id ${List.1} -vertical -set 300
18:03:40    506 --> ...                          [tcl] gui_view_scroll -id ${List.1} -horizontal -set 0
18:03:40    507 --> ...                              [tcl] # DriverLoad 'DriverLoad.1'
18:03:40    508 --> ...                                  [tcl] gui_get_drivers -session -id ${DriverLoad.1} -signal {tb_FPU_PIPELINED_FPADDSUB2_vector_testing.final_result_ieee[31:0]} -time 3.593 -starttime 118
18:03:40    509 --> ...                                      [tcl] # Watch 'Watch.1'
18:03:40    510 --> ...                                          [tcl] gui_watch_page_activate -id ${Watch.1} -page {Watch 1}
18:03:40    511 --> ...                                              [tcl] gui_list_set_filter -id ${Watch.1} -page {Watch 1} -list { {static 1} {randc 1} {public 1} {Parameter 1} {protected 1} {OtherTypes 1} {array 1} {local 1} {class 1} {AllTypes 1} {rand 1} {constraint 1} }
18:03:40    512 --> ...                                                  [tcl] gui_list_set_filter -id ${Watch.1} -page {Watch 1} -text {*}
18:03:40    513 --> ...                                                      [tcl] gui_watch_list_scroll_to -id ${Watch.1} -horz 0 -vert 0
18:03:40    514 --> ...                                                          [tcl] gui_watch_page_activate -id ${Watch.1} -page {Watch 2}
18:03:40    515 --> ...                                                              [tcl] gui_list_set_filter -id ${Watch.1} -page {Watch 2} -list { {static 1} {randc 1} {public 1} {Parameter 1} {protected 1} {OtherTypes 1} {array 1} {local 1} {class 1} {AllTypes 1} {rand 1} {constraint 1} }
18:03:40    516 --> ...                                                                  [tcl] gui_list_set_filter -id ${Watch.1} -page {Watch 2} -text {*}
18:03:40    517 --> ...                                                                      [tcl] gui_watch_page_activate -id ${Watch.1} -page {Watch 3}
18:03:40    518 --> ...                                                                          [tcl] gui_list_set_filter -id ${Watch.1} -page {Watch 3} -list { {static 1} {randc 1} {public 1} {Parameter 1} {protected 1} {OtherTypes 1} {array 1} {local 1} {class 1} {AllTypes 1} {rand 1} {constraint 1} }
18:03:40    519 --> ...                                                                              [tcl] gui_list_set_filter -id ${Watch.1} -page {Watch 3} -text {*}
18:03:40    520 --> ...                                                                                  [tcl] gui_watch_page_activate -id ${Watch.1} -page {Watch 1}
18:03:40    521 --> ...                                                                                      [tcl] gui_view_scroll -id ${Watch.1} -vertical -set 0
18:03:40    522 --> ...                                                                                          [tcl] gui_view_scroll -id ${Watch.1} -horizontal -set 0
18:03:40    523 --> ...                                                                                              [tcl] # Restore toplevel window zorder
18:03:40    524 --> ...                                                                                                  [tcl] # The toplevel window could be closed if it has no view/pane
18:03:40    525 --> ...  [tcl] if {[gui_exist_window -window ${TopLevel.1}]} { 	gui_set_active_window -window ${TopLevel.1} 	gui_set_active_window -window ${Console.1} }
18:03:40    526 --> ...      [tcl] #</Session>
18:03:42    527 --> ...          [tcl] synopsys::run
18:03:42    528 --> ...              [tcl] set ucliGUI::state
18:03:42    529 --> ...                  [tcl] set ucliGUI::state
18:03:42    530 --> ...                      [tcl] gui_update_simulator_buttons
18:03:43    531 --> ...                          [tcl] set ucliGUI::state
18:03:43    532 --> ...                              [tcl] set ucliGUI::state
18:03:43    533 --> ...                                  [tcl] catch {senv activeDomain} dveMisc::result 
18:03:43    534 --> ...                                      [tcl] set dveMisc::result
18:03:43    535 --> ...                                          [tcl] gui_update_simulator_buttons
18:03:43    536 --> ...                                              [tcl] ucliGUI::getSignalValues -scope tb_FPU_PIPELINED_FPADDSUB2_vector_testing -radix {symbolic decimal symbolic hexadecimal binary hexadecimal hexadecimal hexadecimal decimal binary hexadecimal symbolic hexadecimal binary binary decimal decimal } -list {{logVectorReference[31:0]} EW {contador[31:0]} {Data_Y_exp[7:0]} Data_X_sign {Theoretical_result[31:0]} {Data_X_exp[7:0]} {Theoretical_result_exponent[7:0]} SW underflow_flag {final_result_ieee_exponent[7:0]} {FileSaveData[31:0]} {Data_Y_mant[22:0]} beg_OP ready SWR PERIOD }
18:03:43    537 --> ...                                                  [tcl] ucliGUI::getSignalValues -scope tb_FPU_PIPELINED_FPADDSUB2_vector_testing -radix {hexadecimal hexadecimal } -list {{Data_X[31:0]} {Data_Y[31:0]} }
18:03:43    538 --> ...                                                      [tcl] ucliGUI::getSignalValues -scope tb_FPU_PIPELINED_FPADDSUB2_vector_testing -radix {hexadecimal } -list {{final_result_ieee[31:0]} }
18:07:27    539 --> ...                                                          [tcl] if [catch {gui_sim_terminate}] {gui_sim_terminate -kill}
18:07:27    540 --> ...                                                              [tcl] synopsys::finish
18:07:27    541 --> ...                                                                  [tcl] set ucliGUI::state
18:07:27    542 --> ...                                                                      [tcl] set ucliGUI::state
18:07:27    543 --> ...                                                                          [tcl] catch {senv activeDomain} dveMisc::result 
18:07:27    544 --> ...                                                                              [tcl] set dveMisc::result
18:07:27    545 --> ...                                                                                  [tcl] gui_update_simulator_buttons
18:07:27    546 --> ...                                                                                      [tcl] catch {senv activeDomain} dveMisc::result 
18:07:27    547 --> ...                                                                                          [tcl] set dveMisc::result
18:07:27    548 --> ...                                                                                              [tcl] ucli_exit
