18:25:10    105 --> ...                      [tcl] ucliGUI::connect -toolargs -ucligui -toolexe simv +v2k +lint=all -a log_name +define+SINGLE +neg_tchk +sdfverbose -pid 30342 -toolin /tmp/vcs_20161028002507_30341_jsequeira..stdin -toolout /tmp/vcs_20161028002507_30341_jsequeira..stdout  
18:25:10    106 --> ...                          [tcl] set ucliGUI::state
18:25:10    107 --> ...                              [tcl] set dveMisc::dve_log_file 1
18:25:10    108 --> ...                                  [tcl] gui_update_simulator_buttons
18:25:11    109 --> ...                                      [tcl] set ucliGUI::state
18:25:11    110 --> ...                                          [tcl] ucliCore::getToolPID
18:25:11    111 --> ...                                              [tcl] synopsys::env hasTB
18:25:11    112 --> ...                                                  [tcl] trigger_hier_stack_context_switch 0
18:25:11    113 --> ...                                                      [tcl] synUtils::setDVEInitPhase 1
18:25:11    114 --> ...                                                          [tcl] gui_get_env SIMSETUP::SIMVPD
18:25:11    115 --> ...                                                              [tcl] synopsys::dump -type VPD -file /home/local/ESTUDIANTES/jsequeira/Documents/Dise-o-ASIC-FPGA-FPU/ASIC_FLOW/ASIC_KOA/integracion_fisica/simulacion_logica_sintesis/SINGLE/inter.vpd -locking
18:25:11    116 --> ...                                                                  [tcl] synopsys::dump -autoflush on -fid VPD0
18:25:11    117 --> ...                                                                      [tcl] set ::dve_fid VPD0
18:25:11    118 --> ...                                                                          [tcl] synUtils::setDVEInitPhase 0
18:25:11    119 --> ...                                                                              [tcl] ucliCore::getToolPID
18:25:11    120 --> ...                                                                                  [tcl] synUtils::sendTool -active _icl_setToolSocket /tmp/smlnpPr7yhC
18:25:11    121 --> ...                                                                                      [tcl] synUtils::sendTool -active {_icl_start_rpc -version "K-2015.09-SP2-3_Full64" -sync_file /tmp/vcs_dve_rpc.jsequeira.30342}
18:25:12    122 --> ...                                                                                          [tcl] synUtils::sendTool -active {_icl_createSharedMemory /tmp/vcs_dve_general.jsequeira.30342}
18:25:12    123 --> ...                                                                                              [tcl] dveMisc::vbusExpand tb_multiplier
18:25:12    124 --> ...                                                                                                  [tcl] ucliGUI::getSignalValues -scope tb_multiplier -radix {binary decimal hexadecimal hexadecimal hexadecimal binary binary symbolic symbolic decimal } -list {clk SW {a[23:0]} {b[23:0]} {FKOARES[47:0]} rst load_b_i {ERROR[31:0]} {i[31:0]} cycles }
18:25:12    125 --> ...  [tcl] ucliGUI::getSignalValues -scope tb_multiplier -radix {symbolic symbolic hexadecimal binary hexadecimal hexadecimal binary binary decimal decimal } -list {{ERROR[31:0]} {i[31:0]} {FKOARES[47:0]} clk {a[23:0]} {b[23:0]} rst load_b_i SW cycles }
18:25:12    126 --> ...      [tcl] config endofsim noexit
18:25:12    127 --> ...          [tcl] config onfail enable all
18:25:12    128 --> ...              [tcl] config syscaddplainmembers
18:25:12    129 --> ...                  [tcl] config syscaddsourcenames
18:25:12    130 --> ...                      [tcl] config syscaddstructtypes
18:25:12    131 --> ...                          [tcl] synopsys::listing -disable
18:25:15    132 --> ...                              [tcl] synopsys::dump -add {tb_multiplier} -scope "." -depth 1 -fid VPD0
18:25:18    133 --> ...                                  [tcl] synopsys::run
18:25:18    134 --> ...                                      [tcl] set ucliGUI::state
18:25:18    135 --> ...                                          [tcl] set ucliGUI::state
18:25:18    136 --> ...                                              [tcl] gui_update_simulator_buttons
18:25:19    137 --> ...                                                  [tcl] set ucliGUI::state
18:25:19    138 --> ...                                                      [tcl] set ucliGUI::state
18:25:19    139 --> ...                                                          [tcl] catch {senv activeDomain} dveMisc::result 
18:25:19    140 --> ...                                                              [tcl] set dveMisc::result
18:25:19    141 --> ...                                                                  [tcl] gui_update_simulator_buttons
18:25:19    142 --> ...                                                                      [tcl] ucliGUI::getSignalValues -scope tb_multiplier -radix {symbolic symbolic hexadecimal binary hexadecimal hexadecimal binary binary decimal decimal } -list {{ERROR[31:0]} {i[31:0]} {FKOARES[47:0]} clk {a[23:0]} {b[23:0]} rst load_b_i SW cycles }
18:26:06    143 --> ...                                                                          [tcl] if [catch {gui_sim_terminate}] {gui_sim_terminate -kill}
18:26:06    144 --> ...                                                                              [tcl] synopsys::finish
18:26:06    145 --> ...                                                                                  [tcl] set ucliGUI::state
18:26:06    146 --> ...                                                                                      [tcl] set ucliGUI::state
18:26:06    147 --> ...                                                                                          [tcl] catch {senv activeDomain} dveMisc::result 
18:26:06    148 --> ...                                                                                              [tcl] set dveMisc::result
18:26:06    149 --> ...                                                                                                  [tcl] gui_update_simulator_buttons
18:26:06    150 --> ...  [tcl] catch {senv activeDomain} dveMisc::result 
18:26:06    151 --> ...      [tcl] set dveMisc::result
18:26:06    152 --> ...          [tcl] ucli_exit
