17:35:52    105 --> ...                      [tcl] ucliGUI::connect -toolargs -ucligui -toolexe /home/local/ESTUDIANTES/jsequeira/Documents/Dise-o-ASIC-FPGA-FPU/ASIC_FLOW/ASIC_cordic_Arch2/integracion_fisica/simulacion_logica_behavioral/DOUBLE/simv -pid 9757 -toolin /tmp/vcs_20161028233548_9754_jsequeira..stdin -toolout /tmp/vcs_20161028233548_9754_jsequeira..stdout  
17:35:52    106 --> ...                          [tcl] set ucliGUI::state
17:35:52    107 --> ...                              [tcl] gui_update_simulator_buttons
17:35:53    108 --> ...                                  [tcl] set ucliGUI::state
17:35:53    109 --> ...                                      [tcl] ucliCore::getToolPID
17:35:53    110 --> ...                                          [tcl] synopsys::env hasTB
17:35:53    111 --> ...                                              [tcl] trigger_hier_stack_context_switch 0
17:35:53    112 --> ...                                                  [tcl] synUtils::setDVEInitPhase 1
17:35:53    113 --> ...                                                      [tcl] gui_get_env SIMSETUP::SIMVPD
17:35:53    114 --> ...                                                          [tcl] synopsys::dump -type VPD -file /home/local/ESTUDIANTES/jsequeira/Documents/Dise-o-ASIC-FPGA-FPU/ASIC_FLOW/ASIC_cordic_Arch2/integracion_fisica/simulacion_logica_behavioral/DOUBLE/inter.vpd -locking
17:35:53    115 --> ...                                                              [tcl] synopsys::dump -autoflush on -fid VPD0
17:35:53    116 --> ...                                                                  [tcl] set ::dve_fid VPD0
17:35:53    117 --> ...                                                                      [tcl] synUtils::setDVEInitPhase 0
17:35:53    118 --> ...                                                                          [tcl] ucliCore::getToolPID
17:35:53    119 --> ...                                                                              [tcl] synUtils::sendTool -active _icl_setToolSocket /tmp/smlnpGzi9CY
17:35:53    120 --> ...                                                                                  [tcl] synUtils::sendTool -active {_icl_start_rpc -version "K-2015.09-SP2-3_Full64" -sync_file /tmp/vcs_dve_rpc.jsequeira.9757}
17:35:53    121 --> ...                                                                                      [tcl] synUtils::sendTool -active {_icl_createSharedMemory /tmp/vcs_dve_general.jsequeira.9757}
17:35:53    122 --> ...                                                                                          [tcl] dveMisc::vbusExpand FFD_NoCE
17:35:53    123 --> ...                                                                                              [tcl] ucliGUI::getSignalValues -scope FFD_NoCE -radix {decimal binary binary hexadecimal hexadecimal } -list {W clk rst {D[15:0]} {Q[15:0]} }
17:35:53    124 --> ...                                                                                                  [tcl] ucliGUI::getSignalValues -scope FFD_NoCE -radix {binary binary hexadecimal hexadecimal decimal } -list {clk rst {D[15:0]} {Q[15:0]} W }
17:35:53    125 --> ...  [tcl] config endofsim noexit
17:35:53    126 --> ...      [tcl] config onfail enable all
17:35:53    127 --> ...          [tcl] config syscaddplainmembers
17:35:53    128 --> ...              [tcl] config syscaddsourcenames
17:35:53    129 --> ...                  [tcl] config syscaddstructtypes
17:35:53    130 --> ...                      [tcl] synopsys::listing -disable
17:35:59    131 --> ...                          [tcl] if [catch {gui_sim_terminate}] {gui_sim_terminate -kill}
17:35:59    132 --> ...                              [tcl] synopsys::finish
17:35:59    133 --> ...                                  [tcl] set ucliGUI::state
17:35:59    134 --> ...                                      [tcl] set ucliGUI::state
17:35:59    135 --> ...                                          [tcl] catch {senv activeDomain} dveMisc::result 
17:35:59    136 --> ...                                              [tcl] set dveMisc::result
17:35:59    137 --> ...                                                  [tcl] gui_update_simulator_buttons
17:35:59    138 --> ...                                                      [tcl] catch {senv activeDomain} dveMisc::result 
17:35:59    139 --> ...                                                          [tcl] set dveMisc::result
17:35:59    140 --> ...                                                              [tcl] ucli_exit
