set ucliGUI::state
set ucliGUI::state
ucliCore::getToolPID
synopsys::env hasTB
trigger_hier_stack_context_switch 0
synUtils::setDVEInitPhase 1
synopsys::dump -type VPD -file /home/local/ESTUDIANTES/jsequeira/Documents/Dise-o-ASIC-FPGA-FPU/ASIC_FLOW/ASIC_fpu/integracion_fisica/simulacion_logica_sintesis/SINGLE/inter.vpd -locking
synopsys::dump -autoflush on -fid VPD0
set ::dve_fid VPD0
synUtils::setDVEInitPhase 0
ucliCore::getToolPID
synUtils::sendTool -active _icl_setToolSocket /tmp/smlnpAL0Uxp
synUtils::sendTool -active {_icl_start_rpc -version "K-2015.09-SP2-3_Full64" -sync_file /tmp/vcs_dve_rpc.jsequeira.21322}
synUtils::sendTool -active {_icl_createSharedMemory /tmp/vcs_dve_general.jsequeira.21322}
ucliGUI::getSignalValues -scope Testbench_FPU_Mark1 -radix {decimal decimal decimal decimal decimal decimal binary binary binary binary hexadecimal hexadecimal hexadecimal hexadecimal hexadecimal binary binary binary binary } -list {PERIOD W EW SW SWR EWR clk rst begin_operation ack_operation {operation[2:0]} {Data_1[31:0]} {Data_2[31:0]} {region_flag[1:0]} {r_mode[1:0]} overflow_flag underflow_flag operation_ready NaN_flag }
ucliGUI::getSignalValues -scope Testbench_FPU_Mark1 -radix {symbolic symbolic binary binary binary binary hexadecimal binary binary binary binary hexadecimal hexadecimal hexadecimal hexadecimal hexadecimal hexadecimal hexadecimal decimal decimal decimal decimal decimal decimal decimal decimal } -list {{contador[31:0]} {FileSaveData[31:0]} overflow_flag underflow_flag operation_ready NaN_flag {op_result[31:0]} clk rst begin_operation ack_operation {operation[2:0]} {Data_1[31:0]} {Data_2[31:0]} {region_flag[1:0]} {r_mode[1:0]} Array_IN_1 Array_IN_2 PERIOD W EW SW SWR EWR FPADD FPSUB }
config endofsim noexit
config onfail enable all
config syscaddplainmembers
config syscaddsourcenames
config syscaddstructtypes
synopsys::listing -disable
synopsys::dump -add {Testbench_FPU_Mark1} -scope "." -depth 1 -fid VPD0
synopsys::dump -add {Testbench_FPU_Mark1.Array_IN_1 Testbench_FPU_Mark1.Array_IN_2 } -aggregates  -fid VPD0
synopsys::run
set ucliGUI::state
set ucliGUI::state
set synopsys::env(time) 363200000
set synopsys::env(time) 723838551
set synopsys::env(time) 961055000
set synopsys::env(time) 1082193251
set synopsys::env(time) 1208928845
set synopsys::env(time) 1467219189
set synopsys::env(time) 1824486238
set synopsys::env(time) 2180830000
set synopsys::env(time) 2536327057
set synopsys::env(time) 2890339282
set synopsys::env(time) 3247128979
set synopsys::env(time) 3604405000
set synopsys::env(time) 3962090440
set synopsys::env(time) 4319997817
set synopsys::env(time) 4675177024
set synopsys::env(time) 5031727513
set synopsys::env(time) 5385936411
set synopsys::env(time) 5727296219
set synopsys::env(time) 6080570000
set synopsys::env(time) 6438180322
set synopsys::env(time) 6795901028
set synopsys::env(time) 7145605000
set synopsys::env(time) 7490766045
set synopsys::env(time) 7838305000
set synopsys::env(time) 8191076318
set synopsys::env(time) 8532375000
set synopsys::env(time) 8888156302
set synopsys::env(time) 9247868124
set synopsys::env(time) 9606087794
set synopsys::env(time) 9959236685
set synopsys::env(time) 10312070000
set synopsys::env(time) 10667519811
set synopsys::env(time) 11025570503
set synopsys::env(time) 11379886126
set synopsys::env(time) 11726488454
set synopsys::env(time) 12085868804
set synopsys::env(time) 12442276202
set synopsys::env(time) 12797948745
set synopsys::env(time) 13152165000
set synopsys::env(time) 13506750832
set synopsys::env(time) 13865968596
set synopsys::env(time) 14222469347
set synopsys::env(time) 14567046154
set synopsys::env(time) 14918035000
set synopsys::env(time) 15266920015
set synopsys::env(time) 15625376804
set synopsys::env(time) 15977765000
set synopsys::env(time) 16331770456
set synopsys::env(time) 16687060316
set synopsys::env(time) 17046328756
set synopsys::env(time) 17408617968
set synopsys::env(time) 17757700150
set synopsys::env(time) 18123679878
set synopsys::env(time) 18483540000
set synopsys::env(time) 18843899025
set synopsys::env(time) 19205968392
set synopsys::env(time) 19564605000
set synopsys::env(time) 19929137329
set synopsys::env(time) 20261867982
set synopsys::env(time) 20610459939
set synopsys::env(time) 20975718732
set synopsys::env(time) 21336741549
set synopsys::env(time) 21699447425
set synopsys::env(time) 22060690000
set synopsys::env(time) 22421657217
set synopsys::env(time) 22783190000
set synopsys::env(time) 23144506994
set synopsys::env(time) 23493805000
set synopsys::env(time) 23855879190
set synopsys::env(time) 24221670000
set synopsys::env(time) 24586488016
set synopsys::env(time) 24942346570
set synopsys::env(time) 25298537199
set synopsys::env(time) 25640009084
set synopsys::env(time) 25993260746
set synopsys::env(time) 26347247842
set synopsys::env(time) 26694115000
set synopsys::env(time) 27049995000
set synopsys::env(time) 27405390354
set synopsys::env(time) 27754276020
set synopsys::env(time) 28110067621
set synopsys::env(time) 28466866742
set synopsys::env(time) 28812268505
set synopsys::env(time) 29164925000
set synopsys::env(time) 29521059266
set synopsys::env(time) 29874987603
set synopsys::env(time) 30231288496
set synopsys::env(time) 30588281404
set synopsys::env(time) 30942878143
set synopsys::env(time) 31295798345
