01:25:08    105 --> ...                      [tcl] ucliGUI::connect -toolargs -ucligui -toolexe simv +v2k +lint=all -a log_name +define+SINGLE +neg_tchk +sdfverbose -pid 21322 -toolin /tmp/vcs_20161031072505_21319_jsequeira..stdin -toolout /tmp/vcs_20161031072505_21319_jsequeira..stdout  
01:25:08    106 --> ...                          [tcl] set ucliGUI::state
01:25:08    107 --> ...                              [tcl] set dveMisc::dve_log_file 1
01:25:08    108 --> ...                                  [tcl] gui_update_simulator_buttons
01:25:09    109 --> ...                                      [tcl] set ucliGUI::state
01:25:09    110 --> ...                                          [tcl] ucliCore::getToolPID
01:25:09    111 --> ...                                              [tcl] synopsys::env hasTB
01:25:09    112 --> ...                                                  [tcl] trigger_hier_stack_context_switch 0
01:25:09    113 --> ...                                                      [tcl] synUtils::setDVEInitPhase 1
01:25:09    114 --> ...                                                          [tcl] gui_get_env SIMSETUP::SIMVPD
01:25:09    115 --> ...                                                              [tcl] synopsys::dump -type VPD -file /home/local/ESTUDIANTES/jsequeira/Documents/Dise-o-ASIC-FPGA-FPU/ASIC_FLOW/ASIC_fpu/integracion_fisica/simulacion_logica_sintesis/SINGLE/inter.vpd -locking
01:25:09    116 --> ...                                                                  [tcl] synopsys::dump -autoflush on -fid VPD0
01:25:09    117 --> ...                                                                      [tcl] set ::dve_fid VPD0
01:25:09    118 --> ...                                                                          [tcl] synUtils::setDVEInitPhase 0
01:25:09    119 --> ...                                                                              [tcl] ucliCore::getToolPID
01:25:09    120 --> ...                                                                                  [tcl] synUtils::sendTool -active _icl_setToolSocket /tmp/smlnpAL0Uxp
01:25:09    121 --> ...                                                                                      [tcl] synUtils::sendTool -active {_icl_start_rpc -version "K-2015.09-SP2-3_Full64" -sync_file /tmp/vcs_dve_rpc.jsequeira.21322}
01:25:09    122 --> ...                                                                                          [tcl] synUtils::sendTool -active {_icl_createSharedMemory /tmp/vcs_dve_general.jsequeira.21322}
01:25:09    123 --> ...                                                                                              [tcl] dveMisc::vbusExpand Testbench_FPU_Mark1
01:25:09    124 --> ...                                                                                                  [tcl] ucliGUI::getSignalValues -scope Testbench_FPU_Mark1 -radix {decimal decimal decimal decimal decimal decimal binary binary binary binary hexadecimal hexadecimal hexadecimal hexadecimal hexadecimal binary binary binary binary } -list {PERIOD W EW SW SWR EWR clk rst begin_operation ack_operation {operation[2:0]} {Data_1[31:0]} {Data_2[31:0]} {region_flag[1:0]} {r_mode[1:0]} overflow_flag underflow_flag operation_ready NaN_flag }
01:25:09    125 --> ...  [tcl] ucliGUI::getSignalValues -scope Testbench_FPU_Mark1 -radix {symbolic symbolic binary binary binary binary hexadecimal binary binary binary binary hexadecimal hexadecimal hexadecimal hexadecimal hexadecimal hexadecimal hexadecimal decimal decimal decimal decimal decimal decimal decimal decimal } -list {{contador[31:0]} {FileSaveData[31:0]} overflow_flag underflow_flag operation_ready NaN_flag {op_result[31:0]} clk rst begin_operation ack_operation {operation[2:0]} {Data_1[31:0]} {Data_2[31:0]} {region_flag[1:0]} {r_mode[1:0]} Array_IN_1 Array_IN_2 PERIOD W EW SW SWR EWR FPADD FPSUB }
01:25:10    126 --> ...      [tcl] config endofsim noexit
01:25:10    127 --> ...          [tcl] config onfail enable all
01:25:10    128 --> ...              [tcl] config syscaddplainmembers
01:25:10    129 --> ...                  [tcl] config syscaddsourcenames
01:25:10    130 --> ...                      [tcl] config syscaddstructtypes
01:25:10    131 --> ...                          [tcl] synopsys::listing -disable
01:25:13    132 --> ...                              [tcl] synopsys::dump -add {Testbench_FPU_Mark1} -scope "." -depth 1 -fid VPD0
01:25:13    133 --> ...                                  [tcl] synopsys::dump -add {Testbench_FPU_Mark1.Array_IN_1 Testbench_FPU_Mark1.Array_IN_2 } -aggregates  -fid VPD0
01:25:15    134 --> ...                                      [tcl] synopsys::run
01:25:15    135 --> ...                                          [tcl] set ucliGUI::state
01:25:15    136 --> ...                                              [tcl] set ucliGUI::state
01:25:15    137 --> ...                                                  [tcl] gui_update_simulator_buttons
01:25:18    138 --> ...                                                      [tcl] set synopsys::env(time) 363200000
01:25:21    139 --> ...                                                          [tcl] set synopsys::env(time) 723838551
01:25:24    140 --> ...                                                              [tcl] set synopsys::env(time) 961055000
01:25:27    141 --> ...                                                                  [tcl] set synopsys::env(time) 1082193251
01:25:30    142 --> ...                                                                      [tcl] set synopsys::env(time) 1208928845
01:25:33    143 --> ...                                                                          [tcl] set synopsys::env(time) 1467219189
01:25:36    144 --> ...                                                                              [tcl] set synopsys::env(time) 1824486238
01:25:39    145 --> ...                                                                                  [tcl] set synopsys::env(time) 2180830000
01:25:42    146 --> ...                                                                                      [tcl] set synopsys::env(time) 2536327057
01:25:45    147 --> ...                                                                                          [tcl] set synopsys::env(time) 2890339282
01:25:48    148 --> ...                                                                                              [tcl] set synopsys::env(time) 3247128979
01:25:51    149 --> ...                                                                                                  [tcl] set synopsys::env(time) 3604405000
01:25:54    150 --> ...  [tcl] set synopsys::env(time) 3962090440
01:25:57    151 --> ...      [tcl] set synopsys::env(time) 4319997817
01:26:00    152 --> ...          [tcl] set synopsys::env(time) 4675177024
01:26:03    153 --> ...              [tcl] set synopsys::env(time) 5031727513
01:26:06    154 --> ...                  [tcl] set synopsys::env(time) 5385936411
01:26:09    155 --> ...                      [tcl] set synopsys::env(time) 5727296219
01:26:12    156 --> ...                          [tcl] set synopsys::env(time) 6080570000
01:26:15    157 --> ...                              [tcl] set synopsys::env(time) 6438180322
01:26:18    158 --> ...                                  [tcl] set synopsys::env(time) 6795901028
01:26:21    159 --> ...                                      [tcl] set synopsys::env(time) 7145605000
01:26:24    160 --> ...                                          [tcl] set synopsys::env(time) 7490766045
01:26:27    161 --> ...                                              [tcl] set synopsys::env(time) 7838305000
01:26:30    162 --> ...                                                  [tcl] set synopsys::env(time) 8191076318
01:26:33    163 --> ...                                                      [tcl] set synopsys::env(time) 8532375000
01:26:36    164 --> ...                                                          [tcl] set synopsys::env(time) 8888156302
01:26:39    165 --> ...                                                              [tcl] set synopsys::env(time) 9247868124
01:26:42    166 --> ...                                                                  [tcl] set synopsys::env(time) 9606087794
01:26:45    167 --> ...                                                                      [tcl] set synopsys::env(time) 9959236685
01:26:48    168 --> ...                                                                          [tcl] set synopsys::env(time) 10312070000
01:26:51    169 --> ...                                                                              [tcl] set synopsys::env(time) 10667519811
01:26:54    170 --> ...                                                                                  [tcl] set synopsys::env(time) 11025570503
01:26:57    171 --> ...                                                                                      [tcl] set synopsys::env(time) 11379886126
01:27:00    172 --> ...                                                                                          [tcl] set synopsys::env(time) 11726488454
01:27:03    173 --> ...                                                                                              [tcl] set synopsys::env(time) 12085868804
01:27:06    174 --> ...                                                                                                  [tcl] set synopsys::env(time) 12442276202
01:27:09    175 --> ...  [tcl] set synopsys::env(time) 12797948745
01:27:12    176 --> ...      [tcl] set synopsys::env(time) 13152165000
01:27:15    177 --> ...          [tcl] set synopsys::env(time) 13506750832
01:27:18    178 --> ...              [tcl] set synopsys::env(time) 13865968596
01:27:21    179 --> ...                  [tcl] set synopsys::env(time) 14222469347
01:27:24    180 --> ...                      [tcl] set synopsys::env(time) 14567046154
01:27:27    181 --> ...                          [tcl] set synopsys::env(time) 14918035000
01:27:30    182 --> ...                              [tcl] set synopsys::env(time) 15266920015
01:27:33    183 --> ...                                  [tcl] set synopsys::env(time) 15625376804
01:27:36    184 --> ...                                      [tcl] set synopsys::env(time) 15977765000
01:27:39    185 --> ...                                          [tcl] set synopsys::env(time) 16331770456
01:27:42    186 --> ...                                              [tcl] set synopsys::env(time) 16687060316
01:27:45    187 --> ...                                                  [tcl] set synopsys::env(time) 17046328756
01:27:48    188 --> ...                                                      [tcl] set synopsys::env(time) 17408617968
01:27:51    189 --> ...                                                          [tcl] set synopsys::env(time) 17757700150
01:27:54    190 --> ...                                                              [tcl] set synopsys::env(time) 18123679878
01:27:57    191 --> ...                                                                  [tcl] set synopsys::env(time) 18483540000
01:28:00    192 --> ...                                                                      [tcl] set synopsys::env(time) 18843899025
01:28:03    193 --> ...                                                                          [tcl] set synopsys::env(time) 19205968392
01:28:06    194 --> ...                                                                              [tcl] set synopsys::env(time) 19564605000
01:28:09    195 --> ...                                                                                  [tcl] set synopsys::env(time) 19929137329
01:28:12    196 --> ...                                                                                      [tcl] set synopsys::env(time) 20261867982
01:28:15    197 --> ...                                                                                          [tcl] set synopsys::env(time) 20610459939
01:28:18    198 --> ...                                                                                              [tcl] set synopsys::env(time) 20975718732
01:28:21    199 --> ...                                                                                                  [tcl] set synopsys::env(time) 21336741549
01:28:24    200 --> ...  [tcl] set synopsys::env(time) 21699447425
01:28:27    201 --> ...      [tcl] set synopsys::env(time) 22060690000
01:28:30    202 --> ...          [tcl] set synopsys::env(time) 22421657217
01:28:33    203 --> ...              [tcl] set synopsys::env(time) 22783190000
01:28:36    204 --> ...                  [tcl] set synopsys::env(time) 23144506994
01:28:39    205 --> ...                      [tcl] set synopsys::env(time) 23493805000
01:28:42    206 --> ...                          [tcl] set synopsys::env(time) 23855879190
01:28:45    207 --> ...                              [tcl] set synopsys::env(time) 24221670000
01:28:48    208 --> ...                                  [tcl] set synopsys::env(time) 24586488016
01:28:51    209 --> ...                                      [tcl] set synopsys::env(time) 24942346570
01:28:54    210 --> ...                                          [tcl] set synopsys::env(time) 25298537199
01:28:57    211 --> ...                                              [tcl] set synopsys::env(time) 25640009084
01:29:00    212 --> ...                                                  [tcl] set synopsys::env(time) 25993260746
01:29:03    213 --> ...                                                      [tcl] set synopsys::env(time) 26347247842
01:29:06    214 --> ...                                                          [tcl] set synopsys::env(time) 26694115000
01:29:09    215 --> ...                                                              [tcl] set synopsys::env(time) 27049995000
01:29:12    216 --> ...                                                                  [tcl] set synopsys::env(time) 27405390354
01:29:15    217 --> ...                                                                      [tcl] set synopsys::env(time) 27754276020
01:29:18    218 --> ...                                                                          [tcl] set synopsys::env(time) 28110067621
01:29:21    219 --> ...                                                                              [tcl] set synopsys::env(time) 28466866742
01:29:24    220 --> ...                                                                                  [tcl] set synopsys::env(time) 28812268505
01:29:27    221 --> ...                                                                                      [tcl] set synopsys::env(time) 29164925000
01:29:30    222 --> ...                                                                                          [tcl] set synopsys::env(time) 29521059266
01:29:33    223 --> ...                                                                                              [tcl] set synopsys::env(time) 29874987603
01:29:36    224 --> ...                                                                                                  [tcl] set synopsys::env(time) 30231288496
01:29:39    225 --> ...  [tcl] set synopsys::env(time) 30588281404
01:29:42    226 --> ...      [tcl] set synopsys::env(time) 30942878143
01:29:45    227 --> ...          [tcl] set synopsys::env(time) 31295798345
