set ucliGUI::state
set ucliGUI::state
ucliCore::getToolPID
synopsys::env hasTB
trigger_hier_stack_context_switch 0
synUtils::setDVEInitPhase 1
synopsys::dump -type VPD -file /home/local/ESTUDIANTES/jsequeira/Documents/Dise-o-ASIC-FPGA-FPU/ASIC_FLOW/ASIC_fpaddsub_arch2/integracion_fisica/simulacion_logica_behavioral/BARREL_SHIFTER/inter.vpd -locking
synopsys::dump -autoflush on -fid VPD0
set ::dve_fid VPD0
synUtils::setDVEInitPhase 0
ucliCore::getToolPID
synUtils::sendTool -active _icl_setToolSocket /tmp/smlnppfNfTi
synUtils::sendTool -active {_icl_start_rpc -version "K-2015.09-SP2-3_Full64" -sync_file /tmp/vcs_dve_rpc.jsequeira.22225}
synUtils::sendTool -active {_icl_createSharedMemory /tmp/vcs_dve_general.jsequeira.22225}
config endofsim noexit
config onfail enable all
config syscaddplainmembers
config syscaddsourcenames
config syscaddstructtypes
synopsys::listing -disable
synopsys::dump -add {Testbench_Barrel_Shifter} -scope "." -depth 1 -fid VPD0
synopsys::run
set ucliGUI::state
set ucliGUI::state
set ucliGUI::state
set ucliGUI::state
tcl_source /mnt/vol_NFS_Zener/tools/synopsys/apps/vcs-mx/K-2015.09-SP2-3/gui/dve/auxx/gui/dve/schematic.tcl
tcl_source /mnt/vol_NFS_Zener/tools/synopsys/apps/vcs-mx/K-2015.09-SP2-3/gui/dve/auxx/gui/common/schematic/base.tcl
tcl_source /mnt/vol_NFS_Zener/tools/synopsys/apps/vcs-mx/K-2015.09-SP2-3/gui/dve/auxx/gui/common/schematic/enable.tcl
tcl_source /mnt/vol_NFS_Zener/tools/synopsys/apps/vcs-mx/K-2015.09-SP2-3/gui/dve/auxx/gui/common/schematic/netlist.tcl
tcl_source /mnt/vol_NFS_Zener/tools/synopsys/apps/vcs-mx/K-2015.09-SP2-3/gui/dve/auxx/gui/common/schematic/method.tcl
tcl_source /mnt/vol_NFS_Zener/tools/synopsys/apps/vcs-mx/K-2015.09-SP2-3/gui/dve/auxx/gui/common/strokes/stroke_defaults.tcl
tcl_source /mnt/vol_NFS_Zener/tools/synopsys/apps/vcs-mx/K-2015.09-SP2-3/gui/dve/auxx/gui/common/dialogs/ObjectListInfo.tcl
tcl_source /mnt/vol_NFS_Zener/tools/synopsys/apps/vcs-mx/K-2015.09-SP2-3/gui/dve/auxx/gui/common/schematic/DialogPathSchematicFanInOut.tcl
tcl_source /mnt/vol_NFS_Zener/tools/synopsys/apps/vcs-mx/K-2015.09-SP2-3/gui/dve/auxx/gui/dve/driversloads.tcl
ucliGUI::vpdAddHierarchy -scope Testbench_Barrel_Shifter.uut.Mux_Array.last_rotate -depth 1 -file /home/local/ESTUDIANTES/jsequeira/Documents/Dise-o-ASIC-FPGA-FPU/ASIC_FLOW/ASIC_fpaddsub_arch2/integracion_fisica/simulacion_logica_behavioral/BARREL_SHIFTER/inter.vpd; synopsys::dump -flush VPD0
ucliGUI::vpdAddHierarchy -scope {Testbench_Barrel_Shifter.uut.Mux_Array.last_rotate.MUX_ARRAY[0].MUX_ARRAY12.rotate_mux} -depth 1 -file /home/local/ESTUDIANTES/jsequeira/Documents/Dise-o-ASIC-FPGA-FPU/ASIC_FLOW/ASIC_fpaddsub_arch2/integracion_fisica/simulacion_logica_behavioral/BARREL_SHIFTER/inter.vpd; synopsys::dump -flush VPD0
ucliGUI::vpdAddHierarchy -scope Testbench_Barrel_Shifter.uut.Mux_Array -depth 1 -file /home/local/ESTUDIANTES/jsequeira/Documents/Dise-o-ASIC-FPGA-FPU/ASIC_FLOW/ASIC_fpaddsub_arch2/integracion_fisica/simulacion_logica_behavioral/BARREL_SHIFTER/inter.vpd; synopsys::dump -flush VPD0
ucliGUI::vpdAddHierarchy -scope Testbench_Barrel_Shifter.uut -depth 1 -file /home/local/ESTUDIANTES/jsequeira/Documents/Dise-o-ASIC-FPGA-FPU/ASIC_FLOW/ASIC_fpaddsub_arch2/integracion_fisica/simulacion_logica_behavioral/BARREL_SHIFTER/inter.vpd; synopsys::dump -flush VPD0
# DVE Simulation Rebuild/Restart Options
# Saved on Tue Oct 11 14:34:23 2016
set SIMSETUP::REBUILDOPTION 0
set SIMSETUP::REBUILDCMD {}
set SIMSETUP::REBUILDDIR {}
set SIMSETUP::RESTOREBP 1
set SIMSETUP::RESTOREDUMP 1
set SIMSETUP::RESTOREFORCE 1
set SIMSETUP::RESTORESPECMAN 0
# DVE Simulation Rebuild/Restart Options
# Saved on Tue Oct 11 14:34:23 2016
set SIMSETUP::REBUILDOPTION 0
set SIMSETUP::REBUILDCMD {}
set SIMSETUP::REBUILDDIR {}
set SIMSETUP::RESTOREBP 1
set SIMSETUP::RESTOREDUMP 1
set SIMSETUP::RESTOREFORCE 1
set SIMSETUP::RESTORESPECMAN 0
# DVE Simulation Rebuild/Restart Options
# Saved on Tue Oct 11 15:03:21 2016
set SIMSETUP::REBUILDOPTION 0
set SIMSETUP::REBUILDCMD {}
set SIMSETUP::REBUILDDIR {}
set SIMSETUP::RESTOREBP 1
set SIMSETUP::RESTOREDUMP 1
set SIMSETUP::RESTOREFORCE 1
set SIMSETUP::RESTORESPECMAN 0
# DVE Simulation Rebuild/Restart Options
# Saved on Tue Oct 11 15:03:21 2016
set SIMSETUP::REBUILDOPTION 0
set SIMSETUP::REBUILDCMD {}
set SIMSETUP::REBUILDDIR {}
set SIMSETUP::RESTOREBP 1
set SIMSETUP::RESTOREDUMP 1
set SIMSETUP::RESTOREFORCE 1
set SIMSETUP::RESTORESPECMAN 0
synopsys::finish
set ucliGUI::state
set ucliGUI::state
# DVE Simulation Rebuild/Restart Options
# Saved on Tue Oct 11 15:03:21 2016
set SIMSETUP::REBUILDOPTION 0
set SIMSETUP::REBUILDCMD {}
set SIMSETUP::REBUILDDIR {}
set SIMSETUP::RESTOREBP 1
set SIMSETUP::RESTOREDUMP 1
set SIMSETUP::RESTOREFORCE 1
set SIMSETUP::RESTORESPECMAN 0
