12:18:10    105 --> ...                      [tcl] ucliGUI::connect -toolargs -ucligui -toolexe simv +v2k +lint=all -a log_name +define+SINGLE +neg_tchk +sdfverbose -pid 11919 -toolin /tmp/vcs_20161026181807_11918_jsequeira..stdin -toolout /tmp/vcs_20161026181807_11918_jsequeira..stdout  
12:18:10    106 --> ...                          [tcl] set ucliGUI::state
12:18:10    107 --> ...                              [tcl] set dveMisc::dve_log_file 1
12:18:10    108 --> ...                                  [tcl] gui_update_simulator_buttons
12:18:11    109 --> ...                                      [tcl] set ucliGUI::state
12:18:11    110 --> ...                                          [tcl] ucliCore::getToolPID
12:18:11    111 --> ...                                              [tcl] synopsys::env hasTB
12:18:11    112 --> ...                                                  [tcl] trigger_hier_stack_context_switch 0
12:18:11    113 --> ...                                                      [tcl] synUtils::setDVEInitPhase 1
12:18:11    114 --> ...                                                          [tcl] gui_get_env SIMSETUP::SIMVPD
12:18:11    115 --> ...                                                              [tcl] synopsys::dump -type VPD -file /home/local/ESTUDIANTES/jsequeira/Documents/Dise-o-ASIC-FPGA-FPU/ASIC_FLOW/ASIC_fpmult_arch2/integracion_fisica/simulacion_logica_behavioral/SINGLE/inter.vpd -locking
12:18:11    116 --> ...                                                                  [tcl] synopsys::dump -autoflush on -fid VPD0
12:18:11    117 --> ...                                                                      [tcl] set ::dve_fid VPD0
12:18:11    118 --> ...                                                                          [tcl] synUtils::setDVEInitPhase 0
12:18:11    119 --> ...                                                                              [tcl] ucliCore::getToolPID
12:18:11    120 --> ...                                                                                  [tcl] synUtils::sendTool -active _icl_setToolSocket /tmp/smlnpLLuDIz
12:18:11    121 --> ...                                                                                      [tcl] synUtils::sendTool -active {_icl_start_rpc -version "K-2015.09-SP2-3_Full64" -sync_file /tmp/vcs_dve_rpc.jsequeira.11919}
12:18:11    122 --> ...                                                                                          [tcl] synUtils::sendTool -active {_icl_createSharedMemory /tmp/vcs_dve_general.jsequeira.11919}
12:18:11    123 --> ...                                                                                              [tcl] dveMisc::vbusExpand FFD_NoCE
12:18:11    124 --> ...                                                                                                  [tcl] ucliGUI::getSignalValues -scope FFD_NoCE -radix {decimal binary binary hexadecimal hexadecimal } -list {W clk rst {D[15:0]} {Q[15:0]} }
12:18:11    125 --> ...  [tcl] ucliGUI::getSignalValues -scope FFD_NoCE -radix {binary binary hexadecimal hexadecimal decimal } -list {clk rst {D[15:0]} {Q[15:0]} W }
12:18:11    126 --> ...      [tcl] config endofsim noexit
12:18:11    127 --> ...          [tcl] config onfail enable all
12:18:11    128 --> ...              [tcl] config syscaddplainmembers
12:18:11    129 --> ...                  [tcl] config syscaddsourcenames
12:18:11    130 --> ...                      [tcl] config syscaddstructtypes
12:18:11    131 --> ...                          [tcl] synopsys::listing -disable
12:18:16    132 --> ...                              [tcl] dveMisc::vbusExpand Testbench_FPU_multiplication
12:18:16    133 --> ...                                  [tcl] ucliGUI::getSignalValues -scope Testbench_FPU_multiplication -radix {symbolic symbolic symbolic symbolic binary binary binary hexadecimal binary binary binary binary hexadecimal hexadecimal hexadecimal hexadecimal hexadecimal decimal decimal decimal decimal } -list {{contador[31:0]} {FileSaveData[31:0]} {Cont_CLK[31:0]} {Recept[31:0]} overflow_flag underflow_flag ready {final_result_ieee[31:0]} clk rst beg_FSM ack_FSM {Data_MX[31:0]} {Data_MY[31:0]} {round_mode[1:0]} Array_IN Array_IN_2 PERIOD W EW SW }
12:18:16    134 --> ...                                      [tcl] synopsys::dump -add {Testbench_FPU_multiplication} -scope "." -depth 1 -fid VPD0
12:18:16    135 --> ...                                          [tcl] synopsys::dump -add {Testbench_FPU_multiplication.Array_IN Testbench_FPU_multiplication.Array_IN_2 } -aggregates  -fid VPD0
12:18:22    136 --> ...                                              [tcl] synopsys::run
12:18:22    137 --> ...                                                  [tcl] set ucliGUI::state
12:18:22    138 --> ...                                                      [tcl] set ucliGUI::state
12:18:22    139 --> ...                                                          [tcl] set ucliGUI::state
12:18:22    140 --> ...                                                              [tcl] set ucliGUI::state
12:18:22    141 --> ...                                                                  [tcl] catch {senv activeDomain} dveMisc::result 
12:18:22    142 --> ...                                                                      [tcl] set dveMisc::result
12:18:22    143 --> ...                                                                          [tcl] gui_update_simulator_buttons
12:18:22    144 --> ...                                                                              [tcl] ucliGUI::getSignalValues -scope Testbench_FPU_multiplication -radix {symbolic symbolic symbolic symbolic binary binary binary hexadecimal binary binary binary binary hexadecimal hexadecimal hexadecimal hexadecimal hexadecimal decimal decimal decimal decimal } -list {{contador[31:0]} {FileSaveData[31:0]} {Cont_CLK[31:0]} {Recept[31:0]} overflow_flag underflow_flag ready {final_result_ieee[31:0]} clk rst beg_FSM ack_FSM {Data_MX[31:0]} {Data_MY[31:0]} {round_mode[1:0]} Array_IN Array_IN_2 PERIOD W EW SW }
12:18:28    145 --> ...                                                                                  [tcl] ucliGUI::vpdAddHierarchy -scope FFD_NoCE -depth 1 -file /home/local/ESTUDIANTES/jsequeira/Documents/Dise-o-ASIC-FPGA-FPU/ASIC_FLOW/ASIC_fpmult_arch2/integracion_fisica/simulacion_logica_behavioral/SINGLE/inter.vpd; synopsys::dump -flush VPD0
12:19:52    146 --> ...                                                                                      [tcl] if [catch {gui_sim_terminate}] {gui_sim_terminate -kill}
12:19:52    147 --> ...                                                                                          [tcl] synopsys::finish
12:19:52    148 --> ...                                                                                              [tcl] set ucliGUI::state
12:19:52    149 --> ...                                                                                                  [tcl] set ucliGUI::state
12:19:52    150 --> ...  [tcl] catch {senv activeDomain} dveMisc::result 
12:19:52    151 --> ...      [tcl] set dveMisc::result
12:19:52    152 --> ...          [tcl] gui_update_simulator_buttons
12:19:52    153 --> ...              [tcl] catch {senv activeDomain} dveMisc::result 
12:19:52    154 --> ...                  [tcl] set dveMisc::result
12:19:52    155 --> ...                      [tcl] ucli_exit
