Warning : License for product VCSRuntime_Net(725) will expire within 11 days, on: 10-nov-2016.
If you would like to temporarily disable this message, set 
 the VCS_LIC_EXPIRE_WARNING environment variable to the number of days
before expiration that you want this message to start (the minimum is 0).
Chronologic VCS simulator copyright 1991-2015
Contains Synopsys proprietary information.
Compiler version K-2015.09-SP2-3_Full64; Runtime version K-2015.09-SP2-3_Full64;  Oct 31 01:26 2016
Doing SDF annotation ...... Done
VCD+ Writer K-2015.09-SP2-3_Full64 Copyright (c) 1991-2015 by Synopsys Inc.
The file '/home/local/ESTUDIANTES/jsequeira/Documents/Dise-o-ASIC-FPGA-FPU/ASIC_FLOW/ASIC_fpu/integracion_fisica/simulacion_logica_sintesis/DOUBLE/inter.vpd' was opened successfully.
------------------------SUMA--------------------------
------------------------    --------------------------
------------------------SUMA--------------------------

Warning-[STASKW_CO] Cannot open file
Testbench_FPUv1_Interface.v, 264
  The file 'ADD/DOUBLE/RMODE_TRUNCATE/ResultadoXilinxFLM.txt' could not be 
  opened. No such file or directory.
  Please ensure that the file exists with proper permissions.


Warning-[STASKW_CO1] Cannot open file
  The file 'ADD/DOUBLE/Hexadecimal_A.txt' could not be opened. No such file or
  directory.
  Please ensure that the file exists with proper permissions.


Warning-[STASKW_RMCOF] Cannot open file
Testbench_FPUv1_Interface.v, 265
  Cannot open file 'ADD/DOUBLE/Hexadecimal_A.txt' passed as argument to 
  $readmem.
  Please verify that the first argument to $readmem is a file that exists with
  proper permissions.


Warning-[STASKW_CO1] Cannot open file
  The file 'ADD/DOUBLE/Hexadecimal_B.txt' could not be opened. No such file or
  directory.
  Please ensure that the file exists with proper permissions.


Warning-[STASKW_RMCOF] Cannot open file
Testbench_FPUv1_Interface.v, 266
  Cannot open file 'ADD/DOUBLE/Hexadecimal_B.txt' passed as argument to 
  $readmem.
  Please verify that the first argument to $readmem is a file that exists with
  proper permissions.


"ibm13rflpvt.v", 23231: Timing violation in Testbench_FPU_Mark1.FPU_Interface.FPMULT_Sgf_operation_RECURSIVE_ODD1_middle_Data_S_o_reg_0_
    $setuphold( posedge CK &&& (flag == 1'b1):25000, negedge D:25024, limits: (157,104) );

